
日志时间：2017-11-09 10:10:27,465 [9] 
日志级别：INFO  
日 志 类：info [(null)] 
,, 

日志时间：2017-11-09 16:07:06,931 [9] 
日志级别：INFO  
日 志 类：info [(null)] 
,, 

日志时间：2017-11-09 16:09:00,554 [8] 
日志级别：INFO  
日 志 类：info [(null)] 
,, 

日志时间：2017-11-09 16:09:03,761 [13] 
日志级别：INFO  
日 志 类：info [(null)] 
65a197441c116588833e9703867f6c74a1f8d64f,1510214944,1968745668 

日志时间：2017-11-09 16:09:03,762 [13] 
日志级别：INFO  
日 志 类：info [(null)] 
接收消息:<xml><ToUserName><![CDATA[gh_b26d4dbcc910]]></ToUserName>
<FromUserName><![CDATA[o0YXKt_EJTmDd7Xx3cxZGyGAU5hI]]></FromUserName>
<CreateTime>1510214943</CreateTime>
<MsgType><![CDATA[text]]></MsgType>
<Content><![CDATA[哥哥]]></Content>
<MsgId>6486323790559299928</MsgId>
</xml> 

日志时间：2017-11-09 16:09:03,881 [13] 
日志级别：INFO  
日 志 类：info [(null)] 
返回消息:<xml>
                        <ToUserName><![CDATA[o0YXKt_EJTmDd7Xx3cxZGyGAU5hI]]></ToUserName>
                        <FromUserName><![CDATA[gh_b26d4dbcc910]]></FromUserName>
                        <CreateTime>636458405438819443</CreateTime>
                        <MsgType><![CDATA[text]]></MsgType>
                        <Content><![CDATA[回复测试]]></Content></xml> 

日志时间：2017-11-09 16:14:54,327 [20] 
日志级别：INFO  
日 志 类：info [(null)] 
,, 

日志时间：2017-11-09 16:15:04,454 [20] 
日志级别：INFO  
日 志 类：info [(null)] 
2fc69f7c189f5907219f4e5f9994542518fcfdca,1510215304,1457106621 

日志时间：2017-11-09 16:15:04,454 [20] 
日志级别：INFO  
日 志 类：info [(null)] 
接收消息:<xml><ToUserName><![CDATA[gh_b26d4dbcc910]]></ToUserName>
<FromUserName><![CDATA[o0YXKt_EJTmDd7Xx3cxZGyGAU5hI]]></FromUserName>
<CreateTime>1510215304</CreateTime>
<MsgType><![CDATA[text]]></MsgType>
<Content><![CDATA[测试]]></Content>
<MsgId>6486325341042493947</MsgId>
</xml> 

日志时间：2017-11-09 16:15:04,554 [20] 
日志级别：INFO  
日 志 类：info [(null)] 
返回消息: 

日志时间：2017-11-09 16:21:46,141 [18] 
日志级别：INFO  
日 志 类：info [(null)] 
,, 

日志时间：2017-11-09 16:21:58,552 [26] 
日志级别：INFO  
日 志 类：info [(null)] 
12ddc56d4d5bdf8bfbcc9c0fb5f195b25309f5bc,1510215718,1685796200 

日志时间：2017-11-09 16:21:58,552 [26] 
日志级别：INFO  
日 志 类：info [(null)] 
接收消息:<xml><ToUserName><![CDATA[gh_b26d4dbcc910]]></ToUserName>
<FromUserName><![CDATA[o0YXKt_EJTmDd7Xx3cxZGyGAU5hI]]></FromUserName>
<CreateTime>1510215718</CreateTime>
<MsgType><![CDATA[text]]></MsgType>
<Content><![CDATA[测试]]></Content>
<MsgId>6486327119158954630</MsgId>
</xml> 

日志时间：2017-11-09 16:21:58,562 [26] 
日志级别：INFO  
日 志 类：info [(null)] 
返回消息: 

日志时间：2017-11-09 16:23:42,965 [25] 
日志级别：INFO  
日 志 类：info [(null)] 
0c07a6035d77088ec2b1c6d62e1fb95af8d63b9e,1510215823,1573096693 

日志时间：2017-11-09 16:23:42,966 [25] 
日志级别：INFO  
日 志 类：info [(null)] 
接收消息:<xml><ToUserName><![CDATA[gh_b26d4dbcc910]]></ToUserName>
<FromUserName><![CDATA[o0YXKt_EJTmDd7Xx3cxZGyGAU5hI]]></FromUserName>
<CreateTime>1510215823</CreateTime>
<MsgType><![CDATA[text]]></MsgType>
<Content><![CDATA[测试]]></Content>
<MsgId>6486327570130520766</MsgId>
</xml> 

日志时间：2017-11-09 16:23:42,980 [25] 
日志级别：INFO  
日 志 类：info [(null)] 
返回消息:<xml>
                        <ToUserName><![CDATA[o0YXKt_EJTmDd7Xx3cxZGyGAU5hI]]></ToUserName>
                        <FromUserName><![CDATA[gh_b26d4dbcc910]]></FromUserName>
                        <CreateTime>636458414229805056</CreateTime>
                        <MsgType><![CDATA[image]]></MsgType>
                        <Image>
                        <MediaId><![CDATA[PJUFGJ-KSWC9roMPLblV_BT-rV9pEnxmhOZg--_dG4PWlwNAUq]]></MediaId>
                        </Image></xml> 

日志时间：2017-11-09 16:39:06,379 [43] 
日志级别：INFO  
日 志 类：info [(null)] 
,, 

日志时间：2017-11-09 16:39:36,897 [44] 
日志级别：INFO  
日 志 类：info [(null)] 
5805a9e1dcfd3b79b4b10df86aa4228a0c91f1a0,1510216776,735168416 

日志时间：2017-11-09 16:39:36,898 [44] 
日志级别：INFO  
日 志 类：info [(null)] 
接收消息:<xml><ToUserName><![CDATA[gh_b26d4dbcc910]]></ToUserName>
<FromUserName><![CDATA[o0YXKt_EJTmDd7Xx3cxZGyGAU5hI]]></FromUserName>
<CreateTime>1510216776</CreateTime>
<MsgType><![CDATA[text]]></MsgType>
<Content><![CDATA[哈哈]]></Content>
<MsgId>6486331663234354266</MsgId>
</xml> 

日志时间：2017-11-09 16:39:36,905 [44] 
日志级别：INFO  
日 志 类：info [(null)] 
返回消息:<xml>
                        <ToUserName><![CDATA[o0YXKt_EJTmDd7Xx3cxZGyGAU5hI]]></ToUserName>
                        <FromUserName><![CDATA[gh_b26d4dbcc910]]></FromUserName>
                        <CreateTime>636458423769059730</CreateTime>
                        <MsgType><![CDATA[image]]></MsgType>
                        <Image>
                        <MediaId><![CDATA[PJUFGJ-KSWC9roMPLblV_BT-rV9pEnxmhOZg--_dG4PWlwNAUq]]></MediaId>
                        </Image></xml> 

日志时间：2017-11-09 16:41:10,936 [38] 
日志级别：INFO  
日 志 类：info [(null)] 
d218d889a33bf95897a330137b3359b27932d79a,1510216870,633706732 

日志时间：2017-11-09 16:41:10,937 [38] 
日志级别：INFO  
日 志 类：info [(null)] 
接收消息:<xml><ToUserName><![CDATA[gh_b26d4dbcc910]]></ToUserName>
<FromUserName><![CDATA[o0YXKt_EJTmDd7Xx3cxZGyGAU5hI]]></FromUserName>
<CreateTime>1510216870</CreateTime>
<MsgType><![CDATA[text]]></MsgType>
<Content><![CDATA[哈哈]]></Content>
<MsgId>6486332066961280128</MsgId>
</xml> 

日志时间：2017-11-09 16:41:39,307 [46] 
日志级别：INFO  
日 志 类：info [(null)] 
d218d889a33bf95897a330137b3359b27932d79a,1510216870,633706732 

日志时间：2017-11-09 16:41:39,307 [43] 
日志级别：INFO  
日 志 类：info [(null)] 
d218d889a33bf95897a330137b3359b27932d79a,1510216870,633706732 

日志时间：2017-11-09 16:41:40,387 [46] 
日志级别：INFO  
日 志 类：info [(null)] 
接收消息:<xml><ToUserName><![CDATA[gh_b26d4dbcc910]]></ToUserName>
<FromUserName><![CDATA[o0YXKt_EJTmDd7Xx3cxZGyGAU5hI]]></FromUserName>
<CreateTime>1510216870</CreateTime>
<MsgType><![CDATA[text]]></MsgType>
<Content><![CDATA[哈哈]]></Content>
<MsgId>6486332066961280128</MsgId>
</xml> 

日志时间：2017-11-09 16:41:40,409 [43] 
日志级别：INFO  
日 志 类：info [(null)] 
接收消息:<xml><ToUserName><![CDATA[gh_b26d4dbcc910]]></ToUserName>
<FromUserName><![CDATA[o0YXKt_EJTmDd7Xx3cxZGyGAU5hI]]></FromUserName>
<CreateTime>1510216870</CreateTime>
<MsgType><![CDATA[text]]></MsgType>
<Content><![CDATA[哈哈]]></Content>
<MsgId>6486332066961280128</MsgId>
</xml> 

日志时间：2017-11-09 16:42:00,356 [38] 
日志级别：INFO  
日 志 类：info [(null)] 
返回消息:<xml>
                        <ToUserName><![CDATA[o0YXKt_EJTmDd7Xx3cxZGyGAU5hI]]></ToUserName>
                        <FromUserName><![CDATA[gh_b26d4dbcc910]]></FromUserName>
                        <CreateTime>636458425172988030</CreateTime>
                        <MsgType><![CDATA[image]]></MsgType>
                        <Image>
                        <MediaId><![CDATA[PJUFGJ-KSWC9roMPLblV_BT-rV9pEnxmhOZg--_dG4PWlwNAUq]]></MediaId>
                        </Image></xml> 

日志时间：2017-11-09 16:42:03,212 [46] 
日志级别：INFO  
日 志 类：info [(null)] 
返回消息:<xml>
                        <ToUserName><![CDATA[o0YXKt_EJTmDd7Xx3cxZGyGAU5hI]]></ToUserName>
                        <FromUserName><![CDATA[gh_b26d4dbcc910]]></FromUserName>
                        <CreateTime>636458425232121232</CreateTime>
                        <MsgType><![CDATA[image]]></MsgType>
                        <Image>
                        <MediaId><![CDATA[PJUFGJ-KSWC9roMPLblV_BT-rV9pEnxmhOZg--_dG4PWlwNAUq]]></MediaId>
                        </Image></xml> 

日志时间：2017-11-09 16:42:03,340 [43] 
日志级别：INFO  
日 志 类：info [(null)] 
返回消息:<xml>
                        <ToUserName><![CDATA[o0YXKt_EJTmDd7Xx3cxZGyGAU5hI]]></ToUserName>
                        <FromUserName><![CDATA[gh_b26d4dbcc910]]></FromUserName>
                        <CreateTime>636458425233402074</CreateTime>
                        <MsgType><![CDATA[image]]></MsgType>
                        <Image>
                        <MediaId><![CDATA[PJUFGJ-KSWC9roMPLblV_BT-rV9pEnxmhOZg--_dG4PWlwNAUq]]></MediaId>
                        </Image></xml> 

日志时间：2017-11-09 16:43:33,108 [47] 
日志级别：INFO  
日 志 类：info [(null)] 
,, 

日志时间：2017-11-09 16:44:25,693 [47] 
日志级别：INFO  
日 志 类：info [(null)] 
,, 

日志时间：2017-11-09 16:44:31,879 [38] 
日志级别：INFO  
日 志 类：info [(null)] 
99e71c95c95858c5303ac954d4f7e3ef3768a64c,1510217071,1757392718 

日志时间：2017-11-09 16:44:31,879 [38] 
日志级别：INFO  
日 志 类：info [(null)] 
接收消息:<xml><ToUserName><![CDATA[gh_b26d4dbcc910]]></ToUserName>
<FromUserName><![CDATA[o0YXKt_EJTmDd7Xx3cxZGyGAU5hI]]></FromUserName>
<CreateTime>1510217071</CreateTime>
<MsgType><![CDATA[text]]></MsgType>
<Content><![CDATA[哈哈]]></Content>
<MsgId>6486332930249706691</MsgId>
</xml> 

日志时间：2017-11-09 16:44:31,966 [38] 
日志级别：INFO  
日 志 类：info [(null)] 
返回消息:<xml>
                        <ToUserName><![CDATA[o0YXKt_EJTmDd7Xx3cxZGyGAU5hI]]></ToUserName>
                        <FromUserName><![CDATA[gh_b26d4dbcc910]]></FromUserName>
                        <CreateTime>636458426719664427</CreateTime>
                        <MsgType><![CDATA[text]]></MsgType>
                        <Content><![CDATA[回车就是你啊了]]></Content></xml> 

日志时间：2017-11-09 16:58:05,876 [38] 
日志级别：INFO  
日 志 类：info [(null)] 
375d42a3a331761b96a13f6abb4b6b66be742831,1510217884,1373709965 

日志时间：2017-11-09 16:58:05,900 [38] 
日志级别：INFO  
日 志 类：info [(null)] 
接收消息:<xml><ToUserName><![CDATA[gh_b26d4dbcc910]]></ToUserName>
<FromUserName><![CDATA[o0YXKt_EJTmDd7Xx3cxZGyGAU5hI]]></FromUserName>
<CreateTime>1510217884</CreateTime>
<MsgType><![CDATA[text]]></MsgType>
<Content><![CDATA[哈哈]]></Content>
<MsgId>6486336422058118653</MsgId>
</xml> 

日志时间：2017-11-09 16:58:05,972 [38] 
日志级别：INFO  
日 志 类：info [(null)] 
返回消息:<xml>
                        <ToUserName><![CDATA[o0YXKt_EJTmDd7Xx3cxZGyGAU5hI]]></ToUserName>
                        <FromUserName><![CDATA[gh_b26d4dbcc910]]></FromUserName>
                        <CreateTime>636458434859729211</CreateTime>
                        <MsgType><![CDATA[text]]></MsgType>
                        <Content><![CDATA[回车就是你啊了]]></Content></xml> 

日志时间：2017-11-09 16:58:11,526 [38] 
日志级别：INFO  
日 志 类：info [(null)] 
e963c201b7932d25be7df502a5770eca325d2c37,1510217890,136632055 

日志时间：2017-11-09 16:58:11,527 [38] 
日志级别：INFO  
日 志 类：info [(null)] 
接收消息:<xml><ToUserName><![CDATA[gh_b26d4dbcc910]]></ToUserName>
<FromUserName><![CDATA[o0YXKt_EJTmDd7Xx3cxZGyGAU5hI]]></FromUserName>
<CreateTime>1510217890</CreateTime>
<MsgType><![CDATA[text]]></MsgType>
<Content><![CDATA[测试]]></Content>
<MsgId>6486336447827922431</MsgId>
</xml> 

日志时间：2017-11-09 16:58:11,532 [38] 
日志级别：INFO  
日 志 类：info [(null)] 
返回消息:<xml>
                        <ToUserName><![CDATA[o0YXKt_EJTmDd7Xx3cxZGyGAU5hI]]></ToUserName>
                        <FromUserName><![CDATA[gh_b26d4dbcc910]]></FromUserName>
                        <CreateTime>636458434915321160</CreateTime>
                        <MsgType><![CDATA[image]]></MsgType>
                        <Image><MediaId><![CDATA[PJUFGJ-KSWC9roMPLblV_BT-rV9pEnxmhOZg--_dG4PWlwNAUq]]></MediaId></Image></xml> 

日志时间：2017-11-09 17:21:55,780 [6] 
日志级别：INFO  
日 志 类：info [(null)] 
d4b1507a4969fa4ca6a2e0743e08bda590e0d208,1510219314,1660969463 

日志时间：2017-11-09 17:21:55,804 [6] 
日志级别：INFO  
日 志 类：info [(null)] 
接收消息:<xml><ToUserName><![CDATA[gh_b26d4dbcc910]]></ToUserName>
<FromUserName><![CDATA[o0YXKt_EJTmDd7Xx3cxZGyGAU5hI]]></FromUserName>
<CreateTime>1510219314</CreateTime>
<MsgType><![CDATA[text]]></MsgType>
<Content><![CDATA[ 测试]]></Content>
<MsgId>6486342563861352453</MsgId>
</xml> 

日志时间：2017-11-09 17:21:55,883 [6] 
日志级别：INFO  
日 志 类：info [(null)] 
返回消息: 

日志时间：2017-11-09 17:24:55,996 [6] 
日志级别：INFO  
日 志 类：info [(null)] 
9e6108318bb5030f01766ebf494c55efe007ccab,1510219493,1138504833 

日志时间：2017-11-09 17:24:56,022 [6] 
日志级别：INFO  
日 志 类：info [(null)] 
接收消息:<xml><ToUserName><![CDATA[gh_b26d4dbcc910]]></ToUserName>
<FromUserName><![CDATA[o0YXKt_EJTmDd7Xx3cxZGyGAU5hI]]></FromUserName>
<CreateTime>1510219493</CreateTime>
<MsgType><![CDATA[text]]></MsgType>
<Content><![CDATA[测试]]></Content>
<MsgId>6486343332660498487</MsgId>
</xml> 

日志时间：2017-11-09 17:25:26,483 [12] 
日志级别：INFO  
日 志 类：info [(null)] 
9e6108318bb5030f01766ebf494c55efe007ccab,1510219493,1138504833 

日志时间：2017-11-09 17:25:26,484 [12] 
日志级别：INFO  
日 志 类：info [(null)] 
接收消息:<xml><ToUserName><![CDATA[gh_b26d4dbcc910]]></ToUserName>
<FromUserName><![CDATA[o0YXKt_EJTmDd7Xx3cxZGyGAU5hI]]></FromUserName>
<CreateTime>1510219493</CreateTime>
<MsgType><![CDATA[text]]></MsgType>
<Content><![CDATA[测试]]></Content>
<MsgId>6486343332660498487</MsgId>
</xml> 

日志时间：2017-11-09 17:25:26,484 [13] 
日志级别：INFO  
日 志 类：info [(null)] 
9e6108318bb5030f01766ebf494c55efe007ccab,1510219493,1138504833 

日志时间：2017-11-09 17:25:26,485 [13] 
日志级别：INFO  
日 志 类：info [(null)] 
接收消息:<xml><ToUserName><![CDATA[gh_b26d4dbcc910]]></ToUserName>
<FromUserName><![CDATA[o0YXKt_EJTmDd7Xx3cxZGyGAU5hI]]></FromUserName>
<CreateTime>1510219493</CreateTime>
<MsgType><![CDATA[text]]></MsgType>
<Content><![CDATA[测试]]></Content>
<MsgId>6486343332660498487</MsgId>
</xml> 

日志时间：2017-11-09 17:25:32,007 [12] 
日志级别：INFO  
日 志 类：info [(null)] 
返回消息:<xml>
                      <ToUserName><![CDATA[o0YXKt_EJTmDd7Xx3cxZGyGAU5hI]]></ToUserName>
                      <FromUserName><![CDATA[gh_b26d4dbcc910]]></FromUserName>
                      <CreateTime>636458451298672563</CreateTime>
                      <MsgType><![CDATA[image]]></MsgType>
                      <Image>
                      <MediaId><![CDATA[PJUFGJ-KSWC9roMPLblV_BT-rV9pEnxmhOZg--_dG4PWlwNAUq]]></MediaId>
                      </Image>
                  </xml> 

日志时间：2017-11-09 17:25:32,007 [6] 
日志级别：INFO  
日 志 类：info [(null)] 
返回消息:<xml>
                      <ToUserName><![CDATA[o0YXKt_EJTmDd7Xx3cxZGyGAU5hI]]></ToUserName>
                      <FromUserName><![CDATA[gh_b26d4dbcc910]]></FromUserName>
                      <CreateTime>636458451288109800</CreateTime>
                      <MsgType><![CDATA[image]]></MsgType>
                      <Image>
                      <MediaId><![CDATA[PJUFGJ-KSWC9roMPLblV_BT-rV9pEnxmhOZg--_dG4PWlwNAUq]]></MediaId>
                      </Image>
                  </xml> 

日志时间：2017-11-09 17:25:32,007 [13] 
日志级别：INFO  
日 志 类：info [(null)] 
返回消息:<xml>
                      <ToUserName><![CDATA[o0YXKt_EJTmDd7Xx3cxZGyGAU5hI]]></ToUserName>
                      <FromUserName><![CDATA[gh_b26d4dbcc910]]></FromUserName>
                      <CreateTime>636458451320075822</CreateTime>
                      <MsgType><![CDATA[image]]></MsgType>
                      <Image>
                      <MediaId><![CDATA[PJUFGJ-KSWC9roMPLblV_BT-rV9pEnxmhOZg--_dG4PWlwNAUq]]></MediaId>
                      </Image>
                  </xml> 

日志时间：2017-11-09 17:25:57,588 [15] 
日志级别：INFO  
日 志 类：info [(null)] 
,, 

日志时间：2017-11-09 17:26:02,471 [6] 
日志级别：INFO  
日 志 类：info [(null)] 
2d97f199cc8404afb3bd2c4e581e7210efdc0bf7,1510219562,1605146523 

日志时间：2017-11-09 17:26:02,472 [6] 
日志级别：INFO  
日 志 类：info [(null)] 
接收消息:<xml><ToUserName><![CDATA[gh_b26d4dbcc910]]></ToUserName>
<FromUserName><![CDATA[o0YXKt_EJTmDd7Xx3cxZGyGAU5hI]]></FromUserName>
<CreateTime>1510219562</CreateTime>
<MsgType><![CDATA[text]]></MsgType>
<Content><![CDATA[测试]]></Content>
<MsgId>6486343629013241939</MsgId>
</xml> 

日志时间：2017-11-09 17:26:02,557 [6] 
日志级别：INFO  
日 志 类：info [(null)] 
返回消息:<xml>
                      <ToUserName><![CDATA[o0YXKt_EJTmDd7Xx3cxZGyGAU5hI]]></ToUserName>
                      <FromUserName><![CDATA[gh_b26d4dbcc910]]></FromUserName>
                      <CreateTime>636458451625573515</CreateTime>
                      <MsgType><![CDATA[image]]></MsgType>
                      <Image>
                      <MediaId><![CDATA[PJUFGJ-KSWC9roMPLblV_BT-rV9pEnxmhOZg--_dG4PWlwNAUq]]></MediaId>
                      </Image>
                  </xml> 

日志时间：2017-11-09 17:26:10,190 [28] 
日志级别：INFO  
日 志 类：info [(null)] 
8fea2a5d3426d4b995e9c501c96958c68d9ee4b2,1510219569,1014659354 

日志时间：2017-11-09 17:26:10,190 [28] 
日志级别：INFO  
日 志 类：info [(null)] 
接收消息:<xml><ToUserName><![CDATA[gh_b26d4dbcc910]]></ToUserName>
<FromUserName><![CDATA[o0YXKt_EJTmDd7Xx3cxZGyGAU5hI]]></FromUserName>
<CreateTime>1510219569</CreateTime>
<MsgType><![CDATA[text]]></MsgType>
<Content><![CDATA[哈哈]]></Content>
<MsgId>6486343659078013015</MsgId>
</xml> 

日志时间：2017-11-09 17:26:10,192 [28] 
日志级别：INFO  
日 志 类：info [(null)] 
返回消息:<xml>
                        <ToUserName><![CDATA[o0YXKt_EJTmDd7Xx3cxZGyGAU5hI]]></ToUserName>
                        <FromUserName><![CDATA[gh_b26d4dbcc910]]></FromUserName>
                        <CreateTime>636458451701924927</CreateTime>
                        <MsgType><![CDATA[text]]></MsgType>
                        <Content><![CDATA[回车就是你啊了]]></Content></xml> 

日志时间：2017-11-09 17:52:58,329 [8] 
日志级别：INFO  
日 志 类：info [(null)] 
,, 

日志时间：2017-11-09 17:58:41,336 [16] 
日志级别：INFO  
日 志 类：info [(null)] 
da7f28cf481cd5a6c8c57c60c7fd780daa983274,1510221521,547942050 

日志时间：2017-11-09 17:58:41,337 [16] 
日志级别：INFO  
日 志 类：info [(null)] 
接收消息:<xml><ToUserName><![CDATA[gh_b26d4dbcc910]]></ToUserName>
<FromUserName><![CDATA[o0YXKt_EJTmDd7Xx3cxZGyGAU5hI]]></FromUserName>
<CreateTime>1510221521</CreateTime>
<MsgType><![CDATA[text]]></MsgType>
<Content><![CDATA[测试]]></Content>
<MsgId>6486352042854175323</MsgId>
</xml> 

日志时间：2017-11-09 17:58:41,429 [16] 
日志级别：INFO  
日 志 类：info [(null)] 
返回消息:<xml>
                      <ToUserName><![CDATA[o0YXKt_EJTmDd7Xx3cxZGyGAU5hI]]></ToUserName>
                      <FromUserName><![CDATA[gh_b26d4dbcc910]]></FromUserName>
                      <CreateTime>636458471214295990</CreateTime>
                      <MsgType><![CDATA[image]]></MsgType>
                      <Image>
                      <MediaId><![CDATA[p7bBdMZWu4EEph-fHxxp8iNzk9BJHA9wIQVj6HPzoYI]]></MediaId>
                      </Image>
                  </xml> 

日志时间：2017-11-09 18:00:09,049 [16] 
日志级别：INFO  
日 志 类：info [(null)] 
2a72ff7b94988fce99324b95f26d4c29147dd214,1510221609,1708862305 

日志时间：2017-11-09 18:00:09,050 [16] 
日志级别：INFO  
日 志 类：info [(null)] 
接收消息:<xml><ToUserName><![CDATA[gh_b26d4dbcc910]]></ToUserName>
<FromUserName><![CDATA[o0YXKt_EJTmDd7Xx3cxZGyGAU5hI]]></FromUserName>
<CreateTime>1510221609</CreateTime>
<MsgType><![CDATA[text]]></MsgType>
<Content><![CDATA[我的]]></Content>
<MsgId>6486352420811297398</MsgId>
</xml> 

日志时间：2017-11-09 18:00:09,056 [16] 
日志级别：INFO  
日 志 类：info [(null)] 
返回消息:<xml>
                      <ToUserName><![CDATA[o0YXKt_EJTmDd7Xx3cxZGyGAU5hI]]></ToUserName>
                      <FromUserName><![CDATA[gh_b26d4dbcc910]]></FromUserName>
                      <CreateTime>636458472090561303</CreateTime>
                      <MsgType><![CDATA[image]]></MsgType>
                      <Image>
                      <MediaId><![CDATA[p7bBdMZWu4EEph-fHxxp8tXg8cGv1rzX3cdOHarpzlI]]></MediaId>
                      </Image>
                  </xml> 

日志时间：2017-11-09 18:01:31,643 [15] 
日志级别：INFO  
日 志 类：info [(null)] 
5ada17b5cb2fece42c4f35ee5b9f88a2212e39be,1510221691,1004272115 

日志时间：2017-11-09 18:01:31,643 [15] 
日志级别：INFO  
日 志 类：info [(null)] 
接收消息:<xml><ToUserName><![CDATA[gh_b26d4dbcc910]]></ToUserName>
<FromUserName><![CDATA[o0YXKt_EJTmDd7Xx3cxZGyGAU5hI]]></FromUserName>
<CreateTime>1510221691</CreateTime>
<MsgType><![CDATA[text]]></MsgType>
<Content><![CDATA[你的]]></Content>
<MsgId>6486352772998615686</MsgId>
</xml> 

日志时间：2017-11-09 18:01:31,648 [15] 
日志级别：INFO  
日 志 类：info [(null)] 
返回消息:<xml>
                      <ToUserName><![CDATA[o0YXKt_EJTmDd7Xx3cxZGyGAU5hI]]></ToUserName>
                      <FromUserName><![CDATA[gh_b26d4dbcc910]]></FromUserName>
                      <CreateTime>636458472916487270</CreateTime>
                      <MsgType><![CDATA[image]]></MsgType>
                      <Image>
                      <MediaId><![CDATA[PJUFGJ-KSWC9roMPLblV_BT-rV9pEnxmhOZg--_dG4PWlwNAUq]]></MediaId>
                      </Image>
                  </xml> 
