
日志时间：2017-08-18 23:41:09,235 [9] 
日志级别：INFO  
日 志 类：info [(null)] 
,,, 

日志时间：2017-08-18 23:41:43,031 [12] 
日志级别：INFO  
日 志 类：info [(null)] 
,,, 

日志时间：2017-08-18 23:42:22,981 [13] 
日志级别：INFO  
日 志 类：info [(null)] 
,,, 

日志时间：2017-08-18 23:44:47,463 [12] 
日志级别：INFO  
日 志 类：info [(null)] 
,,, 

日志时间：2017-08-18 23:44:49,497 [8] 
日志级别：INFO  
日 志 类：info [(null)] 
,,, 

日志时间：2017-08-18 23:48:15,316 [16] 
日志级别：INFO  
日 志 类：info [(null)] 
4ffbb0ae888974fbccdb242a4d9cbb365564d947,1503071289,3585778566,8460281252413410623 

日志时间：2017-08-18 23:48:21,272 [17] 
日志级别：INFO  
日 志 类：info [(null)] 
5069e8fcad7a634766b0e5c0a02d0c831234e00c,1503071295,1296218621,9633829620388150911 
