
日志时间：2017-11-23 10:12:11,841 [10] 
日志级别：INFO  
日 志 类：info [(null)] 
,, 

日志时间：2017-11-23 11:21:53,454 [12] 
日志级别：INFO  
日 志 类：info [(null)] 
,, 

日志时间：2017-11-23 11:21:53,454 [10] 
日志级别：INFO  
日 志 类：info [(null)] 
,, 

日志时间：2017-11-23 14:09:25,047 [6] 
日志级别：INFO  
日 志 类：info [(null)] 
6b0029153f277db3b830859adb212d1fe3b99161,1511417363,796421063 

日志时间：2017-11-23 14:09:25,061 [6] 
日志级别：INFO  
日 志 类：info [(null)] 
接收消息:<xml><ToUserName><![CDATA[gh_b26d4dbcc910]]></ToUserName>
<FromUserName><![CDATA[o0YXKt_EJTmDd7Xx3cxZGyGAU5hI]]></FromUserName>
<CreateTime>1511417362</CreateTime>
<MsgType><![CDATA[image]]></MsgType>
<PicUrl><![CDATA[http://mmbiz.qpic.cn/mmbiz_jpg/Eh3s6YYzblt5dXmGS5ZVqTT6H7cRPVrchDnJH7jsYs8ord3bCPR8RFvgKyygLu7xINliaee9PUTc20owbAKnKbQ/0]]></PicUrl>
<MsgId>6491488140840555365</MsgId>
<MediaId><![CDATA[Omcq5C93Y4CntIsv0Ah3t84gxxRmzSNWxcPGAEJuY3fi2aA5GN9KGwM9MXV47qQG]]></MediaId>
</xml> 

日志时间：2017-11-23 14:11:21,983 [8] 
日志级别：INFO  
日 志 类：info [(null)] 
1ab072aaa32f4f31caf77cbe68df544f618479fe,1511417481,1839515127 

日志时间：2017-11-23 14:11:21,984 [8] 
日志级别：INFO  
日 志 类：info [(null)] 
接收消息:<xml><ToUserName><![CDATA[gh_b26d4dbcc910]]></ToUserName>
<FromUserName><![CDATA[o0YXKt_EJTmDd7Xx3cxZGyGAU5hI]]></FromUserName>
<CreateTime>1511417480</CreateTime>
<MsgType><![CDATA[image]]></MsgType>
<PicUrl><![CDATA[http://mmbiz.qpic.cn/mmbiz_jpg/Eh3s6YYzblt5dXmGS5ZVqTT6H7cRPVrceKiaaFvr2d7AhwLjXYmdrjkdMiahYOe6GKWN9TjtJEnllOj4zgqrCczg/0]]></PicUrl>
<MsgId>6491488647646696348</MsgId>
<MediaId><![CDATA[qjgrWRDl-r7UX1IUGf5_abz08HV8Oup9tOG9Sm2kSAhyv-VqiO_iB--hzFYRCC2c]]></MediaId>
</xml> 

日志时间：2017-11-23 14:12:25,949 [5] 
日志级别：INFO  
日 志 类：info [(null)] 
1ef0ff7ea4210276673ddd4ed2ae63e1fa1bb037,1511417545,2060881945 

日志时间：2017-11-23 14:12:25,950 [5] 
日志级别：INFO  
日 志 类：info [(null)] 
接收消息:<xml><ToUserName><![CDATA[gh_b26d4dbcc910]]></ToUserName>
<FromUserName><![CDATA[o0YXKt_EJTmDd7Xx3cxZGyGAU5hI]]></FromUserName>
<CreateTime>1511417544</CreateTime>
<MsgType><![CDATA[image]]></MsgType>
<PicUrl><![CDATA[http://mmbiz.qpic.cn/mmbiz_jpg/Eh3s6YYzblt5dXmGS5ZVqTT6H7cRPVrc6tyb8a4FZhGSpVibcQaZFL87ELsyvI3jcALLO7IZ4R6vw3J2lZjdaBQ/0]]></PicUrl>
<MsgId>6491488922524603408</MsgId>
<MediaId><![CDATA[Rl97eKwoen-x_q5eq6ab1fUY2WP2jjaz2h8yF7S7UqyR56RDXQhk5DAFL2NEfQOQ]]></MediaId>
</xml> 

日志时间：2017-11-23 14:13:09,152 [5] 
日志级别：INFO  
日 志 类：info [(null)] 
99db10fdc6e2d42c7f4fc13c5c03d04aa750b9dd,1511417588,1860419571 

日志时间：2017-11-23 14:13:09,153 [5] 
日志级别：INFO  
日 志 类：info [(null)] 
接收消息:<xml><ToUserName><![CDATA[gh_b26d4dbcc910]]></ToUserName>
<FromUserName><![CDATA[o0YXKt_EJTmDd7Xx3cxZGyGAU5hI]]></FromUserName>
<CreateTime>1511417587</CreateTime>
<MsgType><![CDATA[image]]></MsgType>
<PicUrl><![CDATA[http://mmbiz.qpic.cn/mmbiz_jpg/Eh3s6YYzblt5dXmGS5ZVqTT6H7cRPVrcjiaHo4uictN2viagjBViba5ZtzkTLkIib1iaPQ3OKungicibM4kI2XGOUA06hQ/0]]></PicUrl>
<MsgId>6491489107208197160</MsgId>
<MediaId><![CDATA[5csviVygBL-GQnV098rI6PFwWAWP7rKROMa1LcKLRD858w8JX5f9rzBugyZvDHkj]]></MediaId>
</xml> 

日志时间：2017-11-23 14:14:00,535 [17] 
日志级别：INFO  
日 志 类：info [(null)] 
9694375452beba02cd52725bd05dd033f713ed32,1511417640,287600336 

日志时间：2017-11-23 14:14:00,536 [17] 
日志级别：INFO  
日 志 类：info [(null)] 
接收消息:<xml><ToUserName><![CDATA[gh_b26d4dbcc910]]></ToUserName>
<FromUserName><![CDATA[o0YXKt_EJTmDd7Xx3cxZGyGAU5hI]]></FromUserName>
<CreateTime>1511417638</CreateTime>
<MsgType><![CDATA[image]]></MsgType>
<PicUrl><![CDATA[http://mmbiz.qpic.cn/mmbiz_jpg/Eh3s6YYzblt5dXmGS5ZVqTT6H7cRPVrc9O1jext4vDY89IfsnzKYUaLXgaopzwRrXh9XhV5BqmkicEFgyvMdibibA/0]]></PicUrl>
<MsgId>6491489326251529325</MsgId>
<MediaId><![CDATA[5csviVygBL-GQnV098rI6IhFaknowQtbtcMjTQ8wlbi51xeTM83chSvbikRO9FN0]]></MediaId>
</xml> 

日志时间：2017-11-23 14:21:08,261 [11] 
日志级别：INFO  
日 志 类：info [(null)] 
2f39d82411ea48b416ada8952fc5b1d5a58a289f,1511418067,249247164 

日志时间：2017-11-23 14:21:08,291 [11] 
日志级别：INFO  
日 志 类：info [(null)] 
接收消息:<xml><ToUserName><![CDATA[gh_b26d4dbcc910]]></ToUserName>
<FromUserName><![CDATA[o0YXKt_EJTmDd7Xx3cxZGyGAU5hI]]></FromUserName>
<CreateTime>1511418066</CreateTime>
<MsgType><![CDATA[image]]></MsgType>
<PicUrl><![CDATA[http://mmbiz.qpic.cn/mmbiz_jpg/Eh3s6YYzblt5dXmGS5ZVqTT6H7cRPVrcS6N8tgHIy2AdrPWK9xsImylvauSw3r3pJM7NPkibDkMeJvhxxycibtxQ/0]]></PicUrl>
<MsgId>6491491164497532120</MsgId>
<MediaId><![CDATA[uum0TibUgwbC0Ay7N8cRIuJvz54Vx4Gld-MoX-Vvu_cGOODAD9keQ2enUl0oZbGB]]></MediaId>
</xml> 

日志时间：2017-11-23 14:23:23,862 [17] 
日志级别：INFO  
日 志 类：info [(null)] 
1147b7a0e0076a2bfb6d96df6905098a793e8720,1511418203,1219263640 

日志时间：2017-11-23 14:23:23,863 [17] 
日志级别：INFO  
日 志 类：info [(null)] 
接收消息:<xml><ToUserName><![CDATA[gh_b26d4dbcc910]]></ToUserName>
<FromUserName><![CDATA[o0YXKt_EJTmDd7Xx3cxZGyGAU5hI]]></FromUserName>
<CreateTime>1511418202</CreateTime>
<MsgType><![CDATA[image]]></MsgType>
<PicUrl><![CDATA[http://mmbiz.qpic.cn/mmbiz_jpg/Eh3s6YYzblt5dXmGS5ZVqTT6H7cRPVrclSKdrg2Yic5Ciaicc6dzeX6jn8zAZ1XuUSjvKsIpNGXszZpshpP2BQssA/0]]></PicUrl>
<MsgId>6491491748613084409</MsgId>
<MediaId><![CDATA[UUT75qoGShgMe61IFwhuVeSZS2b_BXvmXsdhNRnMNHqabEzG-gsxdkbckxein5rB]]></MediaId>
</xml> 

日志时间：2017-11-23 14:24:20,450 [17] 
日志级别：INFO  
日 志 类：info [(null)] 
2f717e936d534648f94c0a5b24cb8f7838218100,1511418260,1087806314 

日志时间：2017-11-23 14:24:20,451 [17] 
日志级别：INFO  
日 志 类：info [(null)] 
接收消息:<xml><ToUserName><![CDATA[gh_b26d4dbcc910]]></ToUserName>
<FromUserName><![CDATA[o0YXKt_EJTmDd7Xx3cxZGyGAU5hI]]></FromUserName>
<CreateTime>1511418258</CreateTime>
<MsgType><![CDATA[image]]></MsgType>
<PicUrl><![CDATA[http://mmbiz.qpic.cn/mmbiz_jpg/Eh3s6YYzblt5dXmGS5ZVqTT6H7cRPVrcYyItQb8Zs1adM6ibcS9Fcxf3YpQGhZDiabV9dDG6cOjPSiaGp67Anejow/0]]></PicUrl>
<MsgId>6491491989131252991</MsgId>
<MediaId><![CDATA[shsfy0TrDeiJrXduKWhnN_pcsSJnlfLv7ZhjE-SweRAG04qUJfIZRIA7UFoX-eis]]></MediaId>
</xml> 

日志时间：2017-11-23 14:25:16,341 [17] 
日志级别：INFO  
日 志 类：info [(null)] 
a1d26bfd41ba7649d059a142d91a60bf816d5877,1511418315,1423292945 

日志时间：2017-11-23 14:25:16,342 [17] 
日志级别：INFO  
日 志 类：info [(null)] 
接收消息:<xml><ToUserName><![CDATA[gh_b26d4dbcc910]]></ToUserName>
<FromUserName><![CDATA[o0YXKt_EJTmDd7Xx3cxZGyGAU5hI]]></FromUserName>
<CreateTime>1511418314</CreateTime>
<MsgType><![CDATA[image]]></MsgType>
<PicUrl><![CDATA[http://mmbiz.qpic.cn/mmbiz_jpg/Eh3s6YYzblt5dXmGS5ZVqTT6H7cRPVrcjaMLfVlthzB02LbGcBfwjhpevqQfUhUiaLRPUPqhgpuNIJEIqT58wKw/0]]></PicUrl>
<MsgId>6491492229649421582</MsgId>
<MediaId><![CDATA[o2E3Qj73xlNgMJpWoecli5o-rYYZ-br-_p8uGciVZr4koyilh05n0N913lsDj9sJ]]></MediaId>
</xml> 

日志时间：2017-11-23 14:26:06,468 [17] 
日志级别：INFO  
日 志 类：info [(null)] 
cddd36c2026cf7e2e5fecd9e8d83adb588a5c853,1511418366,218722079 

日志时间：2017-11-23 14:26:06,468 [17] 
日志级别：INFO  
日 志 类：info [(null)] 
接收消息:<xml><ToUserName><![CDATA[gh_b26d4dbcc910]]></ToUserName>
<FromUserName><![CDATA[o0YXKt_EJTmDd7Xx3cxZGyGAU5hI]]></FromUserName>
<CreateTime>1511418365</CreateTime>
<MsgType><![CDATA[image]]></MsgType>
<PicUrl><![CDATA[http://mmbiz.qpic.cn/mmbiz_jpg/Eh3s6YYzblt5dXmGS5ZVqTT6H7cRPVrcL69aEfkJyoN4WicPY8cAzxtQ4bFBLpwG4DLe0JuApsP0UpH4w3C7ZYA/0]]></PicUrl>
<MsgId>6491492448692753700</MsgId>
<MediaId><![CDATA[F7I_YgGvO5KX6GqtDod14JHsgBfhDCYVMBBbz1IM5pQdK-kyN-z4vT2ywsRVD6Qp]]></MediaId>
</xml> 

日志时间：2017-11-23 14:28:06,205 [5] 
日志级别：INFO  
日 志 类：info [(null)] 
3b0e83b945a9982f9e56a3264e6116d7a484805e,1511418485,878645996 

日志时间：2017-11-23 14:28:06,206 [5] 
日志级别：INFO  
日 志 类：info [(null)] 
接收消息:<xml><ToUserName><![CDATA[gh_b26d4dbcc910]]></ToUserName>
<FromUserName><![CDATA[o0YXKt_EJTmDd7Xx3cxZGyGAU5hI]]></FromUserName>
<CreateTime>1511418484</CreateTime>
<MsgType><![CDATA[image]]></MsgType>
<PicUrl><![CDATA[http://mmbiz.qpic.cn/mmbiz_jpg/Eh3s6YYzblt5dXmGS5ZVqTT6H7cRPVrc4cTHwEWQzekMKTGjquFPELs586F7LLbLanzlanYiaFEQibO3JhranicFQ/0]]></PicUrl>
<MsgId>6491492959793861959</MsgId>
<MediaId><![CDATA[UUT75qoGShgMe61IFwhuVR7c9xzecVusBqXgVQnr6StEJ2KheMF3MeUzDK7z8tjw]]></MediaId>
</xml> 

日志时间：2017-11-23 14:28:11,243 [17] 
日志级别：INFO  
日 志 类：info [(null)] 
3b0e83b945a9982f9e56a3264e6116d7a484805e,1511418485,878645996 

日志时间：2017-11-23 14:28:11,243 [17] 
日志级别：INFO  
日 志 类：info [(null)] 
接收消息:<xml><ToUserName><![CDATA[gh_b26d4dbcc910]]></ToUserName>
<FromUserName><![CDATA[o0YXKt_EJTmDd7Xx3cxZGyGAU5hI]]></FromUserName>
<CreateTime>1511418484</CreateTime>
<MsgType><![CDATA[image]]></MsgType>
<PicUrl><![CDATA[http://mmbiz.qpic.cn/mmbiz_jpg/Eh3s6YYzblt5dXmGS5ZVqTT6H7cRPVrc4cTHwEWQzekMKTGjquFPELs586F7LLbLanzlanYiaFEQibO3JhranicFQ/0]]></PicUrl>
<MsgId>6491492959793861959</MsgId>
<MediaId><![CDATA[UUT75qoGShgMe61IFwhuVR7c9xzecVusBqXgVQnr6StEJ2KheMF3MeUzDK7z8tjw]]></MediaId>
</xml> 
