
日志时间：2017-11-15 13:48:18,393 [9] 
日志级别：INFO  
日 志 类：info [(null)] 
,, 

日志时间：2017-11-15 13:49:39,028 [12] 
日志级别：INFO  
日 志 类：info [(null)] 
fcded7c9c0629b3f877f8e2b630637c4c1e9a5d6,1510724979,511141725 

日志时间：2017-11-15 13:49:39,028 [12] 
日志级别：INFO  
日 志 类：info [(null)] 
接收消息:<xml><ToUserName><![CDATA[gh_b26d4dbcc910]]></ToUserName>
<FromUserName><![CDATA[o0YXKt_EJTmDd7Xx3cxZGyGAU5hI]]></FromUserName>
<CreateTime>1510724979</CreateTime>
<MsgType><![CDATA[text]]></MsgType>
<Content><![CDATA[我要做文本留言了]]></Content>
<MsgId>6488514378499161687</MsgId>
</xml> 

日志时间：2017-11-15 13:49:39,367 [12] 
日志级别：INFO  
日 志 类：info [(null)] 
返回消息:<xml>
                        <ToUserName><![CDATA[o0YXKt_EJTmDd7Xx3cxZGyGAU5hI]]></ToUserName>
                        <FromUserName><![CDATA[gh_b26d4dbcc910]]></FromUserName>
                        <CreateTime>636463505793674564</CreateTime>
                        <MsgType><![CDATA[text]]></MsgType>
                        <Content><![CDATA[你说什么，我不太明白。]]></Content></xml> 

日志时间：2017-11-15 17:17:20,954 [6] 
日志级别：INFO  
日 志 类：info [(null)] 
de12e8aea1a2484f1db63552b3913f180f1fac8f,1510737439,900573547 

日志时间：2017-11-15 17:17:23,376 [10] 
日志级别：INFO  
日 志 类：info [(null)] 
fe4ef023da25961b53ec744c48bde12b92234524,1510737443,1303117542 

日志时间：2017-11-15 17:19:02,137 [10] 
日志级别：INFO  
日 志 类：info [(null)] 
fc7207f7338d8b459c529fb6fe95630bba0a3e31,1510737542,183800954 

日志时间：2017-11-15 17:19:02,137 [10] 
日志级别：INFO  
日 志 类：info [(null)] 
接收消息:<xml><ToUserName><![CDATA[gh_b26d4dbcc910]]></ToUserName>
<FromUserName><![CDATA[o0YXKt_EJTmDd7Xx3cxZGyGAU5hI]]></FromUserName>
<CreateTime>1510737542</CreateTime>
<MsgType><![CDATA[event]]></MsgType>
<Event><![CDATA[unsubscribe]]></Event>
<EventKey><![CDATA[]]></EventKey>
</xml> 

日志时间：2017-11-15 17:19:02,827 [10] 
日志级别：INFO  
日 志 类：info [(null)] 
返回消息: 

日志时间：2017-11-15 17:19:12,315 [10] 
日志级别：INFO  
日 志 类：info [(null)] 
601eb0225cd5a80b2d06c6e8391b029967dfd79e,1510737552,613916847 

日志时间：2017-11-15 17:19:12,315 [10] 
日志级别：INFO  
日 志 类：info [(null)] 
接收消息:<xml><ToUserName><![CDATA[gh_b26d4dbcc910]]></ToUserName>
<FromUserName><![CDATA[o0YXKt_EJTmDd7Xx3cxZGyGAU5hI]]></FromUserName>
<CreateTime>1510737552</CreateTime>
<MsgType><![CDATA[event]]></MsgType>
<Event><![CDATA[subscribe]]></Event>
<EventKey><![CDATA[]]></EventKey>
</xml> 

日志时间：2017-11-15 17:19:18,207 [18] 
日志级别：INFO  
日 志 类：info [(null)] 
601eb0225cd5a80b2d06c6e8391b029967dfd79e,1510737552,613916847 

日志时间：2017-11-15 17:19:23,614 [18] 
日志级别：INFO  
日 志 类：info [(null)] 
接收消息:<xml><ToUserName><![CDATA[gh_b26d4dbcc910]]></ToUserName>
<FromUserName><![CDATA[o0YXKt_EJTmDd7Xx3cxZGyGAU5hI]]></FromUserName>
<CreateTime>1510737552</CreateTime>
<MsgType><![CDATA[event]]></MsgType>
<Event><![CDATA[subscribe]]></Event>
<EventKey><![CDATA[]]></EventKey>
</xml> 

日志时间：2017-11-15 17:19:27,672 [11] 
日志级别：INFO  
日 志 类：info [(null)] 
601eb0225cd5a80b2d06c6e8391b029967dfd79e,1510737552,613916847 

日志时间：2017-11-15 17:19:27,673 [11] 
日志级别：INFO  
日 志 类：info [(null)] 
接收消息:<xml><ToUserName><![CDATA[gh_b26d4dbcc910]]></ToUserName>
<FromUserName><![CDATA[o0YXKt_EJTmDd7Xx3cxZGyGAU5hI]]></FromUserName>
<CreateTime>1510737552</CreateTime>
<MsgType><![CDATA[event]]></MsgType>
<Event><![CDATA[subscribe]]></Event>
<EventKey><![CDATA[]]></EventKey>
</xml> 

日志时间：2017-11-15 17:21:31,575 [11] 
日志级别：INFO  
日 志 类：info [(null)] 
返回消息: 

日志时间：2017-11-15 17:21:32,142 [18] 
日志级别：INFO  
日 志 类：info [(null)] 
返回消息: 

日志时间：2017-11-15 17:21:40,929 [10] 
日志级别：INFO  
日 志 类：info [(null)] 
返回消息: 

日志时间：2017-11-15 17:22:04,541 [5] 
日志级别：INFO  
日 志 类：info [(null)] 
a9d798362610920d6062000fae029d3e0ca5bae7,1510737725,1398154772 

日志时间：2017-11-15 17:22:04,541 [5] 
日志级别：INFO  
日 志 类：info [(null)] 
接收消息:<xml><ToUserName><![CDATA[gh_b26d4dbcc910]]></ToUserName>
<FromUserName><![CDATA[o0YXKt_EJTmDd7Xx3cxZGyGAU5hI]]></FromUserName>
<CreateTime>1510737725</CreateTime>
<MsgType><![CDATA[event]]></MsgType>
<Event><![CDATA[unsubscribe]]></Event>
<EventKey><![CDATA[]]></EventKey>
</xml> 

日志时间：2017-11-15 17:22:04,657 [5] 
日志级别：INFO  
日 志 类：info [(null)] 
返回消息: 

日志时间：2017-11-15 17:22:15,313 [10] 
日志级别：INFO  
日 志 类：info [(null)] 
abbbf499bc5e348a8e38ed51fe7d4945385b07d6,1510737735,434151371 

日志时间：2017-11-15 17:22:15,314 [10] 
日志级别：INFO  
日 志 类：info [(null)] 
接收消息:<xml><ToUserName><![CDATA[gh_b26d4dbcc910]]></ToUserName>
<FromUserName><![CDATA[o0YXKt_EJTmDd7Xx3cxZGyGAU5hI]]></FromUserName>
<CreateTime>1510737735</CreateTime>
<MsgType><![CDATA[event]]></MsgType>
<Event><![CDATA[subscribe]]></Event>
<EventKey><![CDATA[]]></EventKey>
</xml> 

日志时间：2017-11-15 17:22:20,944 [5] 
日志级别：INFO  
日 志 类：info [(null)] 
abbbf499bc5e348a8e38ed51fe7d4945385b07d6,1510737735,434151371 

日志时间：2017-11-15 17:22:20,945 [5] 
日志级别：INFO  
日 志 类：info [(null)] 
接收消息:<xml><ToUserName><![CDATA[gh_b26d4dbcc910]]></ToUserName>
<FromUserName><![CDATA[o0YXKt_EJTmDd7Xx3cxZGyGAU5hI]]></FromUserName>
<CreateTime>1510737735</CreateTime>
<MsgType><![CDATA[event]]></MsgType>
<Event><![CDATA[subscribe]]></Event>
<EventKey><![CDATA[]]></EventKey>
</xml> 

日志时间：2017-11-15 17:22:20,964 [10] 
日志级别：INFO  
日 志 类：info [(null)] 
返回消息: 

日志时间：2017-11-15 17:22:22,590 [5] 
日志级别：INFO  
日 志 类：info [(null)] 
返回消息: 

日志时间：2017-11-15 17:22:46,291 [10] 
日志级别：INFO  
日 志 类：info [(null)] 
f3046e1424638f118371c99330daab048e577ab1,1510737766,533486634 

日志时间：2017-11-15 17:22:46,292 [10] 
日志级别：INFO  
日 志 类：info [(null)] 
接收消息:<xml><ToUserName><![CDATA[gh_b26d4dbcc910]]></ToUserName>
<FromUserName><![CDATA[o0YXKt_EJTmDd7Xx3cxZGyGAU5hI]]></FromUserName>
<CreateTime>1510737766</CreateTime>
<MsgType><![CDATA[event]]></MsgType>
<Event><![CDATA[unsubscribe]]></Event>
<EventKey><![CDATA[]]></EventKey>
</xml> 

日志时间：2017-11-15 17:22:46,403 [10] 
日志级别：INFO  
日 志 类：info [(null)] 
返回消息: 

日志时间：2017-11-15 17:22:59,530 [10] 
日志级别：INFO  
日 志 类：info [(null)] 
c5159371df181c99c243745064c739349e8f4bf0,1510737780,1238583767 

日志时间：2017-11-15 17:22:59,531 [10] 
日志级别：INFO  
日 志 类：info [(null)] 
接收消息:<xml><ToUserName><![CDATA[gh_b26d4dbcc910]]></ToUserName>
<FromUserName><![CDATA[o0YXKt_EJTmDd7Xx3cxZGyGAU5hI]]></FromUserName>
<CreateTime>1510737780</CreateTime>
<MsgType><![CDATA[event]]></MsgType>
<Event><![CDATA[subscribe]]></Event>
<EventKey><![CDATA[]]></EventKey>
</xml> 

日志时间：2017-11-15 17:23:40,440 [23] 
日志级别：INFO  
日 志 类：info [(null)] 
c5159371df181c99c243745064c739349e8f4bf0,1510737780,1238583767 

日志时间：2017-11-15 17:23:40,440 [23] 
日志级别：INFO  
日 志 类：info [(null)] 
接收消息:<xml><ToUserName><![CDATA[gh_b26d4dbcc910]]></ToUserName>
<FromUserName><![CDATA[o0YXKt_EJTmDd7Xx3cxZGyGAU5hI]]></FromUserName>
<CreateTime>1510737780</CreateTime>
<MsgType><![CDATA[event]]></MsgType>
<Event><![CDATA[subscribe]]></Event>
<EventKey><![CDATA[]]></EventKey>
</xml> 

日志时间：2017-11-15 17:23:40,444 [10] 
日志级别：INFO  
日 志 类：info [(null)] 
返回消息: 

日志时间：2017-11-15 17:23:43,389 [20] 
日志级别：INFO  
日 志 类：info [(null)] 
c5159371df181c99c243745064c739349e8f4bf0,1510737780,1238583767 

日志时间：2017-11-15 17:23:43,390 [20] 
日志级别：INFO  
日 志 类：info [(null)] 
接收消息:<xml><ToUserName><![CDATA[gh_b26d4dbcc910]]></ToUserName>
<FromUserName><![CDATA[o0YXKt_EJTmDd7Xx3cxZGyGAU5hI]]></FromUserName>
<CreateTime>1510737780</CreateTime>
<MsgType><![CDATA[event]]></MsgType>
<Event><![CDATA[subscribe]]></Event>
<EventKey><![CDATA[]]></EventKey>
</xml> 

日志时间：2017-11-15 17:24:05,356 [23] 
日志级别：INFO  
日 志 类：info [(null)] 
返回消息: 

日志时间：2017-11-15 17:24:06,863 [20] 
日志级别：INFO  
日 志 类：info [(null)] 
返回消息: 

日志时间：2017-11-15 17:24:24,237 [11] 
日志级别：INFO  
日 志 类：info [(null)] 
9d16456699833de4bf28289a13639fdeaef05059,1510737859,479656476 

日志时间：2017-11-15 17:24:24,237 [20] 
日志级别：INFO  
日 志 类：info [(null)] 
9d16456699833de4bf28289a13639fdeaef05059,1510737859,479656476 

日志时间：2017-11-15 17:24:24,237 [20] 
日志级别：INFO  
日 志 类：info [(null)] 
接收消息:<xml><ToUserName><![CDATA[gh_b26d4dbcc910]]></ToUserName>
<FromUserName><![CDATA[o0YXKt_EJTmDd7Xx3cxZGyGAU5hI]]></FromUserName>
<CreateTime>1510737859</CreateTime>
<MsgType><![CDATA[event]]></MsgType>
<Event><![CDATA[unsubscribe]]></Event>
<EventKey><![CDATA[]]></EventKey>
</xml> 

日志时间：2017-11-15 17:24:24,237 [11] 
日志级别：INFO  
日 志 类：info [(null)] 
接收消息:<xml><ToUserName><![CDATA[gh_b26d4dbcc910]]></ToUserName>
<FromUserName><![CDATA[o0YXKt_EJTmDd7Xx3cxZGyGAU5hI]]></FromUserName>
<CreateTime>1510737859</CreateTime>
<MsgType><![CDATA[event]]></MsgType>
<Event><![CDATA[unsubscribe]]></Event>
<EventKey><![CDATA[]]></EventKey>
</xml> 

日志时间：2017-11-15 17:24:24,434 [11] 
日志级别：INFO  
日 志 类：info [(null)] 
返回消息: 

日志时间：2017-11-15 17:24:24,434 [20] 
日志级别：INFO  
日 志 类：info [(null)] 
返回消息: 

日志时间：2017-11-15 17:24:37,394 [11] 
日志级别：INFO  
日 志 类：info [(null)] 
ddc221987ebdfe4456ed4d5424b27e3c671af532,1510737877,1158149534 

日志时间：2017-11-15 17:24:37,395 [11] 
日志级别：INFO  
日 志 类：info [(null)] 
接收消息:<xml><ToUserName><![CDATA[gh_b26d4dbcc910]]></ToUserName>
<FromUserName><![CDATA[o0YXKt_EJTmDd7Xx3cxZGyGAU5hI]]></FromUserName>
<CreateTime>1510737877</CreateTime>
<MsgType><![CDATA[event]]></MsgType>
<Event><![CDATA[subscribe]]></Event>
<EventKey><![CDATA[]]></EventKey>
</xml> 

日志时间：2017-11-15 17:24:38,467 [11] 
日志级别：INFO  
日 志 类：info [(null)] 
返回消息: 

日志时间：2017-11-15 17:25:10,261 [11] 
日志级别：INFO  
日 志 类：info [(null)] 
b36f77f35fd434d2fd7bf16efb01c6802cccd572,1510737910,140300512 

日志时间：2017-11-15 17:25:10,262 [11] 
日志级别：INFO  
日 志 类：info [(null)] 
接收消息:<xml><ToUserName><![CDATA[gh_b26d4dbcc910]]></ToUserName>
<FromUserName><![CDATA[o0YXKt_EJTmDd7Xx3cxZGyGAU5hI]]></FromUserName>
<CreateTime>1510737910</CreateTime>
<MsgType><![CDATA[event]]></MsgType>
<Event><![CDATA[unsubscribe]]></Event>
<EventKey><![CDATA[]]></EventKey>
</xml> 

日志时间：2017-11-15 17:25:10,367 [11] 
日志级别：INFO  
日 志 类：info [(null)] 
返回消息: 

日志时间：2017-11-15 17:25:21,302 [11] 
日志级别：INFO  
日 志 类：info [(null)] 
12efe1569c560aeac64fef052bf6d7a7452697bc,1510737921,41831929 

日志时间：2017-11-15 17:25:21,302 [11] 
日志级别：INFO  
日 志 类：info [(null)] 
接收消息:<xml><ToUserName><![CDATA[gh_b26d4dbcc910]]></ToUserName>
<FromUserName><![CDATA[o0YXKt_EJTmDd7Xx3cxZGyGAU5hI]]></FromUserName>
<CreateTime>1510737921</CreateTime>
<MsgType><![CDATA[event]]></MsgType>
<Event><![CDATA[subscribe]]></Event>
<EventKey><![CDATA[]]></EventKey>
</xml> 

日志时间：2017-11-15 17:25:22,361 [11] 
日志级别：INFO  
日 志 类：info [(null)] 
返回消息: 

日志时间：2017-11-15 17:25:50,865 [5] 
日志级别：INFO  
日 志 类：info [(null)] 
1fa15fff267456aec5e820efc34ba083e400dd21,1510737951,2138483361 

日志时间：2017-11-15 17:25:50,865 [5] 
日志级别：INFO  
日 志 类：info [(null)] 
接收消息:<xml><ToUserName><![CDATA[gh_b26d4dbcc910]]></ToUserName>
<FromUserName><![CDATA[o0YXKt_EJTmDd7Xx3cxZGyGAU5hI]]></FromUserName>
<CreateTime>1510737951</CreateTime>
<MsgType><![CDATA[event]]></MsgType>
<Event><![CDATA[unsubscribe]]></Event>
<EventKey><![CDATA[]]></EventKey>
</xml> 

日志时间：2017-11-15 17:25:50,985 [5] 
日志级别：INFO  
日 志 类：info [(null)] 
返回消息: 

日志时间：2017-11-15 17:25:59,053 [5] 
日志级别：INFO  
日 志 类：info [(null)] 
df1df8c0effb0a5bb448a9462da53e0dcf1f79d7,1510737959,1606202122 

日志时间：2017-11-15 17:25:59,053 [5] 
日志级别：INFO  
日 志 类：info [(null)] 
接收消息:<xml><ToUserName><![CDATA[gh_b26d4dbcc910]]></ToUserName>
<FromUserName><![CDATA[o0YXKt_EJTmDd7Xx3cxZGyGAU5hI]]></FromUserName>
<CreateTime>1510737959</CreateTime>
<MsgType><![CDATA[event]]></MsgType>
<Event><![CDATA[subscribe]]></Event>
<EventKey><![CDATA[]]></EventKey>
</xml> 

日志时间：2017-11-15 17:26:04,123 [27] 
日志级别：INFO  
日 志 类：info [(null)] 
df1df8c0effb0a5bb448a9462da53e0dcf1f79d7,1510737959,1606202122 

日志时间：2017-11-15 17:26:04,123 [27] 
日志级别：INFO  
日 志 类：info [(null)] 
接收消息:<xml><ToUserName><![CDATA[gh_b26d4dbcc910]]></ToUserName>
<FromUserName><![CDATA[o0YXKt_EJTmDd7Xx3cxZGyGAU5hI]]></FromUserName>
<CreateTime>1510737959</CreateTime>
<MsgType><![CDATA[event]]></MsgType>
<Event><![CDATA[subscribe]]></Event>
<EventKey><![CDATA[]]></EventKey>
</xml> 

日志时间：2017-11-15 17:26:13,878 [21] 
日志级别：INFO  
日 志 类：info [(null)] 
df1df8c0effb0a5bb448a9462da53e0dcf1f79d7,1510737959,1606202122 

日志时间：2017-11-15 17:26:14,772 [21] 
日志级别：INFO  
日 志 类：info [(null)] 
接收消息:<xml><ToUserName><![CDATA[gh_b26d4dbcc910]]></ToUserName>
<FromUserName><![CDATA[o0YXKt_EJTmDd7Xx3cxZGyGAU5hI]]></FromUserName>
<CreateTime>1510737959</CreateTime>
<MsgType><![CDATA[event]]></MsgType>
<Event><![CDATA[subscribe]]></Event>
<EventKey><![CDATA[]]></EventKey>
</xml> 

日志时间：2017-11-15 17:26:21,920 [5] 
日志级别：INFO  
日 志 类：info [(null)] 
返回消息: 

日志时间：2017-11-15 17:26:21,921 [27] 
日志级别：INFO  
日 志 类：info [(null)] 
返回消息: 

日志时间：2017-11-15 17:26:22,924 [21] 
日志级别：INFO  
日 志 类：info [(null)] 
返回消息: 

日志时间：2017-11-15 17:26:29,818 [5] 
日志级别：INFO  
日 志 类：info [(null)] 
517e7243ac07f3eb26640530f9bda68fd78e8d2e,1510737990,88427788 

日志时间：2017-11-15 17:26:29,819 [5] 
日志级别：INFO  
日 志 类：info [(null)] 
接收消息:<xml><ToUserName><![CDATA[gh_b26d4dbcc910]]></ToUserName>
<FromUserName><![CDATA[o0YXKt_EJTmDd7Xx3cxZGyGAU5hI]]></FromUserName>
<CreateTime>1510737990</CreateTime>
<MsgType><![CDATA[event]]></MsgType>
<Event><![CDATA[unsubscribe]]></Event>
<EventKey><![CDATA[]]></EventKey>
</xml> 

日志时间：2017-11-15 17:26:29,957 [5] 
日志级别：INFO  
日 志 类：info [(null)] 
返回消息: 

日志时间：2017-11-15 17:26:39,102 [21] 
日志级别：INFO  
日 志 类：info [(null)] 
ff44a0e5b24985840589159c74c371e13e70ae83,1510737999,318728788 

日志时间：2017-11-15 17:26:39,103 [21] 
日志级别：INFO  
日 志 类：info [(null)] 
接收消息:<xml><ToUserName><![CDATA[gh_b26d4dbcc910]]></ToUserName>
<FromUserName><![CDATA[o0YXKt_EJTmDd7Xx3cxZGyGAU5hI]]></FromUserName>
<CreateTime>1510737999</CreateTime>
<MsgType><![CDATA[event]]></MsgType>
<Event><![CDATA[subscribe]]></Event>
<EventKey><![CDATA[]]></EventKey>
</xml> 

日志时间：2017-11-15 17:26:44,716 [27] 
日志级别：INFO  
日 志 类：info [(null)] 
ff44a0e5b24985840589159c74c371e13e70ae83,1510737999,318728788 

日志时间：2017-11-15 17:26:44,911 [27] 
日志级别：INFO  
日 志 类：info [(null)] 
接收消息:<xml><ToUserName><![CDATA[gh_b26d4dbcc910]]></ToUserName>
<FromUserName><![CDATA[o0YXKt_EJTmDd7Xx3cxZGyGAU5hI]]></FromUserName>
<CreateTime>1510737999</CreateTime>
<MsgType><![CDATA[event]]></MsgType>
<Event><![CDATA[subscribe]]></Event>
<EventKey><![CDATA[]]></EventKey>
</xml> 

日志时间：2017-11-15 17:26:49,558 [33] 
日志级别：INFO  
日 志 类：info [(null)] 
ff44a0e5b24985840589159c74c371e13e70ae83,1510737999,318728788 

日志时间：2017-11-15 17:26:49,558 [33] 
日志级别：INFO  
日 志 类：info [(null)] 
接收消息:<xml><ToUserName><![CDATA[gh_b26d4dbcc910]]></ToUserName>
<FromUserName><![CDATA[o0YXKt_EJTmDd7Xx3cxZGyGAU5hI]]></FromUserName>
<CreateTime>1510737999</CreateTime>
<MsgType><![CDATA[event]]></MsgType>
<Event><![CDATA[subscribe]]></Event>
<EventKey><![CDATA[]]></EventKey>
</xml> 

日志时间：2017-11-15 17:27:33,021 [21] 
日志级别：INFO  
日 志 类：info [(null)] 
返回消息: 

日志时间：2017-11-15 17:27:34,126 [33] 
日志级别：INFO  
日 志 类：info [(null)] 
返回消息: 

日志时间：2017-11-15 17:27:34,126 [27] 
日志级别：INFO  
日 志 类：info [(null)] 
返回消息: 

日志时间：2017-11-15 17:29:20,988 [27] 
日志级别：INFO  
日 志 类：info [(null)] 
f9fec5ce73485dd5c5f7a171ead68cab3b7691ac,1510738161,43911139 

日志时间：2017-11-15 17:29:20,989 [27] 
日志级别：INFO  
日 志 类：info [(null)] 
接收消息:<xml><ToUserName><![CDATA[gh_b26d4dbcc910]]></ToUserName>
<FromUserName><![CDATA[o0YXKt_EJTmDd7Xx3cxZGyGAU5hI]]></FromUserName>
<CreateTime>1510738161</CreateTime>
<MsgType><![CDATA[event]]></MsgType>
<Event><![CDATA[unsubscribe]]></Event>
<EventKey><![CDATA[]]></EventKey>
</xml> 

日志时间：2017-11-15 17:29:21,109 [27] 
日志级别：INFO  
日 志 类：info [(null)] 
返回消息: 

日志时间：2017-11-15 17:29:29,998 [21] 
日志级别：INFO  
日 志 类：info [(null)] 
3687f02147927fb197993f50d9bc9ec23294a92f,1510738170,447105298 

日志时间：2017-11-15 17:29:29,999 [21] 
日志级别：INFO  
日 志 类：info [(null)] 
接收消息:<xml><ToUserName><![CDATA[gh_b26d4dbcc910]]></ToUserName>
<FromUserName><![CDATA[o0YXKt_EJTmDd7Xx3cxZGyGAU5hI]]></FromUserName>
<CreateTime>1510738170</CreateTime>
<MsgType><![CDATA[event]]></MsgType>
<Event><![CDATA[subscribe]]></Event>
<EventKey><![CDATA[]]></EventKey>
</xml> 

日志时间：2017-11-15 17:29:38,845 [29] 
日志级别：INFO  
日 志 类：info [(null)] 
3687f02147927fb197993f50d9bc9ec23294a92f,1510738170,447105298 

日志时间：2017-11-15 17:29:39,829 [29] 
日志级别：INFO  
日 志 类：info [(null)] 
接收消息:<xml><ToUserName><![CDATA[gh_b26d4dbcc910]]></ToUserName>
<FromUserName><![CDATA[o0YXKt_EJTmDd7Xx3cxZGyGAU5hI]]></FromUserName>
<CreateTime>1510738170</CreateTime>
<MsgType><![CDATA[event]]></MsgType>
<Event><![CDATA[subscribe]]></Event>
<EventKey><![CDATA[]]></EventKey>
</xml> 

日志时间：2017-11-15 17:29:41,312 [22] 
日志级别：INFO  
日 志 类：info [(null)] 
3687f02147927fb197993f50d9bc9ec23294a92f,1510738170,447105298 

日志时间：2017-11-15 17:29:41,313 [22] 
日志级别：INFO  
日 志 类：info [(null)] 
接收消息:<xml><ToUserName><![CDATA[gh_b26d4dbcc910]]></ToUserName>
<FromUserName><![CDATA[o0YXKt_EJTmDd7Xx3cxZGyGAU5hI]]></FromUserName>
<CreateTime>1510738170</CreateTime>
<MsgType><![CDATA[event]]></MsgType>
<Event><![CDATA[subscribe]]></Event>
<EventKey><![CDATA[]]></EventKey>
</xml> 

日志时间：2017-11-15 17:30:33,203 [21] 
日志级别：INFO  
日 志 类：info [(null)] 
返回消息: 

日志时间：2017-11-15 17:30:34,192 [22] 
日志级别：INFO  
日 志 类：info [(null)] 
返回消息: 

日志时间：2017-11-15 17:30:34,209 [29] 
日志级别：INFO  
日 志 类：info [(null)] 
返回消息: 
