
日志时间：2017-10-20 15:27:37,022 [16] 
日志级别：INFO  
日 志 类：info [(null)] 
,,, 

日志时间：2017-10-20 15:27:43,224 [9] 
日志级别：INFO  
日 志 类：info [(null)] 
接收消息:<xml><URL><![CDATA[http://liaoyang118.oicp.net]]></URL><ToUserName><![CDATA[gh_b26d4dbcc910]]></ToUserName><FromUserName><![CDATA[12121233444fwr32dws2]]></FromUserName><CreateTime>1508478911</CreateTime><MsgType><![CDATA[text]]></MsgType><Content><![CDATA[哇哈哈]]></Content><MsgId>1234567890123456</MsgId></xml> 

日志时间：2017-10-20 15:28:14,265 [6] 
日志级别：INFO  
日 志 类：info [(null)] 
接收消息:<xml><URL><![CDATA[http://liaoyang118.oicp.net]]></URL><ToUserName><![CDATA[gh_b26d4dbcc910]]></ToUserName><FromUserName><![CDATA[12121233444fwr32dws2]]></FromUserName><CreateTime>1508478911</CreateTime><MsgType><![CDATA[text]]></MsgType><Content><![CDATA[哇哈哈]]></Content><MsgId>1234567890123456</MsgId></xml> 

日志时间：2017-10-20 15:32:50,331 [21] 
日志级别：INFO  
日 志 类：info [(null)] 
,,, 

日志时间：2017-10-20 15:32:54,961 [25] 
日志级别：INFO  
日 志 类：info [(null)] 
接收消息:<xml><URL><![CDATA[http://liaoyang118.oicp.net]]></URL><ToUserName><![CDATA[gh_b26d4dbcc910]]></ToUserName><FromUserName><![CDATA[12121233444fwr32dws2]]></FromUserName><CreateTime>1508478911</CreateTime><MsgType><![CDATA[text]]></MsgType><Content><![CDATA[哇哈哈]]></Content><MsgId>1234567890123456</MsgId></xml> 

日志时间：2017-10-20 15:33:00,019 [21] 
日志级别：INFO  
日 志 类：info [(null)] 
接收消息:<xml><URL><![CDATA[http://liaoyang118.oicp.net]]></URL><ToUserName><![CDATA[gh_b26d4dbcc910]]></ToUserName><FromUserName><![CDATA[12121233444fwr32dws2]]></FromUserName><CreateTime>1508478911</CreateTime><MsgType><![CDATA[text]]></MsgType><Content><![CDATA[哇哈哈]]></Content><MsgId>1234567890123456</MsgId></xml> 

日志时间：2017-10-20 15:33:44,504 [22] 
日志级别：INFO  
日 志 类：info [(null)] 
接收消息:<xml><URL><![CDATA[http://liaoyang118.oicp.net]]></URL><ToUserName><![CDATA[gh_b26d4dbcc910]]></ToUserName><FromUserName><![CDATA[12121233444fwr32dws2]]></FromUserName><CreateTime>1508478911</CreateTime><MsgType><![CDATA[text]]></MsgType><Content><![CDATA[哇哈哈]]></Content><MsgId>1234567890123456</MsgId></xml> 

日志时间：2017-10-20 15:35:42,893 [22] 
日志级别：INFO  
日 志 类：info [(null)] 
,,, 

日志时间：2017-10-20 15:35:58,737 [22] 
日志级别：INFO  
日 志 类：info [(null)] 
接收消息:<xml><URL><![CDATA[http://liaoyang118.oicp.net]]></URL><ToUserName><![CDATA[gh_b26d4dbcc910]]></ToUserName><FromUserName><![CDATA[12121233444fwr32dws2]]></FromUserName><CreateTime>1508478911</CreateTime><MsgType><![CDATA[text]]></MsgType><Content><![CDATA[哇哈哈]]></Content><MsgId>1234567890123456</MsgId></xml> 

日志时间：2017-10-20 15:40:19,262 [40] 
日志级别：INFO  
日 志 类：info [(null)] 
接收消息:<xml><URL><![CDATA[http://liaoyang118.oicp.net]]></URL><ToUserName><![CDATA[gh_b26d4dbcc910]]></ToUserName><FromUserName><![CDATA[12121233444fwr32dws2]]></FromUserName><CreateTime>1508478911</CreateTime><MsgType><![CDATA[text]]></MsgType><Content><![CDATA[哇哈哈]]></Content><MsgId>1234567890123456</MsgId></xml> 

日志时间：2017-10-20 15:40:19,267 [40] 
日志级别：INFO  
日 志 类：info [(null)] 
返回消息:<xml><ToUserName>< ![CDATA[12121233444fwr32dws2]] ></ToUserName ><FromUserName>< ![CDATA[gh_b26d4dbcc910]]></ FromUserName ><CreateTime>12345678</ CreateTime><MsgType><![CDATA[text]]></MsgType><Content><![CDATA[回复你好]]></Content></xml> 

日志时间：2017-10-20 15:40:38,004 [50] 
日志级别：INFO  
日 志 类：info [(null)] 
接收消息:<xml><ToUserName><![CDATA[gh_b26d4dbcc910]]></ToUserName>
<FromUserName><![CDATA[o0YXKt_EJTmDd7Xx3cxZGyGAU5hI]]></FromUserName>
<CreateTime>1508485238</CreateTime>
<MsgType><![CDATA[text]]></MsgType>
<Content><![CDATA[很好]]></Content>
<MsgId>6478894764152242402</MsgId>
</xml> 

日志时间：2017-10-20 15:40:38,006 [50] 
日志级别：INFO  
日 志 类：info [(null)] 
返回消息:<xml><ToUserName>< ![CDATA[o0YXKt_EJTmDd7Xx3cxZGyGAU5hI]] ></ToUserName ><FromUserName>< ![CDATA[gh_b26d4dbcc910]]></ FromUserName ><CreateTime>12345678</ CreateTime><MsgType><![CDATA[text]]></MsgType><Content><![CDATA[回复你好]]></Content></xml> 

日志时间：2017-10-20 15:43:22,701 [46] 
日志级别：INFO  
日 志 类：info [(null)] 
,,, 

日志时间：2017-10-20 15:43:52,349 [43] 
日志级别：INFO  
日 志 类：info [(null)] 
接收消息:<xml><ToUserName><![CDATA[gh_b26d4dbcc910]]></ToUserName>
<FromUserName><![CDATA[o0YXKt_EJTmDd7Xx3cxZGyGAU5hI]]></FromUserName>
<CreateTime>1508485432</CreateTime>
<MsgType><![CDATA[text]]></MsgType>
<Content><![CDATA[我很好]]></Content>
<MsgId>6478895597375897865</MsgId>
</xml> 

日志时间：2017-10-20 15:43:52,457 [43] 
日志级别：INFO  
日 志 类：info [(null)] 
返回消息:<xml><ToUserName>< ![CDATA[o0YXKt_EJTmDd7Xx3cxZGyGAU5hI]] ></ToUserName ><FromUserName>< ![CDATA[gh_b26d4dbcc910]]></ FromUserName ><CreateTime>1508485432458</ CreateTime><MsgType><![CDATA[text]]></MsgType><Content><![CDATA[回复你好]]></Content></xml> 

日志时间：2017-10-20 15:44:58,825 [39] 
日志级别：INFO  
日 志 类：info [(null)] 
,,, 

日志时间：2017-10-20 15:45:04,548 [55] 
日志级别：INFO  
日 志 类：info [(null)] 
接收消息:<xml><ToUserName><![CDATA[gh_b26d4dbcc910]]></ToUserName>
<FromUserName><![CDATA[o0YXKt_EJTmDd7Xx3cxZGyGAU5hI]]></FromUserName>
<CreateTime>1508485504</CreateTime>
<MsgType><![CDATA[text]]></MsgType>
<Content><![CDATA[哈哈]]></Content>
<MsgId>6478895906613543191</MsgId>
</xml> 

日志时间：2017-10-20 15:45:04,638 [55] 
日志级别：INFO  
日 志 类：info [(null)] 
返回消息:<xml><ToUserName><![CDATA[o0YXKt_EJTmDd7Xx3cxZGyGAU5hI]]></ToUserName><FromUserName><![CDATA[gh_b26d4dbcc910]]></FromUserName ><CreateTime>1508485504638</CreateTime><MsgType><![CDATA[text]]></MsgType><Content><![CDATA[回复你好]]></Content></xml> 

日志时间：2017-10-20 15:52:25,549 [67] 
日志级别：INFO  
日 志 类：info [(null)] 
接收消息:<xml><URL><![CDATA[http://liaoyang118.oicp.net]]></URL><ToUserName><![CDATA[gh_b26d4dbcc910]]></ToUserName><FromUserName><![CDATA[12121233444fwr32dws2]]></FromUserName><CreateTime>1508478911</CreateTime><MsgType><![CDATA[text]]></MsgType><Content><![CDATA[哇哈哈]]></Content><MsgId>1234567890123456</MsgId></xml> 

日志时间：2017-10-20 15:52:25,554 [67] 
日志级别：INFO  
日 志 类：info [(null)] 
返回消息:<xml><ToUserName><![CDATA[12121233444fwr32dws2]]></ToUserName><FromUserName><![CDATA[gh_b26d4dbcc910]]></FromUserName ><CreateTime>1508485945555</CreateTime><MsgType><![CDATA[text]]></MsgType><Content><![CDATA[回复你好]]></Content></xml> 

日志时间：2017-10-20 15:52:53,084 [44] 
日志级别：INFO  
日 志 类：info [(null)] 
接收消息:<xml><ToUserName><![CDATA[gh_b26d4dbcc910]]></ToUserName>
<FromUserName><![CDATA[o0YXKt_EJTmDd7Xx3cxZGyGAU5hI]]></FromUserName>
<CreateTime>1508485973</CreateTime>
<MsgType><![CDATA[text]]></MsgType>
<Content><![CDATA[方法]]></Content>
<MsgId>6478897920953205133</MsgId>
</xml> 

日志时间：2017-10-20 15:52:53,086 [44] 
日志级别：INFO  
日 志 类：info [(null)] 
返回消息:<xml><ToUserName><![CDATA[o0YXKt_EJTmDd7Xx3cxZGyGAU5hI]]></ToUserName><FromUserName><![CDATA[gh_b26d4dbcc910]]></FromUserName ><CreateTime>1508485973086</CreateTime><MsgType><![CDATA[text]]></MsgType><Content><![CDATA[回复你好]]></Content></xml> 

日志时间：2017-10-20 15:53:28,376 [70] 
日志级别：INFO  
日 志 类：info [(null)] 
接收消息:<xml><ToUserName><![CDATA[gh_b26d4dbcc910]]></ToUserName>
<FromUserName><![CDATA[o0YXKt_EJTmDd7Xx3cxZGyGAU5hI]]></FromUserName>
<CreateTime>1508486008</CreateTime>
<MsgType><![CDATA[text]]></MsgType>
<Content><![CDATA[就会]]></Content>
<MsgId>6478898071277060504</MsgId>
</xml> 

日志时间：2017-10-20 15:53:34,250 [70] 
日志级别：INFO  
日 志 类：info [(null)] 
返回消息:<xml><ToUserName><![CDATA[o0YXKt_EJTmDd7Xx3cxZGyGAU5hI]]></ToUserName><FromUserName><![CDATA[gh_b26d4dbcc910]]></FromUserName ><CreateTime>1508486010535</CreateTime><MsgType><![CDATA[text]]></MsgType><Content><![CDATA[回复你好]]></Content></xml> 

日志时间：2017-10-20 15:53:35,200 [65] 
日志级别：INFO  
日 志 类：info [(null)] 
接收消息:<xml><ToUserName><![CDATA[gh_b26d4dbcc910]]></ToUserName>
<FromUserName><![CDATA[o0YXKt_EJTmDd7Xx3cxZGyGAU5hI]]></FromUserName>
<CreateTime>1508486008</CreateTime>
<MsgType><![CDATA[text]]></MsgType>
<Content><![CDATA[就会]]></Content>
<MsgId>6478898071277060504</MsgId>
</xml> 

日志时间：2017-10-20 15:53:40,363 [67] 
日志级别：INFO  
日 志 类：info [(null)] 
接收消息:<xml><ToUserName><![CDATA[gh_b26d4dbcc910]]></ToUserName>
<FromUserName><![CDATA[o0YXKt_EJTmDd7Xx3cxZGyGAU5hI]]></FromUserName>
<CreateTime>1508486008</CreateTime>
<MsgType><![CDATA[text]]></MsgType>
<Content><![CDATA[就会]]></Content>
<MsgId>6478898071277060504</MsgId>
</xml> 

日志时间：2017-10-20 15:53:42,095 [65] 
日志级别：INFO  
日 志 类：info [(null)] 
返回消息:<xml><ToUserName><![CDATA[o0YXKt_EJTmDd7Xx3cxZGyGAU5hI]]></ToUserName><FromUserName><![CDATA[gh_b26d4dbcc910]]></FromUserName ><CreateTime>1508486021336</CreateTime><MsgType><![CDATA[text]]></MsgType><Content><![CDATA[回复你好]]></Content></xml> 

日志时间：2017-10-20 15:53:44,641 [67] 
日志级别：INFO  
日 志 类：info [(null)] 
返回消息:<xml><ToUserName><![CDATA[o0YXKt_EJTmDd7Xx3cxZGyGAU5hI]]></ToUserName><FromUserName><![CDATA[gh_b26d4dbcc910]]></FromUserName ><CreateTime>1508486022095</CreateTime><MsgType><![CDATA[text]]></MsgType><Content><![CDATA[回复你好]]></Content></xml> 

日志时间：2017-10-20 16:01:14,959 [79] 
日志级别：INFO  
日 志 类：info [(null)] 
接收消息:<xml><ToUserName><![CDATA[gh_b26d4dbcc910]]></ToUserName>
<FromUserName><![CDATA[o0YXKt_EJTmDd7Xx3cxZGyGAU5hI]]></FromUserName>
<CreateTime>1508486474</CreateTime>
<MsgType><![CDATA[text]]></MsgType>
<Content><![CDATA[杠杠]]></Content>
<MsgId>6478900072731820583</MsgId>
</xml> 

日志时间：2017-10-20 16:01:18,910 [79] 
日志级别：INFO  
日 志 类：info [(null)] 
返回消息:<xml><ToUserName><![CDATA[o0YXKt_EJTmDd7Xx3cxZGyGAU5hI]]></ToUserName><FromUserName><![CDATA[gh_b26d4dbcc910]]></FromUserName ><CreateTime>1508486478911</CreateTime><MsgType><![CDATA[text]]></MsgType><Content><![CDATA[回复你好]]></Content></xml> 

日志时间：2017-10-20 16:04:28,046 [86] 
日志级别：INFO  
日 志 类：info [(null)] 
,,, 

日志时间：2017-10-20 16:04:29,210 [85] 
日志级别：INFO  
日 志 类：info [(null)] 
接收消息:<xml><URL><![CDATA[http://liaoyang118.oicp.net]]></URL><ToUserName><![CDATA[gh_b26d4dbcc910]]></ToUserName><FromUserName><![CDATA[12121233444fwr32dws2]]></FromUserName><CreateTime>1508478911</CreateTime><MsgType><![CDATA[text]]></MsgType><Content><![CDATA[哇哈哈]]></Content><MsgId>1234567890123456</MsgId></xml> 

日志时间：2017-10-20 16:04:29,270 [85] 
日志级别：INFO  
日 志 类：info [(null)] 
返回消息:<xml><ToUserName><![CDATA[12121233444fwr32dws2]]></ToUserName><FromUserName><![CDATA[gh_b26d4dbcc910]]></FromUserName ><CreateTime>1508486669270</CreateTime><MsgType><![CDATA[text]]></MsgType><Content><![CDATA[回复你好]]></Content></xml> 

日志时间：2017-10-20 16:04:58,264 [72] 
日志级别：INFO  
日 志 类：info [(null)] 
,,, 

日志时间：2017-10-20 16:04:59,040 [93] 
日志级别：INFO  
日 志 类：info [(null)] 
,,, 

日志时间：2017-10-20 16:04:59,447 [86] 
日志级别：INFO  
日 志 类：info [(null)] 
,,, 

日志时间：2017-10-20 16:04:59,829 [85] 
日志级别：INFO  
日 志 类：info [(null)] 
,,, 

日志时间：2017-10-20 16:05:00,076 [93] 
日志级别：INFO  
日 志 类：info [(null)] 
,,, 

日志时间：2017-10-20 16:05:00,301 [86] 
日志级别：INFO  
日 志 类：info [(null)] 
,,, 

日志时间：2017-10-20 16:05:03,026 [92] 
日志级别：INFO  
日 志 类：info [(null)] 
接收消息:<xml><URL><![CDATA[http://liaoyang118.oicp.net]]></URL><ToUserName><![CDATA[gh_b26d4dbcc910]]></ToUserName><FromUserName><![CDATA[12121233444fwr32dws2]]></FromUserName><CreateTime>1508478911</CreateTime><MsgType><![CDATA[text]]></MsgType><Content><![CDATA[哇哈哈]]></Content><MsgId>1234567890123456</MsgId></xml> 

日志时间：2017-10-20 16:05:03,064 [92] 
日志级别：INFO  
日 志 类：info [(null)] 
返回消息:<xml><ToUserName><![CDATA[12121233444fwr32dws2]]></ToUserName><FromUserName><![CDATA[gh_b26d4dbcc910]]></FromUserName ><CreateTime>1508486703063</CreateTime><MsgType><![CDATA[text]]></MsgType><Content><![CDATA[回复你好]]></Content></xml> 

日志时间：2017-10-20 16:08:27,269 [86] 
日志级别：INFO  
日 志 类：info [(null)] 
,,, 

日志时间：2017-10-20 16:09:01,190 [72] 
日志级别：INFO  
日 志 类：info [(null)] 
,,, 

日志时间：2017-10-20 16:09:02,770 [99] 
日志级别：INFO  
日 志 类：info [(null)] 
接收消息:<xml><URL><![CDATA[http://liaoyang118.oicp.net]]></URL><ToUserName><![CDATA[gh_b26d4dbcc910]]></ToUserName><FromUserName><![CDATA[12121233444fwr32dws2]]></FromUserName><CreateTime>1508478911</CreateTime><MsgType><![CDATA[text]]></MsgType><Content><![CDATA[哇哈哈]]></Content><MsgId>1234567890123456</MsgId></xml> 

日志时间：2017-10-20 16:09:02,935 [99] 
日志级别：INFO  
日 志 类：info [(null)] 
返回消息:<xml><ToUserName><![CDATA[12121233444fwr32dws2]]></ToUserName><FromUserName><![CDATA[gh_b26d4dbcc910]]></FromUserName ><CreateTime>1508486942.93414</CreateTime><MsgType><![CDATA[text]]></MsgType><Content><![CDATA[回复你好]]></Content></xml> 

日志时间：2017-10-20 16:09:27,550 [99] 
日志级别：INFO  
日 志 类：info [(null)] 
,,, 

日志时间：2017-10-20 16:09:29,799 [98] 
日志级别：INFO  
日 志 类：info [(null)] 
接收消息:<xml><URL><![CDATA[http://liaoyang118.oicp.net]]></URL><ToUserName><![CDATA[gh_b26d4dbcc910]]></ToUserName><FromUserName><![CDATA[12121233444fwr32dws2]]></FromUserName><CreateTime>1508478911</CreateTime><MsgType><![CDATA[text]]></MsgType><Content><![CDATA[哇哈哈]]></Content><MsgId>1234567890123456</MsgId></xml> 

日志时间：2017-10-20 16:09:29,894 [98] 
日志级别：INFO  
日 志 类：info [(null)] 
返回消息:<xml><ToUserName><![CDATA[12121233444fwr32dws2]]></ToUserName><FromUserName><![CDATA[gh_b26d4dbcc910]]></FromUserName ><CreateTime>1508486969</CreateTime><MsgType><![CDATA[text]]></MsgType><Content><![CDATA[回复你好]]></Content></xml> 

日志时间：2017-10-20 16:10:08,027 [99] 
日志级别：INFO  
日 志 类：info [(null)] 
接收消息:<xml><URL><![CDATA[http://liaoyang118.oicp.net]]></URL><ToUserName><![CDATA[gh_b26d4dbcc910]]></ToUserName><FromUserName><![CDATA[12121233444fwr32dws2]]></FromUserName><CreateTime>1508478911</CreateTime><MsgType><![CDATA[text]]></MsgType><Content><![CDATA[哇哈哈]]></Content><MsgId>1234567890123456</MsgId></xml> 

日志时间：2017-10-20 16:10:08,029 [99] 
日志级别：INFO  
日 志 类：info [(null)] 
返回消息:<xml><ToUserName><![CDATA[12121233444fwr32dws2]]></ToUserName><FromUserName><![CDATA[gh_b26d4dbcc910]]></FromUserName ><CreateTime>1508487008</CreateTime><MsgType><![CDATA[text]]></MsgType><Content><![CDATA[回复你好]]></Content></xml> 

日志时间：2017-10-20 16:10:14,286 [93] 
日志级别：INFO  
日 志 类：info [(null)] 
接收消息:<xml><URL><![CDATA[http://liaoyang118.oicp.net]]></URL><ToUserName><![CDATA[gh_b26d4dbcc910]]></ToUserName><FromUserName><![CDATA[12121233444fwr32dws2]]></FromUserName><CreateTime>1508478911</CreateTime><MsgType><![CDATA[text]]></MsgType><Content><![CDATA[哇哈哈]]></Content><MsgId>1234567890123456</MsgId></xml> 

日志时间：2017-10-20 16:10:14,288 [93] 
日志级别：INFO  
日 志 类：info [(null)] 
返回消息:<xml><ToUserName><![CDATA[12121233444fwr32dws2]]></ToUserName><FromUserName><![CDATA[gh_b26d4dbcc910]]></FromUserName ><CreateTime>1508487014</CreateTime><MsgType><![CDATA[text]]></MsgType><Content><![CDATA[回复你好]]></Content></xml> 

日志时间：2017-10-20 16:10:34,464 [96] 
日志级别：INFO  
日 志 类：info [(null)] 
接收消息:<xml><ToUserName><![CDATA[gh_b26d4dbcc910]]></ToUserName>
<FromUserName><![CDATA[o0YXKt_EJTmDd7Xx3cxZGyGAU5hI]]></FromUserName>
<CreateTime>1508487034</CreateTime>
<MsgType><![CDATA[text]]></MsgType>
<Content><![CDATA[搞过]]></Content>
<MsgId>6478902477913506665</MsgId>
</xml> 

日志时间：2017-10-20 16:10:34,466 [96] 
日志级别：INFO  
日 志 类：info [(null)] 
返回消息:<xml><ToUserName><![CDATA[o0YXKt_EJTmDd7Xx3cxZGyGAU5hI]]></ToUserName><FromUserName><![CDATA[gh_b26d4dbcc910]]></FromUserName ><CreateTime>1508487034</CreateTime><MsgType><![CDATA[text]]></MsgType><Content><![CDATA[回复你好]]></Content></xml> 

日志时间：2017-10-20 16:16:53,672 [91] 
日志级别：INFO  
日 志 类：info [(null)] 
,,, 

日志时间：2017-10-20 16:16:57,476 [88] 
日志级别：INFO  
日 志 类：info [(null)] 
接收消息:<xml><URL><![CDATA[http://liaoyang118.oicp.net]]></URL><ToUserName><![CDATA[gh_b26d4dbcc910]]></ToUserName><FromUserName><![CDATA[12121233444fwr32dws2]]></FromUserName><CreateTime>1508478911</CreateTime><MsgType><![CDATA[text]]></MsgType><Content><![CDATA[哇哈哈]]></Content><MsgId>1234567890123456</MsgId></xml> 

日志时间：2017-10-20 16:16:57,557 [88] 
日志级别：INFO  
日 志 类：info [(null)] 
返回消息:<xml><ToUserName><![CDATA[12121233444fwr32dws2]]></ToUserName><FromUserName><![CDATA[gh_b26d4dbcc910]]></FromUserName ><CreateTime>1508487417</CreateTime><MsgType><![CDATA[text]]></MsgType><Content><![CDATA[回复你好]]></Content></xml> 

日志时间：2017-10-20 16:17:11,592 [91] 
日志级别：INFO  
日 志 类：info [(null)] 
接收消息:<xml><ToUserName><![CDATA[gh_b26d4dbcc910]]></ToUserName>
<FromUserName><![CDATA[o0YXKt_EJTmDd7Xx3cxZGyGAU5hI]]></FromUserName>
<CreateTime>1508487431</CreateTime>
<MsgType><![CDATA[text]]></MsgType>
<Content><![CDATA[就会]]></Content>
<MsgId>6478904183015523335</MsgId>
</xml> 

日志时间：2017-10-20 16:17:11,594 [91] 
日志级别：INFO  
日 志 类：info [(null)] 
返回消息:<xml><ToUserName><![CDATA[o0YXKt_EJTmDd7Xx3cxZGyGAU5hI]]></ToUserName><FromUserName><![CDATA[gh_b26d4dbcc910]]></FromUserName ><CreateTime>1508487431</CreateTime><MsgType><![CDATA[text]]></MsgType><Content><![CDATA[回复你好]]></Content></xml> 

日志时间：2017-10-20 16:17:29,305 [79] 
日志级别：INFO  
日 志 类：info [(null)] 
接收消息:<xml><ToUserName><![CDATA[gh_b26d4dbcc910]]></ToUserName>
<FromUserName><![CDATA[o0YXKt_EJTmDd7Xx3cxZGyGAU5hI]]></FromUserName>
<CreateTime>1508487449</CreateTime>
<MsgType><![CDATA[text]]></MsgType>
<Content><![CDATA[结果]]></Content>
<MsgId>6478904260324934676</MsgId>
</xml> 

日志时间：2017-10-20 16:17:29,307 [79] 
日志级别：INFO  
日 志 类：info [(null)] 
返回消息:<xml><ToUserName><![CDATA[o0YXKt_EJTmDd7Xx3cxZGyGAU5hI]]></ToUserName><FromUserName><![CDATA[gh_b26d4dbcc910]]></FromUserName ><CreateTime>1508487449</CreateTime><MsgType><![CDATA[text]]></MsgType><Content><![CDATA[回复你好]]></Content></xml> 

日志时间：2017-10-20 16:24:41,443 [69] 
日志级别：INFO  
日 志 类：info [(null)] 
,,, 

日志时间：2017-10-20 16:24:44,166 [73] 
日志级别：INFO  
日 志 类：info [(null)] 
接收消息:<xml><URL><![CDATA[http://liaoyang118.oicp.net]]></URL><ToUserName><![CDATA[gh_b26d4dbcc910]]></ToUserName><FromUserName><![CDATA[12121233444fwr32dws2]]></FromUserName><CreateTime>1508478911</CreateTime><MsgType><![CDATA[text]]></MsgType><Content><![CDATA[哇哈哈]]></Content><MsgId>1234567890123456</MsgId></xml> 

日志时间：2017-10-20 16:24:44,251 [73] 
日志级别：INFO  
日 志 类：info [(null)] 
返回消息:<xml><ToUserName><![CDATA[12121233444fwr32dws2]]></ToUserName><FromUserName><![CDATA[gh_b26d4dbcc910]]></FromUserName ><CreateTime>1508487884</CreateTime><MsgType><![CDATA[text]]></MsgType><Content><![CDATA[回复你好]]></Content></xml> 

日志时间：2017-10-20 16:25:02,151 [74] 
日志级别：INFO  
日 志 类：info [(null)] 
接收消息:<xml><ToUserName><![CDATA[gh_b26d4dbcc910]]></ToUserName>
<FromUserName><![CDATA[o0YXKt_EJTmDd7Xx3cxZGyGAU5hI]]></FromUserName>
<CreateTime>1508487901</CreateTime>
<MsgType><![CDATA[text]]></MsgType>
<Content><![CDATA[不够]]></Content>
<MsgId>6478906201650152636</MsgId>
</xml> 

日志时间：2017-10-20 16:25:02,153 [74] 
日志级别：INFO  
日 志 类：info [(null)] 
返回消息:<xml><ToUserName><![CDATA[o0YXKt_EJTmDd7Xx3cxZGyGAU5hI]]></ToUserName><FromUserName><![CDATA[gh_b26d4dbcc910]]></FromUserName ><CreateTime>1508487902</CreateTime><MsgType><![CDATA[text]]></MsgType><Content><![CDATA[回复你好]]></Content></xml> 

日志时间：2017-10-20 16:26:43,614 [62] 
日志级别：INFO  
日 志 类：info [(null)] 
,,, 

日志时间：2017-10-20 16:26:46,158 [74] 
日志级别：INFO  
日 志 类：info [(null)] 
接收消息:<xml><URL><![CDATA[http://liaoyang118.oicp.net]]></URL><ToUserName><![CDATA[gh_b26d4dbcc910]]></ToUserName><FromUserName><![CDATA[o0YXKt_EJTmDd7Xx3cxZGyGAU5hI]]></FromUserName><CreateTime>1508487449</CreateTime><MsgType><![CDATA[text]]></MsgType><Content><![CDATA[结果]]></Content><MsgId>6478904260324934676</MsgId></xml> 

日志时间：2017-10-20 16:26:46,222 [74] 
日志级别：INFO  
日 志 类：info [(null)] 
返回消息:<xml><ToUserName><![CDATA[o0YXKt_EJTmDd7Xx3cxZGyGAU5hI]]></ToUserName><FromUserName><![CDATA[gh_b26d4dbcc910]]></FromUserName ><CreateTime>1508488006</CreateTime><MsgType><![CDATA[text]]></MsgType><Content><![CDATA[回复你好]]></Content></xml> 

日志时间：2017-10-20 16:26:55,126 [62] 
日志级别：INFO  
日 志 类：info [(null)] 
接收消息:<xml><ToUserName><![CDATA[gh_b26d4dbcc910]]></ToUserName>
<FromUserName><![CDATA[o0YXKt_EJTmDd7Xx3cxZGyGAU5hI]]></FromUserName>
<CreateTime>1508488015</CreateTime>
<MsgType><![CDATA[text]]></MsgType>
<Content><![CDATA[好过分]]></Content>
<MsgId>6478906691276424408</MsgId>
</xml> 

日志时间：2017-10-20 16:26:55,128 [62] 
日志级别：INFO  
日 志 类：info [(null)] 
返回消息:<xml><ToUserName><![CDATA[o0YXKt_EJTmDd7Xx3cxZGyGAU5hI]]></ToUserName><FromUserName><![CDATA[gh_b26d4dbcc910]]></FromUserName ><CreateTime>1508488015</CreateTime><MsgType><![CDATA[text]]></MsgType><Content><![CDATA[回复你好]]></Content></xml> 

日志时间：2017-10-20 16:27:24,538 [68] 
日志级别：INFO  
日 志 类：info [(null)] 
,,, 

日志时间：2017-10-20 16:27:26,189 [63] 
日志级别：INFO  
日 志 类：info [(null)] 
接收消息:<xml><URL><![CDATA[http://liaoyang118.oicp.net]]></URL><ToUserName><![CDATA[gh_b26d4dbcc910]]></ToUserName><FromUserName><![CDATA[o0YXKt_EJTmDd7Xx3cxZGyGAU5hI]]></FromUserName><CreateTime>1508487449</CreateTime><MsgType><![CDATA[text]]></MsgType><Content><![CDATA[结果]]></Content><MsgId>6478904260324934676</MsgId></xml> 

日志时间：2017-10-20 16:27:26,252 [63] 
日志级别：INFO  
日 志 类：info [(null)] 
返回消息:<xml><ToUserName><![CDATA[o0YXKt_EJTmDd7Xx3cxZGyGAU5hI]]></ToUserName><FromUserName><![CDATA[gh_b26d4dbcc910]]></FromUserName ><CreateTime>1508488046</CreateTime><MsgType><![CDATA[text]]></MsgType><Content><![CDATA[回复你好]]></Content></xml> 

日志时间：2017-10-20 16:27:28,950 [63] 
日志级别：INFO  
日 志 类：info [(null)] 
接收消息:<xml><URL><![CDATA[http://liaoyang118.oicp.net]]></URL><ToUserName><![CDATA[gh_b26d4dbcc910]]></ToUserName><FromUserName><![CDATA[o0YXKt_EJTmDd7Xx3cxZGyGAU5hI]]></FromUserName><CreateTime>1508487449</CreateTime><MsgType><![CDATA[text]]></MsgType><Content><![CDATA[结果]]></Content><MsgId>6478904260324934676</MsgId></xml> 

日志时间：2017-10-20 16:27:28,952 [63] 
日志级别：INFO  
日 志 类：info [(null)] 
返回消息:<xml><ToUserName><![CDATA[o0YXKt_EJTmDd7Xx3cxZGyGAU5hI]]></ToUserName><FromUserName><![CDATA[gh_b26d4dbcc910]]></FromUserName ><CreateTime>1508488048</CreateTime><MsgType><![CDATA[text]]></MsgType><Content><![CDATA[回复你好]]></Content></xml> 

日志时间：2017-10-20 16:27:33,291 [62] 
日志级别：INFO  
日 志 类：info [(null)] 
接收消息:<xml><ToUserName><![CDATA[gh_b26d4dbcc910]]></ToUserName>
<FromUserName><![CDATA[o0YXKt_EJTmDd7Xx3cxZGyGAU5hI]]></FromUserName>
<CreateTime>1508488053</CreateTime>
<MsgType><![CDATA[text]]></MsgType>
<Content><![CDATA[女户]]></Content>
<MsgId>6478906854485181663</MsgId>
</xml> 

日志时间：2017-10-20 16:27:33,293 [62] 
日志级别：INFO  
日 志 类：info [(null)] 
返回消息:<xml><ToUserName><![CDATA[o0YXKt_EJTmDd7Xx3cxZGyGAU5hI]]></ToUserName><FromUserName><![CDATA[gh_b26d4dbcc910]]></FromUserName ><CreateTime>1508488053</CreateTime><MsgType><![CDATA[text]]></MsgType><Content><![CDATA[回复你好]]></Content></xml> 

日志时间：2017-10-20 16:39:25,245 [68] 
日志级别：INFO  
日 志 类：info [(null)] 
,,, 

日志时间：2017-10-20 16:40:20,168 [73] 
日志级别：INFO  
日 志 类：info [(null)] 
接收消息:<xml><URL><![CDATA[http://liaoyang118.oicp.net/]]></URL><ToUserName><![CDATA[gh_b26d4dbcc910]]></ToUserName><FromUserName><![CDATA[12121233444fwr32dws2]]></FromUserName><CreateTime>1508478911</CreateTime><MsgType><![CDATA[text]]></MsgType><Content><![CDATA[哇哈哈]]></Content><MsgId>1234567890123456</MsgId></xml> 

日志时间：2017-10-20 16:40:20,260 [73] 
日志级别：INFO  
日 志 类：info [(null)] 
返回消息:<xml><ToUserName><![CDATA[12121233444fwr32dws2]]></ToUserName><FromUserName><![CDATA[gh_b26d4dbcc910]]></FromUserName ><CreateTime>1508488820</CreateTime><MsgType><![CDATA[text]]></MsgType><Content><![CDATA[回复你好]]></Content></xml> 

日志时间：2017-10-20 16:40:40,045 [57] 
日志级别：INFO  
日 志 类：info [(null)] 
接收消息:<xml><ToUserName><![CDATA[gh_b26d4dbcc910]]></ToUserName>
<FromUserName><![CDATA[o0YXKt_EJTmDd7Xx3cxZGyGAU5hI]]></FromUserName>
<CreateTime>1508488834</CreateTime>
<MsgType><![CDATA[text]]></MsgType>
<Content><![CDATA[护肤]]></Content>
<MsgId>6478910208854640182</MsgId>
</xml> 

日志时间：2017-10-20 16:40:40,047 [57] 
日志级别：INFO  
日 志 类：info [(null)] 
返回消息:<xml><ToUserName><![CDATA[o0YXKt_EJTmDd7Xx3cxZGyGAU5hI]]></ToUserName><FromUserName><![CDATA[gh_b26d4dbcc910]]></FromUserName ><CreateTime>1508488840</CreateTime><MsgType><![CDATA[text]]></MsgType><Content><![CDATA[回复你好]]></Content></xml> 

日志时间：2017-10-20 16:49:16,747 [61] 
日志级别：INFO  
日 志 类：info [(null)] 
接收消息:<xml><URL><![CDATA[http://liaoyang118.oicp.net/]]></URL><ToUserName><![CDATA[gh_b26d4dbcc910]]></ToUserName><FromUserName><![CDATA[12121233444fwr32dws2]]></FromUserName><CreateTime>1508478911</CreateTime><MsgType><![CDATA[text]]></MsgType><Content><![CDATA[哇哈哈]]></Content><MsgId>1234567890123456</MsgId></xml> 

日志时间：2017-10-20 16:49:16,753 [61] 
日志级别：INFO  
日 志 类：info [(null)] 
返回消息:<xml><ToUserName><![CDATA[12121233444fwr32dws2]]></ToUserName><FromUserName><![CDATA[gh_b26d4dbcc910]]></FromUserName ><CreateTime>1508489356</CreateTime><MsgType><![CDATA[text]]></MsgType><Content><![CDATA[回复你好]]></Content></xml> 

日志时间：2017-10-20 16:49:27,977 [57] 
日志级别：INFO  
日 志 类：info [(null)] 
,,, 

日志时间：2017-10-20 16:49:34,747 [74] 
日志级别：INFO  
日 志 类：info [(null)] 
接收消息:{"URL":"http://liaoyang118.oicp.net/","ToUserName":"gh_b26d4dbcc910","FromUserName":"12121233444fwr32dws2","CreateTime":1508478911,"MsgType":"text","Content":"哇哈哈","MsgId":1234567890123456} 

日志时间：2017-10-20 16:49:36,393 [58] 
日志级别：INFO  
日 志 类：info [(null)] 
接收消息:{"URL":"http://liaoyang118.oicp.net/","ToUserName":"gh_b26d4dbcc910","FromUserName":"12121233444fwr32dws2","CreateTime":1508478911,"MsgType":"text","Content":"哇哈哈","MsgId":1234567890123456} 

日志时间：2017-10-20 16:49:38,794 [57] 
日志级别：INFO  
日 志 类：info [(null)] 
接收消息:<xml><URL><![CDATA[http://liaoyang118.oicp.net/]]></URL><ToUserName><![CDATA[gh_b26d4dbcc910]]></ToUserName><FromUserName><![CDATA[12121233444fwr32dws2]]></FromUserName><CreateTime>1508478911</CreateTime><MsgType><![CDATA[text]]></MsgType><Content><![CDATA[哇哈哈]]></Content><MsgId>1234567890123456</MsgId></xml> 

日志时间：2017-10-20 16:49:38,867 [57] 
日志级别：INFO  
日 志 类：info [(null)] 
返回消息:<xml><ToUserName><![CDATA[12121233444fwr32dws2]]></ToUserName><FromUserName><![CDATA[gh_b26d4dbcc910]]></FromUserName ><CreateTime>1508489378</CreateTime><MsgType><![CDATA[text]]></MsgType><Content><![CDATA[回复你好]]></Content></xml> 

日志时间：2017-10-20 16:49:40,655 [57] 
日志级别：INFO  
日 志 类：info [(null)] 
接收消息:<xml><URL><![CDATA[http://liaoyang118.oicp.net/]]></URL><ToUserName><![CDATA[gh_b26d4dbcc910]]></ToUserName><FromUserName><![CDATA[12121233444fwr32dws2]]></FromUserName><CreateTime>1508478911</CreateTime><MsgType><![CDATA[text]]></MsgType><Content><![CDATA[哇哈哈]]></Content><MsgId>1234567890123456</MsgId></xml> 

日志时间：2017-10-20 16:49:40,658 [57] 
日志级别：INFO  
日 志 类：info [(null)] 
返回消息:<xml><ToUserName><![CDATA[12121233444fwr32dws2]]></ToUserName><FromUserName><![CDATA[gh_b26d4dbcc910]]></FromUserName ><CreateTime>1508489380</CreateTime><MsgType><![CDATA[text]]></MsgType><Content><![CDATA[回复你好]]></Content></xml> 

日志时间：2017-10-20 16:49:42,841 [74] 
日志级别：INFO  
日 志 类：info [(null)] 
接收消息:<xml><URL><![CDATA[http://liaoyang118.oicp.net/]]></URL><ToUserName><![CDATA[gh_b26d4dbcc910]]></ToUserName><FromUserName><![CDATA[12121233444fwr32dws2]]></FromUserName><CreateTime>1508478911</CreateTime><MsgType><![CDATA[text]]></MsgType><Content><![CDATA[哇哈哈]]></Content><MsgId>1234567890123456</MsgId></xml> 

日志时间：2017-10-20 16:49:42,843 [74] 
日志级别：INFO  
日 志 类：info [(null)] 
返回消息:<xml><ToUserName><![CDATA[12121233444fwr32dws2]]></ToUserName><FromUserName><![CDATA[gh_b26d4dbcc910]]></FromUserName ><CreateTime>1508489382</CreateTime><MsgType><![CDATA[text]]></MsgType><Content><![CDATA[回复你好]]></Content></xml> 

日志时间：2017-10-20 16:50:04,269 [73] 
日志级别：INFO  
日 志 类：info [(null)] 
接收消息:<xml><ToUserName><![CDATA[gh_b26d4dbcc910]]></ToUserName>
<FromUserName><![CDATA[o0YXKt_EJTmDd7Xx3cxZGyGAU5hI]]></FromUserName>
<CreateTime>1508489404</CreateTime>
<MsgType><![CDATA[text]]></MsgType>
<Content><![CDATA[加班vb]]></Content>
<MsgId>6478912656985999136</MsgId>
</xml> 

日志时间：2017-10-20 16:50:04,271 [73] 
日志级别：INFO  
日 志 类：info [(null)] 
返回消息:<xml><ToUserName><![CDATA[o0YXKt_EJTmDd7Xx3cxZGyGAU5hI]]></ToUserName><FromUserName><![CDATA[gh_b26d4dbcc910]]></FromUserName ><CreateTime>1508489404</CreateTime><MsgType><![CDATA[text]]></MsgType><Content><![CDATA[回复你好]]></Content></xml> 

日志时间：2017-10-20 16:50:16,869 [88] 
日志级别：INFO  
日 志 类：info [(null)] 
接收消息:<xml><ToUserName><![CDATA[gh_b26d4dbcc910]]></ToUserName>
<FromUserName><![CDATA[o0YXKt_EJTmDd7Xx3cxZGyGAU5hI]]></FromUserName>
<CreateTime>1508489416</CreateTime>
<MsgType><![CDATA[event]]></MsgType>
<Event><![CDATA[CLICK]]></Event>
<EventKey><![CDATA[内涵]]></EventKey>
</xml> 

日志时间：2017-10-20 16:51:28,039 [73] 
日志级别：INFO  
日 志 类：info [(null)] 
,,, 

日志时间：2017-10-20 16:51:32,982 [57] 
日志级别：INFO  
日 志 类：info [(null)] 
接收消息:<xml><ToUserName><![CDATA[gh_b26d4dbcc910]]></ToUserName>
<FromUserName><![CDATA[o0YXKt_EJTmDd7Xx3cxZGyGAU5hI]]></FromUserName>
<CreateTime>1508489493</CreateTime>
<MsgType><![CDATA[event]]></MsgType>
<Event><![CDATA[VIEW]]></Event>
<EventKey><![CDATA[http://www.jsonyang.com]]></EventKey>
<MenuId>443464121</MenuId>
</xml> 

日志时间：2017-10-20 16:51:33,150 [57] 
日志级别：ERROR 
日 志 类：info [(null)] 
不能将值 NULL 插入列 'MsgId'，表 'TestDB.dbo.UserMessage'；列不允许有 Null 值。INSERT 失败。
语句已终止。 

日志时间：2017-10-20 16:51:33,151 [57] 
日志级别：INFO  
日 志 类：info [(null)] 
返回消息: 

日志时间：2017-10-20 16:51:36,906 [58] 
日志级别：INFO  
日 志 类：info [(null)] 
接收消息:<xml><ToUserName><![CDATA[gh_b26d4dbcc910]]></ToUserName>
<FromUserName><![CDATA[o0YXKt_EJTmDd7Xx3cxZGyGAU5hI]]></FromUserName>
<CreateTime>1508489496</CreateTime>
<MsgType><![CDATA[event]]></MsgType>
<Event><![CDATA[CLICK]]></Event>
<EventKey><![CDATA[内涵]]></EventKey>
</xml> 

日志时间：2017-10-20 16:51:36,908 [58] 
日志级别：ERROR 
日 志 类：info [(null)] 
不能将值 NULL 插入列 'MsgId'，表 'TestDB.dbo.UserMessage'；列不允许有 Null 值。INSERT 失败。
语句已终止。 

日志时间：2017-10-20 16:51:36,908 [58] 
日志级别：INFO  
日 志 类：info [(null)] 
返回消息: 

日志时间：2017-10-20 16:51:47,106 [61] 
日志级别：INFO  
日 志 类：info [(null)] 
接收消息:<xml><ToUserName><![CDATA[gh_b26d4dbcc910]]></ToUserName>
<FromUserName><![CDATA[o0YXKt_EJTmDd7Xx3cxZGyGAU5hI]]></FromUserName>
<CreateTime>1508489507</CreateTime>
<MsgType><![CDATA[event]]></MsgType>
<Event><![CDATA[CLICK]]></Event>
<EventKey><![CDATA[内涵]]></EventKey>
</xml> 

日志时间：2017-10-20 16:51:47,108 [61] 
日志级别：ERROR 
日 志 类：info [(null)] 
不能将值 NULL 插入列 'MsgId'，表 'TestDB.dbo.UserMessage'；列不允许有 Null 值。INSERT 失败。
语句已终止。 

日志时间：2017-10-20 16:51:47,109 [61] 
日志级别：INFO  
日 志 类：info [(null)] 
返回消息: 

日志时间：2017-10-20 16:57:43,087 [88] 
日志级别：INFO  
日 志 类：info [(null)] 
af04f00e48fc238fbd35e06b359b1280a8ccab33,1508489860,2454527377,4922101201400365022 

日志时间：2017-10-20 16:59:00,582 [43] 
日志级别：INFO  
日 志 类：info [(null)] 
,,, 

日志时间：2017-10-20 16:59:06,658 [68] 
日志级别：INFO  
日 志 类：info [(null)] 
66a85de28c73eb797b4caeb3243434f81bd0177d,1508489946,3882544827,14870637262448605915 

日志时间：2017-10-20 16:59:11,399 [68] 
日志级别：INFO  
日 志 类：info [(null)] 
,,, 

日志时间：2017-10-20 16:59:17,913 [43] 
日志级别：INFO  
日 志 类：info [(null)] 
接收消息:<xml><URL><![CDATA[http://liaoyang118.oicp.net/]]></URL><ToUserName><![CDATA[gh_b26d4dbcc910]]></ToUserName><FromUserName><![CDATA[12121233444fwr32dws2]]></FromUserName><CreateTime>1508478911</CreateTime><MsgType><![CDATA[text]]></MsgType><Content><![CDATA[哇哈哈]]></Content><MsgId>1234567890123456</MsgId></xml> 

日志时间：2017-10-20 16:59:17,921 [43] 
日志级别：INFO  
日 志 类：info [(null)] 
返回消息:<xml><ToUserName><![CDATA[12121233444fwr32dws2]]></ToUserName><FromUserName><![CDATA[gh_b26d4dbcc910]]></FromUserName ><CreateTime>1508489957</CreateTime><MsgType><![CDATA[text]]></MsgType><Content><![CDATA[回复你好]]></Content></xml> 

日志时间：2017-10-20 16:59:24,572 [43] 
日志级别：INFO  
日 志 类：info [(null)] 
接收消息:<xml><URL><![CDATA[http://liaoyang118.oicp.net/]]></URL><ToUserName><![CDATA[gh_b26d4dbcc910]]></ToUserName><FromUserName><![CDATA[12121233444fwr32dws2]]></FromUserName><CreateTime>1508478911</CreateTime><MsgType><![CDATA[text]]></MsgType><Content><![CDATA[哇哈哈]]></Content><MsgId>1234567890123456</MsgId></xml> 

日志时间：2017-10-20 16:59:24,574 [43] 
日志级别：INFO  
日 志 类：info [(null)] 
返回消息:<xml><ToUserName><![CDATA[12121233444fwr32dws2]]></ToUserName><FromUserName><![CDATA[gh_b26d4dbcc910]]></FromUserName ><CreateTime>1508489964</CreateTime><MsgType><![CDATA[text]]></MsgType><Content><![CDATA[回复你好]]></Content></xml> 

日志时间：2017-10-20 17:04:05,557 [74] 
日志级别：INFO  
日 志 类：info [(null)] 
,,, 

日志时间：2017-10-20 17:04:07,187 [88] 
日志级别：INFO  
日 志 类：info [(null)] 
,,, 

日志时间：2017-10-20 17:04:07,980 [61] 
日志级别：INFO  
日 志 类：info [(null)] 
,,, 

日志时间：2017-10-20 17:04:08,532 [58] 
日志级别：INFO  
日 志 类：info [(null)] 
,,, 

日志时间：2017-10-20 17:04:08,810 [88] 
日志级别：INFO  
日 志 类：info [(null)] 
,,, 

日志时间：2017-10-20 17:04:09,017 [68] 
日志级别：INFO  
日 志 类：info [(null)] 
,,, 

日志时间：2017-10-20 17:04:09,415 [57] 
日志级别：INFO  
日 志 类：info [(null)] 
,,, 

日志时间：2017-10-20 17:04:09,514 [43] 
日志级别：INFO  
日 志 类：info [(null)] 
,,, 

日志时间：2017-10-20 17:04:12,669 [63] 
日志级别：INFO  
日 志 类：info [(null)] 
接收消息:<xml><URL><![CDATA[http://liaoyang118.oicp.net/]]></URL><ToUserName><![CDATA[gh_b26d4dbcc910]]></ToUserName><FromUserName><![CDATA[12121233444fwr32dws2]]></FromUserName><CreateTime>1508478911</CreateTime><MsgType><![CDATA[text]]></MsgType><Content><![CDATA[哇哈哈]]></Content><MsgId>1234567890123456</MsgId></xml> 

日志时间：2017-10-20 17:04:12,738 [63] 
日志级别：INFO  
日 志 类：info [(null)] 
返回消息:<xml><ToUserName><![CDATA[gh_b26d4dbcc910]]></ToUserName><FromUserName><![CDATA[12121233444fwr32dws2]]></FromUserName ><CreateTime>1508490252</CreateTime><MsgType><![CDATA[text]]></MsgType><Content><![CDATA[回复你好]]></Content></xml> 

日志时间：2017-10-20 17:05:30,634 [88] 
日志级别：INFO  
日 志 类：info [(null)] 
接收消息:<xml><ToUserName><![CDATA[gh_b26d4dbcc910]]></ToUserName>
<FromUserName><![CDATA[o0YXKt_EJTmDd7Xx3cxZGyGAU5hI]]></FromUserName>
<CreateTime>1508490329</CreateTime>
<MsgType><![CDATA[text]]></MsgType>
<Content><![CDATA[混合机]]></Content>
<MsgId>6478916629830748348</MsgId>
</xml> 

日志时间：2017-10-20 17:05:30,637 [88] 
日志级别：INFO  
日 志 类：info [(null)] 
返回消息:<xml><ToUserName><![CDATA[gh_b26d4dbcc910]]></ToUserName><FromUserName><![CDATA[o0YXKt_EJTmDd7Xx3cxZGyGAU5hI]]></FromUserName ><CreateTime>1508490330</CreateTime><MsgType><![CDATA[text]]></MsgType><Content><![CDATA[回复你好]]></Content></xml> 

日志时间：2017-10-20 17:05:34,932 [57] 
日志级别：INFO  
日 志 类：info [(null)] 
接收消息:<xml><ToUserName><![CDATA[gh_b26d4dbcc910]]></ToUserName>
<FromUserName><![CDATA[o0YXKt_EJTmDd7Xx3cxZGyGAU5hI]]></FromUserName>
<CreateTime>1508490334</CreateTime>
<MsgType><![CDATA[text]]></MsgType>
<Content><![CDATA[结合 v]]></Content>
<MsgId>6478916651305584833</MsgId>
</xml> 

日志时间：2017-10-20 17:05:34,934 [57] 
日志级别：INFO  
日 志 类：info [(null)] 
返回消息:<xml><ToUserName><![CDATA[gh_b26d4dbcc910]]></ToUserName><FromUserName><![CDATA[o0YXKt_EJTmDd7Xx3cxZGyGAU5hI]]></FromUserName ><CreateTime>1508490334</CreateTime><MsgType><![CDATA[text]]></MsgType><Content><![CDATA[回复你好]]></Content></xml> 

日志时间：2017-10-20 17:05:38,438 [73] 
日志级别：INFO  
日 志 类：info [(null)] 
接收消息:<xml><ToUserName><![CDATA[gh_b26d4dbcc910]]></ToUserName>
<FromUserName><![CDATA[o0YXKt_EJTmDd7Xx3cxZGyGAU5hI]]></FromUserName>
<CreateTime>1508490337</CreateTime>
<MsgType><![CDATA[text]]></MsgType>
<Content><![CDATA[好过分的]]></Content>
<MsgId>6478916664190486723</MsgId>
</xml> 

日志时间：2017-10-20 17:05:38,440 [73] 
日志级别：INFO  
日 志 类：info [(null)] 
返回消息:<xml><ToUserName><![CDATA[gh_b26d4dbcc910]]></ToUserName><FromUserName><![CDATA[o0YXKt_EJTmDd7Xx3cxZGyGAU5hI]]></FromUserName ><CreateTime>1508490338</CreateTime><MsgType><![CDATA[text]]></MsgType><Content><![CDATA[回复你好]]></Content></xml> 

日志时间：2017-10-20 17:06:24,059 [43] 
日志级别：INFO  
日 志 类：info [(null)] 
,,, 

日志时间：2017-10-20 17:06:24,763 [57] 
日志级别：INFO  
日 志 类：info [(null)] 
,,, 

日志时间：2017-10-20 17:06:25,802 [58] 
日志级别：INFO  
日 志 类：info [(null)] 
,,, 

日志时间：2017-10-20 17:06:28,337 [74] 
日志级别：INFO  
日 志 类：info [(null)] 
接收消息:<xml><URL><![CDATA[http://liaoyang118.oicp.net/]]></URL><ToUserName><![CDATA[gh_b26d4dbcc910]]></ToUserName><FromUserName><![CDATA[12121233444fwr32dws2]]></FromUserName><CreateTime>1508478911</CreateTime><MsgType><![CDATA[text]]></MsgType><Content><![CDATA[哇哈哈]]></Content><MsgId>1234567890123456</MsgId></xml> 

日志时间：2017-10-20 17:06:28,415 [74] 
日志级别：INFO  
日 志 类：info [(null)] 
返回消息:<xml><ToUserName><![CDATA[12121233444fwr32dws2]]></ToUserName><FromUserName><![CDATA[gh_b26d4dbcc910]]></FromUserName ><CreateTime>1508490388</CreateTime><MsgType><![CDATA[text]]></MsgType><Content><![CDATA[回复你好]]></Content></xml> 

日志时间：2017-10-20 17:06:33,072 [58] 
日志级别：INFO  
日 志 类：info [(null)] 
接收消息:<xml><ToUserName><![CDATA[gh_b26d4dbcc910]]></ToUserName>
<FromUserName><![CDATA[o0YXKt_EJTmDd7Xx3cxZGyGAU5hI]]></FromUserName>
<CreateTime>1508490391</CreateTime>
<MsgType><![CDATA[text]]></MsgType>
<Content><![CDATA[很多话]]></Content>
<MsgId>6478916896118720742</MsgId>
</xml> 

日志时间：2017-10-20 17:06:33,074 [58] 
日志级别：INFO  
日 志 类：info [(null)] 
返回消息:<xml><ToUserName><![CDATA[o0YXKt_EJTmDd7Xx3cxZGyGAU5hI]]></ToUserName><FromUserName><![CDATA[gh_b26d4dbcc910]]></FromUserName ><CreateTime>1508490393</CreateTime><MsgType><![CDATA[text]]></MsgType><Content><![CDATA[回复你好]]></Content></xml> 

日志时间：2017-10-20 17:11:44,616 [88] 
日志级别：INFO  
日 志 类：info [(null)] 
接收消息:<xml><ToUserName><![CDATA[gh_b26d4dbcc910]]></ToUserName>
<FromUserName><![CDATA[o0YXKt_EJTmDd7Xx3cxZGyGAU5hI]]></FromUserName>
<CreateTime>1508490681</CreateTime>
<MsgType><![CDATA[text]]></MsgType>
<Content><![CDATA[好过分]]></Content>
<MsgId>6478918141659236698</MsgId>
</xml> 

日志时间：2017-10-20 17:11:48,332 [88] 
日志级别：INFO  
日 志 类：info [(null)] 
返回消息:<xml><ToUserName><![CDATA[o0YXKt_EJTmDd7Xx3cxZGyGAU5hI]]></ToUserName><FromUserName><![CDATA[gh_b26d4dbcc910]]></FromUserName ><CreateTime>1508490707</CreateTime><MsgType><![CDATA[text]]></MsgType><Content><![CDATA[回复你好]]></Content></xml> 

日志时间：2017-10-20 17:12:23,016 [73] 
日志级别：INFO  
日 志 类：info [(null)] 
接收消息:<xml><ToUserName><![CDATA[gh_b26d4dbcc910]]></ToUserName>
<FromUserName><![CDATA[o0YXKt_EJTmDd7Xx3cxZGyGAU5hI]]></FromUserName>
<CreateTime>1508490681</CreateTime>
<MsgType><![CDATA[text]]></MsgType>
<Content><![CDATA[好过分]]></Content>
<MsgId>6478918141659236698</MsgId>
</xml> 

日志时间：2017-10-20 17:12:25,777 [74] 
日志级别：INFO  
日 志 类：info [(null)] 
接收消息:<xml><ToUserName><![CDATA[gh_b26d4dbcc910]]></ToUserName>
<FromUserName><![CDATA[o0YXKt_EJTmDd7Xx3cxZGyGAU5hI]]></FromUserName>
<CreateTime>1508490681</CreateTime>
<MsgType><![CDATA[text]]></MsgType>
<Content><![CDATA[好过分]]></Content>
<MsgId>6478918141659236698</MsgId>
</xml> 

日志时间：2017-10-20 17:12:26,698 [73] 
日志级别：INFO  
日 志 类：info [(null)] 
返回消息:<xml><ToUserName><![CDATA[o0YXKt_EJTmDd7Xx3cxZGyGAU5hI]]></ToUserName><FromUserName><![CDATA[gh_b26d4dbcc910]]></FromUserName ><CreateTime>1508490745</CreateTime><MsgType><![CDATA[text]]></MsgType><Content><![CDATA[回复你好]]></Content></xml> 

日志时间：2017-10-20 17:12:28,440 [74] 
日志级别：INFO  
日 志 类：info [(null)] 
返回消息:<xml><ToUserName><![CDATA[o0YXKt_EJTmDd7Xx3cxZGyGAU5hI]]></ToUserName><FromUserName><![CDATA[gh_b26d4dbcc910]]></FromUserName ><CreateTime>1508490747</CreateTime><MsgType><![CDATA[text]]></MsgType><Content><![CDATA[回复你好]]></Content></xml> 

日志时间：2017-10-20 17:13:13,812 [88] 
日志级别：INFO  
日 志 类：info [(null)] 
接收消息:<xml><ToUserName><![CDATA[gh_b26d4dbcc910]]></ToUserName>
<FromUserName><![CDATA[o0YXKt_EJTmDd7Xx3cxZGyGAU5hI]]></FromUserName>
<CreateTime>1508490763</CreateTime>
<MsgType><![CDATA[text]]></MsgType>
<Content><![CDATA[给 v 分]]></Content>
<MsgId>6478918493846554994</MsgId>
</xml> 

日志时间：2017-10-20 17:13:13,812 [62] 
日志级别：INFO  
日 志 类：info [(null)] 
接收消息:<xml><ToUserName><![CDATA[gh_b26d4dbcc910]]></ToUserName>
<FromUserName><![CDATA[o0YXKt_EJTmDd7Xx3cxZGyGAU5hI]]></FromUserName>
<CreateTime>1508490763</CreateTime>
<MsgType><![CDATA[text]]></MsgType>
<Content><![CDATA[给 v 分]]></Content>
<MsgId>6478918493846554994</MsgId>
</xml> 

日志时间：2017-10-20 17:13:14,571 [88] 
日志级别：INFO  
日 志 类：info [(null)] 
返回消息:<xml><ToUserName><![CDATA[o0YXKt_EJTmDd7Xx3cxZGyGAU5hI]]></ToUserName><FromUserName><![CDATA[gh_b26d4dbcc910]]></FromUserName ><CreateTime>1508490794</CreateTime><MsgType><![CDATA[text]]></MsgType><Content><![CDATA[回复你好]]></Content></xml> 

日志时间：2017-10-20 17:13:14,571 [74] 
日志级别：INFO  
日 志 类：info [(null)] 
接收消息:<xml><ToUserName><![CDATA[gh_b26d4dbcc910]]></ToUserName>
<FromUserName><![CDATA[o0YXKt_EJTmDd7Xx3cxZGyGAU5hI]]></FromUserName>
<CreateTime>1508490763</CreateTime>
<MsgType><![CDATA[text]]></MsgType>
<Content><![CDATA[给 v 分]]></Content>
<MsgId>6478918493846554994</MsgId>
</xml> 

日志时间：2017-10-20 17:13:14,573 [74] 
日志级别：INFO  
日 志 类：info [(null)] 
返回消息:<xml><ToUserName><![CDATA[o0YXKt_EJTmDd7Xx3cxZGyGAU5hI]]></ToUserName><FromUserName><![CDATA[gh_b26d4dbcc910]]></FromUserName ><CreateTime>1508490794</CreateTime><MsgType><![CDATA[text]]></MsgType><Content><![CDATA[回复你好]]></Content></xml> 

日志时间：2017-10-20 17:13:14,573 [62] 
日志级别：INFO  
日 志 类：info [(null)] 
返回消息:<xml><ToUserName><![CDATA[o0YXKt_EJTmDd7Xx3cxZGyGAU5hI]]></ToUserName><FromUserName><![CDATA[gh_b26d4dbcc910]]></FromUserName ><CreateTime>1508490794</CreateTime><MsgType><![CDATA[text]]></MsgType><Content><![CDATA[回复你好]]></Content></xml> 

日志时间：2017-10-20 17:17:35,648 [73] 
日志级别：INFO  
日 志 类：info [(null)] 
,,, 

日志时间：2017-10-20 17:17:43,128 [56] 
日志级别：INFO  
日 志 类：info [(null)] 
,,, 

日志时间：2017-10-20 17:17:57,038 [74] 
日志级别：INFO  
日 志 类：info [(null)] 
3f86200cc6b0dc40e866cb7628b1a37f7f941a77,1508491073,2972655006,7812513813960196069 

日志时间：2017-10-20 17:18:38,537 [74] 
日志级别：INFO  
日 志 类：info [(null)] 
98e999bfc5b5cf946ee9ce424745609caa174f6f,1508491116,1352354878,3649788473561038702 

日志时间：2017-10-20 17:18:43,224 [74] 
日志级别：INFO  
日 志 类：info [(null)] 
37270bac860c966d5e953f5cd973d22794d9d6c4,1508491120,610723501,9680444053618671615 

日志时间：2017-10-20 17:18:48,597 [56] 
日志级别：INFO  
日 志 类：info [(null)] 
258afbb6d690c34e2c25ad0bcfe0795b6e1ca00d,1508491128,635734225,14794382572748930937 

日志时间：2017-10-20 17:25:48,847 [78] 
日志级别：INFO  
日 志 类：info [(null)] 
,,, 

日志时间：2017-10-20 17:25:51,207 [41] 
日志级别：INFO  
日 志 类：info [(null)] 
,,, 

日志时间：2017-10-20 17:25:57,817 [82] 
日志级别：INFO  
日 志 类：info [(null)] 
235e33f358945670b835950a8dd46d0c2b620c03,1508491557,3684998555,8615227222156767607 

日志时间：2017-10-20 17:26:01,757 [82] 
日志级别：INFO  
日 志 类：info [(null)] 
接收消息:<xml><URL><![CDATA[http://liaoyang118.oicp.net/]]></URL><ToUserName><![CDATA[gh_b26d4dbcc910]]></ToUserName><FromUserName><![CDATA[12121233444fwr32dws2]]></FromUserName><CreateTime>1508478911</CreateTime><MsgType><![CDATA[text]]></MsgType><Content><![CDATA[哇哈哈]]></Content><MsgId>1234567890123456</MsgId></xml> 

日志时间：2017-10-20 17:26:01,831 [82] 
日志级别：INFO  
日 志 类：info [(null)] 
返回消息:<xml><ToUserName><![CDATA[12121233444fwr32dws2]]></ToUserName><FromUserName><![CDATA[gh_b26d4dbcc910]]></FromUserName ><CreateTime>1508491561</CreateTime><MsgType><![CDATA[text]]></MsgType><Content><![CDATA[回复你好]]></Content></xml> 

日志时间：2017-10-20 17:26:12,080 [41] 
日志级别：INFO  
日 志 类：info [(null)] 
接收消息:<xml><ToUserName><![CDATA[gh_b26d4dbcc910]]></ToUserName>
<FromUserName><![CDATA[o0YXKt_EJTmDd7Xx3cxZGyGAU5hI]]></FromUserName>
<CreateTime>1508491571</CreateTime>
<MsgType><![CDATA[text]]></MsgType>
<Content><![CDATA[更何况]]></Content>
<MsgId>6478921964180130543</MsgId>
</xml> 

日志时间：2017-10-20 17:26:12,090 [41] 
日志级别：INFO  
日 志 类：info [(null)] 
返回消息:<xml><ToUserName><![CDATA[o0YXKt_EJTmDd7Xx3cxZGyGAU5hI]]></ToUserName><FromUserName><![CDATA[gh_b26d4dbcc910]]></FromUserName ><CreateTime>1508491572</CreateTime><MsgType><![CDATA[text]]></MsgType><Content><![CDATA[回复你好]]></Content></xml> 

日志时间：2017-10-20 17:27:06,050 [82] 
日志级别：INFO  
日 志 类：info [(null)] 
接收消息:<xml><ToUserName><![CDATA[gh_b26d4dbcc910]]></ToUserName>
<FromUserName><![CDATA[o0YXKt_EJTmDd7Xx3cxZGyGAU5hI]]></FromUserName>
<CreateTime>1508491613</CreateTime>
<MsgType><![CDATA[text]]></MsgType>
<Content><![CDATA[从 v 过]]></Content>
<MsgId>6478922144568756986</MsgId>
</xml> 

日志时间：2017-10-20 17:27:06,051 [41] 
日志级别：INFO  
日 志 类：info [(null)] 
接收消息:<xml><ToUserName><![CDATA[gh_b26d4dbcc910]]></ToUserName>
<FromUserName><![CDATA[o0YXKt_EJTmDd7Xx3cxZGyGAU5hI]]></FromUserName>
<CreateTime>1508491613</CreateTime>
<MsgType><![CDATA[text]]></MsgType>
<Content><![CDATA[从 v 过]]></Content>
<MsgId>6478922144568756986</MsgId>
</xml> 

日志时间：2017-10-20 17:27:06,087 [82] 
日志级别：INFO  
日 志 类：info [(null)] 
返回消息:<xml><ToUserName><![CDATA[o0YXKt_EJTmDd7Xx3cxZGyGAU5hI]]></ToUserName><FromUserName><![CDATA[gh_b26d4dbcc910]]></FromUserName ><CreateTime>1508491626</CreateTime><MsgType><![CDATA[text]]></MsgType><Content><![CDATA[回复你好]]></Content></xml> 

日志时间：2017-10-20 17:27:06,089 [34] 
日志级别：INFO  
日 志 类：info [(null)] 
接收消息:<xml><ToUserName><![CDATA[gh_b26d4dbcc910]]></ToUserName>
<FromUserName><![CDATA[o0YXKt_EJTmDd7Xx3cxZGyGAU5hI]]></FromUserName>
<CreateTime>1508491613</CreateTime>
<MsgType><![CDATA[text]]></MsgType>
<Content><![CDATA[从 v 过]]></Content>
<MsgId>6478922144568756986</MsgId>
</xml> 

日志时间：2017-10-20 17:27:06,089 [41] 
日志级别：INFO  
日 志 类：info [(null)] 
返回消息:<xml><ToUserName><![CDATA[o0YXKt_EJTmDd7Xx3cxZGyGAU5hI]]></ToUserName><FromUserName><![CDATA[gh_b26d4dbcc910]]></FromUserName ><CreateTime>1508491626</CreateTime><MsgType><![CDATA[text]]></MsgType><Content><![CDATA[回复你好]]></Content></xml> 

日志时间：2017-10-20 17:27:06,091 [34] 
日志级别：INFO  
日 志 类：info [(null)] 
返回消息:<xml><ToUserName><![CDATA[o0YXKt_EJTmDd7Xx3cxZGyGAU5hI]]></ToUserName><FromUserName><![CDATA[gh_b26d4dbcc910]]></FromUserName ><CreateTime>1508491626</CreateTime><MsgType><![CDATA[text]]></MsgType><Content><![CDATA[回复你好]]></Content></xml> 

日志时间：2017-10-20 17:31:47,906 [25] 
日志级别：INFO  
日 志 类：info [(null)] 
,,, 

日志时间：2017-10-20 17:34:30,982 [25] 
日志级别：INFO  
日 志 类：info [(null)] 
72c33e83566a824d2bf7cad0fa58a3f721f2c427,1508492070,3873942447,8375164634250737510 

日志时间：2017-10-20 17:38:24,274 [32] 
日志级别：INFO  
日 志 类：info [(null)] 
,,, 

日志时间：2017-10-20 17:38:25,954 [21] 
日志级别：INFO  
日 志 类：info [(null)] 
,,, 

日志时间：2017-10-20 17:40:14,727 [24] 
日志级别：INFO  
日 志 类：info [(null)] 
311fb5d61d4a10ac52544ed98505bf51139f9bc1,1508492414,3462294357,11623555761445662206 

日志时间：2017-10-20 17:49:24,208 [20] 
日志级别：INFO  
日 志 类：info [(null)] 
,, 

日志时间：2017-10-20 17:49:44,047 [81] 
日志级别：INFO  
日 志 类：info [(null)] 
,, 

日志时间：2017-10-20 17:51:29,006 [81] 
日志级别：INFO  
日 志 类：info [(null)] 
b4bcda6af49c64732af23ab5fb7d2f226b64cf57,1508493069,753470088 

日志时间：2017-10-20 17:51:30,016 [78] 
日志级别：INFO  
日 志 类：info [(null)] 
b4bcda6af49c64732af23ab5fb7d2f226b64cf57,1508493069,753470088 

日志时间：2017-10-20 17:51:31,665 [87] 
日志级别：INFO  
日 志 类：info [(null)] 
b4bcda6af49c64732af23ab5fb7d2f226b64cf57,1508493069,753470088 

日志时间：2017-10-20 17:51:58,966 [78] 
日志级别：INFO  
日 志 类：info [(null)] 
接收消息:<xml><ToUserName><![CDATA[gh_b26d4dbcc910]]></ToUserName>
<FromUserName><![CDATA[o0YXKt_EJTmDd7Xx3cxZGyGAU5hI]]></FromUserName>
<CreateTime>1508493069</CreateTime>
<MsgType><![CDATA[text]]></MsgType>
<Content><![CDATA[快点结婚的]]></Content>
<MsgId>6478928398041140372</MsgId>
</xml> 

日志时间：2017-10-20 17:52:00,524 [81] 
日志级别：INFO  
日 志 类：info [(null)] 
接收消息:<xml><ToUserName><![CDATA[gh_b26d4dbcc910]]></ToUserName>
<FromUserName><![CDATA[o0YXKt_EJTmDd7Xx3cxZGyGAU5hI]]></FromUserName>
<CreateTime>1508493069</CreateTime>
<MsgType><![CDATA[text]]></MsgType>
<Content><![CDATA[快点结婚的]]></Content>
<MsgId>6478928398041140372</MsgId>
</xml> 

日志时间：2017-10-20 17:52:00,524 [87] 
日志级别：INFO  
日 志 类：info [(null)] 
接收消息:<xml><ToUserName><![CDATA[gh_b26d4dbcc910]]></ToUserName>
<FromUserName><![CDATA[o0YXKt_EJTmDd7Xx3cxZGyGAU5hI]]></FromUserName>
<CreateTime>1508493069</CreateTime>
<MsgType><![CDATA[text]]></MsgType>
<Content><![CDATA[快点结婚的]]></Content>
<MsgId>6478928398041140372</MsgId>
</xml> 

日志时间：2017-10-20 17:52:00,646 [87] 
日志级别：INFO  
日 志 类：info [(null)] 
返回消息:<xml><ToUserName><![CDATA[o0YXKt_EJTmDd7Xx3cxZGyGAU5hI]]></ToUserName><FromUserName><![CDATA[gh_b26d4dbcc910]]></FromUserName ><CreateTime>1508493120</CreateTime><MsgType><![CDATA[text]]></MsgType><Content><![CDATA[回复你好]]></Content></xml> 

日志时间：2017-10-20 17:52:00,646 [81] 
日志级别：INFO  
日 志 类：info [(null)] 
返回消息:<xml><ToUserName><![CDATA[o0YXKt_EJTmDd7Xx3cxZGyGAU5hI]]></ToUserName><FromUserName><![CDATA[gh_b26d4dbcc910]]></FromUserName ><CreateTime>1508493120</CreateTime><MsgType><![CDATA[text]]></MsgType><Content><![CDATA[回复你好]]></Content></xml> 

日志时间：2017-10-20 17:52:00,647 [78] 
日志级别：INFO  
日 志 类：info [(null)] 
返回消息:<xml><ToUserName><![CDATA[o0YXKt_EJTmDd7Xx3cxZGyGAU5hI]]></ToUserName><FromUserName><![CDATA[gh_b26d4dbcc910]]></FromUserName ><CreateTime>1508493120</CreateTime><MsgType><![CDATA[text]]></MsgType><Content><![CDATA[回复你好]]></Content></xml> 

日志时间：2017-10-20 17:52:15,231 [35] 
日志级别：INFO  
日 志 类：info [(null)] 
058a4eae723e49290a8cfc386a868c1bbd56d519,1508493134,1925974637 

日志时间：2017-10-20 17:52:15,231 [35] 
日志级别：INFO  
日 志 类：info [(null)] 
接收消息:<xml><ToUserName><![CDATA[gh_b26d4dbcc910]]></ToUserName>
<FromUserName><![CDATA[o0YXKt_EJTmDd7Xx3cxZGyGAU5hI]]></FromUserName>
<CreateTime>1508493134</CreateTime>
<MsgType><![CDATA[text]]></MsgType>
<Content><![CDATA[绝世神功]]></Content>
<MsgId>6478928677214014630</MsgId>
</xml> 

日志时间：2017-10-20 17:52:15,233 [35] 
日志级别：INFO  
日 志 类：info [(null)] 
返回消息:<xml><ToUserName><![CDATA[o0YXKt_EJTmDd7Xx3cxZGyGAU5hI]]></ToUserName><FromUserName><![CDATA[gh_b26d4dbcc910]]></FromUserName ><CreateTime>1508493135</CreateTime><MsgType><![CDATA[text]]></MsgType><Content><![CDATA[回复你好]]></Content></xml> 

日志时间：2017-10-20 17:52:44,960 [35] 
日志级别：INFO  
日 志 类：info [(null)] 
,, 

日志时间：2017-10-20 17:53:50,366 [81] 
日志级别：INFO  
日 志 类：info [(null)] 
,, 

日志时间：2017-10-20 17:56:51,943 [93] 
日志级别：INFO  
日 志 类：info [(null)] 
2eb0d84033981d44613996153f5aefa229d12e1b,1508493410,347074226 

日志时间：2017-10-20 17:56:55,176 [81] 
日志级别：INFO  
日 志 类：info [(null)] 
bb8e70a57e861df04ff3ea736d5a40439dcf10f7,1508493414,739542505 

日志时间：2017-10-20 18:07:26,935 [47] 
日志级别：INFO  
日 志 类：info [(null)] 
b70969d8c578a46d17e9ae73b2b0cbd530ee6d09,1508494046,3590164372 

日志时间：2017-10-20 18:08:28,626 [15] 
日志级别：INFO  
日 志 类：info [(null)] 
,, 

日志时间：2017-10-20 18:08:45,484 [21] 
日志级别：INFO  
日 志 类：info [(null)] 
2887795d5b69f8d7ce1a4936fe1aa00b73a6776e,1508494125,315469906 

日志时间：2017-10-20 18:08:45,484 [21] 
日志级别：INFO  
日 志 类：info [(null)] 
接收消息:<xml><ToUserName><![CDATA[gh_c133711080c2]]></ToUserName>
<FromUserName><![CDATA[o28B0v2gMqCzO25QIkDqaX70cSjc]]></FromUserName>
<CreateTime>1508494125</CreateTime>
<MsgType><![CDATA[text]]></MsgType>
<Content><![CDATA[方法]]></Content>
<MsgId>6478932933494574548</MsgId>
</xml> 

日志时间：2017-10-20 18:08:45,546 [21] 
日志级别：INFO  
日 志 类：info [(null)] 
返回消息:<xml><ToUserName><![CDATA[o28B0v2gMqCzO25QIkDqaX70cSjc]]></ToUserName><FromUserName><![CDATA[gh_c133711080c2]]></FromUserName ><CreateTime>1508494125</CreateTime><MsgType><![CDATA[text]]></MsgType><Content><![CDATA[回复你好]]></Content></xml> 
