
日志时间：2017-11-30 10:07:48,972 [8] 
日志级别：INFO  
日 志 类：info [(null)] 
,, 

日志时间：2017-11-30 11:20:25,227 [10] 
日志级别：INFO  
日 志 类：info [(null)] 
,, 

日志时间：2017-11-30 15:17:54,185 [13] 
日志级别：INFO  
日 志 类：info [(null)] 
5bd06f9122a644fac68e21bce084b26a54f4737e,1512026273,471026396 

日志时间：2017-11-30 15:17:54,185 [6] 
日志级别：INFO  
日 志 类：info [(null)] 
b6e27b6de2d78c59cd6d538aac2736bd06b73d12,1512026271,1630490844 

日志时间：2017-11-30 15:17:54,185 [12] 
日志级别：INFO  
日 志 类：info [(null)] 
10066f6942262f40f3b62c395ac78dcba9f8e69d,1512026272,3331433873 

日志时间：2017-11-30 15:34:47,231 [33] 
日志级别：INFO  
日 志 类：info [(null)] 
,, 

日志时间：2017-11-30 15:38:29,334 [28] 
日志级别：INFO  
日 志 类：info [(null)] 
85f12af4cb246e866f013a94f78e518e9d538331,1512027509,1489826824 

日志时间：2017-11-30 15:38:29,344 [28] 
日志级别：INFO  
日 志 类：info [(null)] 
接收消息:<xml><ToUserName><![CDATA[gh_b26d4dbcc910]]></ToUserName>
<FromUserName><![CDATA[o0YXKt_EJTmDd7Xx3cxZGyGAU5hI]]></FromUserName>
<CreateTime>1512027509</CreateTime>
<MsgType><![CDATA[event]]></MsgType>
<Event><![CDATA[unsubscribe]]></Event>
<EventKey><![CDATA[]]></EventKey>
</xml> 

日志时间：2017-11-30 15:38:29,914 [28] 
日志级别：INFO  
日 志 类：info [(null)] 
返回消息: 

日志时间：2017-11-30 15:40:14,123 [40] 
日志级别：INFO  
日 志 类：info [(null)] 
5a72ded897e77d1d69adde6d2efedcdfb52c60a7,1512027612,1929650280 

日志时间：2017-11-30 15:40:14,146 [40] 
日志级别：INFO  
日 志 类：info [(null)] 
接收消息:<xml><ToUserName><![CDATA[gh_b26d4dbcc910]]></ToUserName>
<FromUserName><![CDATA[o0YXKt_EJTmDd7Xx3cxZGyGAU5hI]]></FromUserName>
<CreateTime>1512027612</CreateTime>
<MsgType><![CDATA[event]]></MsgType>
<Event><![CDATA[subscribe]]></Event>
<EventKey><![CDATA[]]></EventKey>
</xml> 

日志时间：2017-11-30 15:40:14,246 [40] 
日志级别：INFO  
日 志 类：info [(null)] 
返回消息: 

日志时间：2017-11-30 15:42:13,315 [34] 
日志级别：INFO  
日 志 类：info [(null)] 
f6adf42b8c23655c162d4a8c6c715331b9289925,1512027733,862496486 

日志时间：2017-11-30 15:42:13,315 [34] 
日志级别：INFO  
日 志 类：info [(null)] 
接收消息:<xml><ToUserName><![CDATA[gh_b26d4dbcc910]]></ToUserName>
<FromUserName><![CDATA[o0YXKt_EJTmDd7Xx3cxZGyGAU5hI]]></FromUserName>
<CreateTime>1512027733</CreateTime>
<MsgType><![CDATA[event]]></MsgType>
<Event><![CDATA[unsubscribe]]></Event>
<EventKey><![CDATA[]]></EventKey>
</xml> 

日志时间：2017-11-30 15:42:13,475 [34] 
日志级别：INFO  
日 志 类：info [(null)] 
返回消息: 

日志时间：2017-11-30 15:42:31,291 [41] 
日志级别：INFO  
日 志 类：info [(null)] 
e3e51466fa5fbd65d9bb1eb24f4f7af665387f28,1512027751,1169793483 

日志时间：2017-11-30 15:42:31,291 [41] 
日志级别：INFO  
日 志 类：info [(null)] 
接收消息:<xml><ToUserName><![CDATA[gh_b26d4dbcc910]]></ToUserName>
<FromUserName><![CDATA[o0YXKt_EJTmDd7Xx3cxZGyGAU5hI]]></FromUserName>
<CreateTime>1512027751</CreateTime>
<MsgType><![CDATA[event]]></MsgType>
<Event><![CDATA[subscribe]]></Event>
<EventKey><![CDATA[]]></EventKey>
</xml> 

日志时间：2017-11-30 15:42:31,295 [41] 
日志级别：INFO  
日 志 类：info [(null)] 
返回消息: 

日志时间：2017-11-30 15:42:47,560 [37] 
日志级别：INFO  
日 志 类：info [(null)] 
,, 

日志时间：2017-11-30 15:42:54,320 [41] 
日志级别：INFO  
日 志 类：info [(null)] 
,, 

日志时间：2017-11-30 15:43:59,762 [41] 
日志级别：INFO  
日 志 类：info [(null)] 
3259accebec9b47f5daa14aff4c988e5813eb916,1512027826,522184721 

日志时间：2017-11-30 15:43:59,762 [36] 
日志级别：INFO  
日 志 类：info [(null)] 
3259accebec9b47f5daa14aff4c988e5813eb916,1512027826,522184721 

日志时间：2017-11-30 15:43:59,762 [34] 
日志级别：INFO  
日 志 类：info [(null)] 
3259accebec9b47f5daa14aff4c988e5813eb916,1512027826,522184721 

日志时间：2017-11-30 15:43:59,762 [41] 
日志级别：INFO  
日 志 类：info [(null)] 
接收消息:<xml><ToUserName><![CDATA[gh_b26d4dbcc910]]></ToUserName>
<FromUserName><![CDATA[o0YXKt_EJTmDd7Xx3cxZGyGAU5hI]]></FromUserName>
<CreateTime>1512027826</CreateTime>
<MsgType><![CDATA[event]]></MsgType>
<Event><![CDATA[unsubscribe]]></Event>
<EventKey><![CDATA[]]></EventKey>
</xml> 

日志时间：2017-11-30 15:43:59,762 [36] 
日志级别：INFO  
日 志 类：info [(null)] 
接收消息:<xml><ToUserName><![CDATA[gh_b26d4dbcc910]]></ToUserName>
<FromUserName><![CDATA[o0YXKt_EJTmDd7Xx3cxZGyGAU5hI]]></FromUserName>
<CreateTime>1512027826</CreateTime>
<MsgType><![CDATA[event]]></MsgType>
<Event><![CDATA[unsubscribe]]></Event>
<EventKey><![CDATA[]]></EventKey>
</xml> 

日志时间：2017-11-30 15:43:59,762 [34] 
日志级别：INFO  
日 志 类：info [(null)] 
接收消息:<xml><ToUserName><![CDATA[gh_b26d4dbcc910]]></ToUserName>
<FromUserName><![CDATA[o0YXKt_EJTmDd7Xx3cxZGyGAU5hI]]></FromUserName>
<CreateTime>1512027826</CreateTime>
<MsgType><![CDATA[event]]></MsgType>
<Event><![CDATA[unsubscribe]]></Event>
<EventKey><![CDATA[]]></EventKey>
</xml> 

日志时间：2017-11-30 15:44:01,001 [41] 
日志级别：INFO  
日 志 类：info [(null)] 
返回消息: 

日志时间：2017-11-30 15:44:01,001 [36] 
日志级别：INFO  
日 志 类：info [(null)] 
返回消息: 

日志时间：2017-11-30 15:44:01,047 [34] 
日志级别：INFO  
日 志 类：info [(null)] 
返回消息: 

日志时间：2017-11-30 15:44:02,247 [34] 
日志级别：INFO  
日 志 类：info [(null)] 
b3e9456724bfb2ef9600507de52f8339d30fde26,1512027842,697661851 

日志时间：2017-11-30 15:44:02,248 [34] 
日志级别：INFO  
日 志 类：info [(null)] 
接收消息:<xml><ToUserName><![CDATA[gh_b26d4dbcc910]]></ToUserName>
<FromUserName><![CDATA[o0YXKt_EJTmDd7Xx3cxZGyGAU5hI]]></FromUserName>
<CreateTime>1512027842</CreateTime>
<MsgType><![CDATA[event]]></MsgType>
<Event><![CDATA[subscribe]]></Event>
<EventKey><![CDATA[]]></EventKey>
</xml> 

日志时间：2017-11-30 15:44:08,628 [36] 
日志级别：INFO  
日 志 类：info [(null)] 
b3e9456724bfb2ef9600507de52f8339d30fde26,1512027842,697661851 

日志时间：2017-11-30 15:44:08,667 [36] 
日志级别：INFO  
日 志 类：info [(null)] 
接收消息:<xml><ToUserName><![CDATA[gh_b26d4dbcc910]]></ToUserName>
<FromUserName><![CDATA[o0YXKt_EJTmDd7Xx3cxZGyGAU5hI]]></FromUserName>
<CreateTime>1512027842</CreateTime>
<MsgType><![CDATA[event]]></MsgType>
<Event><![CDATA[subscribe]]></Event>
<EventKey><![CDATA[]]></EventKey>
</xml> 

日志时间：2017-11-30 15:44:13,142 [46] 
日志级别：INFO  
日 志 类：info [(null)] 
b3e9456724bfb2ef9600507de52f8339d30fde26,1512027842,697661851 

日志时间：2017-11-30 15:44:27,665 [46] 
日志级别：INFO  
日 志 类：info [(null)] 
接收消息:<xml><ToUserName><![CDATA[gh_b26d4dbcc910]]></ToUserName>
<FromUserName><![CDATA[o0YXKt_EJTmDd7Xx3cxZGyGAU5hI]]></FromUserName>
<CreateTime>1512027842</CreateTime>
<MsgType><![CDATA[event]]></MsgType>
<Event><![CDATA[subscribe]]></Event>
<EventKey><![CDATA[]]></EventKey>
</xml> 

日志时间：2017-11-30 15:44:27,665 [34] 
日志级别：INFO  
日 志 类：info [(null)] 
返回消息: 

日志时间：2017-11-30 15:44:27,665 [36] 
日志级别：INFO  
日 志 类：info [(null)] 
返回消息: 

日志时间：2017-11-30 15:44:27,668 [46] 
日志级别：INFO  
日 志 类：info [(null)] 
返回消息: 

日志时间：2017-11-30 15:47:36,598 [36] 
日志级别：INFO  
日 志 类：info [(null)] 
,, 

日志时间：2017-11-30 15:47:43,296 [34] 
日志级别：INFO  
日 志 类：info [(null)] 
591901eada216609fa000c4525f6f5c12be45609,1512028063,1789297633 

日志时间：2017-11-30 15:47:43,297 [34] 
日志级别：INFO  
日 志 类：info [(null)] 
接收消息:<xml><ToUserName><![CDATA[gh_b26d4dbcc910]]></ToUserName>
<FromUserName><![CDATA[o0YXKt_EJTmDd7Xx3cxZGyGAU5hI]]></FromUserName>
<CreateTime>1512028063</CreateTime>
<MsgType><![CDATA[event]]></MsgType>
<Event><![CDATA[unsubscribe]]></Event>
<EventKey><![CDATA[]]></EventKey>
</xml> 

日志时间：2017-11-30 15:47:43,566 [34] 
日志级别：INFO  
日 志 类：info [(null)] 
返回消息: 

日志时间：2017-11-30 15:48:20,635 [41] 
日志级别：INFO  
日 志 类：info [(null)] 
d3b3f7ce4ea31610238e6262a469b68272c72af5,1512028100,148592520 

日志时间：2017-11-30 15:48:20,635 [41] 
日志级别：INFO  
日 志 类：info [(null)] 
接收消息:<xml><ToUserName><![CDATA[gh_b26d4dbcc910]]></ToUserName>
<FromUserName><![CDATA[o0YXKt_EJTmDd7Xx3cxZGyGAU5hI]]></FromUserName>
<CreateTime>1512028100</CreateTime>
<MsgType><![CDATA[event]]></MsgType>
<Event><![CDATA[subscribe]]></Event>
<EventKey><![CDATA[]]></EventKey>
</xml> 

日志时间：2017-11-30 15:48:20,746 [41] 
日志级别：INFO  
日 志 类：info [(null)] 
返回消息: 

日志时间：2017-11-30 15:51:38,792 [36] 
日志级别：INFO  
日 志 类：info [(null)] 
2bf74e71b012c0db8ff271546e3d4af9553928fa,1512028298,1779495226 

日志时间：2017-11-30 15:51:38,793 [36] 
日志级别：INFO  
日 志 类：info [(null)] 
接收消息:<xml><ToUserName><![CDATA[gh_b26d4dbcc910]]></ToUserName>
<FromUserName><![CDATA[o0YXKt_EJTmDd7Xx3cxZGyGAU5hI]]></FromUserName>
<CreateTime>1512028298</CreateTime>
<MsgType><![CDATA[event]]></MsgType>
<Event><![CDATA[unsubscribe]]></Event>
<EventKey><![CDATA[]]></EventKey>
</xml> 

日志时间：2017-11-30 15:51:38,798 [36] 
日志级别：INFO  
日 志 类：info [(null)] 
返回消息: 

日志时间：2017-11-30 15:51:42,364 [47] 
日志级别：INFO  
日 志 类：info [(null)] 
,, 

日志时间：2017-11-30 15:51:49,052 [49] 
日志级别：INFO  
日 志 类：info [(null)] 
f252bd4366a70ab705782b87439371f1e4d20797,1512028309,20194229 

日志时间：2017-11-30 15:51:49,053 [49] 
日志级别：INFO  
日 志 类：info [(null)] 
接收消息:<xml><ToUserName><![CDATA[gh_b26d4dbcc910]]></ToUserName>
<FromUserName><![CDATA[o0YXKt_EJTmDd7Xx3cxZGyGAU5hI]]></FromUserName>
<CreateTime>1512028309</CreateTime>
<MsgType><![CDATA[event]]></MsgType>
<Event><![CDATA[subscribe]]></Event>
<EventKey><![CDATA[]]></EventKey>
</xml> 

日志时间：2017-11-30 15:51:49,071 [49] 
日志级别：INFO  
日 志 类：info [(null)] 
返回消息: 

日志时间：2017-11-30 15:55:45,116 [36] 
日志级别：INFO  
日 志 类：info [(null)] 
7d080e53bd2464bb9cc64df2709969c2424a75e7,1512028544,1821527866 

日志时间：2017-11-30 15:55:45,140 [36] 
日志级别：INFO  
日 志 类：info [(null)] 
接收消息:<xml><ToUserName><![CDATA[gh_b26d4dbcc910]]></ToUserName>
<FromUserName><![CDATA[o0YXKt_EJTmDd7Xx3cxZGyGAU5hI]]></FromUserName>
<CreateTime>1512028544</CreateTime>
<MsgType><![CDATA[event]]></MsgType>
<Event><![CDATA[unsubscribe]]></Event>
<EventKey><![CDATA[]]></EventKey>
</xml> 

日志时间：2017-11-30 15:55:45,304 [36] 
日志级别：INFO  
日 志 类：info [(null)] 
返回消息: 

日志时间：2017-11-30 15:56:05,786 [49] 
日志级别：INFO  
日 志 类：info [(null)] 
4fc4e18c7ddb34224267bae67a8295dd6403c47f,1512028565,1141330711 

日志时间：2017-11-30 15:56:05,787 [49] 
日志级别：INFO  
日 志 类：info [(null)] 
接收消息:<xml><ToUserName><![CDATA[gh_b26d4dbcc910]]></ToUserName>
<FromUserName><![CDATA[o0YXKt_EJTmDd7Xx3cxZGyGAU5hI]]></FromUserName>
<CreateTime>1512028565</CreateTime>
<MsgType><![CDATA[event]]></MsgType>
<Event><![CDATA[subscribe]]></Event>
<EventKey><![CDATA[]]></EventKey>
</xml> 

日志时间：2017-11-30 15:56:05,944 [49] 
日志级别：INFO  
日 志 类：info [(null)] 
返回消息: 

日志时间：2017-11-30 15:58:07,622 [36] 
日志级别：INFO  
日 志 类：info [(null)] 
22d40faa7e49b458d14dc51bdc21eaae8436aa49,1512028687,1481989516 

日志时间：2017-11-30 15:58:07,623 [36] 
日志级别：INFO  
日 志 类：info [(null)] 
接收消息:<xml><ToUserName><![CDATA[gh_b26d4dbcc910]]></ToUserName>
<FromUserName><![CDATA[o0YXKt_EJTmDd7Xx3cxZGyGAU5hI]]></FromUserName>
<CreateTime>1512028687</CreateTime>
<MsgType><![CDATA[event]]></MsgType>
<Event><![CDATA[unsubscribe]]></Event>
<EventKey><![CDATA[]]></EventKey>
</xml> 

日志时间：2017-11-30 15:58:07,788 [36] 
日志级别：INFO  
日 志 类：info [(null)] 
返回消息: 

日志时间：2017-11-30 15:58:20,254 [7] 
日志级别：INFO  
日 志 类：info [(null)] 
0fa5471005258a7768f2c4bef1305a9f28d917aa,1512028700,441497614 

日志时间：2017-11-30 15:58:20,255 [7] 
日志级别：INFO  
日 志 类：info [(null)] 
接收消息:<xml><ToUserName><![CDATA[gh_b26d4dbcc910]]></ToUserName>
<FromUserName><![CDATA[o0YXKt_EJTmDd7Xx3cxZGyGAU5hI]]></FromUserName>
<CreateTime>1512028700</CreateTime>
<MsgType><![CDATA[event]]></MsgType>
<Event><![CDATA[subscribe]]></Event>
<EventKey><![CDATA[]]></EventKey>
</xml> 

日志时间：2017-11-30 15:58:26,613 [49] 
日志级别：INFO  
日 志 类：info [(null)] 
0fa5471005258a7768f2c4bef1305a9f28d917aa,1512028700,441497614 

日志时间：2017-11-30 15:58:26,634 [49] 
日志级别：INFO  
日 志 类：info [(null)] 
接收消息:<xml><ToUserName><![CDATA[gh_b26d4dbcc910]]></ToUserName>
<FromUserName><![CDATA[o0YXKt_EJTmDd7Xx3cxZGyGAU5hI]]></FromUserName>
<CreateTime>1512028700</CreateTime>
<MsgType><![CDATA[event]]></MsgType>
<Event><![CDATA[subscribe]]></Event>
<EventKey><![CDATA[]]></EventKey>
</xml> 

日志时间：2017-11-30 15:58:45,784 [55] 
日志级别：INFO  
日 志 类：info [(null)] 
0fa5471005258a7768f2c4bef1305a9f28d917aa,1512028700,441497614 

日志时间：2017-11-30 15:58:45,785 [55] 
日志级别：INFO  
日 志 类：info [(null)] 
接收消息:<xml><ToUserName><![CDATA[gh_b26d4dbcc910]]></ToUserName>
<FromUserName><![CDATA[o0YXKt_EJTmDd7Xx3cxZGyGAU5hI]]></FromUserName>
<CreateTime>1512028700</CreateTime>
<MsgType><![CDATA[event]]></MsgType>
<Event><![CDATA[subscribe]]></Event>
<EventKey><![CDATA[]]></EventKey>
</xml> 

日志时间：2017-11-30 15:59:08,157 [49] 
日志级别：INFO  
日 志 类：info [(null)] 
返回消息: 

日志时间：2017-11-30 15:59:08,158 [7] 
日志级别：INFO  
日 志 类：info [(null)] 
返回消息: 

日志时间：2017-11-30 15:59:08,159 [55] 
日志级别：INFO  
日 志 类：info [(null)] 
返回消息: 

日志时间：2017-11-30 16:11:05,964 [63] 
日志级别：INFO  
日 志 类：info [(null)] 
,, 

日志时间：2017-11-30 16:14:24,769 [66] 
日志级别：INFO  
日 志 类：info [(null)] 
8d8fef35e79a22fa7bdaa4ddd17ca6eea4c636c5,1512029664,221444855 

日志时间：2017-11-30 16:14:24,769 [66] 
日志级别：INFO  
日 志 类：info [(null)] 
接收消息:<xml><ToUserName><![CDATA[gh_b26d4dbcc910]]></ToUserName>
<FromUserName><![CDATA[o0YXKt_EJTmDd7Xx3cxZGyGAU5hI]]></FromUserName>
<CreateTime>1512029664</CreateTime>
<MsgType><![CDATA[event]]></MsgType>
<Event><![CDATA[unsubscribe]]></Event>
<EventKey><![CDATA[]]></EventKey>
</xml> 

日志时间：2017-11-30 16:14:25,198 [66] 
日志级别：INFO  
日 志 类：info [(null)] 
返回消息: 

日志时间：2017-11-30 16:15:07,956 [51] 
日志级别：INFO  
日 志 类：info [(null)] 
d8c01a775eac23d32d1d96dbde0cb94e5fac7146,1512029708,2092423254 

日志时间：2017-11-30 16:15:07,957 [51] 
日志级别：INFO  
日 志 类：info [(null)] 
接收消息:<xml><ToUserName><![CDATA[gh_b26d4dbcc910]]></ToUserName>
<FromUserName><![CDATA[o0YXKt_EJTmDd7Xx3cxZGyGAU5hI]]></FromUserName>
<CreateTime>1512029708</CreateTime>
<MsgType><![CDATA[event]]></MsgType>
<Event><![CDATA[unsubscribe]]></Event>
<EventKey><![CDATA[]]></EventKey>
</xml> 

日志时间：2017-11-30 16:15:08,087 [51] 
日志级别：INFO  
日 志 类：info [(null)] 
返回消息: 

日志时间：2017-11-30 16:15:16,222 [66] 
日志级别：INFO  
日 志 类：info [(null)] 
8c24416e41311fd44355857ae6bf29555148efa6,1512029716,1134892976 

日志时间：2017-11-30 16:15:16,222 [66] 
日志级别：INFO  
日 志 类：info [(null)] 
接收消息:<xml><ToUserName><![CDATA[gh_b26d4dbcc910]]></ToUserName>
<FromUserName><![CDATA[o0YXKt_EJTmDd7Xx3cxZGyGAU5hI]]></FromUserName>
<CreateTime>1512029716</CreateTime>
<MsgType><![CDATA[event]]></MsgType>
<Event><![CDATA[subscribe]]></Event>
<EventKey><![CDATA[]]></EventKey>
</xml> 

日志时间：2017-11-30 16:15:23,387 [68] 
日志级别：INFO  
日 志 类：info [(null)] 
8c24416e41311fd44355857ae6bf29555148efa6,1512029716,1134892976 

日志时间：2017-11-30 16:15:23,388 [68] 
日志级别：INFO  
日 志 类：info [(null)] 
接收消息:<xml><ToUserName><![CDATA[gh_b26d4dbcc910]]></ToUserName>
<FromUserName><![CDATA[o0YXKt_EJTmDd7Xx3cxZGyGAU5hI]]></FromUserName>
<CreateTime>1512029716</CreateTime>
<MsgType><![CDATA[event]]></MsgType>
<Event><![CDATA[subscribe]]></Event>
<EventKey><![CDATA[]]></EventKey>
</xml> 

日志时间：2017-11-30 16:15:28,423 [70] 
日志级别：INFO  
日 志 类：info [(null)] 
8c24416e41311fd44355857ae6bf29555148efa6,1512029716,1134892976 

日志时间：2017-11-30 16:15:28,424 [70] 
日志级别：INFO  
日 志 类：info [(null)] 
接收消息:<xml><ToUserName><![CDATA[gh_b26d4dbcc910]]></ToUserName>
<FromUserName><![CDATA[o0YXKt_EJTmDd7Xx3cxZGyGAU5hI]]></FromUserName>
<CreateTime>1512029716</CreateTime>
<MsgType><![CDATA[event]]></MsgType>
<Event><![CDATA[subscribe]]></Event>
<EventKey><![CDATA[]]></EventKey>
</xml> 

日志时间：2017-11-30 16:15:40,029 [66] 
日志级别：INFO  
日 志 类：info [(null)] 
返回消息: 

日志时间：2017-11-30 16:15:40,030 [70] 
日志级别：INFO  
日 志 类：info [(null)] 
返回消息: 

日志时间：2017-11-30 16:15:40,066 [68] 
日志级别：INFO  
日 志 类：info [(null)] 
返回消息: 

日志时间：2017-11-30 16:17:36,725 [51] 
日志级别：INFO  
日 志 类：info [(null)] 
,, 

日志时间：2017-11-30 16:25:26,736 [51] 
日志级别：INFO  
日 志 类：info [(null)] 
,, 

日志时间：2017-11-30 16:28:06,839 [79] 
日志级别：INFO  
日 志 类：info [(null)] 
,, 

日志时间：2017-11-30 16:28:07,003 [68] 
日志级别：INFO  
日 志 类：info [(null)] 
,, 

日志时间：2017-11-30 16:28:07,035 [81] 
日志级别：INFO  
日 志 类：info [(null)] 
,, 

日志时间：2017-11-30 16:28:08,562 [51] 
日志级别：INFO  
日 志 类：info [(null)] 
,, 

日志时间：2017-11-30 16:28:09,132 [79] 
日志级别：INFO  
日 志 类：info [(null)] 
,, 

日志时间：2017-11-30 16:28:09,372 [75] 
日志级别：INFO  
日 志 类：info [(null)] 
,, 

日志时间：2017-11-30 16:28:11,862 [75] 
日志级别：INFO  
日 志 类：info [(null)] 
,, 

日志时间：2017-11-30 16:28:12,036 [68] 
日志级别：INFO  
日 志 类：info [(null)] 
,, 

日志时间：2017-11-30 16:28:21,075 [68] 
日志级别：INFO  
日 志 类：info [(null)] 
,, 

日志时间：2017-11-30 16:28:26,688 [68] 
日志级别：INFO  
日 志 类：info [(null)] 
501e22bfa7f4bfa3ffc8ce12144b45f04b3c867d,1512030506,947933320 

日志时间：2017-11-30 16:28:26,689 [68] 
日志级别：INFO  
日 志 类：info [(null)] 
接收消息:<xml><ToUserName><![CDATA[gh_b26d4dbcc910]]></ToUserName>
<FromUserName><![CDATA[o0YXKt_EJTmDd7Xx3cxZGyGAU5hI]]></FromUserName>
<CreateTime>1512030506</CreateTime>
<MsgType><![CDATA[event]]></MsgType>
<Event><![CDATA[unsubscribe]]></Event>
<EventKey><![CDATA[]]></EventKey>
</xml> 

日志时间：2017-11-30 16:28:26,828 [68] 
日志级别：INFO  
日 志 类：info [(null)] 
返回消息: 

日志时间：2017-11-30 16:28:34,212 [79] 
日志级别：INFO  
日 志 类：info [(null)] 
6162e9a0000c00a3ac7e643cd0c003f72e3e8a6b,1512030514,1390898171 

日志时间：2017-11-30 16:28:34,213 [79] 
日志级别：INFO  
日 志 类：info [(null)] 
接收消息:<xml><ToUserName><![CDATA[gh_b26d4dbcc910]]></ToUserName>
<FromUserName><![CDATA[o0YXKt_EJTmDd7Xx3cxZGyGAU5hI]]></FromUserName>
<CreateTime>1512030514</CreateTime>
<MsgType><![CDATA[event]]></MsgType>
<Event><![CDATA[subscribe]]></Event>
<EventKey><![CDATA[]]></EventKey>
</xml> 

日志时间：2017-11-30 16:28:34,694 [79] 
日志级别：INFO  
日 志 类：info [(null)] 
返回消息: 

日志时间：2017-11-30 16:30:03,712 [51] 
日志级别：INFO  
日 志 类：info [(null)] 
e2e8d15b3b5fadfe67e96ee957ad430d16e5aa4e,1512030603,1291310077 

日志时间：2017-11-30 16:30:03,713 [51] 
日志级别：INFO  
日 志 类：info [(null)] 
接收消息:<xml><ToUserName><![CDATA[gh_b26d4dbcc910]]></ToUserName>
<FromUserName><![CDATA[o0YXKt_EJTmDd7Xx3cxZGyGAU5hI]]></FromUserName>
<CreateTime>1512030603</CreateTime>
<MsgType><![CDATA[event]]></MsgType>
<Event><![CDATA[unsubscribe]]></Event>
<EventKey><![CDATA[]]></EventKey>
</xml> 

日志时间：2017-11-30 16:30:13,164 [51] 
日志级别：INFO  
日 志 类：info [(null)] 
返回消息: 

日志时间：2017-11-30 16:30:13,164 [79] 
日志级别：INFO  
日 志 类：info [(null)] 
e2e8d15b3b5fadfe67e96ee957ad430d16e5aa4e,1512030603,1291310077 

日志时间：2017-11-30 16:30:13,165 [79] 
日志级别：INFO  
日 志 类：info [(null)] 
接收消息:<xml><ToUserName><![CDATA[gh_b26d4dbcc910]]></ToUserName>
<FromUserName><![CDATA[o0YXKt_EJTmDd7Xx3cxZGyGAU5hI]]></FromUserName>
<CreateTime>1512030603</CreateTime>
<MsgType><![CDATA[event]]></MsgType>
<Event><![CDATA[unsubscribe]]></Event>
<EventKey><![CDATA[]]></EventKey>
</xml> 

日志时间：2017-11-30 16:30:13,169 [79] 
日志级别：INFO  
日 志 类：info [(null)] 
返回消息: 

日志时间：2017-11-30 16:30:35,364 [79] 
日志级别：INFO  
日 志 类：info [(null)] 
,, 

日志时间：2017-11-30 16:31:52,801 [51] 
日志级别：INFO  
日 志 类：info [(null)] 
,, 

日志时间：2017-11-30 16:31:53,122 [79] 
日志级别：INFO  
日 志 类：info [(null)] 
,, 

日志时间：2017-11-30 16:34:48,533 [72] 
日志级别：INFO  
日 志 类：info [(null)] 
237c9dfa71c81af3376f255721584af96a2ff479,1512030889,775663049 

日志时间：2017-11-30 16:34:48,534 [72] 
日志级别：INFO  
日 志 类：info [(null)] 
接收消息:<xml><ToUserName><![CDATA[gh_b26d4dbcc910]]></ToUserName>
<FromUserName><![CDATA[o0YXKt_EJTmDd7Xx3cxZGyGAU5hI]]></FromUserName>
<CreateTime>1512030889</CreateTime>
<MsgType><![CDATA[event]]></MsgType>
<Event><![CDATA[unsubscribe]]></Event>
<EventKey><![CDATA[]]></EventKey>
</xml> 

日志时间：2017-11-30 16:34:58,256 [69] 
日志级别：INFO  
日 志 类：info [(null)] 
237c9dfa71c81af3376f255721584af96a2ff479,1512030889,775663049 

日志时间：2017-11-30 16:34:58,257 [69] 
日志级别：INFO  
日 志 类：info [(null)] 
接收消息:<xml><ToUserName><![CDATA[gh_b26d4dbcc910]]></ToUserName>
<FromUserName><![CDATA[o0YXKt_EJTmDd7Xx3cxZGyGAU5hI]]></FromUserName>
<CreateTime>1512030889</CreateTime>
<MsgType><![CDATA[event]]></MsgType>
<Event><![CDATA[unsubscribe]]></Event>
<EventKey><![CDATA[]]></EventKey>
</xml> 

日志时间：2017-11-30 16:34:58,256 [72] 
日志级别：INFO  
日 志 类：info [(null)] 
返回消息: 

日志时间：2017-11-30 16:34:58,261 [69] 
日志级别：INFO  
日 志 类：info [(null)] 
返回消息: 

日志时间：2017-11-30 16:35:13,214 [79] 
日志级别：INFO  
日 志 类：info [(null)] 
,, 

日志时间：2017-11-30 16:35:31,255 [69] 
日志级别：INFO  
日 志 类：info [(null)] 
2368d6d927fae3806424c92e85d5630adc4773a3,1512030931,2004239860 

日志时间：2017-11-30 16:35:31,256 [69] 
日志级别：INFO  
日 志 类：info [(null)] 
接收消息:<xml><ToUserName><![CDATA[gh_b26d4dbcc910]]></ToUserName>
<FromUserName><![CDATA[o0YXKt_EJTmDd7Xx3cxZGyGAU5hI]]></FromUserName>
<CreateTime>1512030931</CreateTime>
<MsgType><![CDATA[event]]></MsgType>
<Event><![CDATA[subscribe]]></Event>
<EventKey><![CDATA[]]></EventKey>
</xml> 

日志时间：2017-11-30 16:35:31,940 [69] 
日志级别：INFO  
日 志 类：info [(null)] 
返回消息: 

日志时间：2017-11-30 16:35:43,552 [71] 
日志级别：INFO  
日 志 类：info [(null)] 
6f737694b2a0fe9990bda5a63d0d0cc207759edb,1512030944,938680285 

日志时间：2017-11-30 16:35:43,553 [71] 
日志级别：INFO  
日 志 类：info [(null)] 
接收消息:<xml><ToUserName><![CDATA[gh_b26d4dbcc910]]></ToUserName>
<FromUserName><![CDATA[o0YXKt_EJTmDd7Xx3cxZGyGAU5hI]]></FromUserName>
<CreateTime>1512030944</CreateTime>
<MsgType><![CDATA[event]]></MsgType>
<Event><![CDATA[unsubscribe]]></Event>
<EventKey><![CDATA[]]></EventKey>
</xml> 

日志时间：2017-11-30 16:35:43,598 [71] 
日志级别：INFO  
日 志 类：info [(null)] 
返回消息: 

日志时间：2017-11-30 16:35:54,558 [73] 
日志级别：INFO  
日 志 类：info [(null)] 
8757f3d5f90c04d06e495f21040fba1e8d397209,1512030955,1772354232 

日志时间：2017-11-30 16:35:54,559 [73] 
日志级别：INFO  
日 志 类：info [(null)] 
接收消息:<xml><ToUserName><![CDATA[gh_b26d4dbcc910]]></ToUserName>
<FromUserName><![CDATA[o0YXKt_EJTmDd7Xx3cxZGyGAU5hI]]></FromUserName>
<CreateTime>1512030955</CreateTime>
<MsgType><![CDATA[event]]></MsgType>
<Event><![CDATA[subscribe]]></Event>
<EventKey><![CDATA[]]></EventKey>
</xml> 

日志时间：2017-11-30 16:35:54,746 [73] 
日志级别：INFO  
日 志 类：info [(null)] 
返回消息: 

日志时间：2017-11-30 16:36:05,065 [71] 
日志级别：INFO  
日 志 类：info [(null)] 
64f2234739a8902f9e0776b6d6c276aea15e76b7,1512030965,233997552 

日志时间：2017-11-30 16:36:05,066 [71] 
日志级别：INFO  
日 志 类：info [(null)] 
接收消息:<xml><ToUserName><![CDATA[gh_b26d4dbcc910]]></ToUserName>
<FromUserName><![CDATA[o0YXKt_EJTmDd7Xx3cxZGyGAU5hI]]></FromUserName>
<CreateTime>1512030965</CreateTime>
<MsgType><![CDATA[event]]></MsgType>
<Event><![CDATA[unsubscribe]]></Event>
<EventKey><![CDATA[]]></EventKey>
</xml> 

日志时间：2017-11-30 16:36:05,071 [71] 
日志级别：INFO  
日 志 类：info [(null)] 
返回消息: 

日志时间：2017-11-30 16:37:14,984 [71] 
日志级别：INFO  
日 志 类：info [(null)] 
50345873bfa155805dcd421c6948170b98bc5144,1512031035,757849025 

日志时间：2017-11-30 16:37:14,984 [71] 
日志级别：INFO  
日 志 类：info [(null)] 
接收消息:<xml><ToUserName><![CDATA[gh_b26d4dbcc910]]></ToUserName>
<FromUserName><![CDATA[o0YXKt_EJTmDd7Xx3cxZGyGAU5hI]]></FromUserName>
<CreateTime>1512031035</CreateTime>
<MsgType><![CDATA[event]]></MsgType>
<Event><![CDATA[subscribe]]></Event>
<EventKey><![CDATA[]]></EventKey>
</xml> 

日志时间：2017-11-30 16:37:15,278 [71] 
日志级别：INFO  
日 志 类：info [(null)] 
返回消息:<xml>
                        <ToUserName><![CDATA[o0YXKt_EJTmDd7Xx3cxZGyGAU5hI]]></ToUserName>
                        <FromUserName><![CDATA[gh_b26d4dbcc910]]></FromUserName>
                        <CreateTime>636476566352784215</CreateTime>
                        <MsgType><![CDATA[text]]></MsgType>
                        <Content><![CDATA[欢迎关注]]></Content></xml> 

日志时间：2017-11-30 16:37:24,578 [73] 
日志级别：INFO  
日 志 类：info [(null)] 
d8ea15c6a88d4eff8d29ad59b2998221ef929b9c,1512031045,313037486 

日志时间：2017-11-30 16:37:24,578 [73] 
日志级别：INFO  
日 志 类：info [(null)] 
接收消息:<xml><ToUserName><![CDATA[gh_b26d4dbcc910]]></ToUserName>
<FromUserName><![CDATA[o0YXKt_EJTmDd7Xx3cxZGyGAU5hI]]></FromUserName>
<CreateTime>1512031045</CreateTime>
<MsgType><![CDATA[text]]></MsgType>
<Content><![CDATA[价格承诺]]></Content>
<MsgId>6494123889255753114</MsgId>
</xml> 

日志时间：2017-11-30 16:37:24,635 [73] 
日志级别：INFO  
日 志 类：info [(null)] 
返回消息:<xml>
                        <ToUserName><![CDATA[o0YXKt_EJTmDd7Xx3cxZGyGAU5hI]]></ToUserName>
                        <FromUserName><![CDATA[gh_b26d4dbcc910]]></FromUserName>
                        <CreateTime>636476566446351461</CreateTime>
                        <MsgType><![CDATA[text]]></MsgType>
                        <Content><![CDATA[我不知道你说什么，等等，让我缓缓..]]></Content></xml> 

日志时间：2017-11-30 16:44:04,207 [58] 
日志级别：INFO  
日 志 类：info [(null)] 
133d4ea397dfd8cd6d75a8a6b9b19363f3b3381f,1512031444,2302491667 
