
日志时间：2017-11-10 15:41:28,700 [6] 
日志级别：INFO  
日 志 类：info [(null)] 
6c8c36afb3b46ed0c2e5f87b5cf205485ec1e0c9,1510299687,639889273 

日志时间：2017-11-10 15:41:28,725 [6] 
日志级别：INFO  
日 志 类：info [(null)] 
接收消息:<xml><ToUserName><![CDATA[gh_b26d4dbcc910]]></ToUserName>
<FromUserName><![CDATA[o0YXKt_EJTmDd7Xx3cxZGyGAU5hI]]></FromUserName>
<CreateTime>1510299686</CreateTime>
<MsgType><![CDATA[text]]></MsgType>
<Content><![CDATA[图文]]></Content>
<MsgId>6486687758972880300</MsgId>
</xml> 

日志时间：2017-11-10 15:41:28,863 [6] 
日志级别：INFO  
日 志 类：info [(null)] 
返回消息:<xml>
                        <ToUserName><![CDATA[o0YXKt_EJTmDd7Xx3cxZGyGAU5hI]]></ToUserName>
                        <FromUserName><![CDATA[gh_b26d4dbcc910]]></FromUserName>
                        <CreateTime>636459252888639443</CreateTime>
                        <MsgType><![CDATA[news]]></MsgType>
                        <ArticleCount>2</ArticleCount>
                        <Articles><item>
                         <Title><![CDATA[阿斯蒂芬]]></Title> 
                         <Description><![CDATA[阿斯蒂芬三房]]></Description>
                         <PicUrl><![CDATA[]]></PicUrl>
                         <Url><![CDATA[http://www.baidu.com]]></Url>
                         </item><item>
                         <Title><![CDATA[啊是打发士大夫]]></Title> 
                         <Description><![CDATA[啊是打发士大夫]]></Description>
                         <PicUrl><![CDATA[]]></PicUrl>
                         <Url><![CDATA[http://www.baidu.com]]></Url>
                         </item></Articles>
                  

日志时间：2017-11-10 15:41:37,112 [11] 
日志级别：INFO  
日 志 类：info [(null)] 
,, 

日志时间：2017-11-10 15:41:38,857 [11] 
日志级别：INFO  
日 志 类：info [(null)] 
,, 

日志时间：2017-11-10 15:41:40,634 [11] 
日志级别：INFO  
日 志 类：info [(null)] 
,, 

日志时间：2017-11-10 15:41:41,152 [6] 
日志级别：INFO  
日 志 类：info [(null)] 
,, 

日志时间：2017-11-10 15:41:41,402 [5] 
日志级别：INFO  
日 志 类：info [(null)] 
,, 

日志时间：2017-11-10 15:41:41,429 [12] 
日志级别：INFO  
日 志 类：info [(null)] 
,, 

日志时间：2017-11-10 15:41:41,585 [11] 
日志级别：INFO  
日 志 类：info [(null)] 
,, 

日志时间：2017-11-10 15:41:41,777 [6] 
日志级别：INFO  
日 志 类：info [(null)] 
,, 

日志时间：2017-11-10 15:45:53,020 [6] 
日志级别：INFO  
日 志 类：info [(null)] 
,, 

日志时间：2017-11-10 15:46:01,059 [17] 
日志级别：INFO  
日 志 类：info [(null)] 
d824b17b53e7c4c72cdb91cf1a5cc973726525b1,1510299961,1190829626 

日志时间：2017-11-10 15:46:01,059 [17] 
日志级别：INFO  
日 志 类：info [(null)] 
接收消息:<xml><ToUserName><![CDATA[gh_b26d4dbcc910]]></ToUserName>
<FromUserName><![CDATA[o0YXKt_EJTmDd7Xx3cxZGyGAU5hI]]></FromUserName>
<CreateTime>1510299961</CreateTime>
<MsgType><![CDATA[text]]></MsgType>
<Content><![CDATA[图文]]></Content>
<MsgId>6486688940088886836</MsgId>
</xml> 

日志时间：2017-11-10 15:46:01,063 [17] 
日志级别：INFO  
日 志 类：info [(null)] 
返回消息:<xml>
                        <ToUserName><![CDATA[o0YXKt_EJTmDd7Xx3cxZGyGAU5hI]]></ToUserName>
                        <FromUserName><![CDATA[gh_b26d4dbcc910]]></FromUserName>
                        <CreateTime>636459255610634931</CreateTime>
                        <MsgType><![CDATA[news]]></MsgType>
                        <ArticleCount>2</ArticleCount>
                        <Articles><item>
                         <Title><![CDATA[阿斯蒂芬]]></Title> 
                         <Description><![CDATA[阿斯蒂芬三房]]></Description>
                         <PicUrl><![CDATA[http://img.jsonyang.com/2017/09/30/0ec46e2a-6e1e-40_600x1200x1.jpg]]></PicUrl>
                         <Url><![CDATA[http://www.baidu.com]]></Url>
                         </item><item>
                         <Title><![CDATA[啊是打发士大夫]]></Title> 
                         <Description><![CDATA[啊是打发士大夫]]></Description>
                         <PicUrl><![CDATA[http://img.jsonyang.com/2017/09/30/0ec46e2a-6e1e-40_600x1200x1.jpg]]></PicUrl>
 

日志时间：2017-11-10 15:49:38,420 [20] 
日志级别：INFO  
日 志 类：info [(null)] 
,, 

日志时间：2017-11-10 15:50:02,602 [19] 
日志级别：INFO  
日 志 类：info [(null)] 
c40394989a58a57edbf294ef1c3a7d88e349d500,1510300202,1591594465 

日志时间：2017-11-10 15:50:02,602 [19] 
日志级别：INFO  
日 志 类：info [(null)] 
接收消息:<xml><ToUserName><![CDATA[gh_b26d4dbcc910]]></ToUserName>
<FromUserName><![CDATA[o0YXKt_EJTmDd7Xx3cxZGyGAU5hI]]></FromUserName>
<CreateTime>1510300202</CreateTime>
<MsgType><![CDATA[text]]></MsgType>
<Content><![CDATA[图文]]></Content>
<MsgId>6486689975176005289</MsgId>
</xml> 

日志时间：2017-11-10 15:50:02,612 [19] 
日志级别：INFO  
日 志 类：info [(null)] 
返回消息:<xml>
                        <ToUserName><![CDATA[o0YXKt_EJTmDd7Xx3cxZGyGAU5hI]]></ToUserName>
                        <FromUserName><![CDATA[gh_b26d4dbcc910]]></FromUserName>
                        <CreateTime>636459258026127208</CreateTime>
                        <MsgType><![CDATA[news]]></MsgType>
                        <ArticleCount>2</ArticleCount>
                        <Articles><item>
                         <Title><![CDATA[阿斯蒂芬]]></Title> 
                         <Description><![CDATA[阿斯蒂芬三房]]></Description>
                         <PicUrl><![CDATA[http://img.jsonyang.com/2017/09/30/0ec46e2a-6e1e-40_600x1200x1.jpg]]></PicUrl>
                         <Url><![CDATA[http://www.baidu.com]]></Url>
                         </item><item>
                         <Title><![CDATA[啊是打发士大夫]]></Title> 
                         <Description><![CDATA[啊是打发士大夫]]></Description>
                         <PicUrl><![CDATA[http://img.jsonyang.com/2017/09/30/0ec46e2a-6e1e-40_600x1200x1.jpg]]></PicUrl>
                         <Url><![CDATA[http://www.baidu.com]]></Url>
                         </item></Articles>
                        </xml> 

日志时间：2017-11-10 15:54:57,077 [26] 
日志级别：INFO  
日 志 类：info [(null)] 
d0a34058c1e07caf9059358453c1cda2a8aa32cd,1510300497,1966233626 

日志时间：2017-11-10 15:54:57,077 [26] 
日志级别：INFO  
日 志 类：info [(null)] 
接收消息:<xml><ToUserName><![CDATA[gh_b26d4dbcc910]]></ToUserName>
<FromUserName><![CDATA[o0YXKt_EJTmDd7Xx3cxZGyGAU5hI]]></FromUserName>
<CreateTime>1510300497</CreateTime>
<MsgType><![CDATA[text]]></MsgType>
<Content><![CDATA[测试]]></Content>
<MsgId>6486691242191357682</MsgId>
</xml> 

日志时间：2017-11-10 15:54:57,086 [26] 
日志级别：INFO  
日 志 类：info [(null)] 
返回消息:<xml>
                      <ToUserName><![CDATA[o0YXKt_EJTmDd7Xx3cxZGyGAU5hI]]></ToUserName>
                      <FromUserName><![CDATA[gh_b26d4dbcc910]]></FromUserName>
                      <CreateTime>636459260970861181</CreateTime>
                      <MsgType><![CDATA[image]]></MsgType>
                      <Image>
                      <MediaId><![CDATA[p7bBdMZWu4EEph-fHxxp8iNzk9BJHA9wIQVj6HPzoYI]]></MediaId>
                      </Image>
                  </xml> 

日志时间：2017-11-10 15:55:00,369 [28] 
日志级别：INFO  
日 志 类：info [(null)] 
dc61ca3ef8f0ce8fb6dd3cf9b7a6d4ddcb751bbf,1510300500,1035135265 

日志时间：2017-11-10 15:55:00,369 [28] 
日志级别：INFO  
日 志 类：info [(null)] 
接收消息:<xml><ToUserName><![CDATA[gh_b26d4dbcc910]]></ToUserName>
<FromUserName><![CDATA[o0YXKt_EJTmDd7Xx3cxZGyGAU5hI]]></FromUserName>
<CreateTime>1510300500</CreateTime>
<MsgType><![CDATA[text]]></MsgType>
<Content><![CDATA[图文]]></Content>
<MsgId>6486691255076259575</MsgId>
</xml> 

日志时间：2017-11-10 15:55:00,372 [28] 
日志级别：INFO  
日 志 类：info [(null)] 
返回消息:<xml>
                        <ToUserName><![CDATA[o0YXKt_EJTmDd7Xx3cxZGyGAU5hI]]></ToUserName>
                        <FromUserName><![CDATA[gh_b26d4dbcc910]]></FromUserName>
                        <CreateTime>636459261003724848</CreateTime>
                        <MsgType><![CDATA[news]]></MsgType>
                        <ArticleCount>2</ArticleCount>
                        <Articles><item>
                         <Title><![CDATA[阿斯蒂芬]]></Title> 
                         <Description><![CDATA[阿斯蒂芬三房]]></Description>
                         <PicUrl><![CDATA[http://img.jsonyang.com/2017/09/30/0ec46e2a-6e1e-40_600x1200x1.jpg]]></PicUrl>
                         <Url><![CDATA[http://www.baidu.com]]></Url>
                         </item><item>
                         <Title><![CDATA[啊是打发士大夫]]></Title> 
                         <Description><![CDATA[啊是打发士大夫]]></Description>
                         <PicUrl><![CDATA[http://img.jsonyang.com/2017/09/30/0ec46e2a-6e1e-40_600x1200x1.jpg]]></PicUrl>
                         <Url><![CDATA[http://www.baidu.com]]></Url>
                         </item></Articles>
                        </xml> 

日志时间：2017-11-10 16:44:05,194 [6] 
日志级别：INFO  
日 志 类：info [(null)] 
,, 

日志时间：2017-11-10 16:44:25,393 [7] 
日志级别：INFO  
日 志 类：info [(null)] 
d53d99a5fb1ab773857b5b632ba3d4448f85b096,1510303465,1954953158 

日志时间：2017-11-10 16:44:25,393 [7] 
日志级别：INFO  
日 志 类：info [(null)] 
接收消息:<xml><ToUserName><![CDATA[gh_b26d4dbcc910]]></ToUserName>
<FromUserName><![CDATA[o0YXKt_EJTmDd7Xx3cxZGyGAU5hI]]></FromUserName>
<CreateTime>1510303465</CreateTime>
<MsgType><![CDATA[text]]></MsgType>
<Content><![CDATA[美女]]></Content>
<MsgId>6486703989654293273</MsgId>
</xml> 

日志时间：2017-11-10 16:44:25,506 [7] 
日志级别：INFO  
日 志 类：info [(null)] 
返回消息:<xml>
                        <ToUserName><![CDATA[o0YXKt_EJTmDd7Xx3cxZGyGAU5hI]]></ToUserName>
                        <FromUserName><![CDATA[gh_b26d4dbcc910]]></FromUserName>
                        <CreateTime>636459290655061929</CreateTime>
                        <MsgType><![CDATA[news]]></MsgType>
                        <ArticleCount>2</ArticleCount>
                        <Articles><item>
                         <Title><![CDATA[阿斯蒂芬]]></Title> 
                         <Description><![CDATA[阿斯蒂芬三房]]></Description>
                         <PicUrl><![CDATA[]]></PicUrl>
                         <Url><![CDATA[http://www.baidu.com]]></Url>
                         </item><item>
                         <Title><![CDATA[啊是打发士大夫]]></Title> 
                         <Description><![CDATA[啊是打发士大夫]]></Description>
                         <PicUrl><![CDATA[]]></PicUrl>
                         <Url><![CDATA[http://www.baidu.com]]></Url>
                         </item></Articles>
                        </xml> 
