
日志时间：2017-11-24 16:03:36,002 [8] 
日志级别：INFO  
日 志 类：info [(null)] 
,, 

日志时间：2017-11-24 16:31:02,155 [6] 
日志级别：INFO  
日 志 类：info [(null)] 
404bf3662d511c76c1b18521f0b047e7ec8a0787,1511512261,601164057 

日志时间：2017-11-24 16:31:02,179 [6] 
日志级别：INFO  
日 志 类：info [(null)] 
接收消息:<xml><ToUserName><![CDATA[gh_b26d4dbcc910]]></ToUserName>
<FromUserName><![CDATA[o0YXKt_EJTmDd7Xx3cxZGyGAU5hI]]></FromUserName>
<CreateTime>1511512250</CreateTime>
<MsgType><![CDATA[text]]></MsgType>
<Content><![CDATA[我的]]></Content>
<MsgId>6491895681697355805</MsgId>
</xml> 

日志时间：2017-11-24 16:31:02,306 [6] 
日志级别：INFO  
日 志 类：info [(null)] 
返回消息:<xml>
                      <ToUserName><![CDATA[o0YXKt_EJTmDd7Xx3cxZGyGAU5hI]]></ToUserName>
                      <FromUserName><![CDATA[gh_b26d4dbcc910]]></FromUserName>
                      <CreateTime>636471378623066681</CreateTime>
                      <MsgType><![CDATA[image]]></MsgType>
                      <Image>
                      <MediaId><![CDATA[p7bBdMZWu4EEph-fHxxp8tXg8cGv1rzX3cdOHarpzlI]]></MediaId>
                      </Image>
                  </xml> 

日志时间：2017-11-24 16:31:24,404 [5] 
日志级别：INFO  
日 志 类：info [(null)] 
efd9a86f1f9a4e88b7e9f05d9a46d757acca2992,1511512284,1226370275 

日志时间：2017-11-24 16:31:24,405 [5] 
日志级别：INFO  
日 志 类：info [(null)] 
接收消息:<xml><ToUserName><![CDATA[gh_b26d4dbcc910]]></ToUserName>
<FromUserName><![CDATA[o0YXKt_EJTmDd7Xx3cxZGyGAU5hI]]></FromUserName>
<CreateTime>1511512284</CreateTime>
<MsgType><![CDATA[text]]></MsgType>
<Content><![CDATA[图文]]></Content>
<MsgId>6491895827726243876</MsgId>
</xml> 

日志时间：2017-11-24 16:31:24,411 [5] 
日志级别：INFO  
日 志 类：info [(null)] 
返回消息:<xml>
                        <ToUserName><![CDATA[o0YXKt_EJTmDd7Xx3cxZGyGAU5hI]]></ToUserName>
                        <FromUserName><![CDATA[gh_b26d4dbcc910]]></FromUserName>
                        <CreateTime>636471378844110401</CreateTime>
                        <MsgType><![CDATA[news]]></MsgType>
                        <ArticleCount>2</ArticleCount>
                        <Articles><item>
                         <Title><![CDATA[阿斯蒂芬]]></Title> 
                         <Description><![CDATA[阿斯蒂芬三房]]></Description>
                         <PicUrl><![CDATA[]]></PicUrl>
                         <Url><![CDATA[http://www.baidu.com]]></Url>
                         </item><item>
                         <Title><![CDATA[啊是打发士大夫]]></Title> 
                         <Description><![CDATA[啊是打发士大夫]]></Description>
                         <PicUrl><![CDATA[http://wimg.jsonyang.com/2017/11/fecdc645-3470-41_360x200.jpg]]></PicUrl>
                         <Url><![CDATA[http://www.baidu.com]]></Url>
                         </item></Articles>
                        </xml> 
