
日志时间：2017-10-21 00:02:38,199 [81] 
日志级别：INFO  
日 志 类：info [(null)] 
,, 

日志时间：2017-10-21 00:02:39,445 [73] 
日志级别：INFO  
日 志 类：info [(null)] 
,, 

日志时间：2017-10-21 00:02:40,168 [81] 
日志级别：INFO  
日 志 类：info [(null)] 
,, 

日志时间：2017-10-21 00:02:40,860 [73] 
日志级别：INFO  
日 志 类：info [(null)] 
,, 

日志时间：2017-10-21 00:03:51,564 [82] 
日志级别：INFO  
日 志 类：info [(null)] 
,, 

日志时间：2017-10-21 00:06:11,831 [85] 
日志级别：INFO  
日 志 类：info [(null)] 
,, 

日志时间：2017-10-21 00:08:28,153 [87] 
日志级别：INFO  
日 志 类：info [(null)] 
,, 

日志时间：2017-10-21 00:08:42,017 [88] 
日志级别：INFO  
日 志 类：info [(null)] 
b8219ba00c7c587da9a3f6de1802a4f8ebe5e2ff,1508515715,1717921081 

日志时间：2017-10-21 00:08:42,017 [88] 
日志级别：INFO  
日 志 类：info [(null)] 
接收消息:<xml><ToUserName><![CDATA[gh_b26d4dbcc910]]></ToUserName>
<FromUserName><![CDATA[o0YXKt_EJTmDd7Xx3cxZGyGAU5hI]]></FromUserName>
<CreateTime>1508515715</CreateTime>
<MsgType><![CDATA[text]]></MsgType>
<Content><![CDATA[结构性]]></Content>
<MsgId>6479025661870530049</MsgId>
</xml> 

日志时间：2017-10-21 00:08:42,173 [88] 
日志级别：INFO  
日 志 类：info [(null)] 
返回消息:<xml><ToUserName><![CDATA[o0YXKt_EJTmDd7Xx3cxZGyGAU5hI]]></ToUserName><FromUserName><![CDATA[gh_b26d4dbcc910]]></FromUserName ><CreateTime>1508515722</CreateTime><MsgType><![CDATA[text]]></MsgType><Content><![CDATA[回复你好]]></Content></xml> 

日志时间：2017-10-21 00:11:02,690 [93] 
日志级别：INFO  
日 志 类：info [(null)] 
136899362df811b30f073b22b7514e7768634f15,1508515861,2626883693 

日志时间：2017-10-21 00:11:17,029 [77] 
日志级别：INFO  
日 志 类：info [(null)] 
40f3ed8f2e6c10e0d8b9f5def442c7d92d42b9ae,1508515870,1778752525 

日志时间：2017-10-21 00:11:17,029 [77] 
日志级别：INFO  
日 志 类：info [(null)] 
接收消息:<xml><ToUserName><![CDATA[gh_b26d4dbcc910]]></ToUserName>
<FromUserName><![CDATA[o0YXKt_EJTmDd7Xx3cxZGyGAU5hI]]></FromUserName>
<CreateTime>1508515870</CreateTime>
<MsgType><![CDATA[text]]></MsgType>
<Content><![CDATA[方法]]></Content>
<MsgId>6479026327590460942</MsgId>
</xml> 

日志时间：2017-10-21 00:11:17,357 [77] 
日志级别：INFO  
日 志 类：info [(null)] 
返回消息:<xml><ToUserName><![CDATA[o0YXKt_EJTmDd7Xx3cxZGyGAU5hI]]></ToUserName><FromUserName><![CDATA[gh_c133711080c2]]></FromUserName ><CreateTime>1508515877</CreateTime><MsgType><![CDATA[text]]></MsgType><Content><![CDATA[回复你好]]></Content></xml> 

日志时间：2017-10-21 00:19:58,106 [93] 
日志级别：INFO  
日 志 类：info [(null)] 
f539aeddc28e1591db8087c5ca7d2835da09bbdc,1508516396,2821847350 

日志时间：2017-10-21 00:20:44,050 [99] 
日志级别：INFO  
日 志 类：info [(null)] 
,, 

日志时间：2017-10-21 00:20:50,324 [99] 
日志级别：INFO  
日 志 类：info [(null)] 
,, 

日志时间：2017-10-21 00:20:58,280 [97] 
日志级别：INFO  
日 志 类：info [(null)] 
,, 

日志时间：2017-10-21 00:22:34,562 [99] 
日志级别：INFO  
日 志 类：info [(null)] 
,, 

日志时间：2017-10-21 00:25:05,230 [77] 
日志级别：INFO  
日 志 类：info [(null)] 
,, 

日志时间：2017-10-21 00:25:11,672 [77] 
日志级别：INFO  
日 志 类：info [(null)] 
,, 

日志时间：2017-10-21 00:25:19,025 [77] 
日志级别：INFO  
日 志 类：info [(null)] 
,, 

日志时间：2017-10-21 00:25:38,608 [77] 
日志级别：INFO  
日 志 类：info [(null)] 
,, 

日志时间：2017-10-21 00:26:00,192 [77] 
日志级别：INFO  
日 志 类：info [(null)] 
8c6c39e92ba32405c15934d54f99cf13e3da56fd,1508516754,1400773037 

日志时间：2017-10-21 00:26:14,880 [77] 
日志级别：INFO  
日 志 类：info [(null)] 
3cfc4166ccff3c260129e6164091338be2a88fe5,1508516772,897870550 

日志时间：2017-10-21 00:26:21,620 [99] 
日志级别：INFO  
日 志 类：info [(null)] 
b66bd12f58841928eda1bd202b41188edc9ee1a6,1508516780,2384251966 

日志时间：2017-10-21 00:27:10,807 [77] 
日志级别：INFO  
日 志 类：info [(null)] 
8cc33d14ef49e410c9cf2a9182830c55bf149f02,1508516825,393068341 

日志时间：2017-10-21 00:27:15,006 [99] 
日志级别：INFO  
日 志 类：info [(null)] 
8cc33d14ef49e410c9cf2a9182830c55bf149f02,1508516825,393068341 

日志时间：2017-10-21 00:27:15,006 [77] 
日志级别：INFO  
日 志 类：info [(null)] 
接收消息:<xml><ToUserName><![CDATA[gh_c133711080c2]]></ToUserName>
<FromUserName><![CDATA[o28B0v2gMqCzO25QIkDqaX70cSjc]]></FromUserName>
<CreateTime>1508516825</CreateTime>
<MsgType><![CDATA[text]]></MsgType>
<Content><![CDATA[刚刚过分方法]]></Content>
<MsgId>6479030429252197230</MsgId>
</xml> 

日志时间：2017-10-21 00:27:15,006 [99] 
日志级别：INFO  
日 志 类：info [(null)] 
接收消息:<xml><ToUserName><![CDATA[gh_c133711080c2]]></ToUserName>
<FromUserName><![CDATA[o28B0v2gMqCzO25QIkDqaX70cSjc]]></FromUserName>
<CreateTime>1508516825</CreateTime>
<MsgType><![CDATA[text]]></MsgType>
<Content><![CDATA[刚刚过分方法]]></Content>
<MsgId>6479030429252197230</MsgId>
</xml> 

日志时间：2017-10-21 00:27:16,030 [99] 
日志级别：INFO  
日 志 类：info [(null)] 
返回消息:<xml><ToUserName><![CDATA[o28B0v2gMqCzO25QIkDqaX70cSjc]]></ToUserName><FromUserName><![CDATA[gh_c133711080c2]]></FromUserName ><CreateTime>1508516835</CreateTime><MsgType><![CDATA[text]]></MsgType><Content><![CDATA[回复你好]]></Content></xml> 

日志时间：2017-10-21 00:27:16,868 [77] 
日志级别：INFO  
日 志 类：info [(null)] 
返回消息:<xml><ToUserName><![CDATA[o28B0v2gMqCzO25QIkDqaX70cSjc]]></ToUserName><FromUserName><![CDATA[gh_c133711080c2]]></FromUserName ><CreateTime>1508516836</CreateTime><MsgType><![CDATA[text]]></MsgType><Content><![CDATA[回复你好]]></Content></xml> 

日志时间：2017-10-21 00:27:18,128 [104] 
日志级别：INFO  
日 志 类：info [(null)] 
8cc33d14ef49e410c9cf2a9182830c55bf149f02,1508516825,393068341 

日志时间：2017-10-21 00:27:18,128 [104] 
日志级别：INFO  
日 志 类：info [(null)] 
接收消息:<xml><ToUserName><![CDATA[gh_c133711080c2]]></ToUserName>
<FromUserName><![CDATA[o28B0v2gMqCzO25QIkDqaX70cSjc]]></FromUserName>
<CreateTime>1508516825</CreateTime>
<MsgType><![CDATA[text]]></MsgType>
<Content><![CDATA[刚刚过分方法]]></Content>
<MsgId>6479030429252197230</MsgId>
</xml> 

日志时间：2017-10-21 00:27:27,663 [104] 
日志级别：INFO  
日 志 类：info [(null)] 
返回消息:<xml><ToUserName><![CDATA[o28B0v2gMqCzO25QIkDqaX70cSjc]]></ToUserName><FromUserName><![CDATA[gh_c133711080c2]]></FromUserName ><CreateTime>1508516838</CreateTime><MsgType><![CDATA[text]]></MsgType><Content><![CDATA[回复你好]]></Content></xml> 

日志时间：2017-10-21 00:27:41,050 [99] 
日志级别：INFO  
日 志 类：info [(null)] 
,, 

日志时间：2017-10-21 00:27:47,018 [103] 
日志级别：INFO  
日 志 类：info [(null)] 
4305f1d9cf6256bd7d719b6afa370403bc8cb561,1508516865,994860434 

日志时间：2017-10-21 00:27:47,018 [103] 
日志级别：INFO  
日 志 类：info [(null)] 
接收消息:<xml><ToUserName><![CDATA[gh_c133711080c2]]></ToUserName>
<FromUserName><![CDATA[o28B0v2gMqCzO25QIkDqaX70cSjc]]></FromUserName>
<CreateTime>1508516865</CreateTime>
<MsgType><![CDATA[text]]></MsgType>
<Content><![CDATA[的今生今世]]></Content>
<MsgId>6479030601050889077</MsgId>
</xml> 

日志时间：2017-10-21 00:27:47,018 [103] 
日志级别：INFO  
日 志 类：info [(null)] 
返回消息:<xml><ToUserName><![CDATA[o28B0v2gMqCzO25QIkDqaX70cSjc]]></ToUserName><FromUserName><![CDATA[gh_c133711080c2]]></FromUserName ><CreateTime>1508516867</CreateTime><MsgType><![CDATA[text]]></MsgType><Content><![CDATA[回复你好]]></Content></xml> 

日志时间：2017-10-21 00:27:51,003 [99] 
日志级别：INFO  
日 志 类：info [(null)] 
5480769b09736061967b385104b1d068f3aa3eed,1508516869,1057358518 

日志时间：2017-10-21 00:27:51,003 [99] 
日志级别：INFO  
日 志 类：info [(null)] 
接收消息:<xml><ToUserName><![CDATA[gh_c133711080c2]]></ToUserName>
<FromUserName><![CDATA[o28B0v2gMqCzO25QIkDqaX70cSjc]]></FromUserName>
<CreateTime>1508516869</CreateTime>
<MsgType><![CDATA[text]]></MsgType>
<Content><![CDATA[快点快点接电话]]></Content>
<MsgId>6479030618230758263</MsgId>
</xml> 

日志时间：2017-10-21 00:27:51,003 [99] 
日志级别：INFO  
日 志 类：info [(null)] 
返回消息:<xml><ToUserName><![CDATA[o28B0v2gMqCzO25QIkDqaX70cSjc]]></ToUserName><FromUserName><![CDATA[gh_c133711080c2]]></FromUserName ><CreateTime>1508516871</CreateTime><MsgType><![CDATA[text]]></MsgType><Content><![CDATA[回复你好]]></Content></xml> 

日志时间：2017-10-21 00:27:54,864 [104] 
日志级别：INFO  
日 志 类：info [(null)] 
1f2a754859f56723b0c9b3b1b7c6ef2fa1891513,1508516873,329016290 

日志时间：2017-10-21 00:27:54,864 [104] 
日志级别：INFO  
日 志 类：info [(null)] 
接收消息:<xml><ToUserName><![CDATA[gh_c133711080c2]]></ToUserName>
<FromUserName><![CDATA[o28B0v2gMqCzO25QIkDqaX70cSjc]]></FromUserName>
<CreateTime>1508516873</CreateTime>
<MsgType><![CDATA[text]]></MsgType>
<Content><![CDATA[继续举行好活动]]></Content>
<MsgId>6479030635410627451</MsgId>
</xml> 

日志时间：2017-10-21 00:27:54,864 [104] 
日志级别：INFO  
日 志 类：info [(null)] 
返回消息:<xml><ToUserName><![CDATA[o28B0v2gMqCzO25QIkDqaX70cSjc]]></ToUserName><FromUserName><![CDATA[gh_c133711080c2]]></FromUserName ><CreateTime>1508516874</CreateTime><MsgType><![CDATA[text]]></MsgType><Content><![CDATA[回复你好]]></Content></xml> 

日志时间：2017-10-21 00:27:57,364 [77] 
日志级别：INFO  
日 志 类：info [(null)] 
f086e6f9583bea0236636f1db5e614a6608192ab,1508516876,1592064567 

日志时间：2017-10-21 00:27:57,364 [77] 
日志级别：INFO  
日 志 类：info [(null)] 
接收消息:<xml><ToUserName><![CDATA[gh_c133711080c2]]></ToUserName>
<FromUserName><![CDATA[o28B0v2gMqCzO25QIkDqaX70cSjc]]></FromUserName>
<CreateTime>1508516876</CreateTime>
<MsgType><![CDATA[text]]></MsgType>
<Content><![CDATA[顶焦度计多久]]></Content>
<MsgId>6479030648295529341</MsgId>
</xml> 

日志时间：2017-10-21 00:27:57,364 [77] 
日志级别：INFO  
日 志 类：info [(null)] 
返回消息:<xml><ToUserName><![CDATA[o28B0v2gMqCzO25QIkDqaX70cSjc]]></ToUserName><FromUserName><![CDATA[gh_c133711080c2]]></FromUserName ><CreateTime>1508516877</CreateTime><MsgType><![CDATA[text]]></MsgType><Content><![CDATA[回复你好]]></Content></xml> 

日志时间：2017-10-21 00:28:00,268 [102] 
日志级别：INFO  
日 志 类：info [(null)] 
ca53e09bad1f7760f642751db61f41adbbaf1205,1508516879,1005563243 

日志时间：2017-10-21 00:28:00,283 [102] 
日志级别：INFO  
日 志 类：info [(null)] 
接收消息:<xml><ToUserName><![CDATA[gh_c133711080c2]]></ToUserName>
<FromUserName><![CDATA[o28B0v2gMqCzO25QIkDqaX70cSjc]]></FromUserName>
<CreateTime>1508516878</CreateTime>
<MsgType><![CDATA[text]]></MsgType>
<Content><![CDATA[风风光光]]></Content>
<MsgId>6479030656885463935</MsgId>
</xml> 

日志时间：2017-10-21 00:28:00,283 [102] 
日志级别：INFO  
日 志 类：info [(null)] 
返回消息:<xml><ToUserName><![CDATA[o28B0v2gMqCzO25QIkDqaX70cSjc]]></ToUserName><FromUserName><![CDATA[gh_c133711080c2]]></FromUserName ><CreateTime>1508516880</CreateTime><MsgType><![CDATA[text]]></MsgType><Content><![CDATA[回复你好]]></Content></xml> 

日志时间：2017-10-21 00:28:02,881 [102] 
日志级别：INFO  
日 志 类：info [(null)] 
9d8b6a3780e8b666bcdf02fed6459006e384d989,1508516881,687834274 

日志时间：2017-10-21 00:28:02,881 [102] 
日志级别：INFO  
日 志 类：info [(null)] 
接收消息:<xml><ToUserName><![CDATA[gh_c133711080c2]]></ToUserName>
<FromUserName><![CDATA[o28B0v2gMqCzO25QIkDqaX70cSjc]]></FromUserName>
<CreateTime>1508516881</CreateTime>
<MsgType><![CDATA[text]]></MsgType>
<Content><![CDATA[滚滚滚]]></Content>
<MsgId>6479030669770365825</MsgId>
</xml> 

日志时间：2017-10-21 00:28:02,881 [102] 
日志级别：INFO  
日 志 类：info [(null)] 
返回消息:<xml><ToUserName><![CDATA[o28B0v2gMqCzO25QIkDqaX70cSjc]]></ToUserName><FromUserName><![CDATA[gh_c133711080c2]]></FromUserName ><CreateTime>1508516882</CreateTime><MsgType><![CDATA[text]]></MsgType><Content><![CDATA[回复你好]]></Content></xml> 

日志时间：2017-10-21 00:28:05,578 [104] 
日志级别：INFO  
日 志 类：info [(null)] 
f413c0421309c2701a4ca38cf07d8293d8d840c4,1508516884,586823630 

日志时间：2017-10-21 00:28:05,578 [104] 
日志级别：INFO  
日 志 类：info [(null)] 
接收消息:<xml><ToUserName><![CDATA[gh_c133711080c2]]></ToUserName>
<FromUserName><![CDATA[o28B0v2gMqCzO25QIkDqaX70cSjc]]></FromUserName>
<CreateTime>1508516884</CreateTime>
<MsgType><![CDATA[text]]></MsgType>
<Content><![CDATA[深深的]]></Content>
<MsgId>6479030682655267715</MsgId>
</xml> 

日志时间：2017-10-21 00:28:05,578 [104] 
日志级别：INFO  
日 志 类：info [(null)] 
返回消息:<xml><ToUserName><![CDATA[o28B0v2gMqCzO25QIkDqaX70cSjc]]></ToUserName><FromUserName><![CDATA[gh_c133711080c2]]></FromUserName ><CreateTime>1508516885</CreateTime><MsgType><![CDATA[text]]></MsgType><Content><![CDATA[回复你好]]></Content></xml> 

日志时间：2017-10-21 00:28:08,111 [99] 
日志级别：INFO  
日 志 类：info [(null)] 
46e629c4a0977df994a7ffba5c44d6f658c20e3d,1508516887,314092905 

日志时间：2017-10-21 00:28:08,111 [99] 
日志级别：INFO  
日 志 类：info [(null)] 
接收消息:<xml><ToUserName><![CDATA[gh_c133711080c2]]></ToUserName>
<FromUserName><![CDATA[o28B0v2gMqCzO25QIkDqaX70cSjc]]></FromUserName>
<CreateTime>1508516886</CreateTime>
<MsgType><![CDATA[text]]></MsgType>
<Content><![CDATA[风风光光]]></Content>
<MsgId>6479030691245202309</MsgId>
</xml> 

日志时间：2017-10-21 00:28:08,111 [99] 
日志级别：INFO  
日 志 类：info [(null)] 
返回消息:<xml><ToUserName><![CDATA[o28B0v2gMqCzO25QIkDqaX70cSjc]]></ToUserName><FromUserName><![CDATA[gh_c133711080c2]]></FromUserName ><CreateTime>1508516888</CreateTime><MsgType><![CDATA[text]]></MsgType><Content><![CDATA[回复你好]]></Content></xml> 

日志时间：2017-10-21 00:28:10,503 [102] 
日志级别：INFO  
日 志 类：info [(null)] 
9a965678fc1051977598cc0c0248687399799ffc,1508516889,336502823 

日志时间：2017-10-21 00:28:10,518 [102] 
日志级别：INFO  
日 志 类：info [(null)] 
接收消息:<xml><ToUserName><![CDATA[gh_c133711080c2]]></ToUserName>
<FromUserName><![CDATA[o28B0v2gMqCzO25QIkDqaX70cSjc]]></FromUserName>
<CreateTime>1508516889</CreateTime>
<MsgType><![CDATA[text]]></MsgType>
<Content><![CDATA[好好过]]></Content>
<MsgId>6479030704130104199</MsgId>
</xml> 

日志时间：2017-10-21 00:28:10,518 [102] 
日志级别：INFO  
日 志 类：info [(null)] 
返回消息:<xml><ToUserName><![CDATA[o28B0v2gMqCzO25QIkDqaX70cSjc]]></ToUserName><FromUserName><![CDATA[gh_c133711080c2]]></FromUserName ><CreateTime>1508516890</CreateTime><MsgType><![CDATA[text]]></MsgType><Content><![CDATA[回复你好]]></Content></xml> 

日志时间：2017-10-21 00:28:13,380 [99] 
日志级别：INFO  
日 志 类：info [(null)] 
8ee99d06fa578767a92c0a3993f8b7c5c4c74919,1508516892,442955212 

日志时间：2017-10-21 00:28:13,380 [99] 
日志级别：INFO  
日 志 类：info [(null)] 
接收消息:<xml><ToUserName><![CDATA[gh_c133711080c2]]></ToUserName>
<FromUserName><![CDATA[o28B0v2gMqCzO25QIkDqaX70cSjc]]></FromUserName>
<CreateTime>1508516891</CreateTime>
<MsgType><![CDATA[text]]></MsgType>
<Content><![CDATA[发发发]]></Content>
<MsgId>6479030712720038793</MsgId>
</xml> 

日志时间：2017-10-21 00:28:13,380 [99] 
日志级别：INFO  
日 志 类：info [(null)] 
返回消息:<xml><ToUserName><![CDATA[o28B0v2gMqCzO25QIkDqaX70cSjc]]></ToUserName><FromUserName><![CDATA[gh_c133711080c2]]></FromUserName ><CreateTime>1508516893</CreateTime><MsgType><![CDATA[text]]></MsgType><Content><![CDATA[回复你好]]></Content></xml> 

日志时间：2017-10-21 00:28:15,660 [77] 
日志级别：INFO  
日 志 类：info [(null)] 
89c6690206e93869c44e103547b63fe875a5353d,1508516894,625968669 

日志时间：2017-10-21 00:28:15,661 [77] 
日志级别：INFO  
日 志 类：info [(null)] 
接收消息:<xml><ToUserName><![CDATA[gh_c133711080c2]]></ToUserName>
<FromUserName><![CDATA[o28B0v2gMqCzO25QIkDqaX70cSjc]]></FromUserName>
<CreateTime>1508516894</CreateTime>
<MsgType><![CDATA[text]]></MsgType>
<Content><![CDATA[反反复复]]></Content>
<MsgId>6479030725604940683</MsgId>
</xml> 

日志时间：2017-10-21 00:28:15,665 [77] 
日志级别：INFO  
日 志 类：info [(null)] 
返回消息:<xml><ToUserName><![CDATA[o28B0v2gMqCzO25QIkDqaX70cSjc]]></ToUserName><FromUserName><![CDATA[gh_c133711080c2]]></FromUserName ><CreateTime>1508516895</CreateTime><MsgType><![CDATA[text]]></MsgType><Content><![CDATA[回复你好]]></Content></xml> 

日志时间：2017-10-21 00:28:29,451 [104] 
日志级别：INFO  
日 志 类：info [(null)] 
9162c5e72c5d1bcc7b822a5427baec91afc3d4e2,1508516908,131606659 

日志时间：2017-10-21 00:28:29,451 [104] 
日志级别：INFO  
日 志 类：info [(null)] 
接收消息:<xml><ToUserName><![CDATA[gh_c133711080c2]]></ToUserName>
<FromUserName><![CDATA[o28B0v2gMqCzO25QIkDqaX70cSjc]]></FromUserName>
<CreateTime>1508516908</CreateTime>
<MsgType><![CDATA[text]]></MsgType>
<Content><![CDATA[还好过分]]></Content>
<MsgId>6479030785734482829</MsgId>
</xml> 

日志时间：2017-10-21 00:28:29,451 [104] 
日志级别：INFO  
日 志 类：info [(null)] 
返回消息:<xml><ToUserName><![CDATA[o28B0v2gMqCzO25QIkDqaX70cSjc]]></ToUserName><FromUserName><![CDATA[gh_c133711080c2]]></FromUserName ><CreateTime>1508516909</CreateTime><MsgType><![CDATA[text]]></MsgType><Content><![CDATA[回复你好]]></Content></xml> 

日志时间：2017-10-21 00:28:35,520 [102] 
日志级别：INFO  
日 志 类：info [(null)] 
ca8c3bd9b421984c1a6304a5bf89a8b36908e33b,1508516914,912841871 

日志时间：2017-10-21 00:28:35,520 [102] 
日志级别：INFO  
日 志 类：info [(null)] 
接收消息:<xml><ToUserName><![CDATA[gh_c133711080c2]]></ToUserName>
<FromUserName><![CDATA[o28B0v2gMqCzO25QIkDqaX70cSjc]]></FromUserName>
<CreateTime>1508516914</CreateTime>
<MsgType><![CDATA[text]]></MsgType>
<Content><![CDATA[哈哈哈哈]]></Content>
<MsgId>6479030811504286607</MsgId>
</xml> 

日志时间：2017-10-21 00:28:35,550 [102] 
日志级别：INFO  
日 志 类：info [(null)] 
返回消息:<xml><ToUserName><![CDATA[o28B0v2gMqCzO25QIkDqaX70cSjc]]></ToUserName><FromUserName><![CDATA[gh_c133711080c2]]></FromUserName ><CreateTime>1508516915</CreateTime><MsgType><![CDATA[text]]></MsgType><Content><![CDATA[回复你好]]></Content></xml> 

日志时间：2017-10-21 00:28:57,763 [77] 
日志级别：INFO  
日 志 类：info [(null)] 
8454374e85e81ebdcc7552751026fcdcb6042059,1508516936,743248108 

日志时间：2017-10-21 00:28:57,763 [77] 
日志级别：INFO  
日 志 类：info [(null)] 
接收消息:<xml><ToUserName><![CDATA[gh_c133711080c2]]></ToUserName>
<FromUserName><![CDATA[o28B0v2gMqCzO25QIkDqaX70cSjc]]></FromUserName>
<CreateTime>1508516936</CreateTime>
<MsgType><![CDATA[text]]></MsgType>
<Content><![CDATA[搞活经济]]></Content>
<MsgId>6479030905993567121</MsgId>
</xml> 

日志时间：2017-10-21 00:28:57,763 [77] 
日志级别：INFO  
日 志 类：info [(null)] 
返回消息:<xml><ToUserName><![CDATA[o28B0v2gMqCzO25QIkDqaX70cSjc]]></ToUserName><FromUserName><![CDATA[gh_c133711080c2]]></FromUserName ><CreateTime>1508516937</CreateTime><MsgType><![CDATA[text]]></MsgType><Content><![CDATA[回复你好]]></Content></xml> 

日志时间：2017-10-21 00:28:59,752 [94] 
日志级别：INFO  
日 志 类：info [(null)] 
046cee804d7fd559ee83e9e9690952dd98265117,1508516938,1912876753 

日志时间：2017-10-21 00:28:59,752 [94] 
日志级别：INFO  
日 志 类：info [(null)] 
接收消息:<xml><ToUserName><![CDATA[gh_c133711080c2]]></ToUserName>
<FromUserName><![CDATA[o28B0v2gMqCzO25QIkDqaX70cSjc]]></FromUserName>
<CreateTime>1508516938</CreateTime>
<MsgType><![CDATA[text]]></MsgType>
<Content><![CDATA[发发发]]></Content>
<MsgId>6479030914583501715</MsgId>
</xml> 

日志时间：2017-10-21 00:28:59,752 [94] 
日志级别：INFO  
日 志 类：info [(null)] 
返回消息:<xml><ToUserName><![CDATA[o28B0v2gMqCzO25QIkDqaX70cSjc]]></ToUserName><FromUserName><![CDATA[gh_c133711080c2]]></FromUserName ><CreateTime>1508516939</CreateTime><MsgType><![CDATA[text]]></MsgType><Content><![CDATA[回复你好]]></Content></xml> 

日志时间：2017-10-21 00:29:01,383 [99] 
日志级别：INFO  
日 志 类：info [(null)] 
7819196d3234b9ed2f0bad3ee6b093c4a268d679,1508516940,838733187 

日志时间：2017-10-21 00:29:01,383 [99] 
日志级别：INFO  
日 志 类：info [(null)] 
接收消息:<xml><ToUserName><![CDATA[gh_c133711080c2]]></ToUserName>
<FromUserName><![CDATA[o28B0v2gMqCzO25QIkDqaX70cSjc]]></FromUserName>
<CreateTime>1508516939</CreateTime>
<MsgType><![CDATA[text]]></MsgType>
<Content><![CDATA[方法]]></Content>
<MsgId>6479030918878469013</MsgId>
</xml> 

日志时间：2017-10-21 00:29:01,383 [99] 
日志级别：INFO  
日 志 类：info [(null)] 
返回消息:<xml><ToUserName><![CDATA[o28B0v2gMqCzO25QIkDqaX70cSjc]]></ToUserName><FromUserName><![CDATA[gh_c133711080c2]]></FromUserName ><CreateTime>1508516941</CreateTime><MsgType><![CDATA[text]]></MsgType><Content><![CDATA[回复你好]]></Content></xml> 

日志时间：2017-10-21 00:29:02,583 [104] 
日志级别：INFO  
日 志 类：info [(null)] 
2b579a7c27cffa387351e3b9a18fdf0951bb821d,1508516941,989806196 

日志时间：2017-10-21 00:29:02,598 [104] 
日志级别：INFO  
日 志 类：info [(null)] 
接收消息:<xml><ToUserName><![CDATA[gh_c133711080c2]]></ToUserName>
<FromUserName><![CDATA[o28B0v2gMqCzO25QIkDqaX70cSjc]]></FromUserName>
<CreateTime>1508516941</CreateTime>
<MsgType><![CDATA[text]]></MsgType>
<Content><![CDATA[肉肉肉]]></Content>
<MsgId>6479030927468403607</MsgId>
</xml> 

日志时间：2017-10-21 00:29:02,598 [104] 
日志级别：INFO  
日 志 类：info [(null)] 
返回消息:<xml><ToUserName><![CDATA[o28B0v2gMqCzO25QIkDqaX70cSjc]]></ToUserName><FromUserName><![CDATA[gh_c133711080c2]]></FromUserName ><CreateTime>1508516942</CreateTime><MsgType><![CDATA[text]]></MsgType><Content><![CDATA[回复你好]]></Content></xml> 

日志时间：2017-10-21 00:29:03,773 [94] 
日志级别：INFO  
日 志 类：info [(null)] 
b96e59e82931214d2e8468e980def05d11070338,1508516942,1793388123 

日志时间：2017-10-21 00:29:03,773 [94] 
日志级别：INFO  
日 志 类：info [(null)] 
接收消息:<xml><ToUserName><![CDATA[gh_c133711080c2]]></ToUserName>
<FromUserName><![CDATA[o28B0v2gMqCzO25QIkDqaX70cSjc]]></FromUserName>
<CreateTime>1508516942</CreateTime>
<MsgType><![CDATA[text]]></MsgType>
<Content><![CDATA[发发发]]></Content>
<MsgId>6479030931763370905</MsgId>
</xml> 

日志时间：2017-10-21 00:29:03,789 [94] 
日志级别：INFO  
日 志 类：info [(null)] 
返回消息:<xml><ToUserName><![CDATA[o28B0v2gMqCzO25QIkDqaX70cSjc]]></ToUserName><FromUserName><![CDATA[gh_c133711080c2]]></FromUserName ><CreateTime>1508516943</CreateTime><MsgType><![CDATA[text]]></MsgType><Content><![CDATA[回复你好]]></Content></xml> 

日志时间：2017-10-21 00:29:08,347 [99] 
日志级别：INFO  
日 志 类：info [(null)] 
c27ec627711a3cd019d721df3c20b42e2dcfdbf4,1508516947,165520515 

日志时间：2017-10-21 00:29:08,347 [99] 
日志级别：INFO  
日 志 类：info [(null)] 
接收消息:<xml><ToUserName><![CDATA[gh_c133711080c2]]></ToUserName>
<FromUserName><![CDATA[o28B0v2gMqCzO25QIkDqaX70cSjc]]></FromUserName>
<CreateTime>1508516947</CreateTime>
<MsgType><![CDATA[text]]></MsgType>
<Content><![CDATA[ffrhf]]></Content>
<MsgId>6479030953238207387</MsgId>
</xml> 

日志时间：2017-10-21 00:29:08,347 [99] 
日志级别：INFO  
日 志 类：info [(null)] 
返回消息:<xml><ToUserName><![CDATA[o28B0v2gMqCzO25QIkDqaX70cSjc]]></ToUserName><FromUserName><![CDATA[gh_c133711080c2]]></FromUserName ><CreateTime>1508516948</CreateTime><MsgType><![CDATA[text]]></MsgType><Content><![CDATA[回复你好]]></Content></xml> 

日志时间：2017-10-21 00:29:09,910 [102] 
日志级别：INFO  
日 志 类：info [(null)] 
8ee63d62bb82e7523eaeedbc726b2f76d5889814,1508516948,1451984882 

日志时间：2017-10-21 00:29:09,910 [102] 
日志级别：INFO  
日 志 类：info [(null)] 
接收消息:<xml><ToUserName><![CDATA[gh_c133711080c2]]></ToUserName>
<FromUserName><![CDATA[o28B0v2gMqCzO25QIkDqaX70cSjc]]></FromUserName>
<CreateTime>1508516948</CreateTime>
<MsgType><![CDATA[text]]></MsgType>
<Content><![CDATA[丰富的]]></Content>
<MsgId>6479030957533174685</MsgId>
</xml> 

日志时间：2017-10-21 00:29:09,910 [102] 
日志级别：INFO  
日 志 类：info [(null)] 
返回消息:<xml><ToUserName><![CDATA[o28B0v2gMqCzO25QIkDqaX70cSjc]]></ToUserName><FromUserName><![CDATA[gh_c133711080c2]]></FromUserName ><CreateTime>1508516949</CreateTime><MsgType><![CDATA[text]]></MsgType><Content><![CDATA[回复你好]]></Content></xml> 

日志时间：2017-10-21 01:22:24,004 [6] 
日志级别：INFO  
日 志 类：info [(null)] 
,, 

日志时间：2017-10-21 01:22:31,803 [6] 
日志级别：INFO  
日 志 类：info [(null)] 
b78993131a5f2c70de7efd18852d8a2a973fa189,1508520150,4205595921 

日志时间：2017-10-21 01:23:00,629 [5] 
日志级别：INFO  
日 志 类：info [(null)] 
,, 

日志时间：2017-10-21 01:23:16,007 [11] 
日志级别：INFO  
日 志 类：info [(null)] 
e56fc53ba838f95af0d249f8b4bae29076f2f7b6,1508520194,114661333 

日志时间：2017-10-21 01:23:16,007 [11] 
日志级别：INFO  
日 志 类：info [(null)] 
接收消息:<xml><ToUserName><![CDATA[gh_b26d4dbcc910]]></ToUserName>
<FromUserName><![CDATA[o0YXKt_EJTmDd7Xx3cxZGyGAU5hI]]></FromUserName>
<CreateTime>1508520194</CreateTime>
<MsgType><![CDATA[text]]></MsgType>
<Content><![CDATA[豪华房]]></Content>
<MsgId>6479044899029049154</MsgId>
</xml> 

日志时间：2017-10-21 01:23:16,476 [11] 
日志级别：INFO  
日 志 类：info [(null)] 
返回消息:<xml><ToUserName><![CDATA[o0YXKt_EJTmDd7Xx3cxZGyGAU5hI]]></ToUserName><FromUserName><![CDATA[gh_b26d4dbcc910]]></FromUserName ><CreateTime>1508520196</CreateTime><MsgType><![CDATA[text]]></MsgType><Content><![CDATA[回复你好]]></Content></xml> 

日志时间：2017-10-21 18:09:31,799 [9] 
日志级别：INFO  
日 志 类：info [(null)] 
,, 

日志时间：2017-10-21 18:09:39,382 [11] 
日志级别：INFO  
日 志 类：info [(null)] 
,, 

日志时间：2017-10-21 18:09:43,004 [11] 
日志级别：INFO  
日 志 类：info [(null)] 
,, 

日志时间：2017-10-21 18:13:10,688 [12] 
日志级别：INFO  
日 志 类：info [(null)] 
,, 

日志时间：2017-10-21 18:13:12,843 [18] 
日志级别：INFO  
日 志 类：info [(null)] 
,, 

日志时间：2017-10-21 18:13:20,403 [12] 
日志级别：INFO  
日 志 类：info [(null)] 
53471041436bb4f5b5bea9540ea45a23027075b8,1508580799,1703156450 

日志时间：2017-10-21 18:13:20,403 [12] 
日志级别：INFO  
日 志 类：info [(null)] 
接收消息:<xml><ToUserName><![CDATA[gh_b26d4dbcc910]]></ToUserName>
<FromUserName><![CDATA[o0YXKt_EJTmDd7Xx3cxZGyGAU5hI]]></FromUserName>
<CreateTime>1508580799</CreateTime>
<MsgType><![CDATA[event]]></MsgType>
<Event><![CDATA[subscribe]]></Event>
<EventKey><![CDATA[]]></EventKey>
</xml> 

日志时间：2017-10-21 18:13:20,700 [12] 
日志级别：INFO  
日 志 类：info [(null)] 
返回消息:<xml><ToUserName><![CDATA[o0YXKt_EJTmDd7Xx3cxZGyGAU5hI]]></ToUserName><FromUserName><![CDATA[gh_b26d4dbcc910]]></FromUserName ><CreateTime>1508580800</CreateTime><MsgType><![CDATA[text]]></MsgType><Content><![CDATA[回复你好]]></Content></xml> 

日志时间：2017-10-21 18:14:53,996 [17] 
日志级别：INFO  
日 志 类：info [(null)] 
30080ec9a8098dcb8856697547576328f526a44b,1508580892,151355210 

日志时间：2017-10-21 18:14:53,996 [17] 
日志级别：INFO  
日 志 类：info [(null)] 
接收消息:<xml><ToUserName><![CDATA[gh_b26d4dbcc910]]></ToUserName>
<FromUserName><![CDATA[o0YXKt_EJTmDd7Xx3cxZGyGAU5hI]]></FromUserName>
<CreateTime>1508580892</CreateTime>
<MsgType><![CDATA[text]]></MsgType>
<Content><![CDATA[好过分]]></Content>
<MsgId>6479305594953989963</MsgId>
</xml> 

日志时间：2017-10-21 18:14:54,043 [17] 
日志级别：INFO  
日 志 类：info [(null)] 
返回消息:<xml><ToUserName><![CDATA[o0YXKt_EJTmDd7Xx3cxZGyGAU5hI]]></ToUserName><FromUserName><![CDATA[gh_b26d4dbcc910]]></FromUserName ><CreateTime>1508580894</CreateTime><MsgType><![CDATA[text]]></MsgType><Content><![CDATA[回复你好]]></Content></xml> 

日志时间：2017-10-21 18:15:42,571 [17] 
日志级别：INFO  
日 志 类：info [(null)] 
,, 

日志时间：2017-10-21 18:16:36,847 [22] 
日志级别：INFO  
日 志 类：info [(null)] 
,, 

日志时间：2017-10-21 18:16:43,346 [23] 
日志级别：INFO  
日 志 类：info [(null)] 
a24818ad79d7b1c8b31d3c68c4bb21d8a43bb459,1508581002,1308943219 

日志时间：2017-10-21 18:16:43,346 [23] 
日志级别：INFO  
日 志 类：info [(null)] 
接收消息:<xml><ToUserName><![CDATA[gh_b26d4dbcc910]]></ToUserName>
<FromUserName><![CDATA[o0YXKt_EJTmDd7Xx3cxZGyGAU5hI]]></FromUserName>
<CreateTime>1508581001</CreateTime>
<MsgType><![CDATA[text]]></MsgType>
<Content><![CDATA[韩国代购哈]]></Content>
<MsgId>6479306063105425249</MsgId>
</xml> 

日志时间：2017-10-21 18:16:43,502 [23] 
日志级别：INFO  
日 志 类：info [(null)] 
返回消息:<xml><ToUserName><![CDATA[gh_b26d4dbcc910]]></ToUserName><FromUserName><![CDATA[o0YXKt_EJTmDd7Xx3cxZGyGAU5hI]]></FromUserName ><CreateTime>1508581003</CreateTime><MsgType><![CDATA[text]]></MsgType><Content><![CDATA[回复你好]]></Content></xml> 

日志时间：2017-10-21 18:25:43,047 [22] 
日志级别：INFO  
日 志 类：info [(null)] 
,, 

日志时间：2017-10-21 18:25:47,023 [18] 
日志级别：INFO  
日 志 类：info [(null)] 
,, 

日志时间：2017-10-21 18:25:47,788 [14] 
日志级别：INFO  
日 志 类：info [(null)] 
,, 

日志时间：2017-10-21 18:25:59,649 [20] 
日志级别：INFO  
日 志 类：info [(null)] 
,, 

日志时间：2017-10-21 18:26:14,467 [14] 
日志级别：INFO  
日 志 类：info [(null)] 
79d5eff7460ceeee0ae1388056115bdbb61c4027,1508581567,475272252 

日志时间：2017-10-21 18:26:14,467 [14] 
日志级别：INFO  
日 志 类：info [(null)] 
接收消息:<xml><ToUserName><![CDATA[gh_b26d4dbcc910]]></ToUserName>
<FromUserName><![CDATA[o0YXKt_EJTmDd7Xx3cxZGyGAU5hI]]></FromUserName>
<CreateTime>1508581567</CreateTime>
<MsgType><![CDATA[text]]></MsgType>
<Content><![CDATA[考试结束]]></Content>
<MsgId>6479308494056914873</MsgId>
</xml> 

日志时间：2017-10-21 18:26:14,782 [14] 
日志级别：INFO  
日 志 类：info [(null)] 
返回消息:<xml>
                            <ToUserName><![CDATA[o0YXKt_EJTmDd7Xx3cxZGyGAU5hI]]></ToUserName>
                            <FromUserName><![CDATA[gh_b26d4dbcc910]]></FromUserName>
                            <CreateTime>636442071747827589</CreateTime>
                            <MsgType><![CDATA[text]]></MsgType>
                            <Content><![CDATA[回复测试]]></Content>
                            </xml> 

日志时间：2017-10-21 18:31:12,984 [14] 
日志级别：INFO  
日 志 类：info [(null)] 
,, 

日志时间：2017-10-21 18:31:22,367 [23] 
日志级别：INFO  
日 志 类：info [(null)] 
8fdecab363fbb6394bb8a4baddbd2ad2e2b01045,1508581880,142690006 

日志时间：2017-10-21 18:31:22,367 [23] 
日志级别：INFO  
日 志 类：info [(null)] 
接收消息:<xml><ToUserName><![CDATA[gh_b26d4dbcc910]]></ToUserName>
<FromUserName><![CDATA[o0YXKt_EJTmDd7Xx3cxZGyGAU5hI]]></FromUserName>
<CreateTime>1508581880</CreateTime>
<MsgType><![CDATA[text]]></MsgType>
<Content><![CDATA[韩国歌]]></Content>
<MsgId>6479309838381678582</MsgId>
</xml> 

日志时间：2017-10-21 18:31:22,649 [23] 
日志级别：INFO  
日 志 类：info [(null)] 
返回消息:<xml><ToUserName><![CDATA[o0YXKt_EJTmDd7Xx3cxZGyGAU5hI]]></ToUserName><FromUserName><![CDATA[gh_b26d4dbcc910]]></FromUserName><CreateTime>636442074826492239</CreateTime><MsgType><![CDATA[text]]></MsgType><Content><![CDATA[回复测试]]></Content></xml> 

日志时间：2017-10-21 18:31:24,993 [18] 
日志级别：INFO  
日 志 类：info [(null)] 
63d4a8d3018845fd972be239d848762f2e311f7b,1508581873,2144681324 

日志时间：2017-10-21 18:31:24,993 [18] 
日志级别：INFO  
日 志 类：info [(null)] 
接收消息:<xml><ToUserName><![CDATA[gh_b26d4dbcc910]]></ToUserName>
<FromUserName><![CDATA[o0YXKt_EJTmDd7Xx3cxZGyGAU5hI]]></FromUserName>
<CreateTime>1508581873</CreateTime>
<MsgType><![CDATA[text]]></MsgType>
<Content><![CDATA[科技馆]]></Content>
<MsgId>6479309808316907508</MsgId>
</xml> 

日志时间：2017-10-21 18:31:24,993 [18] 
日志级别：INFO  
日 志 类：info [(null)] 
返回消息:<xml><ToUserName><![CDATA[o0YXKt_EJTmDd7Xx3cxZGyGAU5hI]]></ToUserName><FromUserName><![CDATA[gh_b26d4dbcc910]]></FromUserName><CreateTime>636442074849930583</CreateTime><MsgType><![CDATA[text]]></MsgType><Content><![CDATA[回复测试]]></Content></xml> 

日志时间：2017-10-21 18:31:25,341 [17] 
日志级别：INFO  
日 志 类：info [(null)] 
,, 

日志时间：2017-10-21 18:31:29,206 [20] 
日志级别：INFO  
日 志 类：info [(null)] 
60a5adeb85d5bcbf31a53d445d8d7f652594121f,1508581887,1149743088 

日志时间：2017-10-21 18:31:29,206 [20] 
日志级别：INFO  
日 志 类：info [(null)] 
接收消息:<xml><ToUserName><![CDATA[gh_b26d4dbcc910]]></ToUserName>
<FromUserName><![CDATA[o0YXKt_EJTmDd7Xx3cxZGyGAU5hI]]></FromUserName>
<CreateTime>1508581887</CreateTime>
<MsgType><![CDATA[text]]></MsgType>
<Content><![CDATA[就会更丰富]]></Content>
<MsgId>6479309868446449658</MsgId>
</xml> 

日志时间：2017-10-21 18:31:29,378 [20] 
日志级别：INFO  
日 志 类：info [(null)] 
返回消息:<xml><ToUserName><![CDATA[o0YXKt_EJTmDd7Xx3cxZGyGAU5hI]]></ToUserName><FromUserName><![CDATA[gh_b26d4dbcc910]]></FromUserName><CreateTime>636442074893786136</CreateTime><MsgType><![CDATA[text]]></MsgType><Content><![CDATA[回复测试]]></Content></xml> 

日志时间：2017-10-21 18:33:31,788 [20] 
日志级别：INFO  
日 志 类：info [(null)] 
,, 

日志时间：2017-10-21 18:33:40,778 [21] 
日志级别：INFO  
日 志 类：info [(null)] 
c49f6e78ad8d7d880f52a45c129e4aa692ab01de,1508582019,725640078 

日志时间：2017-10-21 18:33:40,778 [21] 
日志级别：INFO  
日 志 类：info [(null)] 
接收消息:<xml><ToUserName><![CDATA[gh_b26d4dbcc910]]></ToUserName>
<FromUserName><![CDATA[o0YXKt_EJTmDd7Xx3cxZGyGAU5hI]]></FromUserName>
<CreateTime>1508582019</CreateTime>
<MsgType><![CDATA[text]]></MsgType>
<Content><![CDATA[就好过分]]></Content>
<MsgId>6479310435382132791</MsgId>
</xml> 

日志时间：2017-10-21 18:33:40,903 [21] 
日志级别：INFO  
日 志 类：info [(null)] 
返回消息:<xml><ToUserName><![CDATA[o0YXKt_EJTmDd7Xx3cxZGyGAU5hI]]></ToUserName><FromUserName><![CDATA[gh_b26d4dbcc910]]></FromUserName ><CreateTime>636442076209033311</CreateTime><MsgType><![CDATA[text]]></MsgType><Content><![CDATA[回复你好]]></Content></xml> 

日志时间：2017-10-21 18:33:45,137 [17] 
日志级别：INFO  
日 志 类：info [(null)] 
29b7edf106b7115f425f4f8e16e51baf6f733067,1508582023,1902597820 

日志时间：2017-10-21 18:33:45,137 [17] 
日志级别：INFO  
日 志 类：info [(null)] 
接收消息:<xml><ToUserName><![CDATA[gh_b26d4dbcc910]]></ToUserName>
<FromUserName><![CDATA[o0YXKt_EJTmDd7Xx3cxZGyGAU5hI]]></FromUserName>
<CreateTime>1508582023</CreateTime>
<MsgType><![CDATA[text]]></MsgType>
<Content><![CDATA[就好过分]]></Content>
<MsgId>6479310452562001982</MsgId>
</xml> 

日志时间：2017-10-21 18:33:45,137 [17] 
日志级别：INFO  
日 志 类：info [(null)] 
返回消息:<xml><ToUserName><![CDATA[o0YXKt_EJTmDd7Xx3cxZGyGAU5hI]]></ToUserName><FromUserName><![CDATA[gh_b26d4dbcc910]]></FromUserName ><CreateTime>636442076251379164</CreateTime><MsgType><![CDATA[text]]></MsgType><Content><![CDATA[回复你好]]></Content></xml> 

日志时间：2017-10-21 18:34:31,154 [21] 
日志级别：INFO  
日 志 类：info [(null)] 
,, 

日志时间：2017-10-21 18:34:34,478 [18] 
日志级别：INFO  
日 志 类：info [(null)] 
23324b072c068ab99a82087a875f412e0c55febf,1508582073,152989573 

日志时间：2017-10-21 18:34:34,478 [18] 
日志级别：INFO  
日 志 类：info [(null)] 
接收消息:<xml><ToUserName><![CDATA[gh_b26d4dbcc910]]></ToUserName>
<FromUserName><![CDATA[o0YXKt_EJTmDd7Xx3cxZGyGAU5hI]]></FromUserName>
<CreateTime>1508582073</CreateTime>
<MsgType><![CDATA[text]]></MsgType>
<Content><![CDATA[滚滚滚]]></Content>
<MsgId>6479310667310366826</MsgId>
</xml> 

日志时间：2017-10-21 18:34:34,572 [18] 
日志级别：INFO  
日 志 类：info [(null)] 
返回消息:<xml><ToUserName><![CDATA[o0YXKt_EJTmDd7Xx3cxZGyGAU5hI]]></ToUserName><FromUserName><![CDATA[gh_b26d4dbcc910]]></FromUserName ><CreateTime>636442076745727281</CreateTime><MsgType><![CDATA[text]]></MsgType><Content><![CDATA[回复你好]]></Content></xml> 

日志时间：2017-10-21 18:36:42,664 [23] 
日志级别：INFO  
日 志 类：info [(null)] 
,, 

日志时间：2017-10-21 18:36:44,403 [18] 
日志级别：INFO  
日 志 类：info [(null)] 
66b82b952066919d611b482a3607a6cb90dfaf02,1508582203,2034410581 

日志时间：2017-10-21 18:36:44,403 [18] 
日志级别：INFO  
日 志 类：info [(null)] 
接收消息:<xml><ToUserName><![CDATA[gh_b26d4dbcc910]]></ToUserName>
<FromUserName><![CDATA[o0YXKt_EJTmDd7Xx3cxZGyGAU5hI]]></FromUserName>
<CreateTime>1508582202</CreateTime>
<MsgType><![CDATA[text]]></MsgType>
<Content><![CDATA[女方感觉]]></Content>
<MsgId>6479311221361148071</MsgId>
</xml> 

日志时间：2017-10-21 18:36:44,528 [18] 
日志级别：INFO  
日 志 类：info [(null)] 
返回消息:<xml><ToUserName><![CDATA[o0YXKt_EJTmDd7Xx3cxZGyGAU5hI]]></ToUserName><FromUserName><![CDATA[gh_b26d4dbcc910]]></FromUserName ><CreateTime>636442078045283668</CreateTime><MsgType><![CDATA[text]]></MsgType><Content><![CDATA[回复你好]]></Content></xml> 

日志时间：2017-10-21 18:37:42,550 [23] 
日志级别：INFO  
日 志 类：info [(null)] 
b64a7e582159bada8e4117beb6dd7c902cf7552a,1508582259,1522626147 

日志时间：2017-10-21 18:37:42,581 [23] 
日志级别：INFO  
日 志 类：info [(null)] 
接收消息:<xml><ToUserName><![CDATA[gh_b26d4dbcc910]]></ToUserName>
<FromUserName><![CDATA[o0YXKt_EJTmDd7Xx3cxZGyGAU5hI]]></FromUserName>
<CreateTime>1508582259</CreateTime>
<MsgType><![CDATA[text]]></MsgType>
<Content><![CDATA[韩国的回复]]></Content>
<MsgId>6479311466174283950</MsgId>
</xml> 

日志时间：2017-10-21 18:37:42,659 [23] 
日志级别：INFO  
日 志 类：info [(null)] 
返回消息:<xml><ToUserName><![CDATA[o0YXKt_EJTmDd7Xx3cxZGyGAU5hI]]></ToUserName><FromUserName><![CDATA[gh_b26d4dbcc910]]></FromUserName ><CreateTime>636442078626596434</CreateTime><MsgType><![CDATA[text]]></MsgType><Content><![CDATA[回复测试]]></Content></xml> 

日志时间：2017-10-21 18:37:46,972 [21] 
日志级别：INFO  
日 志 类：info [(null)] 
9236aa27415137578a11b84577717e0da2dc7a0d,1508582265,315221647 

日志时间：2017-10-21 18:37:46,972 [21] 
日志级别：INFO  
日 志 类：info [(null)] 
接收消息:<xml><ToUserName><![CDATA[gh_b26d4dbcc910]]></ToUserName>
<FromUserName><![CDATA[o0YXKt_EJTmDd7Xx3cxZGyGAU5hI]]></FromUserName>
<CreateTime>1508582265</CreateTime>
<MsgType><![CDATA[text]]></MsgType>
<Content><![CDATA[日方哈哈]]></Content>
<MsgId>6479311491944087728</MsgId>
</xml> 

日志时间：2017-10-21 18:37:46,972 [21] 
日志级别：INFO  
日 志 类：info [(null)] 
返回消息:<xml><ToUserName><![CDATA[o0YXKt_EJTmDd7Xx3cxZGyGAU5hI]]></ToUserName><FromUserName><![CDATA[gh_b26d4dbcc910]]></FromUserName ><CreateTime>636442078669723559</CreateTime><MsgType><![CDATA[text]]></MsgType><Content><![CDATA[回复测试]]></Content></xml> 

日志时间：2017-10-21 18:37:55,607 [20] 
日志级别：INFO  
日 志 类：info [(null)] 
9f7cf3a9368a4b8ce1e0f262cffd3f729d1d4a62,1508582269,801685077 

日志时间：2017-10-21 18:37:55,623 [20] 
日志级别：INFO  
日 志 类：info [(null)] 
接收消息:<xml><ToUserName><![CDATA[gh_b26d4dbcc910]]></ToUserName>
<FromUserName><![CDATA[o0YXKt_EJTmDd7Xx3cxZGyGAU5hI]]></FromUserName>
<CreateTime>1508582269</CreateTime>
<MsgType><![CDATA[text]]></MsgType>
<Content><![CDATA[会更丰富]]></Content>
<MsgId>6479311509123956914</MsgId>
</xml> 

日志时间：2017-10-21 18:37:55,623 [20] 
日志级别：INFO  
日 志 类：info [(null)] 
返回消息:<xml><ToUserName><![CDATA[o0YXKt_EJTmDd7Xx3cxZGyGAU5hI]]></ToUserName><FromUserName><![CDATA[gh_b26d4dbcc910]]></FromUserName ><CreateTime>636442078756233728</CreateTime><MsgType><![CDATA[text]]></MsgType><Content><![CDATA[回复测试]]></Content></xml> 

日志时间：2017-10-21 18:38:44,802 [22] 
日志级别：INFO  
日 志 类：info [(null)] 
290c03f6219c9c412a5f22dd68a05502a17ab684,1508582321,1936738061 

日志时间：2017-10-21 18:38:44,817 [22] 
日志级别：INFO  
日 志 类：info [(null)] 
接收消息:<xml><ToUserName><![CDATA[gh_b26d4dbcc910]]></ToUserName>
<FromUserName><![CDATA[o0YXKt_EJTmDd7Xx3cxZGyGAU5hI]]></FromUserName>
<CreateTime>1508582321</CreateTime>
<MsgType><![CDATA[text]]></MsgType>
<Content><![CDATA[看见方法]]></Content>
<MsgId>6479311732462256312</MsgId>
</xml> 

日志时间：2017-10-21 18:38:44,895 [22] 
日志级别：INFO  
日 志 类：info [(null)] 
返回消息:<xml><ToUserName><![CDATA[o0YXKt_EJTmDd7Xx3cxZGyGAU5hI]]></ToUserName><FromUserName><![CDATA[gh_b26d4dbcc910]]></FromUserName ><CreateTime>636442079248959691</CreateTime><MsgType><![CDATA[text]]></MsgType><Content><![CDATA[回复测试]]></Content></xml> 

日志时间：2017-10-21 18:38:52,580 [17] 
日志级别：INFO  
日 志 类：info [(null)] 
985ab7897b50646bbaf1c303cc7f28749afab1b7,1508582331,1606657014 

日志时间：2017-10-21 18:38:52,580 [17] 
日志级别：INFO  
日 志 类：info [(null)] 
接收消息:<xml><ToUserName><![CDATA[gh_b26d4dbcc910]]></ToUserName>
<FromUserName><![CDATA[o0YXKt_EJTmDd7Xx3cxZGyGAU5hI]]></FromUserName>
<CreateTime>1508582330</CreateTime>
<MsgType><![CDATA[text]]></MsgType>
<Content><![CDATA[警方带回家]]></Content>
<MsgId>6479311771116961981</MsgId>
</xml> 

日志时间：2017-10-21 18:38:52,580 [17] 
日志级别：INFO  
日 志 类：info [(null)] 
返回消息:<xml><ToUserName><![CDATA[o0YXKt_EJTmDd7Xx3cxZGyGAU5hI]]></ToUserName><FromUserName><![CDATA[gh_b26d4dbcc910]]></FromUserName ><CreateTime>636442079325807981</CreateTime><MsgType><![CDATA[text]]></MsgType><Content><![CDATA[回复测试]]></Content></xml> 

日志时间：2017-10-21 18:38:56,237 [21] 
日志级别：INFO  
日 志 类：info [(null)] 
dedd2fc72a442aa7ce2c4a13db52d4a3a83bd20a,1508582334,1886443387 

日志时间：2017-10-21 18:38:56,237 [21] 
日志级别：INFO  
日 志 类：info [(null)] 
接收消息:<xml><ToUserName><![CDATA[gh_b26d4dbcc910]]></ToUserName>
<FromUserName><![CDATA[o0YXKt_EJTmDd7Xx3cxZGyGAU5hI]]></FromUserName>
<CreateTime>1508582334</CreateTime>
<MsgType><![CDATA[text]]></MsgType>
<Content><![CDATA[会更多的]]></Content>
<MsgId>6479311788296831169</MsgId>
</xml> 

日志时间：2017-10-21 18:38:56,237 [21] 
日志级别：INFO  
日 志 类：info [(null)] 
返回消息:<xml><ToUserName><![CDATA[o0YXKt_EJTmDd7Xx3cxZGyGAU5hI]]></ToUserName><FromUserName><![CDATA[gh_b26d4dbcc910]]></FromUserName ><CreateTime>636442079362371792</CreateTime><MsgType><![CDATA[text]]></MsgType><Content><![CDATA[回复测试]]></Content></xml> 

日志时间：2017-10-21 18:39:00,831 [20] 
日志级别：INFO  
日 志 类：info [(null)] 
afb5eb7788454bae0a7a4d25f17dda48d21bb1ae,1508582339,1917819610 

日志时间：2017-10-21 18:39:00,831 [20] 
日志级别：INFO  
日 志 类：info [(null)] 
接收消息:<xml><ToUserName><![CDATA[gh_b26d4dbcc910]]></ToUserName>
<FromUserName><![CDATA[o0YXKt_EJTmDd7Xx3cxZGyGAU5hI]]></FromUserName>
<CreateTime>1508582339</CreateTime>
<MsgType><![CDATA[text]]></MsgType>
<Content><![CDATA[具有更高]]></Content>
<MsgId>6479311809771667651</MsgId>
</xml> 

日志时间：2017-10-21 18:39:00,831 [20] 
日志级别：INFO  
日 志 类：info [(null)] 
返回消息:<xml><ToUserName><![CDATA[o0YXKt_EJTmDd7Xx3cxZGyGAU5hI]]></ToUserName><FromUserName><![CDATA[gh_b26d4dbcc910]]></FromUserName ><CreateTime>636442079408310986</CreateTime><MsgType><![CDATA[text]]></MsgType><Content><![CDATA[回复测试]]></Content></xml> 

日志时间：2017-10-21 18:39:05,221 [22] 
日志级别：INFO  
日 志 类：info [(null)] 
5857e6a82dc8543b6c7e9c204dcc702797e9c5b6,1508582343,358694845 

日志时间：2017-10-21 18:39:05,221 [22] 
日志级别：INFO  
日 志 类：info [(null)] 
接收消息:<xml><ToUserName><![CDATA[gh_b26d4dbcc910]]></ToUserName>
<FromUserName><![CDATA[o0YXKt_EJTmDd7Xx3cxZGyGAU5hI]]></FromUserName>
<CreateTime>1508582343</CreateTime>
<MsgType><![CDATA[text]]></MsgType>
<Content><![CDATA[就该奋斗的]]></Content>
<MsgId>6479311826951536837</MsgId>
</xml> 

日志时间：2017-10-21 18:39:05,221 [22] 
日志级别：INFO  
日 志 类：info [(null)] 
返回消息:<xml><ToUserName><![CDATA[o0YXKt_EJTmDd7Xx3cxZGyGAU5hI]]></ToUserName><FromUserName><![CDATA[gh_b26d4dbcc910]]></FromUserName ><CreateTime>636442079452218886</CreateTime><MsgType><![CDATA[text]]></MsgType><Content><![CDATA[回复测试]]></Content></xml> 

日志时间：2017-10-21 18:39:10,317 [21] 
日志级别：INFO  
日 志 类：info [(null)] 
,, 

日志时间：2017-10-21 18:39:11,826 [17] 
日志级别：INFO  
日 志 类：info [(null)] 
,, 

日志时间：2017-10-21 18:39:12,443 [18] 
日志级别：INFO  
日 志 类：info [(null)] 
,, 

日志时间：2017-10-21 18:39:12,987 [21] 
日志级别：INFO  
日 志 类：info [(null)] 
,, 

日志时间：2017-10-21 18:39:13,428 [17] 
日志级别：INFO  
日 志 类：info [(null)] 
,, 

日志时间：2017-10-21 18:39:13,964 [18] 
日志级别：INFO  
日 志 类：info [(null)] 
,, 

日志时间：2017-10-21 18:39:14,130 [23] 
日志级别：INFO  
日 志 类：info [(null)] 
,, 

日志时间：2017-10-21 18:39:14,442 [21] 
日志级别：INFO  
日 志 类：info [(null)] 
,, 

日志时间：2017-10-21 18:39:14,724 [23] 
日志级别：INFO  
日 志 类：info [(null)] 
,, 

日志时间：2017-10-21 18:39:16,963 [14] 
日志级别：INFO  
日 志 类：info [(null)] 
d37cbb1d39adfcef73751d1b123a5b7267be536e,1508582355,135585274 

日志时间：2017-10-21 18:39:16,963 [14] 
日志级别：INFO  
日 志 类：info [(null)] 
接收消息:<xml><ToUserName><![CDATA[gh_b26d4dbcc910]]></ToUserName>
<FromUserName><![CDATA[o0YXKt_EJTmDd7Xx3cxZGyGAU5hI]]></FromUserName>
<CreateTime>1508582355</CreateTime>
<MsgType><![CDATA[text]]></MsgType>
<Content><![CDATA[刚刚方法]]></Content>
<MsgId>6479311878491144407</MsgId>
</xml> 

日志时间：2017-10-21 18:39:16,978 [14] 
日志级别：INFO  
日 志 类：info [(null)] 
返回消息:<xml><ToUserName><![CDATA[o0YXKt_EJTmDd7Xx3cxZGyGAU5hI]]></ToUserName><FromUserName><![CDATA[gh_b26d4dbcc910]]></FromUserName ><CreateTime>636442079569789003</CreateTime><MsgType><![CDATA[text]]></MsgType><Content><![CDATA[回复测试]]></Content></xml> 

日志时间：2017-10-21 18:39:25,397 [23] 
日志级别：INFO  
日 志 类：info [(null)] 
e2c8adbb61d0c28a3811c77138de535278889ff5,1508582364,782143479 

日志时间：2017-10-21 18:39:25,397 [23] 
日志级别：INFO  
日 志 类：info [(null)] 
接收消息:<xml><ToUserName><![CDATA[gh_b26d4dbcc910]]></ToUserName>
<FromUserName><![CDATA[o0YXKt_EJTmDd7Xx3cxZGyGAU5hI]]></FromUserName>
<CreateTime>1508582364</CreateTime>
<MsgType><![CDATA[text]]></MsgType>
<Content><![CDATA[就更丰富]]></Content>
<MsgId>6479311917145850078</MsgId>
</xml> 

日志时间：2017-10-21 18:39:25,412 [23] 
日志级别：INFO  
日 志 类：info [(null)] 
返回消息:<xml><ToUserName><![CDATA[o0YXKt_EJTmDd7Xx3cxZGyGAU5hI]]></ToUserName><FromUserName><![CDATA[gh_b26d4dbcc910]]></FromUserName ><CreateTime>636442079654127674</CreateTime><MsgType><![CDATA[text]]></MsgType><Content><![CDATA[回复测试]]></Content></xml> 

日志时间：2017-10-21 18:39:44,638 [23] 
日志级别：INFO  
日 志 类：info [(null)] 
,, 

日志时间：2017-10-21 18:39:46,980 [22] 
日志级别：INFO  
日 志 类：info [(null)] 
9d483b3a7dc6a055094e0adb312840168355aaf5,1508582385,2123893484 

日志时间：2017-10-21 18:39:46,980 [22] 
日志级别：INFO  
日 志 类：info [(null)] 
接收消息:<xml><ToUserName><![CDATA[gh_b26d4dbcc910]]></ToUserName>
<FromUserName><![CDATA[o0YXKt_EJTmDd7Xx3cxZGyGAU5hI]]></FromUserName>
<CreateTime>1508582385</CreateTime>
<MsgType><![CDATA[text]]></MsgType>
<Content><![CDATA[好方法]]></Content>
<MsgId>6479312007340163298</MsgId>
</xml> 

日志时间：2017-10-21 18:39:47,074 [22] 
日志级别：INFO  
日 志 类：info [(null)] 
返回消息:<xml><ToUserName><![CDATA[o0YXKt_EJTmDd7Xx3cxZGyGAU5hI]]></ToUserName><FromUserName><![CDATA[gh_b26d4dbcc910]]></FromUserName ><CreateTime>636442079870740221</CreateTime><MsgType><![CDATA[text]]></MsgType><Content><![CDATA[回复测试]]></Content></xml> 

日志时间：2017-10-21 18:39:50,463 [14] 
日志级别：INFO  
日 志 类：info [(null)] 
02f1ccf5f18f1ff0efafc4629f14ec92b0cf29eb,1508582389,1606461327 

日志时间：2017-10-21 18:39:50,463 [14] 
日志级别：INFO  
日 志 类：info [(null)] 
接收消息:<xml><ToUserName><![CDATA[gh_b26d4dbcc910]]></ToUserName>
<FromUserName><![CDATA[o0YXKt_EJTmDd7Xx3cxZGyGAU5hI]]></FromUserName>
<CreateTime>1508582389</CreateTime>
<MsgType><![CDATA[text]]></MsgType>
<Content><![CDATA[好好过]]></Content>
<MsgId>6479312024520032484</MsgId>
</xml> 

日志时间：2017-10-21 18:39:50,463 [14] 
日志级别：INFO  
日 志 类：info [(null)] 
返回消息:<xml><ToUserName><![CDATA[o0YXKt_EJTmDd7Xx3cxZGyGAU5hI]]></ToUserName><FromUserName><![CDATA[gh_b26d4dbcc910]]></FromUserName ><CreateTime>636442079904630915</CreateTime><MsgType><![CDATA[text]]></MsgType><Content><![CDATA[回复测试]]></Content></xml> 

日志时间：2017-10-21 18:40:24,453 [20] 
日志级别：INFO  
日 志 类：info [(null)] 
,, 

日志时间：2017-10-21 18:40:29,987 [22] 
日志级别：INFO  
日 志 类：info [(null)] 
317c5899927b39dd761b4ea1d37d4bdb8eaff89e,1508582428,1343675489 

日志时间：2017-10-21 18:40:29,987 [22] 
日志级别：INFO  
日 志 类：info [(null)] 
接收消息:<xml><ToUserName><![CDATA[gh_b26d4dbcc910]]></ToUserName>
<FromUserName><![CDATA[o0YXKt_EJTmDd7Xx3cxZGyGAU5hI]]></FromUserName>
<CreateTime>1508582428</CreateTime>
<MsgType><![CDATA[text]]></MsgType>
<Content><![CDATA[较高的]]></Content>
<MsgId>6479312192023757030</MsgId>
</xml> 

日志时间：2017-10-21 18:40:30,081 [22] 
日志级别：INFO  
日 志 类：info [(null)] 
返回消息:<xml><ToUserName><![CDATA[o0YXKt_EJTmDd7Xx3cxZGyGAU5hI]]></ToUserName><FromUserName><![CDATA[gh_b26d4dbcc910]]></FromUserName><CreateTime>636442080300814219</CreateTime><MsgType><![CDATA[text]]></MsgType><Content><![CDATA[回复测试]]></Content></xml> 

日志时间：2017-10-21 18:41:43,860 [17] 
日志级别：INFO  
日 志 类：info [(null)] 
,, 

日志时间：2017-10-21 18:41:46,749 [20] 
日志级别：INFO  
日 志 类：info [(null)] 
b09d1d7045c6c4e1a4a3bdc2991573aae6246be1,1508582505,368395004 

日志时间：2017-10-21 18:41:46,749 [20] 
日志级别：INFO  
日 志 类：info [(null)] 
接收消息:<xml><ToUserName><![CDATA[gh_b26d4dbcc910]]></ToUserName>
<FromUserName><![CDATA[o0YXKt_EJTmDd7Xx3cxZGyGAU5hI]]></FromUserName>
<CreateTime>1508582505</CreateTime>
<MsgType><![CDATA[text]]></MsgType>
<Content><![CDATA[几号放假]]></Content>
<MsgId>6479312522736238835</MsgId>
</xml> 

日志时间：2017-10-21 18:41:46,843 [20] 
日志级别：INFO  
日 志 类：info [(null)] 
返回消息:<xml><ToUserName><![CDATA[o0YXKt_EJTmDd7Xx3cxZGyGAU5hI]]></ToUserName><FromUserName><![CDATA[gh_b26d4dbcc910]]></FromUserName ><CreateTime>636442081068433104</CreateTime><MsgType><![CDATA[text]]></MsgType><Content><![CDATA[回复测试]]></Content></xml> 

日志时间：2017-10-21 18:42:24,845 [22] 
日志级别：INFO  
日 志 类：info [(null)] 
,, 

日志时间：2017-10-21 18:42:27,982 [14] 
日志级别：INFO  
日 志 类：info [(null)] 
229c89cf803473cd037405985ff8a2ce0ae7a934,1508582546,1036979953 

日志时间：2017-10-21 18:42:27,982 [14] 
日志级别：INFO  
日 志 类：info [(null)] 
接收消息:<xml><ToUserName><![CDATA[gh_b26d4dbcc910]]></ToUserName>
<FromUserName><![CDATA[o0YXKt_EJTmDd7Xx3cxZGyGAU5hI]]></FromUserName>
<CreateTime>1508582546</CreateTime>
<MsgType><![CDATA[text]]></MsgType>
<Content><![CDATA[客户端吧]]></Content>
<MsgId>6479312698829897980</MsgId>
</xml> 

日志时间：2017-10-21 18:42:28,091 [14] 
日志级别：INFO  
日 志 类：info [(null)] 
返回消息:<xml><ToUserName><![CDATA[o0YXKt_EJTmDd7Xx3cxZGyGAU5hI]]></ToUserName><FromUserName><![CDATA[gh_b26d4dbcc910]]></FromUserName ><CreateTime>636442081480918823</CreateTime><MsgType><![CDATA[text]]></MsgType><Content><![CDATA[回复测试]]></Content></xml> 

日志时间：2017-10-21 18:42:33,783 [22] 
日志级别：INFO  
日 志 类：info [(null)] 
20630be63a1ab0c0a3afc00a1d03102003a40507,1508582552,1851020314 

日志时间：2017-10-21 18:42:33,783 [22] 
日志级别：INFO  
日 志 类：info [(null)] 
接收消息:<xml><ToUserName><![CDATA[gh_b26d4dbcc910]]></ToUserName>
<FromUserName><![CDATA[o0YXKt_EJTmDd7Xx3cxZGyGAU5hI]]></FromUserName>
<CreateTime>1508582552</CreateTime>
<MsgType><![CDATA[text]]></MsgType>
<Content><![CDATA[结果符合]]></Content>
<MsgId>6479312724599701758</MsgId>
</xml> 

日志时间：2017-10-21 18:42:33,798 [22] 
日志级别：INFO  
日 志 类：info [(null)] 
返回消息:<xml><ToUserName><![CDATA[o0YXKt_EJTmDd7Xx3cxZGyGAU5hI]]></ToUserName><FromUserName><![CDATA[gh_b26d4dbcc910]]></FromUserName ><CreateTime>636442081537987331</CreateTime><MsgType><![CDATA[text]]></MsgType><Content><![CDATA[回复测试]]></Content></xml> 

日志时间：2017-10-21 18:43:04,015 [22] 
日志级别：INFO  
日 志 类：info [(null)] 
,, 

日志时间：2017-10-21 18:43:07,313 [20] 
日志级别：INFO  
日 志 类：info [(null)] 
2ff75815a4efab98deaa37980eb974cfe4708587,1508582586,427382909 

日志时间：2017-10-21 18:43:07,313 [20] 
日志级别：INFO  
日 志 类：info [(null)] 
接收消息:<xml><ToUserName><![CDATA[gh_b26d4dbcc910]]></ToUserName>
<FromUserName><![CDATA[o0YXKt_EJTmDd7Xx3cxZGyGAU5hI]]></FromUserName>
<CreateTime>1508582585</CreateTime>
<MsgType><![CDATA[text]]></MsgType>
<Content><![CDATA[看看更好]]></Content>
<MsgId>6479312866333622537</MsgId>
</xml> 

日志时间：2017-10-21 18:43:07,422 [20] 
日志级别：INFO  
日 志 类：info [(null)] 
返回消息:<xml><ToUserName><![CDATA[o0YXKt_EJTmDd7Xx3cxZGyGAU5hI]]></ToUserName><FromUserName><![CDATA[gh_b26d4dbcc910]]></FromUserName ><CreateTime>636442081874225178</CreateTime><MsgType><![CDATA[text]]></MsgType><Content><![CDATA[回复测试]]></Content></xml> 

日志时间：2017-10-21 18:44:07,279 [18] 
日志级别：INFO  
日 志 类：info [(null)] 
,, 

日志时间：2017-10-21 18:44:10,565 [21] 
日志级别：INFO  
日 志 类：info [(null)] 
4ced31e3e801f3a74f10373e6af878786bf652e8,1508582649,160793884 

日志时间：2017-10-21 18:44:10,565 [21] 
日志级别：INFO  
日 志 类：info [(null)] 
接收消息:<xml><ToUserName><![CDATA[gh_b26d4dbcc910]]></ToUserName>
<FromUserName><![CDATA[o0YXKt_EJTmDd7Xx3cxZGyGAU5hI]]></FromUserName>
<CreateTime>1508582649</CreateTime>
<MsgType><![CDATA[text]]></MsgType>
<Content><![CDATA[科技馆过]]></Content>
<MsgId>6479313141211529494</MsgId>
</xml> 

日志时间：2017-10-21 18:44:10,659 [21] 
日志级别：INFO  
日 志 类：info [(null)] 
返回消息:<xml><ToUserName><![CDATA[o0YXKt_EJTmDd7Xx3cxZGyGAU5hI]]></ToUserName><FromUserName><![CDATA[gh_b26d4dbcc910]]></FromUserName><CreateTime>636442082506597548</CreateTime><MsgType><![CDATA[text]]></MsgType><Content><![CDATA[回复测试]]></Content></xml> 

日志时间：2017-10-21 19:08:51,048 [6] 
日志级别：INFO  
日 志 类：info [(null)] 
,, 

日志时间：2017-10-21 19:09:32,356 [12] 
日志级别：INFO  
日 志 类：info [(null)] 
,, 

日志时间：2017-10-21 19:09:40,222 [5] 
日志级别：INFO  
日 志 类：info [(null)] 
d084705317dbcfd9512c2d5d5f36b0d80db37109,1508584178,996532148 

日志时间：2017-10-21 19:09:40,222 [5] 
日志级别：INFO  
日 志 类：info [(null)] 
接收消息:<xml><ToUserName><![CDATA[gh_b26d4dbcc910]]></ToUserName>
<FromUserName><![CDATA[o0YXKt_EJTmDd7Xx3cxZGyGAU5hI]]></FromUserName>
<CreateTime>1508584178</CreateTime>
<MsgType><![CDATA[text]]></MsgType>
<Content><![CDATA[脚后跟]]></Content>
<MsgId>6479319708216525444</MsgId>
</xml> 

日志时间：2017-10-21 19:09:40,347 [5] 
日志级别：INFO  
日 志 类：info [(null)] 
返回消息:<xml>
                        <ToUserName><![CDATA[o0YXKt_EJTmDd7Xx3cxZGyGAU5hI]]></ToUserName>
                        <FromUserName><![CDATA[gh_b26d4dbcc910]]></FromUserName>
                        <CreateTime>636442097803473321</CreateTime>
                        <MsgType><![CDATA[text]]></MsgType>
                        <Content><![CDATA[回复测试]]></Content></xml> 

日志时间：2017-10-21 19:09:47,570 [6] 
日志级别：INFO  
日 志 类：info [(null)] 
5ac7e9fb9816abb89678fbefc9c80037953594a8,1508584186,1127109340 

日志时间：2017-10-21 19:09:47,570 [6] 
日志级别：INFO  
日 志 类：info [(null)] 
接收消息:<xml><ToUserName><![CDATA[gh_b26d4dbcc910]]></ToUserName>
<FromUserName><![CDATA[o0YXKt_EJTmDd7Xx3cxZGyGAU5hI]]></FromUserName>
<CreateTime>1508584186</CreateTime>
<MsgType><![CDATA[event]]></MsgType>
<Event><![CDATA[unsubscribe]]></Event>
<EventKey><![CDATA[]]></EventKey>
</xml> 

日志时间：2017-10-21 19:09:56,097 [13] 
日志级别：INFO  
日 志 类：info [(null)] 
ead1b7b4fc13a97e560978b8b51bcf7011c42ec8,1508584194,860813016 

日志时间：2017-10-21 19:09:56,098 [13] 
日志级别：INFO  
日 志 类：info [(null)] 
接收消息:<xml><ToUserName><![CDATA[gh_b26d4dbcc910]]></ToUserName>
<FromUserName><![CDATA[o0YXKt_EJTmDd7Xx3cxZGyGAU5hI]]></FromUserName>
<CreateTime>1508584194</CreateTime>
<MsgType><![CDATA[event]]></MsgType>
<Event><![CDATA[subscribe]]></Event>
<EventKey><![CDATA[]]></EventKey>
</xml> 

日志时间：2017-10-21 19:09:56,147 [13] 
日志级别：INFO  
日 志 类：info [(null)] 
返回消息:<xml>
                        <ToUserName><![CDATA[o0YXKt_EJTmDd7Xx3cxZGyGAU5hI]]></ToUserName>
                        <FromUserName><![CDATA[gh_b26d4dbcc910]]></FromUserName>
                        <CreateTime>636442097961477896</CreateTime>
                        <MsgType><![CDATA[text]]></MsgType>
                        <Content><![CDATA[回复测试]]></Content></xml> 

日志时间：2017-10-21 19:34:54,476 [6] 
日志级别：INFO  
日 志 类：info [(null)] 
,, 

日志时间：2017-10-21 19:37:50,924 [7] 
日志级别：INFO  
日 志 类：info [(null)] 
,, 
