
日志时间：2017-11-21 16:06:17,949 [12] 
日志级别：INFO  
日 志 类：info [(null)] 
,, 

日志时间：2017-11-21 16:06:21,175 [5] 
日志级别：INFO  
日 志 类：info [(null)] 
94d0aa69d9ffc3105e3c1cd021e8d94d8057e3ec,1511251581,2182164669 

日志时间：2017-11-21 16:06:46,267 [13] 
日志级别：INFO  
日 志 类：info [(null)] 
3c2492a506de642ffbff0449e1c14d2a99a29199,1511251606,1137964288 

日志时间：2017-11-21 16:06:46,268 [13] 
日志级别：INFO  
日 志 类：info [(null)] 
接收消息:<xml><ToUserName><![CDATA[gh_b26d4dbcc910]]></ToUserName>
<FromUserName><![CDATA[o0YXKt_EJTmDd7Xx3cxZGyGAU5hI]]></FromUserName>
<CreateTime>1511251606</CreateTime>
<MsgType><![CDATA[event]]></MsgType>
<Event><![CDATA[unsubscribe]]></Event>
<EventKey><![CDATA[]]></EventKey>
</xml> 

日志时间：2017-11-21 16:06:46,412 [13] 
日志级别：INFO  
日 志 类：info [(null)] 
返回消息: 

日志时间：2017-11-21 16:06:52,847 [12] 
日志级别：INFO  
日 志 类：info [(null)] 
2acffbb0da4253f63ffb23fe97d4f1ffd8ac734c,1511251613,1766539013 

日志时间：2017-11-21 16:06:52,848 [12] 
日志级别：INFO  
日 志 类：info [(null)] 
接收消息:<xml><ToUserName><![CDATA[gh_b26d4dbcc910]]></ToUserName>
<FromUserName><![CDATA[o0YXKt_EJTmDd7Xx3cxZGyGAU5hI]]></FromUserName>
<CreateTime>1511251613</CreateTime>
<MsgType><![CDATA[event]]></MsgType>
<Event><![CDATA[subscribe]]></Event>
<EventKey><![CDATA[]]></EventKey>
</xml> 

日志时间：2017-11-21 16:06:53,986 [12] 
日志级别：INFO  
日 志 类：info [(null)] 
返回消息: 
