
异常时间：2017-11-15 17:19:02,827 [10] 
异常级别：ERROR 
异 常 类：error [(null)] 
关键字 'and' 附近有语法错误。 
 
异常时间：2017-11-15 17:19:40,945 [10] 
异常级别：ERROR 
异 常 类：error [(null)] 
发生一个或多个错误。 
 
异常时间：2017-11-15 17:19:40,945 [10] 
异常级别：ERROR 
异 常 类：error [(null)] 
获取acess_token成功： 
 
异常时间：2017-11-15 17:19:40,945 [18] 
异常级别：ERROR 
异 常 类：error [(null)] 
发生一个或多个错误。 
 
异常时间：2017-11-15 17:19:40,999 [18] 
异常级别：ERROR 
异 常 类：error [(null)] 
获取acess_token成功： 
 
异常时间：2017-11-15 17:19:40,945 [11] 
异常级别：ERROR 
异 常 类：error [(null)] 
发生一个或多个错误。 
 
异常时间：2017-11-15 17:20:04,411 [11] 
异常级别：ERROR 
异 常 类：error [(null)] 
获取acess_token成功： 
 
异常时间：2017-11-15 17:21:29,943 [10] 
异常级别：ERROR 
异 常 类：error [(null)] 
发生一个或多个错误。 
 
异常时间：2017-11-15 17:21:40,020 [10] 
异常级别：ERROR 
异 常 类：error [(null)] 
获取acess_token成功： 
 
异常时间：2017-11-15 17:22:04,657 [5] 
异常级别：ERROR 
异 常 类：error [(null)] 
关键字 'and' 附近有语法错误。 
 
异常时间：2017-11-15 17:22:16,377 [10] 
异常级别：ERROR 
异 常 类：error [(null)] 
发生一个或多个错误。 
 
异常时间：2017-11-15 17:22:16,377 [10] 
异常级别：ERROR 
异 常 类：error [(null)] 
获取acess_token成功： 
 
异常时间：2017-11-15 17:22:22,002 [5] 
异常级别：ERROR 
异 常 类：error [(null)] 
发生一个或多个错误。 
 
异常时间：2017-11-15 17:22:22,002 [5] 
异常级别：ERROR 
异 常 类：error [(null)] 
获取acess_token成功： 
 
异常时间：2017-11-15 17:22:46,403 [10] 
异常级别：ERROR 
异 常 类：error [(null)] 
关键字 'and' 附近有语法错误。 
 
异常时间：2017-11-15 17:23:00,581 [10] 
异常级别：ERROR 
异 常 类：error [(null)] 
发生一个或多个错误。 
 
异常时间：2017-11-15 17:23:00,581 [10] 
异常级别：ERROR 
异 常 类：error [(null)] 
获取acess_token成功： 
 
异常时间：2017-11-15 17:23:45,273 [23] 
异常级别：ERROR 
异 常 类：error [(null)] 
发生一个或多个错误。 
 
异常时间：2017-11-15 17:24:05,309 [23] 
异常级别：ERROR 
异 常 类：error [(null)] 
获取acess_token成功： 
 
异常时间：2017-11-15 17:24:05,356 [20] 
异常级别：ERROR 
异 常 类：error [(null)] 
发生一个或多个错误。 
 
异常时间：2017-11-15 17:24:06,861 [20] 
异常级别：ERROR 
异 常 类：error [(null)] 
获取acess_token成功： 
 
异常时间：2017-11-15 17:24:24,433 [11] 
异常级别：ERROR 
异 常 类：error [(null)] 
关键字 'and' 附近有语法错误。 
 
异常时间：2017-11-15 17:24:24,433 [20] 
异常级别：ERROR 
异 常 类：error [(null)] 
关键字 'and' 附近有语法错误。 
 
异常时间：2017-11-15 17:24:38,465 [11] 
异常级别：ERROR 
异 常 类：error [(null)] 
发生一个或多个错误。 
 
异常时间：2017-11-15 17:24:38,465 [11] 
异常级别：ERROR 
异 常 类：error [(null)] 
获取acess_token成功： 
 
异常时间：2017-11-15 17:25:10,367 [11] 
异常级别：ERROR 
异 常 类：error [(null)] 
关键字 'and' 附近有语法错误。 
 
异常时间：2017-11-15 17:25:22,359 [11] 
异常级别：ERROR 
异 常 类：error [(null)] 
发生一个或多个错误。 
 
异常时间：2017-11-15 17:25:22,360 [11] 
异常级别：ERROR 
异 常 类：error [(null)] 
获取acess_token成功： 
 
异常时间：2017-11-15 17:25:50,984 [5] 
异常级别：ERROR 
异 常 类：error [(null)] 
关键字 'and' 附近有语法错误。 
 
异常时间：2017-11-15 17:26:14,772 [5] 
异常级别：ERROR 
异 常 类：error [(null)] 
发生一个或多个错误。 
 
异常时间：2017-11-15 17:26:14,772 [5] 
异常级别：ERROR 
异 常 类：error [(null)] 
获取acess_token成功： 
 
异常时间：2017-11-15 17:26:21,920 [27] 
异常级别：ERROR 
异 常 类：error [(null)] 
发生一个或多个错误。 
 
异常时间：2017-11-15 17:26:21,920 [27] 
异常级别：ERROR 
异 常 类：error [(null)] 
获取acess_token成功： 
 
异常时间：2017-11-15 17:26:22,922 [21] 
异常级别：ERROR 
异 常 类：error [(null)] 
发生一个或多个错误。 
 
异常时间：2017-11-15 17:26:22,922 [21] 
异常级别：ERROR 
异 常 类：error [(null)] 
获取acess_token成功： 
 
异常时间：2017-11-15 17:26:29,957 [5] 
异常级别：ERROR 
异 常 类：error [(null)] 
关键字 'and' 附近有语法错误。 
 
异常时间：2017-11-15 17:27:33,018 [21] 
异常级别：ERROR 
异 常 类：error [(null)] 
发生一个或多个错误。 
 
异常时间：2017-11-15 17:27:33,019 [21] 
异常级别：ERROR 
异 常 类：error [(null)] 
获取acess_token成功： 
 
异常时间：2017-11-15 17:27:34,124 [33] 
异常级别：ERROR 
异 常 类：error [(null)] 
发生一个或多个错误。 
 
异常时间：2017-11-15 17:27:34,124 [33] 
异常级别：ERROR 
异 常 类：error [(null)] 
获取acess_token成功： 
 
异常时间：2017-11-15 17:27:34,124 [27] 
异常级别：ERROR 
异 常 类：error [(null)] 
发生一个或多个错误。 
 
异常时间：2017-11-15 17:27:34,125 [27] 
异常级别：ERROR 
异 常 类：error [(null)] 
获取acess_token成功： 
 
异常时间：2017-11-15 17:29:21,109 [27] 
异常级别：ERROR 
异 常 类：error [(null)] 
关键字 'and' 附近有语法错误。 
 
异常时间：2017-11-15 17:30:33,174 [21] 
异常级别：ERROR 
异 常 类：error [(null)] 
发生一个或多个错误。 
 
异常时间：2017-11-15 17:30:33,174 [21] 
异常级别：ERROR 
异 常 类：error [(null)] 
获取acess_token成功： 
 
异常时间：2017-11-15 17:30:34,189 [22] 
异常级别：ERROR 
异 常 类：error [(null)] 
发生一个或多个错误。 
 
异常时间：2017-11-15 17:30:34,190 [22] 
异常级别：ERROR 
异 常 类：error [(null)] 
获取acess_token成功： 
 
异常时间：2017-11-15 17:30:34,206 [29] 
异常级别：ERROR 
异 常 类：error [(null)] 
发生一个或多个错误。 
 
异常时间：2017-11-15 17:30:34,206 [29] 
异常级别：ERROR 
异 常 类：error [(null)] 
获取acess_token成功： 
 