
异常时间：2017-11-25 22:26:24,374 [34] 
异常级别：ERROR 
异 常 类：error [(null)] 
获取acess_token成功：PuXc9q8SisIPJBtOTFWuUAXXMobZ2UxuwP8gNRKLGNKIfKPhB3tcdB-SpEEM1pjHdac38MSWMlZWucfCVoTPjBuoMjiAPmsozY4-vKq1kUEn2M9_2kUWynVdvlONRS3eAGAgABASYS 
 
异常时间：2017-11-25 22:55:58,127 [59] 
异常级别：ERROR 
异 常 类：error [(null)] 
获取acess_token成功：PuXc9q8SisIPJBtOTFWuUAXXMobZ2UxuwP8gNRKLGNKIfKPhB3tcdB-SpEEM1pjHdac38MSWMlZWucfCVoTPjBuoMjiAPmsozY4-vKq1kUEn2M9_2kUWynVdvlONRS3eAGAgABASYS 
 
异常时间：2017-11-25 22:56:00,506 [59] 
异常级别：ERROR 
异 常 类：error [(null)] 
删除永久素材错误:解析内容错误 
 
异常时间：2017-11-25 22:58:21,871 [37] 
异常级别：ERROR 
异 常 类：error [(null)] 
获取acess_token成功：PuXc9q8SisIPJBtOTFWuUAXXMobZ2UxuwP8gNRKLGNKIfKPhB3tcdB-SpEEM1pjHdac38MSWMlZWucfCVoTPjBuoMjiAPmsozY4-vKq1kUEn2M9_2kUWynVdvlONRS3eAGAgABASYS 
 
异常时间：2017-11-25 22:59:00,754 [17] 
异常级别：ERROR 
异 常 类：error [(null)] 
获取acess_token成功：PuXc9q8SisIPJBtOTFWuUAXXMobZ2UxuwP8gNRKLGNKIfKPhB3tcdB-SpEEM1pjHdac38MSWMlZWucfCVoTPjBuoMjiAPmsozY4-vKq1kUEn2M9_2kUWynVdvlONRS3eAGAgABASYS 
 
异常时间：2017-11-25 23:00:59,964 [53] 
异常级别：ERROR 
异 常 类：error [(null)] 
获取acess_token成功：PuXc9q8SisIPJBtOTFWuUAXXMobZ2UxuwP8gNRKLGNKIfKPhB3tcdB-SpEEM1pjHdac38MSWMlZWucfCVoTPjBuoMjiAPmsozY4-vKq1kUEn2M9_2kUWynVdvlONRS3eAGAgABASYS 
 
异常时间：2017-11-25 23:10:03,522 [47] 
异常级别：ERROR 
异 常 类：error [(null)] 
获取acess_token成功：PuXc9q8SisIPJBtOTFWuUAXXMobZ2UxuwP8gNRKLGNKIfKPhB3tcdB-SpEEM1pjHdac38MSWMlZWucfCVoTPjBuoMjiAPmsozY4-vKq1kUEn2M9_2kUWynVdvlONRS3eAGAgABASYS 
 
异常时间：2017-11-25 23:10:04,479 [47] 
异常级别：ERROR 
异 常 类：error [(null)] 
新增永久图文素材错误:不合法的媒体文件id 
 
异常时间：2017-11-25 23:17:15,082 [51] 
异常级别：ERROR 
异 常 类：error [(null)] 
获取acess_token成功：PuXc9q8SisIPJBtOTFWuUAXXMobZ2UxuwP8gNRKLGNKIfKPhB3tcdB-SpEEM1pjHdac38MSWMlZWucfCVoTPjBuoMjiAPmsozY4-vKq1kUEn2M9_2kUWynVdvlONRS3eAGAgABASYS 
 
异常时间：2017-11-25 23:17:40,415 [40] 
异常级别：ERROR 
异 常 类：error [(null)] 
获取acess_token成功：PuXc9q8SisIPJBtOTFWuUAXXMobZ2UxuwP8gNRKLGNKIfKPhB3tcdB-SpEEM1pjHdac38MSWMlZWucfCVoTPjBuoMjiAPmsozY4-vKq1kUEn2M9_2kUWynVdvlONRS3eAGAgABASYS 
 
异常时间：2017-11-25 23:17:40,737 [40] 
异常级别：ERROR 
异 常 类：error [(null)] 
新增永久图文素材错误:不合法的媒体文件id 
 
异常时间：2017-11-25 23:18:47,059 [51] 
异常级别：ERROR 
异 常 类：error [(null)] 
获取acess_token成功：PuXc9q8SisIPJBtOTFWuUAXXMobZ2UxuwP8gNRKLGNKIfKPhB3tcdB-SpEEM1pjHdac38MSWMlZWucfCVoTPjBuoMjiAPmsozY4-vKq1kUEn2M9_2kUWynVdvlONRS3eAGAgABASYS 
 
异常时间：2017-11-25 23:18:48,010 [51] 
异常级别：ERROR 
异 常 类：error [(null)] 
新增永久图文素材错误:不合法的媒体文件id 
 
异常时间：2017-11-25 23:25:36,438 [33] 
异常级别：ERROR 
异 常 类：error [(null)] 
获取acess_token成功：PuXc9q8SisIPJBtOTFWuUAXXMobZ2UxuwP8gNRKLGNKIfKPhB3tcdB-SpEEM1pjHdac38MSWMlZWucfCVoTPjBuoMjiAPmsozY4-vKq1kUEn2M9_2kUWynVdvlONRS3eAGAgABASYS 
 
异常时间：2017-11-25 23:25:37,359 [33] 
异常级别：ERROR 
异 常 类：error [(null)] 
新增永久图文素材错误:不合法的媒体文件id 
 
异常时间：2017-11-25 23:29:06,502 [49] 
异常级别：ERROR 
异 常 类：error [(null)] 
获取acess_token成功：PuXc9q8SisIPJBtOTFWuUAXXMobZ2UxuwP8gNRKLGNKIfKPhB3tcdB-SpEEM1pjHdac38MSWMlZWucfCVoTPjBuoMjiAPmsozY4-vKq1kUEn2M9_2kUWynVdvlONRS3eAGAgABASYS 
 
异常时间：2017-11-25 23:29:07,336 [49] 
异常级别：ERROR 
异 常 类：error [(null)] 
新增永久图文素材错误:不合法的媒体文件id 
 
异常时间：2017-11-25 23:37:40,242 [51] 
异常级别：ERROR 
异 常 类：error [(null)] 
获取acess_token成功：PuXc9q8SisIPJBtOTFWuUAXXMobZ2UxuwP8gNRKLGNKIfKPhB3tcdB-SpEEM1pjHdac38MSWMlZWucfCVoTPjBuoMjiAPmsozY4-vKq1kUEn2M9_2kUWynVdvlONRS3eAGAgABASYS 
 
异常时间：2017-11-25 23:37:41,183 [51] 
异常级别：ERROR 
异 常 类：error [(null)] 
新增永久图文素材错误:不合法的媒体文件id 
 
异常时间：2017-11-25 23:39:40,175 [52] 
异常级别：ERROR 
异 常 类：error [(null)] 
获取acess_token成功：PuXc9q8SisIPJBtOTFWuUAXXMobZ2UxuwP8gNRKLGNKIfKPhB3tcdB-SpEEM1pjHdac38MSWMlZWucfCVoTPjBuoMjiAPmsozY4-vKq1kUEn2M9_2kUWynVdvlONRS3eAGAgABASYS 
 
异常时间：2017-11-25 23:39:40,891 [52] 
异常级别：ERROR 
异 常 类：error [(null)] 
新增永久图文素材错误:接口调用超过限制 
 
异常时间：2017-11-25 23:46:20,972 [32] 
异常级别：ERROR 
异 常 类：error [(null)] 
获取acess_token成功：PuXc9q8SisIPJBtOTFWuUAXXMobZ2UxuwP8gNRKLGNKIfKPhB3tcdB-SpEEM1pjHdac38MSWMlZWucfCVoTPjBuoMjiAPmsozY4-vKq1kUEn2M9_2kUWynVdvlONRS3eAGAgABASYS 
 
异常时间：2017-11-25 23:46:21,677 [32] 
异常级别：ERROR 
异 常 类：error [(null)] 
新增永久图文素材错误:接口调用超过限制 
 
异常时间：2017-11-25 23:47:31,055 [32] 
异常级别：ERROR 
异 常 类：error [(null)] 
获取acess_token成功：PuXc9q8SisIPJBtOTFWuUAXXMobZ2UxuwP8gNRKLGNKIfKPhB3tcdB-SpEEM1pjHdac38MSWMlZWucfCVoTPjBuoMjiAPmsozY4-vKq1kUEn2M9_2kUWynVdvlONRS3eAGAgABASYS 
 
异常时间：2017-11-25 23:47:31,750 [32] 
异常级别：ERROR 
异 常 类：error [(null)] 
新增永久图文素材错误:接口调用超过限制 
 