
异常时间：2017-11-15 19:49:11,251 [14] 
异常级别：ERROR 
异 常 类：error [(null)] 
发生一个或多个错误。 
 
异常时间：2017-11-15 19:49:11,270 [14] 
异常级别：ERROR 
异 常 类：error [(null)] 
获取acess_token成功： 
 
异常时间：2017-11-15 19:49:35,162 [29] 
异常级别：ERROR 
异 常 类：error [(null)] 
获取acess_token成功：pOM0-a1kOLPb2a3Yv5CMPQD6KcsxAjbb5sdW-NtFOh80NnDQP3fckJ8WHk7HxMxkkvBm-ichT7d_kzzxsjTYGTzAM9ypqybnnykuLuw-63QBAJjAIALKT 
 
异常时间：2017-11-15 19:50:18,387 [35] 
异常级别：ERROR 
异 常 类：error [(null)] 
获取acess_token成功：pOM0-a1kOLPb2a3Yv5CMPQD6KcsxAjbb5sdW-NtFOh80NnDQP3fckJ8WHk7HxMxkkvBm-ichT7d_kzzxsjTYGTzAM9ypqybnnykuLuw-63QBAJjAIALKT 
 
异常时间：2017-11-15 19:51:30,993 [18] 
异常级别：ERROR 
异 常 类：error [(null)] 
获取acess_token成功：pOM0-a1kOLPb2a3Yv5CMPQD6KcsxAjbb5sdW-NtFOh80NnDQP3fckJ8WHk7HxMxkkvBm-ichT7d_kzzxsjTYGTzAM9ypqybnnykuLuw-63QBAJjAIALKT 
 