
异常时间：2017-11-26 00:05:40,189 [42] 
异常级别：ERROR 
异 常 类：error [(null)] 
获取acess_token成功：PuXc9q8SisIPJBtOTFWuUAXXMobZ2UxuwP8gNRKLGNKIfKPhB3tcdB-SpEEM1pjHdac38MSWMlZWucfCVoTPjBuoMjiAPmsozY4-vKq1kUEn2M9_2kUWynVdvlONRS3eAGAgABASYS 
 
异常时间：2017-11-26 00:05:41,000 [42] 
异常级别：ERROR 
异 常 类：error [(null)] 
新增永久图文素材错误:不合法的媒体文件id 
 
异常时间：2017-11-26 00:06:57,273 [17] 
异常级别：ERROR 
异 常 类：error [(null)] 
获取acess_token成功：PuXc9q8SisIPJBtOTFWuUAXXMobZ2UxuwP8gNRKLGNKIfKPhB3tcdB-SpEEM1pjHdac38MSWMlZWucfCVoTPjBuoMjiAPmsozY4-vKq1kUEn2M9_2kUWynVdvlONRS3eAGAgABASYS 
 
异常时间：2017-11-26 00:06:58,183 [17] 
异常级别：ERROR 
异 常 类：error [(null)] 
新增永久图文素材错误:不合法的媒体文件id 
 
异常时间：2017-11-26 00:12:38,202 [42] 
异常级别：ERROR 
异 常 类：error [(null)] 
获取acess_token成功：PuXc9q8SisIPJBtOTFWuUAXXMobZ2UxuwP8gNRKLGNKIfKPhB3tcdB-SpEEM1pjHdac38MSWMlZWucfCVoTPjBuoMjiAPmsozY4-vKq1kUEn2M9_2kUWynVdvlONRS3eAGAgABASYS 
 
异常时间：2017-11-26 00:12:39,115 [42] 
异常级别：ERROR 
异 常 类：error [(null)] 
新增永久图文素材错误:不合法的媒体文件id 
 
异常时间：2017-11-26 00:26:26,434 [14] 
异常级别：ERROR 
异 常 类：error [(null)] 
获取acess_token成功：2kxIF3a4JayianSw6l0c7PkvzDxTc-1Lo7sE0KYQtx2ZsYSdhJVwL47Un1yoYobDvsgnNLlzIej1_KSv1J0Mbox-Izooepb-fsq5llkvLWNdoRC6xxmCsBlPFI1Gyk8KTJXgAJAAQE 
 
异常时间：2017-11-26 00:26:27,085 [14] 
异常级别：ERROR 
异 常 类：error [(null)] 
新增永久图文素材错误:不合法的媒体文件id 
 
异常时间：2017-11-26 00:27:48,873 [46] 
异常级别：ERROR 
异 常 类：error [(null)] 
获取acess_token成功：2kxIF3a4JayianSw6l0c7PkvzDxTc-1Lo7sE0KYQtx2ZsYSdhJVwL47Un1yoYobDvsgnNLlzIej1_KSv1J0Mbox-Izooepb-fsq5llkvLWNdoRC6xxmCsBlPFI1Gyk8KTJXgAJAAQE 
 
异常时间：2017-11-26 00:27:49,798 [46] 
异常级别：ERROR 
异 常 类：error [(null)] 
新增永久图文素材错误:不合法的媒体文件id 
 
异常时间：2017-11-26 00:42:08,318 [56] 
异常级别：ERROR 
异 常 类：error [(null)] 
获取acess_token成功：2kxIF3a4JayianSw6l0c7PkvzDxTc-1Lo7sE0KYQtx2ZsYSdhJVwL47Un1yoYobDvsgnNLlzIej1_KSv1J0Mbox-Izooepb-fsq5llkvLWNdoRC6xxmCsBlPFI1Gyk8KTJXgAJAAQE 
 
异常时间：2017-11-26 00:42:32,893 [56] 
异常级别：ERROR 
异 常 类：error [(null)] 
获取acess_token成功：2kxIF3a4JayianSw6l0c7PkvzDxTc-1Lo7sE0KYQtx2ZsYSdhJVwL47Un1yoYobDvsgnNLlzIej1_KSv1J0Mbox-Izooepb-fsq5llkvLWNdoRC6xxmCsBlPFI1Gyk8KTJXgAJAAQE 
 
异常时间：2017-11-26 00:44:43,338 [41] 
异常级别：ERROR 
异 常 类：error [(null)] 
获取acess_token成功：2kxIF3a4JayianSw6l0c7PkvzDxTc-1Lo7sE0KYQtx2ZsYSdhJVwL47Un1yoYobDvsgnNLlzIej1_KSv1J0Mbox-Izooepb-fsq5llkvLWNdoRC6xxmCsBlPFI1Gyk8KTJXgAJAAQE 
 
异常时间：2017-11-26 00:45:44,016 [40] 
异常级别：ERROR 
异 常 类：error [(null)] 
获取acess_token成功：2kxIF3a4JayianSw6l0c7PkvzDxTc-1Lo7sE0KYQtx2ZsYSdhJVwL47Un1yoYobDvsgnNLlzIej1_KSv1J0Mbox-Izooepb-fsq5llkvLWNdoRC6xxmCsBlPFI1Gyk8KTJXgAJAAQE 
 
异常时间：2017-11-26 00:46:13,483 [40] 
异常级别：ERROR 
异 常 类：error [(null)] 
获取acess_token成功：2kxIF3a4JayianSw6l0c7PkvzDxTc-1Lo7sE0KYQtx2ZsYSdhJVwL47Un1yoYobDvsgnNLlzIej1_KSv1J0Mbox-Izooepb-fsq5llkvLWNdoRC6xxmCsBlPFI1Gyk8KTJXgAJAAQE 
 
异常时间：2017-11-26 00:47:07,157 [41] 
异常级别：ERROR 
异 常 类：error [(null)] 
获取acess_token成功：2kxIF3a4JayianSw6l0c7PkvzDxTc-1Lo7sE0KYQtx2ZsYSdhJVwL47Un1yoYobDvsgnNLlzIej1_KSv1J0Mbox-Izooepb-fsq5llkvLWNdoRC6xxmCsBlPFI1Gyk8KTJXgAJAAQE 
 
异常时间：2017-11-26 00:48:39,833 [51] 
异常级别：ERROR 
异 常 类：error [(null)] 
获取acess_token成功：2kxIF3a4JayianSw6l0c7PkvzDxTc-1Lo7sE0KYQtx2ZsYSdhJVwL47Un1yoYobDvsgnNLlzIej1_KSv1J0Mbox-Izooepb-fsq5llkvLWNdoRC6xxmCsBlPFI1Gyk8KTJXgAJAAQE 
 