
异常时间：2017-12-04 13:36:37,714 [12] 
异常级别：ERROR 
异 常 类：error [(null)] 
获取acess_token成功：_jxRmgKC5HJGK_UIIYrTJkE2yrGkPaTfOYI8Y8_RAMOMlB2TbYIkqFRLoRClJElRytc2umTLJW4EhsxdGojXCgBW7Cikav43y1HTNtssIasYEYaADATZT 
 
异常时间：2017-12-04 13:36:38,135 [12] 
异常级别：ERROR 
异 常 类：error [(null)] 
获取acess_token成功：_jxRmgKC5HJGK_UIIYrTJkE2yrGkPaTfOYI8Y8_RAMOMlB2TbYIkqFRLoRClJElRytc2umTLJW4EhsxdGojXCgBW7Cikav43y1HTNtssIasYEYaADATZT 
 
异常时间：2017-12-04 13:36:38,714 [12] 
异常级别：ERROR 
异 常 类：error [(null)] 
获取acess_token成功：_jxRmgKC5HJGK_UIIYrTJkE2yrGkPaTfOYI8Y8_RAMOMlB2TbYIkqFRLoRClJElRytc2umTLJW4EhsxdGojXCgBW7Cikav43y1HTNtssIasYEYaADATZT 
 
异常时间：2017-12-04 13:36:38,896 [12] 
异常级别：ERROR 
异 常 类：error [(null)] 
获取acess_token成功：_jxRmgKC5HJGK_UIIYrTJkE2yrGkPaTfOYI8Y8_RAMOMlB2TbYIkqFRLoRClJElRytc2umTLJW4EhsxdGojXCgBW7Cikav43y1HTNtssIasYEYaADATZT 
 
异常时间：2017-12-04 13:36:39,086 [12] 
异常级别：ERROR 
异 常 类：error [(null)] 
获取acess_token成功：_jxRmgKC5HJGK_UIIYrTJkE2yrGkPaTfOYI8Y8_RAMOMlB2TbYIkqFRLoRClJElRytc2umTLJW4EhsxdGojXCgBW7Cikav43y1HTNtssIasYEYaADATZT 
 
异常时间：2017-12-04 13:36:39,273 [12] 
异常级别：ERROR 
异 常 类：error [(null)] 
获取acess_token成功：_jxRmgKC5HJGK_UIIYrTJkE2yrGkPaTfOYI8Y8_RAMOMlB2TbYIkqFRLoRClJElRytc2umTLJW4EhsxdGojXCgBW7Cikav43y1HTNtssIasYEYaADATZT 
 
异常时间：2017-12-04 13:36:39,413 [12] 
异常级别：ERROR 
异 常 类：error [(null)] 
获取acess_token成功：_jxRmgKC5HJGK_UIIYrTJkE2yrGkPaTfOYI8Y8_RAMOMlB2TbYIkqFRLoRClJElRytc2umTLJW4EhsxdGojXCgBW7Cikav43y1HTNtssIasYEYaADATZT 
 
异常时间：2017-12-04 13:36:39,569 [12] 
异常级别：ERROR 
异 常 类：error [(null)] 
获取acess_token成功：_jxRmgKC5HJGK_UIIYrTJkE2yrGkPaTfOYI8Y8_RAMOMlB2TbYIkqFRLoRClJElRytc2umTLJW4EhsxdGojXCgBW7Cikav43y1HTNtssIasYEYaADATZT 
 
异常时间：2017-12-04 13:36:39,832 [12] 
异常级别：ERROR 
异 常 类：error [(null)] 
获取acess_token成功：_jxRmgKC5HJGK_UIIYrTJkE2yrGkPaTfOYI8Y8_RAMOMlB2TbYIkqFRLoRClJElRytc2umTLJW4EhsxdGojXCgBW7Cikav43y1HTNtssIasYEYaADATZT 
 
异常时间：2017-12-04 16:41:46,472 [61] 
异常级别：ERROR 
异 常 类：error [(null)] 
获取acess_token成功：jP5mqD35O_JAEOEQRJ2fySVkx23SHcxKHPX6dkudSFC6chKkUvlW6q_imv0MVn4KFw-2WF4HlMii_NkOMEmuxvKNtsOYfC_7H-tEIf2ELeqZUswkbBh11gMxjuCAUQnINPZhACADFP 
 
异常时间：2017-12-04 17:14:01,388 [17] 
异常级别：ERROR 
异 常 类：error [(null)] 
获取acess_token成功：jP5mqD35O_JAEOEQRJ2fySVkx23SHcxKHPX6dkudSFC6chKkUvlW6q_imv0MVn4KFw-2WF4HlMii_NkOMEmuxvKNtsOYfC_7H-tEIf2ELeqZUswkbBh11gMxjuCAUQnINPZhACADFP 
 
异常时间：2017-12-04 17:19:06,564 [10] 
异常级别：ERROR 
异 常 类：error [(null)] 
获取acess_token成功：jP5mqD35O_JAEOEQRJ2fySVkx23SHcxKHPX6dkudSFC6chKkUvlW6q_imv0MVn4KFw-2WF4HlMii_NkOMEmuxvKNtsOYfC_7H-tEIf2ELeqZUswkbBh11gMxjuCAUQnINPZhACADFP 
 
异常时间：2017-12-04 17:20:09,111 [22] 
异常级别：ERROR 
异 常 类：error [(null)] 
获取acess_token成功：jP5mqD35O_JAEOEQRJ2fySVkx23SHcxKHPX6dkudSFC6chKkUvlW6q_imv0MVn4KFw-2WF4HlMii_NkOMEmuxvKNtsOYfC_7H-tEIf2ELeqZUswkbBh11gMxjuCAUQnINPZhACADFP 
 