
异常时间：2017-11-21 14:51:35,741 [11] 
异常级别：ERROR 
异 常 类：error [(null)] 
获取acess_token成功：cbIVPo62W33ATXP0WRaR6ejqRH-561U8zrv5r26Vy7SiFDiJmvrzH4iTLqzQYinC7Z0StI7VAkzmqBHUqOCirThNuxM4xGdJWav6-2dLWu9EsPkp_-IIkuP--fxzcZpaSMAiAGAEYM 
 
异常时间：2017-11-21 14:51:36,442 [11] 
异常级别：ERROR 
异 常 类：error [(null)] 
新增标签错误:45157 
 
异常时间：2017-11-21 15:00:20,960 [35] 
异常级别：ERROR 
异 常 类：error [(null)] 
获取acess_token成功：cbIVPo62W33ATXP0WRaR6ejqRH-561U8zrv5r26Vy7SiFDiJmvrzH4iTLqzQYinC7Z0StI7VAkzmqBHUqOCirThNuxM4xGdJWav6-2dLWu9EsPkp_-IIkuP--fxzcZpaSMAiAGAEYM 
 
异常时间：2017-11-21 15:00:21,752 [35] 
异常级别：ERROR 
异 常 类：error [(null)] 
新增标签错误:标签名非法 
 
异常时间：2017-11-21 15:01:38,823 [36] 
异常级别：ERROR 
异 常 类：error [(null)] 
获取acess_token成功：cbIVPo62W33ATXP0WRaR6ejqRH-561U8zrv5r26Vy7SiFDiJmvrzH4iTLqzQYinC7Z0StI7VAkzmqBHUqOCirThNuxM4xGdJWav6-2dLWu9EsPkp_-IIkuP--fxzcZpaSMAiAGAEYM 
 
异常时间：2017-11-21 15:01:39,836 [36] 
异常级别：ERROR 
异 常 类：error [(null)] 
新增标签错误:标签名非法 
 
异常时间：2017-11-21 15:02:33,521 [35] 
异常级别：ERROR 
异 常 类：error [(null)] 
获取acess_token成功：cbIVPo62W33ATXP0WRaR6ejqRH-561U8zrv5r26Vy7SiFDiJmvrzH4iTLqzQYinC7Z0StI7VAkzmqBHUqOCirThNuxM4xGdJWav6-2dLWu9EsPkp_-IIkuP--fxzcZpaSMAiAGAEYM 
 
异常时间：2017-11-21 15:10:56,162 [36] 
异常级别：ERROR 
异 常 类：error [(null)] 
获取acess_token成功：cbIVPo62W33ATXP0WRaR6ejqRH-561U8zrv5r26Vy7SiFDiJmvrzH4iTLqzQYinC7Z0StI7VAkzmqBHUqOCirThNuxM4xGdJWav6-2dLWu9EsPkp_-IIkuP--fxzcZpaSMAiAGAEYM 
 
异常时间：2017-11-21 15:12:57,874 [31] 
异常级别：ERROR 
异 常 类：error [(null)] 
获取acess_token成功：cbIVPo62W33ATXP0WRaR6ejqRH-561U8zrv5r26Vy7SiFDiJmvrzH4iTLqzQYinC7Z0StI7VAkzmqBHUqOCirThNuxM4xGdJWav6-2dLWu9EsPkp_-IIkuP--fxzcZpaSMAiAGAEYM 
 
异常时间：2017-11-21 15:14:38,942 [21] 
异常级别：ERROR 
异 常 类：error [(null)] 
获取acess_token成功：cbIVPo62W33ATXP0WRaR6ejqRH-561U8zrv5r26Vy7SiFDiJmvrzH4iTLqzQYinC7Z0StI7VAkzmqBHUqOCirThNuxM4xGdJWav6-2dLWu9EsPkp_-IIkuP--fxzcZpaSMAiAGAEYM 
 
异常时间：2017-11-21 15:43:44,595 [40] 
异常级别：ERROR 
异 常 类：error [(null)] 
获取acess_token成功：cbIVPo62W33ATXP0WRaR6ejqRH-561U8zrv5r26Vy7SiFDiJmvrzH4iTLqzQYinC7Z0StI7VAkzmqBHUqOCirThNuxM4xGdJWav6-2dLWu9EsPkp_-IIkuP--fxzcZpaSMAiAGAEYM 
 
异常时间：2017-11-21 15:43:56,851 [47] 
异常级别：ERROR 
异 常 类：error [(null)] 
获取acess_token成功：cbIVPo62W33ATXP0WRaR6ejqRH-561U8zrv5r26Vy7SiFDiJmvrzH4iTLqzQYinC7Z0StI7VAkzmqBHUqOCirThNuxM4xGdJWav6-2dLWu9EsPkp_-IIkuP--fxzcZpaSMAiAGAEYM 
 
异常时间：2017-11-21 17:55:09,773 [8] 
异常级别：ERROR 
异 常 类：error [(null)] 
获取acess_token成功：6dyWZkbkWd99jCbLFqGFwnYio6uYGTr7jxhqufy_p7zUFF1PecVwNzca39saUkQy8zFKXjLDyOCzHNeOtQGX3HgyPebPfW6zysYBiOzSEPESPXaADAAXF 
 
异常时间：2017-11-21 17:55:39,413 [9] 
异常级别：ERROR 
异 常 类：error [(null)] 
获取acess_token成功：6dyWZkbkWd99jCbLFqGFwnYio6uYGTr7jxhqufy_p7zUFF1PecVwNzca39saUkQy8zFKXjLDyOCzHNeOtQGX3HgyPebPfW6zysYBiOzSEPESPXaADAAXF 
 
异常时间：2017-11-21 18:47:55,679 [18] 
异常级别：ERROR 
异 常 类：error [(null)] 
获取acess_token成功：6dyWZkbkWd99jCbLFqGFwnYio6uYGTr7jxhqufy_p7zUFF1PecVwNzca39saUkQy8zFKXjLDyOCzHNeOtQGX3HgyPebPfW6zysYBiOzSEPESPXaADAAXF 
 
异常时间：2017-11-21 18:48:00,588 [19] 
异常级别：ERROR 
异 常 类：error [(null)] 
获取acess_token成功：6dyWZkbkWd99jCbLFqGFwnYio6uYGTr7jxhqufy_p7zUFF1PecVwNzca39saUkQy8zFKXjLDyOCzHNeOtQGX3HgyPebPfW6zysYBiOzSEPESPXaADAAXF 
 
异常时间：2017-11-21 18:49:10,055 [19] 
异常级别：ERROR 
异 常 类：error [(null)] 
获取acess_token成功：6dyWZkbkWd99jCbLFqGFwnYio6uYGTr7jxhqufy_p7zUFF1PecVwNzca39saUkQy8zFKXjLDyOCzHNeOtQGX3HgyPebPfW6zysYBiOzSEPESPXaADAAXF 
 
异常时间：2017-11-21 18:50:30,319 [24] 
异常级别：ERROR 
异 常 类：error [(null)] 
获取acess_token成功：6dyWZkbkWd99jCbLFqGFwnYio6uYGTr7jxhqufy_p7zUFF1PecVwNzca39saUkQy8zFKXjLDyOCzHNeOtQGX3HgyPebPfW6zysYBiOzSEPESPXaADAAXF 
 
异常时间：2017-11-21 18:50:41,176 [18] 
异常级别：ERROR 
异 常 类：error [(null)] 
获取acess_token成功：6dyWZkbkWd99jCbLFqGFwnYio6uYGTr7jxhqufy_p7zUFF1PecVwNzca39saUkQy8zFKXjLDyOCzHNeOtQGX3HgyPebPfW6zysYBiOzSEPESPXaADAAXF 
 
异常时间：2017-11-21 18:51:15,078 [18] 
异常级别：ERROR 
异 常 类：error [(null)] 
获取acess_token成功：6dyWZkbkWd99jCbLFqGFwnYio6uYGTr7jxhqufy_p7zUFF1PecVwNzca39saUkQy8zFKXjLDyOCzHNeOtQGX3HgyPebPfW6zysYBiOzSEPESPXaADAAXF 
 
异常时间：2017-11-21 18:51:33,000 [25] 
异常级别：ERROR 
异 常 类：error [(null)] 
获取acess_token成功：6dyWZkbkWd99jCbLFqGFwnYio6uYGTr7jxhqufy_p7zUFF1PecVwNzca39saUkQy8zFKXjLDyOCzHNeOtQGX3HgyPebPfW6zysYBiOzSEPESPXaADAAXF 
 
异常时间：2017-11-21 18:52:32,685 [28] 
异常级别：ERROR 
异 常 类：error [(null)] 
获取acess_token成功：6dyWZkbkWd99jCbLFqGFwnYio6uYGTr7jxhqufy_p7zUFF1PecVwNzca39saUkQy8zFKXjLDyOCzHNeOtQGX3HgyPebPfW6zysYBiOzSEPESPXaADAAXF 
 
异常时间：2017-11-21 18:52:36,622 [24] 
异常级别：ERROR 
异 常 类：error [(null)] 
获取acess_token成功：6dyWZkbkWd99jCbLFqGFwnYio6uYGTr7jxhqufy_p7zUFF1PecVwNzca39saUkQy8zFKXjLDyOCzHNeOtQGX3HgyPebPfW6zysYBiOzSEPESPXaADAAXF 
 
异常时间：2017-11-21 18:59:40,784 [45] 
异常级别：ERROR 
异 常 类：error [(null)] 
获取acess_token成功：6dyWZkbkWd99jCbLFqGFwnYio6uYGTr7jxhqufy_p7zUFF1PecVwNzca39saUkQy8zFKXjLDyOCzHNeOtQGX3HgyPebPfW6zysYBiOzSEPESPXaADAAXF 
 
异常时间：2017-11-21 19:01:04,806 [49] 
异常级别：ERROR 
异 常 类：error [(null)] 
获取acess_token成功：6dyWZkbkWd99jCbLFqGFwnYio6uYGTr7jxhqufy_p7zUFF1PecVwNzca39saUkQy8zFKXjLDyOCzHNeOtQGX3HgyPebPfW6zysYBiOzSEPESPXaADAAXF 
 
异常时间：2017-11-21 19:04:03,460 [45] 
异常级别：ERROR 
异 常 类：error [(null)] 
获取acess_token成功：6dyWZkbkWd99jCbLFqGFwnYio6uYGTr7jxhqufy_p7zUFF1PecVwNzca39saUkQy8zFKXjLDyOCzHNeOtQGX3HgyPebPfW6zysYBiOzSEPESPXaADAAXF 
 
异常时间：2017-11-21 19:04:48,226 [41] 
异常级别：ERROR 
异 常 类：error [(null)] 
获取acess_token成功：6dyWZkbkWd99jCbLFqGFwnYio6uYGTr7jxhqufy_p7zUFF1PecVwNzca39saUkQy8zFKXjLDyOCzHNeOtQGX3HgyPebPfW6zysYBiOzSEPESPXaADAAXF 
 
异常时间：2017-11-21 19:13:42,628 [70] 
异常级别：ERROR 
异 常 类：error [(null)] 
获取acess_token成功：6dyWZkbkWd99jCbLFqGFwnYio6uYGTr7jxhqufy_p7zUFF1PecVwNzca39saUkQy8zFKXjLDyOCzHNeOtQGX3HgyPebPfW6zysYBiOzSEPESPXaADAAXF 
 
异常时间：2017-11-21 19:15:05,730 [61] 
异常级别：ERROR 
异 常 类：error [(null)] 
获取acess_token成功：6dyWZkbkWd99jCbLFqGFwnYio6uYGTr7jxhqufy_p7zUFF1PecVwNzca39saUkQy8zFKXjLDyOCzHNeOtQGX3HgyPebPfW6zysYBiOzSEPESPXaADAAXF 
 
异常时间：2017-11-21 19:18:01,159 [51] 
异常级别：ERROR 
异 常 类：error [(null)] 
获取acess_token成功：6dyWZkbkWd99jCbLFqGFwnYio6uYGTr7jxhqufy_p7zUFF1PecVwNzca39saUkQy8zFKXjLDyOCzHNeOtQGX3HgyPebPfW6zysYBiOzSEPESPXaADAAXF 
 
异常时间：2017-11-21 19:18:13,175 [55] 
异常级别：ERROR 
异 常 类：error [(null)] 
获取acess_token成功：6dyWZkbkWd99jCbLFqGFwnYio6uYGTr7jxhqufy_p7zUFF1PecVwNzca39saUkQy8zFKXjLDyOCzHNeOtQGX3HgyPebPfW6zysYBiOzSEPESPXaADAAXF 
 
异常时间：2017-11-21 19:19:15,313 [70] 
异常级别：ERROR 
异 常 类：error [(null)] 
获取acess_token成功：6dyWZkbkWd99jCbLFqGFwnYio6uYGTr7jxhqufy_p7zUFF1PecVwNzca39saUkQy8zFKXjLDyOCzHNeOtQGX3HgyPebPfW6zysYBiOzSEPESPXaADAAXF 
 
异常时间：2017-11-21 19:20:08,301 [70] 
异常级别：ERROR 
异 常 类：error [(null)] 
获取acess_token成功：6dyWZkbkWd99jCbLFqGFwnYio6uYGTr7jxhqufy_p7zUFF1PecVwNzca39saUkQy8zFKXjLDyOCzHNeOtQGX3HgyPebPfW6zysYBiOzSEPESPXaADAAXF 
 
异常时间：2017-11-21 19:20:28,221 [62] 
异常级别：ERROR 
异 常 类：error [(null)] 
获取acess_token成功：6dyWZkbkWd99jCbLFqGFwnYio6uYGTr7jxhqufy_p7zUFF1PecVwNzca39saUkQy8zFKXjLDyOCzHNeOtQGX3HgyPebPfW6zysYBiOzSEPESPXaADAAXF 
 
异常时间：2017-11-21 19:21:17,205 [70] 
异常级别：ERROR 
异 常 类：error [(null)] 
获取acess_token成功：6dyWZkbkWd99jCbLFqGFwnYio6uYGTr7jxhqufy_p7zUFF1PecVwNzca39saUkQy8zFKXjLDyOCzHNeOtQGX3HgyPebPfW6zysYBiOzSEPESPXaADAAXF 
 
异常时间：2017-11-21 19:22:05,844 [55] 
异常级别：ERROR 
异 常 类：error [(null)] 
获取acess_token成功：6dyWZkbkWd99jCbLFqGFwnYio6uYGTr7jxhqufy_p7zUFF1PecVwNzca39saUkQy8zFKXjLDyOCzHNeOtQGX3HgyPebPfW6zysYBiOzSEPESPXaADAAXF 
 
异常时间：2017-11-21 19:23:05,547 [62] 
异常级别：ERROR 
异 常 类：error [(null)] 
获取acess_token成功：6dyWZkbkWd99jCbLFqGFwnYio6uYGTr7jxhqufy_p7zUFF1PecVwNzca39saUkQy8zFKXjLDyOCzHNeOtQGX3HgyPebPfW6zysYBiOzSEPESPXaADAAXF 
 
异常时间：2017-11-21 19:24:05,050 [60] 
异常级别：ERROR 
异 常 类：error [(null)] 
获取acess_token成功：6dyWZkbkWd99jCbLFqGFwnYio6uYGTr7jxhqufy_p7zUFF1PecVwNzca39saUkQy8zFKXjLDyOCzHNeOtQGX3HgyPebPfW6zysYBiOzSEPESPXaADAAXF 
 
异常时间：2017-11-21 19:24:23,322 [58] 
异常级别：ERROR 
异 常 类：error [(null)] 
获取acess_token成功：6dyWZkbkWd99jCbLFqGFwnYio6uYGTr7jxhqufy_p7zUFF1PecVwNzca39saUkQy8zFKXjLDyOCzHNeOtQGX3HgyPebPfW6zysYBiOzSEPESPXaADAAXF 
 
异常时间：2017-11-21 19:25:33,976 [40] 
异常级别：ERROR 
异 常 类：error [(null)] 
获取acess_token成功：6dyWZkbkWd99jCbLFqGFwnYio6uYGTr7jxhqufy_p7zUFF1PecVwNzca39saUkQy8zFKXjLDyOCzHNeOtQGX3HgyPebPfW6zysYBiOzSEPESPXaADAAXF 
 
异常时间：2017-11-21 19:25:48,329 [38] 
异常级别：ERROR 
异 常 类：error [(null)] 
获取acess_token成功：6dyWZkbkWd99jCbLFqGFwnYio6uYGTr7jxhqufy_p7zUFF1PecVwNzca39saUkQy8zFKXjLDyOCzHNeOtQGX3HgyPebPfW6zysYBiOzSEPESPXaADAAXF 
 
异常时间：2017-11-21 19:29:37,917 [35] 
异常级别：ERROR 
异 常 类：error [(null)] 
获取acess_token成功：6dyWZkbkWd99jCbLFqGFwnYio6uYGTr7jxhqufy_p7zUFF1PecVwNzca39saUkQy8zFKXjLDyOCzHNeOtQGX3HgyPebPfW6zysYBiOzSEPESPXaADAAXF 
 
异常时间：2017-11-21 19:29:51,669 [28] 
异常级别：ERROR 
异 常 类：error [(null)] 
获取acess_token成功：6dyWZkbkWd99jCbLFqGFwnYio6uYGTr7jxhqufy_p7zUFF1PecVwNzca39saUkQy8zFKXjLDyOCzHNeOtQGX3HgyPebPfW6zysYBiOzSEPESPXaADAAXF 
 
异常时间：2017-11-21 19:30:20,548 [60] 
异常级别：ERROR 
异 常 类：error [(null)] 
获取acess_token成功：6dyWZkbkWd99jCbLFqGFwnYio6uYGTr7jxhqufy_p7zUFF1PecVwNzca39saUkQy8zFKXjLDyOCzHNeOtQGX3HgyPebPfW6zysYBiOzSEPESPXaADAAXF 
 
异常时间：2017-11-21 19:30:24,475 [33] 
异常级别：ERROR 
异 常 类：error [(null)] 
获取acess_token成功：6dyWZkbkWd99jCbLFqGFwnYio6uYGTr7jxhqufy_p7zUFF1PecVwNzca39saUkQy8zFKXjLDyOCzHNeOtQGX3HgyPebPfW6zysYBiOzSEPESPXaADAAXF 
 
异常时间：2017-11-21 19:30:56,739 [35] 
异常级别：ERROR 
异 常 类：error [(null)] 
获取acess_token成功：6dyWZkbkWd99jCbLFqGFwnYio6uYGTr7jxhqufy_p7zUFF1PecVwNzca39saUkQy8zFKXjLDyOCzHNeOtQGX3HgyPebPfW6zysYBiOzSEPESPXaADAAXF 
 
异常时间：2017-11-21 19:34:54,952 [35] 
异常级别：ERROR 
异 常 类：error [(null)] 
获取acess_token成功：6dyWZkbkWd99jCbLFqGFwnYio6uYGTr7jxhqufy_p7zUFF1PecVwNzca39saUkQy8zFKXjLDyOCzHNeOtQGX3HgyPebPfW6zysYBiOzSEPESPXaADAAXF 
 