
异常时间：2017-11-28 18:13:45,608 [63] 
异常级别：ERROR 
异 常 类：error [(null)] 
获取acess_token成功：nSWOp0qBcotVsNFWsoPH69lhrr_PlkoXbR12z4-MZGavd-eVICgfAwbzwXUxd7AaYZ5txZ-r3OuQNifIjzLMkDWcXQZkSNxwVRLxjuhZGZ_8mTQ4iK9Mr5QhlPTKCVRcQLAjAEAEZO 
 
异常时间：2017-11-28 18:14:55,916 [69] 
异常级别：ERROR 
异 常 类：error [(null)] 
获取acess_token成功：nSWOp0qBcotVsNFWsoPH69lhrr_PlkoXbR12z4-MZGavd-eVICgfAwbzwXUxd7AaYZ5txZ-r3OuQNifIjzLMkDWcXQZkSNxwVRLxjuhZGZ_8mTQ4iK9Mr5QhlPTKCVRcQLAjAEAEZO 
 
异常时间：2017-11-28 18:14:56,239 [69] 
异常级别：ERROR 
异 常 类：error [(null)] 
群发消息错误:48008 
 
异常时间：2017-11-28 18:16:04,670 [56] 
异常级别：ERROR 
异 常 类：error [(null)] 
获取acess_token成功：nSWOp0qBcotVsNFWsoPH69lhrr_PlkoXbR12z4-MZGavd-eVICgfAwbzwXUxd7AaYZ5txZ-r3OuQNifIjzLMkDWcXQZkSNxwVRLxjuhZGZ_8mTQ4iK9Mr5QhlPTKCVRcQLAjAEAEZO 
 
异常时间：2017-11-28 18:16:22,728 [54] 
异常级别：ERROR 
异 常 类：error [(null)] 
获取acess_token成功：nSWOp0qBcotVsNFWsoPH69lhrr_PlkoXbR12z4-MZGavd-eVICgfAwbzwXUxd7AaYZ5txZ-r3OuQNifIjzLMkDWcXQZkSNxwVRLxjuhZGZ_8mTQ4iK9Mr5QhlPTKCVRcQLAjAEAEZO 
 
异常时间：2017-11-28 18:16:22,937 [54] 
异常级别：ERROR 
异 常 类：error [(null)] 
群发消息错误:不合法的消息类型 
 
异常时间：2017-11-28 18:20:22,136 [57] 
异常级别：ERROR 
异 常 类：error [(null)] 
获取acess_token成功：nSWOp0qBcotVsNFWsoPH69lhrr_PlkoXbR12z4-MZGavd-eVICgfAwbzwXUxd7AaYZ5txZ-r3OuQNifIjzLMkDWcXQZkSNxwVRLxjuhZGZ_8mTQ4iK9Mr5QhlPTKCVRcQLAjAEAEZO 
 
异常时间：2017-11-28 18:20:22,957 [57] 
异常级别：ERROR 
异 常 类：error [(null)] 
群发消息错误:48008 
 
异常时间：2017-11-28 18:23:44,891 [55] 
异常级别：ERROR 
异 常 类：error [(null)] 
获取acess_token成功：nSWOp0qBcotVsNFWsoPH69lhrr_PlkoXbR12z4-MZGavd-eVICgfAwbzwXUxd7AaYZ5txZ-r3OuQNifIjzLMkDWcXQZkSNxwVRLxjuhZGZ_8mTQ4iK9Mr5QhlPTKCVRcQLAjAEAEZO 
 