
异常时间：2017-11-30 16:17:38,693 [19] 
异常级别：ERROR 
异 常 类：error [(null)] 
获取acess_token成功：缺少corpid参数 
 
异常时间：2017-11-30 16:19:16,351 [10] 
异常级别：ERROR 
异 常 类：error [(null)] 
获取acess_token成功：缺少corpid参数 
 
异常时间：2017-11-30 16:19:45,551 [26] 
异常级别：ERROR 
异 常 类：error [(null)] 
获取acess_token成功：Uab9rAxQAseUjbMdIb1txRca-KSjt4jsiWsIB6XASeKuvt6zD1T6uqkeozrEFEyQZKarBGyNDKvw1IpHjldlF-R9-RIR9Z4Mq9g8Q23b3Z9iFbyhGaHH8HU5OsWbeXJjZBAaACAQSR 
 
异常时间：2017-11-30 16:19:45,845 [26] 
异常级别：ERROR 
异 常 类：error [(null)] 
获取acess_token成功：Uab9rAxQAseUjbMdIb1txRca-KSjt4jsiWsIB6XASeKuvt6zD1T6uqkeozrEFEyQZKarBGyNDKvw1IpHjldlF-R9-RIR9Z4Mq9g8Q23b3Z9iFbyhGaHH8HU5OsWbeXJjZBAaACAQSR 
 
异常时间：2017-11-30 16:19:46,145 [26] 
异常级别：ERROR 
异 常 类：error [(null)] 
获取acess_token成功：Uab9rAxQAseUjbMdIb1txRca-KSjt4jsiWsIB6XASeKuvt6zD1T6uqkeozrEFEyQZKarBGyNDKvw1IpHjldlF-R9-RIR9Z4Mq9g8Q23b3Z9iFbyhGaHH8HU5OsWbeXJjZBAaACAQSR 
 
异常时间：2017-11-30 16:19:46,316 [26] 
异常级别：ERROR 
异 常 类：error [(null)] 
获取acess_token成功：Uab9rAxQAseUjbMdIb1txRca-KSjt4jsiWsIB6XASeKuvt6zD1T6uqkeozrEFEyQZKarBGyNDKvw1IpHjldlF-R9-RIR9Z4Mq9g8Q23b3Z9iFbyhGaHH8HU5OsWbeXJjZBAaACAQSR 
 
异常时间：2017-11-30 16:19:46,513 [26] 
异常级别：ERROR 
异 常 类：error [(null)] 
获取acess_token成功：Uab9rAxQAseUjbMdIb1txRca-KSjt4jsiWsIB6XASeKuvt6zD1T6uqkeozrEFEyQZKarBGyNDKvw1IpHjldlF-R9-RIR9Z4Mq9g8Q23b3Z9iFbyhGaHH8HU5OsWbeXJjZBAaACAQSR 
 
异常时间：2017-11-30 16:19:46,682 [26] 
异常级别：ERROR 
异 常 类：error [(null)] 
获取acess_token成功：Uab9rAxQAseUjbMdIb1txRca-KSjt4jsiWsIB6XASeKuvt6zD1T6uqkeozrEFEyQZKarBGyNDKvw1IpHjldlF-R9-RIR9Z4Mq9g8Q23b3Z9iFbyhGaHH8HU5OsWbeXJjZBAaACAQSR 
 
异常时间：2017-11-30 16:19:46,846 [26] 
异常级别：ERROR 
异 常 类：error [(null)] 
获取acess_token成功：Uab9rAxQAseUjbMdIb1txRca-KSjt4jsiWsIB6XASeKuvt6zD1T6uqkeozrEFEyQZKarBGyNDKvw1IpHjldlF-R9-RIR9Z4Mq9g8Q23b3Z9iFbyhGaHH8HU5OsWbeXJjZBAaACAQSR 
 
异常时间：2017-11-30 16:19:47,024 [26] 
异常级别：ERROR 
异 常 类：error [(null)] 
获取acess_token成功：Uab9rAxQAseUjbMdIb1txRca-KSjt4jsiWsIB6XASeKuvt6zD1T6uqkeozrEFEyQZKarBGyNDKvw1IpHjldlF-R9-RIR9Z4Mq9g8Q23b3Z9iFbyhGaHH8HU5OsWbeXJjZBAaACAQSR 
 
异常时间：2017-11-30 16:19:47,155 [26] 
异常级别：ERROR 
异 常 类：error [(null)] 
获取acess_token成功：Uab9rAxQAseUjbMdIb1txRca-KSjt4jsiWsIB6XASeKuvt6zD1T6uqkeozrEFEyQZKarBGyNDKvw1IpHjldlF-R9-RIR9Z4Mq9g8Q23b3Z9iFbyhGaHH8HU5OsWbeXJjZBAaACAQSR 
 
异常时间：2017-11-30 16:22:33,647 [10] 
异常级别：ERROR 
异 常 类：error [(null)] 
获取acess_token成功：Uab9rAxQAseUjbMdIb1txRca-KSjt4jsiWsIB6XASeKuvt6zD1T6uqkeozrEFEyQZKarBGyNDKvw1IpHjldlF-R9-RIR9Z4Mq9g8Q23b3Z9iFbyhGaHH8HU5OsWbeXJjZBAaACAQSR 
 
异常时间：2017-11-30 16:22:34,118 [10] 
异常级别：ERROR 
异 常 类：error [(null)] 
获取acess_token成功：Uab9rAxQAseUjbMdIb1txRca-KSjt4jsiWsIB6XASeKuvt6zD1T6uqkeozrEFEyQZKarBGyNDKvw1IpHjldlF-R9-RIR9Z4Mq9g8Q23b3Z9iFbyhGaHH8HU5OsWbeXJjZBAaACAQSR 
 
异常时间：2017-11-30 16:22:34,363 [10] 
异常级别：ERROR 
异 常 类：error [(null)] 
获取acess_token成功：Uab9rAxQAseUjbMdIb1txRca-KSjt4jsiWsIB6XASeKuvt6zD1T6uqkeozrEFEyQZKarBGyNDKvw1IpHjldlF-R9-RIR9Z4Mq9g8Q23b3Z9iFbyhGaHH8HU5OsWbeXJjZBAaACAQSR 
 
异常时间：2017-11-30 16:22:34,554 [10] 
异常级别：ERROR 
异 常 类：error [(null)] 
获取acess_token成功：Uab9rAxQAseUjbMdIb1txRca-KSjt4jsiWsIB6XASeKuvt6zD1T6uqkeozrEFEyQZKarBGyNDKvw1IpHjldlF-R9-RIR9Z4Mq9g8Q23b3Z9iFbyhGaHH8HU5OsWbeXJjZBAaACAQSR 
 
异常时间：2017-11-30 16:22:34,731 [10] 
异常级别：ERROR 
异 常 类：error [(null)] 
获取acess_token成功：Uab9rAxQAseUjbMdIb1txRca-KSjt4jsiWsIB6XASeKuvt6zD1T6uqkeozrEFEyQZKarBGyNDKvw1IpHjldlF-R9-RIR9Z4Mq9g8Q23b3Z9iFbyhGaHH8HU5OsWbeXJjZBAaACAQSR 
 
异常时间：2017-11-30 16:22:34,895 [10] 
异常级别：ERROR 
异 常 类：error [(null)] 
获取acess_token成功：Uab9rAxQAseUjbMdIb1txRca-KSjt4jsiWsIB6XASeKuvt6zD1T6uqkeozrEFEyQZKarBGyNDKvw1IpHjldlF-R9-RIR9Z4Mq9g8Q23b3Z9iFbyhGaHH8HU5OsWbeXJjZBAaACAQSR 
 
异常时间：2017-11-30 16:22:35,064 [10] 
异常级别：ERROR 
异 常 类：error [(null)] 
获取acess_token成功：Uab9rAxQAseUjbMdIb1txRca-KSjt4jsiWsIB6XASeKuvt6zD1T6uqkeozrEFEyQZKarBGyNDKvw1IpHjldlF-R9-RIR9Z4Mq9g8Q23b3Z9iFbyhGaHH8HU5OsWbeXJjZBAaACAQSR 
 
异常时间：2017-11-30 16:22:35,216 [10] 
异常级别：ERROR 
异 常 类：error [(null)] 
获取acess_token成功：Uab9rAxQAseUjbMdIb1txRca-KSjt4jsiWsIB6XASeKuvt6zD1T6uqkeozrEFEyQZKarBGyNDKvw1IpHjldlF-R9-RIR9Z4Mq9g8Q23b3Z9iFbyhGaHH8HU5OsWbeXJjZBAaACAQSR 
 
异常时间：2017-11-30 16:22:35,381 [10] 
异常级别：ERROR 
异 常 类：error [(null)] 
获取acess_token成功：Uab9rAxQAseUjbMdIb1txRca-KSjt4jsiWsIB6XASeKuvt6zD1T6uqkeozrEFEyQZKarBGyNDKvw1IpHjldlF-R9-RIR9Z4Mq9g8Q23b3Z9iFbyhGaHH8HU5OsWbeXJjZBAaACAQSR 
 
异常时间：2017-11-30 16:26:46,236 [37] 
异常级别：ERROR 
异 常 类：error [(null)] 
获取acess_token成功：Uab9rAxQAseUjbMdIb1txRca-KSjt4jsiWsIB6XASeKuvt6zD1T6uqkeozrEFEyQZKarBGyNDKvw1IpHjldlF-R9-RIR9Z4Mq9g8Q23b3Z9iFbyhGaHH8HU5OsWbeXJjZBAaACAQSR 
 
异常时间：2017-11-30 16:26:46,708 [37] 
异常级别：ERROR 
异 常 类：error [(null)] 
获取acess_token成功：Uab9rAxQAseUjbMdIb1txRca-KSjt4jsiWsIB6XASeKuvt6zD1T6uqkeozrEFEyQZKarBGyNDKvw1IpHjldlF-R9-RIR9Z4Mq9g8Q23b3Z9iFbyhGaHH8HU5OsWbeXJjZBAaACAQSR 
 
异常时间：2017-11-30 16:26:46,982 [37] 
异常级别：ERROR 
异 常 类：error [(null)] 
获取acess_token成功：Uab9rAxQAseUjbMdIb1txRca-KSjt4jsiWsIB6XASeKuvt6zD1T6uqkeozrEFEyQZKarBGyNDKvw1IpHjldlF-R9-RIR9Z4Mq9g8Q23b3Z9iFbyhGaHH8HU5OsWbeXJjZBAaACAQSR 
 
异常时间：2017-11-30 16:26:47,148 [37] 
异常级别：ERROR 
异 常 类：error [(null)] 
获取acess_token成功：Uab9rAxQAseUjbMdIb1txRca-KSjt4jsiWsIB6XASeKuvt6zD1T6uqkeozrEFEyQZKarBGyNDKvw1IpHjldlF-R9-RIR9Z4Mq9g8Q23b3Z9iFbyhGaHH8HU5OsWbeXJjZBAaACAQSR 
 
异常时间：2017-11-30 16:26:47,322 [37] 
异常级别：ERROR 
异 常 类：error [(null)] 
获取acess_token成功：Uab9rAxQAseUjbMdIb1txRca-KSjt4jsiWsIB6XASeKuvt6zD1T6uqkeozrEFEyQZKarBGyNDKvw1IpHjldlF-R9-RIR9Z4Mq9g8Q23b3Z9iFbyhGaHH8HU5OsWbeXJjZBAaACAQSR 
 
异常时间：2017-11-30 16:26:47,497 [37] 
异常级别：ERROR 
异 常 类：error [(null)] 
获取acess_token成功：Uab9rAxQAseUjbMdIb1txRca-KSjt4jsiWsIB6XASeKuvt6zD1T6uqkeozrEFEyQZKarBGyNDKvw1IpHjldlF-R9-RIR9Z4Mq9g8Q23b3Z9iFbyhGaHH8HU5OsWbeXJjZBAaACAQSR 
 
异常时间：2017-11-30 16:26:47,668 [37] 
异常级别：ERROR 
异 常 类：error [(null)] 
获取acess_token成功：Uab9rAxQAseUjbMdIb1txRca-KSjt4jsiWsIB6XASeKuvt6zD1T6uqkeozrEFEyQZKarBGyNDKvw1IpHjldlF-R9-RIR9Z4Mq9g8Q23b3Z9iFbyhGaHH8HU5OsWbeXJjZBAaACAQSR 
 
异常时间：2017-11-30 16:26:47,840 [37] 
异常级别：ERROR 
异 常 类：error [(null)] 
获取acess_token成功：Uab9rAxQAseUjbMdIb1txRca-KSjt4jsiWsIB6XASeKuvt6zD1T6uqkeozrEFEyQZKarBGyNDKvw1IpHjldlF-R9-RIR9Z4Mq9g8Q23b3Z9iFbyhGaHH8HU5OsWbeXJjZBAaACAQSR 
 
异常时间：2017-11-30 16:41:34,377 [38] 
异常级别：ERROR 
异 常 类：error [(null)] 
获取acess_token成功：Uab9rAxQAseUjbMdIb1txRca-KSjt4jsiWsIB6XASeKuvt6zD1T6uqkeozrEFEyQZKarBGyNDKvw1IpHjldlF-R9-RIR9Z4Mq9g8Q23b3Z9iFbyhGaHH8HU5OsWbeXJjZBAaACAQSR 
 
异常时间：2017-11-30 16:41:34,822 [38] 
异常级别：ERROR 
异 常 类：error [(null)] 
获取acess_token成功：Uab9rAxQAseUjbMdIb1txRca-KSjt4jsiWsIB6XASeKuvt6zD1T6uqkeozrEFEyQZKarBGyNDKvw1IpHjldlF-R9-RIR9Z4Mq9g8Q23b3Z9iFbyhGaHH8HU5OsWbeXJjZBAaACAQSR 
 
异常时间：2017-11-30 16:41:35,083 [38] 
异常级别：ERROR 
异 常 类：error [(null)] 
获取acess_token成功：Uab9rAxQAseUjbMdIb1txRca-KSjt4jsiWsIB6XASeKuvt6zD1T6uqkeozrEFEyQZKarBGyNDKvw1IpHjldlF-R9-RIR9Z4Mq9g8Q23b3Z9iFbyhGaHH8HU5OsWbeXJjZBAaACAQSR 
 
异常时间：2017-11-30 16:41:35,246 [38] 
异常级别：ERROR 
异 常 类：error [(null)] 
获取acess_token成功：Uab9rAxQAseUjbMdIb1txRca-KSjt4jsiWsIB6XASeKuvt6zD1T6uqkeozrEFEyQZKarBGyNDKvw1IpHjldlF-R9-RIR9Z4Mq9g8Q23b3Z9iFbyhGaHH8HU5OsWbeXJjZBAaACAQSR 
 
异常时间：2017-11-30 16:41:35,445 [38] 
异常级别：ERROR 
异 常 类：error [(null)] 
获取acess_token成功：Uab9rAxQAseUjbMdIb1txRca-KSjt4jsiWsIB6XASeKuvt6zD1T6uqkeozrEFEyQZKarBGyNDKvw1IpHjldlF-R9-RIR9Z4Mq9g8Q23b3Z9iFbyhGaHH8HU5OsWbeXJjZBAaACAQSR 
 
异常时间：2017-11-30 16:41:35,622 [38] 
异常级别：ERROR 
异 常 类：error [(null)] 
获取acess_token成功：Uab9rAxQAseUjbMdIb1txRca-KSjt4jsiWsIB6XASeKuvt6zD1T6uqkeozrEFEyQZKarBGyNDKvw1IpHjldlF-R9-RIR9Z4Mq9g8Q23b3Z9iFbyhGaHH8HU5OsWbeXJjZBAaACAQSR 
 
异常时间：2017-11-30 16:41:35,775 [38] 
异常级别：ERROR 
异 常 类：error [(null)] 
获取acess_token成功：Uab9rAxQAseUjbMdIb1txRca-KSjt4jsiWsIB6XASeKuvt6zD1T6uqkeozrEFEyQZKarBGyNDKvw1IpHjldlF-R9-RIR9Z4Mq9g8Q23b3Z9iFbyhGaHH8HU5OsWbeXJjZBAaACAQSR 
 
异常时间：2017-11-30 16:41:35,936 [38] 
异常级别：ERROR 
异 常 类：error [(null)] 
获取acess_token成功：Uab9rAxQAseUjbMdIb1txRca-KSjt4jsiWsIB6XASeKuvt6zD1T6uqkeozrEFEyQZKarBGyNDKvw1IpHjldlF-R9-RIR9Z4Mq9g8Q23b3Z9iFbyhGaHH8HU5OsWbeXJjZBAaACAQSR 
 
异常时间：2017-11-30 16:41:36,106 [38] 
异常级别：ERROR 
异 常 类：error [(null)] 
获取acess_token成功：Uab9rAxQAseUjbMdIb1txRca-KSjt4jsiWsIB6XASeKuvt6zD1T6uqkeozrEFEyQZKarBGyNDKvw1IpHjldlF-R9-RIR9Z4Mq9g8Q23b3Z9iFbyhGaHH8HU5OsWbeXJjZBAaACAQSR 
 
异常时间：2017-11-30 18:26:18,021 [33] 
异常级别：ERROR 
异 常 类：error [(null)] 
获取acess_token成功：40164 
 
异常时间：2017-11-30 18:26:30,145 [13] 
异常级别：ERROR 
异 常 类：error [(null)] 
获取acess_token成功：40164 
 
异常时间：2017-11-30 18:27:06,648 [46] 
异常级别：ERROR 
异 常 类：error [(null)] 
获取acess_token成功：MTuLuAPP8I9Wsa6J4tVV8aQ6_eCeKYqA9P5dC5H7niPwUFBp-BhHJgHiDDmTOlGAHlavHCr9t3nRXbfaAGSsocv81mGoiXh37spltVenOLNEQ0hl5e2SxB-oMvrfAHm7JGVcAIABYN 
 
异常时间：2017-11-30 18:27:06,739 [46] 
异常级别：ERROR 
异 常 类：error [(null)] 
获取用户信息错误:Api未授权 
 