
异常时间：2017-11-10 14:48:01,059 [37] 
异常级别：ERROR 
异 常 类：error [(null)] 
获取acess_token成功：9R-XZm3GUACVvkhu1_X7MOtXNZ_lMvK_aItpJcFGz1rUA8lxWD4-NDCKxHKM2bjQ70ZEPxnTkgsmV5iIKNUeiZooVkl1brmSYcyGqDQUQDgOX8FfJqg-ibsRESHhuZ1JLGXaAHAGBS 
 
异常时间：2017-11-10 14:48:01,807 [37] 
异常级别：ERROR 
异 常 类：error [(null)] 
新增永久图文素材错误:不合法的媒体文件id 
 
异常时间：2017-11-10 15:02:26,062 [35] 
异常级别：ERROR 
异 常 类：error [(null)] 
获取acess_token成功：9R-XZm3GUACVvkhu1_X7MOtXNZ_lMvK_aItpJcFGz1rUA8lxWD4-NDCKxHKM2bjQ70ZEPxnTkgsmV5iIKNUeiZooVkl1brmSYcyGqDQUQDgOX8FfJqg-ibsRESHhuZ1JLGXaAHAGBS 
 
异常时间：2017-11-10 15:02:26,870 [35] 
异常级别：ERROR 
异 常 类：error [(null)] 
新增永久图文素材错误:不合法的媒体文件id 
 
异常时间：2017-11-10 15:06:00,227 [6] 
异常级别：ERROR 
异 常 类：error [(null)] 
获取acess_token成功：9R-XZm3GUACVvkhu1_X7MOtXNZ_lMvK_aItpJcFGz1rUA8lxWD4-NDCKxHKM2bjQ70ZEPxnTkgsmV5iIKNUeiZooVkl1brmSYcyGqDQUQDgOX8FfJqg-ibsRESHhuZ1JLGXaAHAGBS 
 
异常时间：2017-11-10 15:06:01,358 [6] 
异常级别：ERROR 
异 常 类：error [(null)] 
新增永久图文素材错误:不合法的媒体文件id 
 
异常时间：2017-11-10 15:34:34,074 [30] 
异常级别：ERROR 
异 常 类：error [(null)] 
获取acess_token成功：9R-XZm3GUACVvkhu1_X7MOtXNZ_lMvK_aItpJcFGz1rUA8lxWD4-NDCKxHKM2bjQ70ZEPxnTkgsmV5iIKNUeiZooVkl1brmSYcyGqDQUQDgOX8FfJqg-ibsRESHhuZ1JLGXaAHAGBS 
 