
异常时间：2017-11-14 16:31:45,125 [6] 
异常级别：ERROR 
异 常 类：error [(null)] 
发生一个或多个错误。 
 
异常时间：2017-11-14 16:31:45,234 [6] 
异常级别：ERROR 
异 常 类：error [(null)] 
获取acess_token成功： 
 
异常时间：2017-11-14 16:31:55,206 [15] 
异常级别：ERROR 
异 常 类：error [(null)] 
发生一个或多个错误。 
 
异常时间：2017-11-14 16:31:55,206 [15] 
异常级别：ERROR 
异 常 类：error [(null)] 
获取acess_token成功： 
 
异常时间：2017-11-14 16:32:07,677 [5] 
异常级别：ERROR 
异 常 类：error [(null)] 
获取acess_token成功：29_4XpvRuIdJbfRtgbM3rnYqdpYgbbWcA26DWuWmkfl9bQtJy2YbszhKEmW3rndi2-TwJJScGnHkcbEeZcMlAhgkQuyzpm8diVwOPURaGjZPmDjF2V2YHP1-1gcP315AECVhAEAYWP 
 
异常时间：2017-11-14 16:35:48,465 [19] 
异常级别：ERROR 
异 常 类：error [(null)] 
获取acess_token成功：29_4XpvRuIdJbfRtgbM3rnYqdpYgbbWcA26DWuWmkfl9bQtJy2YbszhKEmW3rndi2-TwJJScGnHkcbEeZcMlAhgkQuyzpm8diVwOPURaGjZPmDjF2V2YHP1-1gcP315AECVhAEAYWP 
 