
异常时间：2017-11-24 15:37:14,538 [32] 
异常级别：ERROR 
异 常 类：error [(null)] 
发生一个或多个错误。 
 
异常时间：2017-11-24 15:37:14,595 [32] 
异常级别：ERROR 
异 常 类：error [(null)] 
获取acess_token成功： 
 
异常时间：2017-11-24 15:39:46,738 [32] 
异常级别：ERROR 
异 常 类：error [(null)] 
发生一个或多个错误。 
 
异常时间：2017-11-24 15:39:46,739 [32] 
异常级别：ERROR 
异 常 类：error [(null)] 
获取acess_token成功： 
 
异常时间：2017-11-24 15:42:24,421 [29] 
异常级别：ERROR 
异 常 类：error [(null)] 
获取acess_token成功：zxb-H1NZLrR5BM_1XJKiT80ogvxUYGxwEEhAIIraTHbiXsbnEPUkYukQc6n4ZM8H6Wp1AUgzeAhO_ubTew5SpBBZqD-koHSIEPRMwutmaB4yJ6axLUK1XmVLTCXWGKZJQXLeAEAGNB 
 
异常时间：2017-11-24 15:45:05,191 [33] 
异常级别：ERROR 
异 常 类：error [(null)] 
获取acess_token成功：zxb-H1NZLrR5BM_1XJKiT80ogvxUYGxwEEhAIIraTHbiXsbnEPUkYukQc6n4ZM8H6Wp1AUgzeAhO_ubTew5SpBBZqD-koHSIEPRMwutmaB4yJ6axLUK1XmVLTCXWGKZJQXLeAEAGNB 
 
异常时间：2017-11-24 15:45:36,165 [32] 
异常级别：ERROR 
异 常 类：error [(null)] 
获取acess_token成功：zxb-H1NZLrR5BM_1XJKiT80ogvxUYGxwEEhAIIraTHbiXsbnEPUkYukQc6n4ZM8H6Wp1AUgzeAhO_ubTew5SpBBZqD-koHSIEPRMwutmaB4yJ6axLUK1XmVLTCXWGKZJQXLeAEAGNB 
 
异常时间：2017-11-24 15:46:59,526 [28] 
异常级别：ERROR 
异 常 类：error [(null)] 
获取acess_token成功：zxb-H1NZLrR5BM_1XJKiT80ogvxUYGxwEEhAIIraTHbiXsbnEPUkYukQc6n4ZM8H6Wp1AUgzeAhO_ubTew5SpBBZqD-koHSIEPRMwutmaB4yJ6axLUK1XmVLTCXWGKZJQXLeAEAGNB 
 
异常时间：2017-11-24 15:54:38,179 [22] 
异常级别：ERROR 
异 常 类：error [(null)] 
获取acess_token成功：zxb-H1NZLrR5BM_1XJKiT80ogvxUYGxwEEhAIIraTHbiXsbnEPUkYukQc6n4ZM8H6Wp1AUgzeAhO_ubTew5SpBBZqD-koHSIEPRMwutmaB4yJ6axLUK1XmVLTCXWGKZJQXLeAEAGNB 
 
异常时间：2017-11-24 15:56:41,146 [15] 
异常级别：ERROR 
异 常 类：error [(null)] 
获取acess_token成功：zxb-H1NZLrR5BM_1XJKiT80ogvxUYGxwEEhAIIraTHbiXsbnEPUkYukQc6n4ZM8H6Wp1AUgzeAhO_ubTew5SpBBZqD-koHSIEPRMwutmaB4yJ6axLUK1XmVLTCXWGKZJQXLeAEAGNB 
 
异常时间：2017-11-24 15:57:25,064 [15] 
异常级别：ERROR 
异 常 类：error [(null)] 
获取acess_token成功：zxb-H1NZLrR5BM_1XJKiT80ogvxUYGxwEEhAIIraTHbiXsbnEPUkYukQc6n4ZM8H6Wp1AUgzeAhO_ubTew5SpBBZqD-koHSIEPRMwutmaB4yJ6axLUK1XmVLTCXWGKZJQXLeAEAGNB 
 
异常时间：2017-11-24 15:58:07,235 [26] 
异常级别：ERROR 
异 常 类：error [(null)] 
获取acess_token成功：zxb-H1NZLrR5BM_1XJKiT80ogvxUYGxwEEhAIIraTHbiXsbnEPUkYukQc6n4ZM8H6Wp1AUgzeAhO_ubTew5SpBBZqD-koHSIEPRMwutmaB4yJ6axLUK1XmVLTCXWGKZJQXLeAEAGNB 
 
异常时间：2017-11-24 16:01:09,022 [30] 
异常级别：ERROR 
异 常 类：error [(null)] 
获取acess_token成功：zxb-H1NZLrR5BM_1XJKiT80ogvxUYGxwEEhAIIraTHbiXsbnEPUkYukQc6n4ZM8H6Wp1AUgzeAhO_ubTew5SpBBZqD-koHSIEPRMwutmaB4yJ6axLUK1XmVLTCXWGKZJQXLeAEAGNB 
 
异常时间：2017-11-24 16:01:55,945 [10] 
异常级别：ERROR 
异 常 类：error [(null)] 
获取acess_token成功：zxb-H1NZLrR5BM_1XJKiT80ogvxUYGxwEEhAIIraTHbiXsbnEPUkYukQc6n4ZM8H6Wp1AUgzeAhO_ubTew5SpBBZqD-koHSIEPRMwutmaB4yJ6axLUK1XmVLTCXWGKZJQXLeAEAGNB 
 
异常时间：2017-11-24 16:04:00,622 [18] 
异常级别：ERROR 
异 常 类：error [(null)] 
获取acess_token成功：h4FJirZFGXdwmHUIjoF6r1Ow78LvoXjPUYVgaZO3n8Q0XgXyJEN3jGSwWcw2IOQzE8SGamDL-LDmfqCsuK1RQw_tWNzyY9d2XKVFXApPjJDzKwoHejtGjX1bYqrxlg5DXJTcAGABNX 
 
异常时间：2017-11-24 16:05:11,479 [26] 
异常级别：ERROR 
异 常 类：error [(null)] 
获取acess_token成功：h4FJirZFGXdwmHUIjoF6r1Ow78LvoXjPUYVgaZO3n8Q0XgXyJEN3jGSwWcw2IOQzE8SGamDL-LDmfqCsuK1RQw_tWNzyY9d2XKVFXApPjJDzKwoHejtGjX1bYqrxlg5DXJTcAGABNX 
 
异常时间：2017-11-24 16:09:14,490 [9] 
异常级别：ERROR 
异 常 类：error [(null)] 
获取acess_token成功：h4FJirZFGXdwmHUIjoF6r1Ow78LvoXjPUYVgaZO3n8Q0XgXyJEN3jGSwWcw2IOQzE8SGamDL-LDmfqCsuK1RQw_tWNzyY9d2XKVFXApPjJDzKwoHejtGjX1bYqrxlg5DXJTcAGABNX 
 
异常时间：2017-11-24 16:09:15,296 [9] 
异常级别：ERROR 
异 常 类：error [(null)] 
群发消息错误:未将对象引用设置到对象的实例。 
 
异常时间：2017-11-24 16:23:59,288 [31] 
异常级别：ERROR 
异 常 类：error [(null)] 
获取acess_token成功：h4FJirZFGXdwmHUIjoF6r1Ow78LvoXjPUYVgaZO3n8Q0XgXyJEN3jGSwWcw2IOQzE8SGamDL-LDmfqCsuK1RQw_tWNzyY9d2XKVFXApPjJDzKwoHejtGjX1bYqrxlg5DXJTcAGABNX 
 
异常时间：2017-11-24 16:46:42,574 [45] 
异常级别：ERROR 
异 常 类：error [(null)] 
获取acess_token成功：h4FJirZFGXdwmHUIjoF6r1Ow78LvoXjPUYVgaZO3n8Q0XgXyJEN3jGSwWcw2IOQzE8SGamDL-LDmfqCsuK1RQw_tWNzyY9d2XKVFXApPjJDzKwoHejtGjX1bYqrxlg5DXJTcAGABNX 
 