
异常时间：2017-11-09 17:40:09,121 [41] 
异常级别：ERROR 
异 常 类：error [(null)] 
获取acess_token成功：8OjeCDgxMEB170zsAjzppgY_8pG2MVLDv8DTQ5CJKHTzmhN4b08N0oFW1VVvtREDbyk9cFP9rYSRlgGjTQvRxIs1dxuGo8U-eE-ZK4NkPC3SnDhAlY8_UkmHzVFL52HrSRUcACAFEH 
 
异常时间：2017-11-09 17:40:09,566 [41] 
异常级别：ERROR 
异 常 类：error [(null)] 
新增永久素材错误:缺少access_token参数 
 
异常时间：2017-11-09 17:43:18,151 [46] 
异常级别：ERROR 
异 常 类：error [(null)] 
获取acess_token成功：8OjeCDgxMEB170zsAjzppgY_8pG2MVLDv8DTQ5CJKHTzmhN4b08N0oFW1VVvtREDbyk9cFP9rYSRlgGjTQvRxIs1dxuGo8U-eE-ZK4NkPC3SnDhAlY8_UkmHzVFL52HrSRUcACAFEH 
 
异常时间：2017-11-09 17:43:19,158 [46] 
异常级别：ERROR 
异 常 类：error [(null)] 
新增永久素材错误:缺少access_token参数 
 
异常时间：2017-11-09 17:44:04,571 [42] 
异常级别：ERROR 
异 常 类：error [(null)] 
获取acess_token成功：8OjeCDgxMEB170zsAjzppgY_8pG2MVLDv8DTQ5CJKHTzmhN4b08N0oFW1VVvtREDbyk9cFP9rYSRlgGjTQvRxIs1dxuGo8U-eE-ZK4NkPC3SnDhAlY8_UkmHzVFL52HrSRUcACAFEH 
 
异常时间：2017-11-09 17:44:39,546 [42] 
异常级别：ERROR 
异 常 类：error [(null)] 
新增永久素材错误:缺少access_token参数 
 
异常时间：2017-11-09 17:45:37,224 [52] 
异常级别：ERROR 
异 常 类：error [(null)] 
获取acess_token成功：_gYj6LPxTKn33egCLeu0YoFbsFIiae12U_bOcUGFHMtn3lF76jPLPg_SlDFfwgvAXw82K9Fl37qalBs6cpNypER5YFd2qg2755hLYzPArNWGhVfzh4iqmQsDK7Ouy4N-JBJhAFASKS 
 
异常时间：2017-11-09 17:45:37,928 [52] 
异常级别：ERROR 
异 常 类：error [(null)] 
新增永久素材错误:缺少access_token参数 
 
异常时间：2017-11-09 17:49:44,045 [54] 
异常级别：ERROR 
异 常 类：error [(null)] 
获取acess_token成功：_gYj6LPxTKn33egCLeu0YoFbsFIiae12U_bOcUGFHMtn3lF76jPLPg_SlDFfwgvAXw82K9Fl37qalBs6cpNypER5YFd2qg2755hLYzPArNWGhVfzh4iqmQsDK7Ouy4N-JBJhAFASKS 
 
异常时间：2017-11-09 17:49:44,748 [54] 
异常级别：ERROR 
异 常 类：error [(null)] 
新增永久素材错误:缺少access_token参数 
 
异常时间：2017-11-09 17:51:26,960 [62] 
异常级别：ERROR 
异 常 类：error [(null)] 
获取acess_token成功：_gYj6LPxTKn33egCLeu0YoFbsFIiae12U_bOcUGFHMtn3lF76jPLPg_SlDFfwgvAXw82K9Fl37qalBs6cpNypER5YFd2qg2755hLYzPArNWGhVfzh4iqmQsDK7Ouy4N-JBJhAFASKS 
 
异常时间：2017-11-09 17:51:31,401 [62] 
异常级别：ERROR 
异 常 类：error [(null)] 
新增永久素材错误:缺少access_token参数 
 
异常时间：2017-11-09 17:52:18,052 [57] 
异常级别：ERROR 
异 常 类：error [(null)] 
获取acess_token成功：_gYj6LPxTKn33egCLeu0YoFbsFIiae12U_bOcUGFHMtn3lF76jPLPg_SlDFfwgvAXw82K9Fl37qalBs6cpNypER5YFd2qg2755hLYzPArNWGhVfzh4iqmQsDK7Ouy4N-JBJhAFASKS 
 
异常时间：2017-11-09 17:59:39,969 [41] 
异常级别：ERROR 
异 常 类：error [(null)] 
获取acess_token成功：_gYj6LPxTKn33egCLeu0YoFbsFIiae12U_bOcUGFHMtn3lF76jPLPg_SlDFfwgvAXw82K9Fl37qalBs6cpNypER5YFd2qg2755hLYzPArNWGhVfzh4iqmQsDK7Ouy4N-JBJhAFASKS 
 