
日志时间：2017-10-27 10:20:54,249 [6] 
日志级别：ERROR 
日 志 类：info [(null)] 
获取acess_token成功：DvLzBA5_xBAmkJSbPMilp_A_vSSHSCJ-8P8Z6ffbHV-70Z0wkk_K4UFYg_qXPz_I7D75wWYKEp0lKUbEylLtDqpf5mjrFAAG6TLjGi4rNVptQ9ZW-pqzq2TawvtqC1ldDOZhAJAXIT 

日志时间：2017-10-27 10:24:23,760 [37] 
日志级别：ERROR 
日 志 类：info [(null)] 
获取acess_token成功：DvLzBA5_xBAmkJSbPMilp_A_vSSHSCJ-8P8Z6ffbHV-70Z0wkk_K4UFYg_qXPz_I7D75wWYKEp0lKUbEylLtDqpf5mjrFAAG6TLjGi4rNVptQ9ZW-pqzq2TawvtqC1ldDOZhAJAXIT 

日志时间：2017-10-27 10:29:06,490 [6] 
日志级别：ERROR 
日 志 类：info [(null)] 
获取acess_token成功：DvLzBA5_xBAmkJSbPMilp_A_vSSHSCJ-8P8Z6ffbHV-70Z0wkk_K4UFYg_qXPz_I7D75wWYKEp0lKUbEylLtDqpf5mjrFAAG6TLjGi4rNVptQ9ZW-pqzq2TawvtqC1ldDOZhAJAXIT 

日志时间：2017-10-27 10:35:14,494 [9] 
日志级别：ERROR 
日 志 类：info [(null)] 
获取acess_token成功：DvLzBA5_xBAmkJSbPMilp_A_vSSHSCJ-8P8Z6ffbHV-70Z0wkk_K4UFYg_qXPz_I7D75wWYKEp0lKUbEylLtDqpf5mjrFAAG6TLjGi4rNVptQ9ZW-pqzq2TawvtqC1ldDOZhAJAXIT 

日志时间：2017-10-27 10:36:05,048 [9] 
日志级别：ERROR 
日 志 类：info [(null)] 
获取用户信息错误:发生一个或多个错误。 

日志时间：2017-10-27 10:36:11,893 [37] 
日志级别：ERROR 
日 志 类：info [(null)] 
获取acess_token成功：DvLzBA5_xBAmkJSbPMilp_A_vSSHSCJ-8P8Z6ffbHV-70Z0wkk_K4UFYg_qXPz_I7D75wWYKEp0lKUbEylLtDqpf5mjrFAAG6TLjGi4rNVptQ9ZW-pqzq2TawvtqC1ldDOZhAJAXIT 

日志时间：2017-10-27 10:43:22,520 [19] 
日志级别：ERROR 
日 志 类：info [(null)] 
获取acess_token成功：DvLzBA5_xBAmkJSbPMilp_A_vSSHSCJ-8P8Z6ffbHV-70Z0wkk_K4UFYg_qXPz_I7D75wWYKEp0lKUbEylLtDqpf5mjrFAAG6TLjGi4rNVptQ9ZW-pqzq2TawvtqC1ldDOZhAJAXIT 

日志时间：2017-10-27 11:22:16,856 [20] 
日志级别：ERROR 
日 志 类：info [(null)] 
获取acess_token成功：DvLzBA5_xBAmkJSbPMilp_A_vSSHSCJ-8P8Z6ffbHV-70Z0wkk_K4UFYg_qXPz_I7D75wWYKEp0lKUbEylLtDqpf5mjrFAAG6TLjGi4rNVptQ9ZW-pqzq2TawvtqC1ldDOZhAJAXIT 

日志时间：2017-10-27 11:27:52,574 [26] 
日志级别：ERROR 
日 志 类：info [(null)] 
获取acess_token成功：DvLzBA5_xBAmkJSbPMilp_A_vSSHSCJ-8P8Z6ffbHV-70Z0wkk_K4UFYg_qXPz_I7D75wWYKEp0lKUbEylLtDqpf5mjrFAAG6TLjGi4rNVptQ9ZW-pqzq2TawvtqC1ldDOZhAJAXIT 

日志时间：2017-10-27 11:29:19,422 [26] 
日志级别：ERROR 
日 志 类：info [(null)] 
获取acess_token成功：DvLzBA5_xBAmkJSbPMilp_A_vSSHSCJ-8P8Z6ffbHV-70Z0wkk_K4UFYg_qXPz_I7D75wWYKEp0lKUbEylLtDqpf5mjrFAAG6TLjGi4rNVptQ9ZW-pqzq2TawvtqC1ldDOZhAJAXIT 

日志时间：2017-10-27 11:32:34,253 [43] 
日志级别：ERROR 
日 志 类：info [(null)] 
获取acess_token成功：DvLzBA5_xBAmkJSbPMilp_A_vSSHSCJ-8P8Z6ffbHV-70Z0wkk_K4UFYg_qXPz_I7D75wWYKEp0lKUbEylLtDqpf5mjrFAAG6TLjGi4rNVptQ9ZW-pqzq2TawvtqC1ldDOZhAJAXIT 

日志时间：2017-10-27 11:33:27,782 [33] 
日志级别：ERROR 
日 志 类：info [(null)] 
获取acess_token成功：DvLzBA5_xBAmkJSbPMilp_A_vSSHSCJ-8P8Z6ffbHV-70Z0wkk_K4UFYg_qXPz_I7D75wWYKEp0lKUbEylLtDqpf5mjrFAAG6TLjGi4rNVptQ9ZW-pqzq2TawvtqC1ldDOZhAJAXIT 

日志时间：2017-10-27 11:36:50,863 [33] 
日志级别：ERROR 
日 志 类：info [(null)] 
获取用户信息错误:发生一个或多个错误。 

日志时间：2017-10-27 11:37:19,442 [33] 
日志级别：ERROR 
日 志 类：info [(null)] 
获取acess_token成功：DvLzBA5_xBAmkJSbPMilp_A_vSSHSCJ-8P8Z6ffbHV-70Z0wkk_K4UFYg_qXPz_I7D75wWYKEp0lKUbEylLtDqpf5mjrFAAG6TLjGi4rNVptQ9ZW-pqzq2TawvtqC1ldDOZhAJAXIT 

日志时间：2017-10-27 11:37:28,703 [33] 
日志级别：ERROR 
日 志 类：info [(null)] 
获取用户信息错误:值“image/png;”的格式无效。 

日志时间：2017-10-27 12:27:14,871 [10] 
日志级别：ERROR 
日 志 类：info [(null)] 
获取acess_token成功：biQMLFmSNX7jQgGeJRJeCYEAqLNJh0axH0sG21dHj52xBJjq33p_w8lnuzNBVU3fQ7H3-He6ZE9cqytk1IoXgbTEb08GfsDD3hZ5s-I5CU8RRYcAHAGGN 

日志时间：2017-10-27 12:27:16,570 [10] 
日志级别：ERROR 
日 志 类：info [(null)] 
获取用户信息错误:值“image/png;”的格式无效。 

日志时间：2017-10-27 12:27:50,063 [10] 
日志级别：ERROR 
日 志 类：info [(null)] 
获取acess_token成功：biQMLFmSNX7jQgGeJRJeCYEAqLNJh0axH0sG21dHj52xBJjq33p_w8lnuzNBVU3fQ7H3-He6ZE9cqytk1IoXgbTEb08GfsDD3hZ5s-I5CU8RRYcAHAGGN 

日志时间：2017-10-27 12:27:56,755 [10] 
日志级别：ERROR 
日 志 类：info [(null)] 
获取用户信息错误:值“image/png;”的格式无效。 

日志时间：2017-10-27 12:29:11,735 [19] 
日志级别：ERROR 
日 志 类：info [(null)] 
获取acess_token成功：biQMLFmSNX7jQgGeJRJeCYEAqLNJh0axH0sG21dHj52xBJjq33p_w8lnuzNBVU3fQ7H3-He6ZE9cqytk1IoXgbTEb08GfsDD3hZ5s-I5CU8RRYcAHAGGN 

日志时间：2017-10-27 12:29:13,000 [19] 
日志级别：ERROR 
日 志 类：info [(null)] 
获取用户信息错误:发生一个或多个错误。 

日志时间：2017-10-27 12:29:48,328 [12] 
日志级别：ERROR 
日 志 类：info [(null)] 
获取acess_token成功：biQMLFmSNX7jQgGeJRJeCYEAqLNJh0axH0sG21dHj52xBJjq33p_w8lnuzNBVU3fQ7H3-He6ZE9cqytk1IoXgbTEb08GfsDD3hZ5s-I5CU8RRYcAHAGGN 

日志时间：2017-10-27 12:29:49,368 [12] 
日志级别：ERROR 
日 志 类：info [(null)] 
获取用户信息错误:发生一个或多个错误。 

日志时间：2017-10-27 12:31:51,252 [16] 
日志级别：ERROR 
日 志 类：info [(null)] 
获取acess_token成功：biQMLFmSNX7jQgGeJRJeCYEAqLNJh0axH0sG21dHj52xBJjq33p_w8lnuzNBVU3fQ7H3-He6ZE9cqytk1IoXgbTEb08GfsDD3hZ5s-I5CU8RRYcAHAGGN 

日志时间：2017-10-27 12:31:51,361 [16] 
日志级别：ERROR 
日 志 类：info [(null)] 
获取用户信息错误:发生一个或多个错误。 

日志时间：2017-10-27 12:32:55,409 [17] 
日志级别：ERROR 
日 志 类：info [(null)] 
获取acess_token成功：biQMLFmSNX7jQgGeJRJeCYEAqLNJh0axH0sG21dHj52xBJjq33p_w8lnuzNBVU3fQ7H3-He6ZE9cqytk1IoXgbTEb08GfsDD3hZ5s-I5CU8RRYcAHAGGN 

日志时间：2017-10-27 12:35:15,471 [17] 
日志级别：ERROR 
日 志 类：info [(null)] 
获取用户信息错误:发生一个或多个错误。 

日志时间：2017-10-27 12:35:23,515 [17] 
日志级别：ERROR 
日 志 类：info [(null)] 
获取acess_token成功：biQMLFmSNX7jQgGeJRJeCYEAqLNJh0axH0sG21dHj52xBJjq33p_w8lnuzNBVU3fQ7H3-He6ZE9cqytk1IoXgbTEb08GfsDD3hZ5s-I5CU8RRYcAHAGGN 

日志时间：2017-10-27 12:37:35,527 [17] 
日志级别：ERROR 
日 志 类：info [(null)] 
获取用户信息错误:发生一个或多个错误。 

日志时间：2017-10-27 12:39:50,460 [28] 
日志级别：ERROR 
日 志 类：info [(null)] 
获取acess_token成功：biQMLFmSNX7jQgGeJRJeCYEAqLNJh0axH0sG21dHj52xBJjq33p_w8lnuzNBVU3fQ7H3-He6ZE9cqytk1IoXgbTEb08GfsDD3hZ5s-I5CU8RRYcAHAGGN 

日志时间：2017-10-27 12:40:35,270 [28] 
日志级别：ERROR 
日 志 类：info [(null)] 
获取用户信息错误:发生一个或多个错误。 

日志时间：2017-10-27 12:40:42,176 [21] 
日志级别：ERROR 
日 志 类：info [(null)] 
获取acess_token成功：biQMLFmSNX7jQgGeJRJeCYEAqLNJh0axH0sG21dHj52xBJjq33p_w8lnuzNBVU3fQ7H3-He6ZE9cqytk1IoXgbTEb08GfsDD3hZ5s-I5CU8RRYcAHAGGN 

日志时间：2017-10-27 12:40:46,997 [21] 
日志级别：ERROR 
日 志 类：info [(null)] 
获取用户信息错误:发生一个或多个错误。 

日志时间：2017-10-27 12:43:05,400 [9] 
日志级别：ERROR 
日 志 类：info [(null)] 
获取acess_token成功：biQMLFmSNX7jQgGeJRJeCYEAqLNJh0axH0sG21dHj52xBJjq33p_w8lnuzNBVU3fQ7H3-He6ZE9cqytk1IoXgbTEb08GfsDD3hZ5s-I5CU8RRYcAHAGGN 

日志时间：2017-10-27 12:46:37,748 [10] 
日志级别：ERROR 
日 志 类：info [(null)] 
获取acess_token成功：biQMLFmSNX7jQgGeJRJeCYEAqLNJh0axH0sG21dHj52xBJjq33p_w8lnuzNBVU3fQ7H3-He6ZE9cqytk1IoXgbTEb08GfsDD3hZ5s-I5CU8RRYcAHAGGN 

日志时间：2017-10-27 12:47:18,368 [15] 
日志级别：ERROR 
日 志 类：info [(null)] 
获取acess_token成功：biQMLFmSNX7jQgGeJRJeCYEAqLNJh0axH0sG21dHj52xBJjq33p_w8lnuzNBVU3fQ7H3-He6ZE9cqytk1IoXgbTEb08GfsDD3hZ5s-I5CU8RRYcAHAGGN 

日志时间：2017-10-27 12:48:42,772 [15] 
日志级别：ERROR 
日 志 类：info [(null)] 
获取用户信息错误:发生一个或多个错误。 

日志时间：2017-10-27 12:49:06,133 [19] 
日志级别：ERROR 
日 志 类：info [(null)] 
获取acess_token成功：biQMLFmSNX7jQgGeJRJeCYEAqLNJh0axH0sG21dHj52xBJjq33p_w8lnuzNBVU3fQ7H3-He6ZE9cqytk1IoXgbTEb08GfsDD3hZ5s-I5CU8RRYcAHAGGN 

日志时间：2017-10-27 13:20:35,605 [6] 
日志级别：ERROR 
日 志 类：info [(null)] 
获取acess_token成功：biQMLFmSNX7jQgGeJRJeCYEAqLNJh0axH0sG21dHj52xBJjq33p_w8lnuzNBVU3fQ7H3-He6ZE9cqytk1IoXgbTEb08GfsDD3hZ5s-I5CU8RRYcAHAGGN 

日志时间：2017-10-27 13:20:35,682 [6] 
日志级别：ERROR 
日 志 类：info [(null)] 
获取用户信息错误:发生一个或多个错误。 

日志时间：2017-10-27 13:20:51,960 [6] 
日志级别：ERROR 
日 志 类：info [(null)] 
获取acess_token成功：biQMLFmSNX7jQgGeJRJeCYEAqLNJh0axH0sG21dHj52xBJjq33p_w8lnuzNBVU3fQ7H3-He6ZE9cqytk1IoXgbTEb08GfsDD3hZ5s-I5CU8RRYcAHAGGN 

日志时间：2017-10-27 13:30:07,697 [6] 
日志级别：ERROR 
日 志 类：info [(null)] 
获取用户信息错误:发生一个或多个错误。 

日志时间：2017-10-27 13:30:56,229 [6] 
日志级别：ERROR 
日 志 类：info [(null)] 
获取acess_token成功：biQMLFmSNX7jQgGeJRJeCYEAqLNJh0axH0sG21dHj52xBJjq33p_w8lnuzNBVU3fQ7H3-He6ZE9cqytk1IoXgbTEb08GfsDD3hZ5s-I5CU8RRYcAHAGGN 

日志时间：2017-10-27 14:52:18,643 [9] 
日志级别：ERROR 
日 志 类：info [(null)] 
获取acess_token成功：2kxIF3a4JayianSw6l0c7Ii9RNdmEktkbhzoScCZESp66i0lIYiNpG2OqL0rMDrfRe1lAr7WO9uM2StcvvpY7PctPyfo4AoEe8XaBHdq4b6YXwEwT4qE7PIcVtskMgM8YIRgABAQAJ 

日志时间：2017-10-27 14:54:09,117 [12] 
日志级别：ERROR 
日 志 类：info [(null)] 
获取acess_token成功：2kxIF3a4JayianSw6l0c7Ii9RNdmEktkbhzoScCZESp66i0lIYiNpG2OqL0rMDrfRe1lAr7WO9uM2StcvvpY7PctPyfo4AoEe8XaBHdq4b6YXwEwT4qE7PIcVtskMgM8YIRgABAQAJ 

日志时间：2017-10-27 15:00:10,764 [19] 
日志级别：ERROR 
日 志 类：info [(null)] 
获取acess_token成功：2kxIF3a4JayianSw6l0c7Ii9RNdmEktkbhzoScCZESp66i0lIYiNpG2OqL0rMDrfRe1lAr7WO9uM2StcvvpY7PctPyfo4AoEe8XaBHdq4b6YXwEwT4qE7PIcVtskMgM8YIRgABAQAJ 

日志时间：2017-10-27 15:45:03,077 [12] 
日志级别：ERROR 
日 志 类：info [(null)] 
获取acess_token成功：2kxIF3a4JayianSw6l0c7Ii9RNdmEktkbhzoScCZESp66i0lIYiNpG2OqL0rMDrfRe1lAr7WO9uM2StcvvpY7PctPyfo4AoEe8XaBHdq4b6YXwEwT4qE7PIcVtskMgM8YIRgABAQAJ 

日志时间：2017-10-27 15:45:03,158 [12] 
日志级别：ERROR 
日 志 类：info [(null)] 
获取用户信息错误:值“form-data
”的格式无效。 

日志时间：2017-10-27 15:45:57,659 [10] 
日志级别：ERROR 
日 志 类：info [(null)] 
获取acess_token成功：2kxIF3a4JayianSw6l0c7Ii9RNdmEktkbhzoScCZESp66i0lIYiNpG2OqL0rMDrfRe1lAr7WO9uM2StcvvpY7PctPyfo4AoEe8XaBHdq4b6YXwEwT4qE7PIcVtskMgM8YIRgABAQAJ 

日志时间：2017-10-27 15:45:57,981 [10] 
日志级别：ERROR 
日 志 类：info [(null)] 
获取用户信息错误:值“form-data
”的格式无效。 

日志时间：2017-10-27 15:49:14,281 [6] 
日志级别：ERROR 
日 志 类：info [(null)] 
获取acess_token成功：2kxIF3a4JayianSw6l0c7Ii9RNdmEktkbhzoScCZESp66i0lIYiNpG2OqL0rMDrfRe1lAr7WO9uM2StcvvpY7PctPyfo4AoEe8XaBHdq4b6YXwEwT4qE7PIcVtskMgM8YIRgABAQAJ 

日志时间：2017-10-27 15:49:31,143 [6] 
日志级别：ERROR 
日 志 类：info [(null)] 
获取用户信息错误:值“form-data
”的格式无效。 

日志时间：2017-10-27 15:53:25,304 [26] 
日志级别：ERROR 
日 志 类：info [(null)] 
获取acess_token成功：2kxIF3a4JayianSw6l0c7Ii9RNdmEktkbhzoScCZESp66i0lIYiNpG2OqL0rMDrfRe1lAr7WO9uM2StcvvpY7PctPyfo4AoEe8XaBHdq4b6YXwEwT4qE7PIcVtskMgM8YIRgABAQAJ 

日志时间：2017-10-27 15:53:25,334 [26] 
日志级别：ERROR 
日 志 类：info [(null)] 
获取用户信息错误:值“Content-Disposition:form-data;name="media";filename="搜狗截图20170718171309.png"
Content-Type:application/octet-stream

”的格式无效。 

日志时间：2017-10-27 15:53:50,518 [11] 
日志级别：ERROR 
日 志 类：info [(null)] 
获取acess_token成功：2kxIF3a4JayianSw6l0c7Ii9RNdmEktkbhzoScCZESp66i0lIYiNpG2OqL0rMDrfRe1lAr7WO9uM2StcvvpY7PctPyfo4AoEe8XaBHdq4b6YXwEwT4qE7PIcVtskMgM8YIRgABAQAJ 

日志时间：2017-10-27 15:54:13,100 [11] 
日志级别：ERROR 
日 志 类：info [(null)] 
获取用户信息错误:值“Content-Disposition:form-data;name="media";filename="搜狗截图20170718171309.png"
Content-Type:application/octet-stream

”的格式无效。 

日志时间：2017-10-27 15:55:45,904 [25] 
日志级别：ERROR 
日 志 类：info [(null)] 
获取acess_token成功：2kxIF3a4JayianSw6l0c7Ii9RNdmEktkbhzoScCZESp66i0lIYiNpG2OqL0rMDrfRe1lAr7WO9uM2StcvvpY7PctPyfo4AoEe8XaBHdq4b6YXwEwT4qE7PIcVtskMgM8YIRgABAQAJ 

日志时间：2017-10-27 15:57:10,382 [6] 
日志级别：ERROR 
日 志 类：info [(null)] 
获取acess_token成功：2kxIF3a4JayianSw6l0c7Ii9RNdmEktkbhzoScCZESp66i0lIYiNpG2OqL0rMDrfRe1lAr7WO9uM2StcvvpY7PctPyfo4AoEe8XaBHdq4b6YXwEwT4qE7PIcVtskMgM8YIRgABAQAJ 

日志时间：2017-10-27 16:00:25,113 [11] 
日志级别：ERROR 
日 志 类：info [(null)] 
获取acess_token成功：2kxIF3a4JayianSw6l0c7Ii9RNdmEktkbhzoScCZESp66i0lIYiNpG2OqL0rMDrfRe1lAr7WO9uM2StcvvpY7PctPyfo4AoEe8XaBHdq4b6YXwEwT4qE7PIcVtskMgM8YIRgABAQAJ 

日志时间：2017-10-27 16:12:19,694 [34] 
日志级别：ERROR 
日 志 类：info [(null)] 
获取acess_token成功：2kxIF3a4JayianSw6l0c7Ii9RNdmEktkbhzoScCZESp66i0lIYiNpG2OqL0rMDrfRe1lAr7WO9uM2StcvvpY7PctPyfo4AoEe8XaBHdq4b6YXwEwT4qE7PIcVtskMgM8YIRgABAQAJ 

日志时间：2017-10-27 16:13:13,566 [26] 
日志级别：ERROR 
日 志 类：info [(null)] 
获取acess_token成功：2kxIF3a4JayianSw6l0c7Ii9RNdmEktkbhzoScCZESp66i0lIYiNpG2OqL0rMDrfRe1lAr7WO9uM2StcvvpY7PctPyfo4AoEe8XaBHdq4b6YXwEwT4qE7PIcVtskMgM8YIRgABAQAJ 

日志时间：2017-10-27 16:15:06,539 [30] 
日志级别：ERROR 
日 志 类：info [(null)] 
获取acess_token成功：2kxIF3a4JayianSw6l0c7Ii9RNdmEktkbhzoScCZESp66i0lIYiNpG2OqL0rMDrfRe1lAr7WO9uM2StcvvpY7PctPyfo4AoEe8XaBHdq4b6YXwEwT4qE7PIcVtskMgM8YIRgABAQAJ 

日志时间：2017-10-27 16:16:42,824 [39] 
日志级别：ERROR 
日 志 类：info [(null)] 
获取acess_token成功：2kxIF3a4JayianSw6l0c7Ii9RNdmEktkbhzoScCZESp66i0lIYiNpG2OqL0rMDrfRe1lAr7WO9uM2StcvvpY7PctPyfo4AoEe8XaBHdq4b6YXwEwT4qE7PIcVtskMgM8YIRgABAQAJ 

日志时间：2017-10-27 16:23:04,502 [17] 
日志级别：ERROR 
日 志 类：info [(null)] 
获取acess_token成功：2kxIF3a4JayianSw6l0c7Ii9RNdmEktkbhzoScCZESp66i0lIYiNpG2OqL0rMDrfRe1lAr7WO9uM2StcvvpY7PctPyfo4AoEe8XaBHdq4b6YXwEwT4qE7PIcVtskMgM8YIRgABAQAJ 

日志时间：2017-10-27 16:24:35,103 [39] 
日志级别：ERROR 
日 志 类：info [(null)] 
获取acess_token成功：2kxIF3a4JayianSw6l0c7Ii9RNdmEktkbhzoScCZESp66i0lIYiNpG2OqL0rMDrfRe1lAr7WO9uM2StcvvpY7PctPyfo4AoEe8XaBHdq4b6YXwEwT4qE7PIcVtskMgM8YIRgABAQAJ 

日志时间：2017-10-27 16:31:54,887 [28] 
日志级别：ERROR 
日 志 类：info [(null)] 
获取acess_token成功：2kxIF3a4JayianSw6l0c7Ii9RNdmEktkbhzoScCZESp66i0lIYiNpG2OqL0rMDrfRe1lAr7WO9uM2StcvvpY7PctPyfo4AoEe8XaBHdq4b6YXwEwT4qE7PIcVtskMgM8YIRgABAQAJ 

日志时间：2017-10-27 16:44:24,906 [29] 
日志级别：ERROR 
日 志 类：info [(null)] 
获取acess_token成功：2kxIF3a4JayianSw6l0c7Ii9RNdmEktkbhzoScCZESp66i0lIYiNpG2OqL0rMDrfRe1lAr7WO9uM2StcvvpY7PctPyfo4AoEe8XaBHdq4b6YXwEwT4qE7PIcVtskMgM8YIRgABAQAJ 

日志时间：2017-10-27 16:45:49,507 [10] 
日志级别：ERROR 
日 志 类：info [(null)] 
获取acess_token成功：2kxIF3a4JayianSw6l0c7Ii9RNdmEktkbhzoScCZESp66i0lIYiNpG2OqL0rMDrfRe1lAr7WO9uM2StcvvpY7PctPyfo4AoEe8XaBHdq4b6YXwEwT4qE7PIcVtskMgM8YIRgABAQAJ 

日志时间：2017-10-27 16:47:20,037 [10] 
日志级别：ERROR 
日 志 类：info [(null)] 
获取acess_token成功：2kxIF3a4JayianSw6l0c7Ii9RNdmEktkbhzoScCZESp66i0lIYiNpG2OqL0rMDrfRe1lAr7WO9uM2StcvvpY7PctPyfo4AoEe8XaBHdq4b6YXwEwT4qE7PIcVtskMgM8YIRgABAQAJ 

日志时间：2017-10-27 16:59:42,311 [35] 
日志级别：ERROR 
日 志 类：info [(null)] 
获取acess_token成功：estoLSCp96ngHyoejacpuEuiLSxvrI14_TEK4dOYHrK5xX0_HXMpMDsk2zMcDOuntjEUtUOhY_inqWqVyvUR_iDzWauqM82322GpULwIctYdJJ7ZsnKxl-fp4wliqBsMUUUbAAAFFF 

日志时间：2017-10-27 17:07:39,446 [40] 
日志级别：ERROR 
日 志 类：info [(null)] 
获取acess_token成功：estoLSCp96ngHyoejacpuEuiLSxvrI14_TEK4dOYHrK5xX0_HXMpMDsk2zMcDOuntjEUtUOhY_inqWqVyvUR_iDzWauqM82322GpULwIctYdJJ7ZsnKxl-fp4wliqBsMUUUbAAAFFF 
