
日志时间：2017-11-09 11:24:20,859 [8] 
日志级别：ERROR 
日 志 类：info [(null)] 
组装图文素材参数主体信息错误:输入字符串的格式不正确。 

日志时间：2017-11-09 11:24:21,690 [8] 
日志级别：ERROR 
日 志 类：info [(null)] 
获取acess_token成功：1Y5BOWsVR_Unjdj70DQ-FFyi4h7vZQQkWX6xYNEXMtJMFcINTE_4Sv2FpstP2M-dIzSToBNOnIKHnd7y1Khr4JQsWow64BQEkzjkytcE5jygdJ1G0hShTF9f3yHBk9rEMOOhAEATVV 

日志时间：2017-11-09 11:25:39,716 [11] 
日志级别：ERROR 
日 志 类：info [(null)] 
组装图文素材参数主体信息错误:输入字符串的格式不正确。 

日志时间：2017-11-09 11:25:39,732 [11] 
日志级别：ERROR 
日 志 类：info [(null)] 
获取acess_token成功：1Y5BOWsVR_Unjdj70DQ-FFyi4h7vZQQkWX6xYNEXMtJMFcINTE_4Sv2FpstP2M-dIzSToBNOnIKHnd7y1Khr4JQsWow64BQEkzjkytcE5jygdJ1G0hShTF9f3yHBk9rEMOOhAEATVV 

日志时间：2017-11-09 11:27:41,864 [21] 
日志级别：ERROR 
日 志 类：info [(null)] 
获取acess_token成功：1Y5BOWsVR_Unjdj70DQ-FFyi4h7vZQQkWX6xYNEXMtJMFcINTE_4Sv2FpstP2M-dIzSToBNOnIKHnd7y1Khr4JQsWow64BQEkzjkytcE5jygdJ1G0hShTF9f3yHBk9rEMOOhAEATVV 

日志时间：2017-11-09 11:27:42,054 [21] 
日志级别：ERROR 
日 志 类：info [(null)] 
新增永久图文素材错误:发生一个或多个错误。 

日志时间：2017-11-09 11:28:25,900 [12] 
日志级别：ERROR 
日 志 类：info [(null)] 
获取acess_token成功：1Y5BOWsVR_Unjdj70DQ-FFyi4h7vZQQkWX6xYNEXMtJMFcINTE_4Sv2FpstP2M-dIzSToBNOnIKHnd7y1Khr4JQsWow64BQEkzjkytcE5jygdJ1G0hShTF9f3yHBk9rEMOOhAEATVV 

日志时间：2017-11-09 11:39:13,955 [41] 
日志级别：ERROR 
日 志 类：info [(null)] 
获取acess_token成功：1Y5BOWsVR_Unjdj70DQ-FFyi4h7vZQQkWX6xYNEXMtJMFcINTE_4Sv2FpstP2M-dIzSToBNOnIKHnd7y1Khr4JQsWow64BQEkzjkytcE5jygdJ1G0hShTF9f3yHBk9rEMOOhAEATVV 

日志时间：2017-11-09 11:40:08,154 [30] 
日志级别：ERROR 
日 志 类：info [(null)] 
获取acess_token成功：1Y5BOWsVR_Unjdj70DQ-FFyi4h7vZQQkWX6xYNEXMtJMFcINTE_4Sv2FpstP2M-dIzSToBNOnIKHnd7y1Khr4JQsWow64BQEkzjkytcE5jygdJ1G0hShTF9f3yHBk9rEMOOhAEATVV 

日志时间：2017-11-09 11:43:34,461 [40] 
日志级别：ERROR 
日 志 类：info [(null)] 
获取acess_token成功：1Y5BOWsVR_Unjdj70DQ-FFyi4h7vZQQkWX6xYNEXMtJMFcINTE_4Sv2FpstP2M-dIzSToBNOnIKHnd7y1Khr4JQsWow64BQEkzjkytcE5jygdJ1G0hShTF9f3yHBk9rEMOOhAEATVV 

日志时间：2017-11-09 11:44:16,923 [40] 
日志级别：ERROR 
日 志 类：info [(null)] 
获取acess_token成功：1Y5BOWsVR_Unjdj70DQ-FFyi4h7vZQQkWX6xYNEXMtJMFcINTE_4Sv2FpstP2M-dIzSToBNOnIKHnd7y1Khr4JQsWow64BQEkzjkytcE5jygdJ1G0hShTF9f3yHBk9rEMOOhAEATVV 

日志时间：2017-11-09 11:45:09,631 [25] 
日志级别：ERROR 
日 志 类：info [(null)] 
获取acess_token成功：1Y5BOWsVR_Unjdj70DQ-FFyi4h7vZQQkWX6xYNEXMtJMFcINTE_4Sv2FpstP2M-dIzSToBNOnIKHnd7y1Khr4JQsWow64BQEkzjkytcE5jygdJ1G0hShTF9f3yHBk9rEMOOhAEATVV 

日志时间：2017-11-09 11:46:06,920 [40] 
日志级别：ERROR 
日 志 类：info [(null)] 
获取acess_token成功：kjtXWK_n2C4MxIcid8oFTHqMemt-7liHRHoimMEdhZ6vOGx0i6u0MK320EJT7uHvv_AZDYlksTPAG-fpdWMoxOAp9_Yd53pVa1H_LUj-2Nktm8gXcPBvU5RugYfTU_IbGZKiABAATE 

日志时间：2017-11-09 11:47:46,333 [25] 
日志级别：ERROR 
日 志 类：info [(null)] 
获取acess_token成功：kjtXWK_n2C4MxIcid8oFTHqMemt-7liHRHoimMEdhZ6vOGx0i6u0MK320EJT7uHvv_AZDYlksTPAG-fpdWMoxOAp9_Yd53pVa1H_LUj-2Nktm8gXcPBvU5RugYfTU_IbGZKiABAATE 

日志时间：2017-11-09 11:49:19,822 [37] 
日志级别：ERROR 
日 志 类：info [(null)] 
获取acess_token成功：kjtXWK_n2C4MxIcid8oFTHqMemt-7liHRHoimMEdhZ6vOGx0i6u0MK320EJT7uHvv_AZDYlksTPAG-fpdWMoxOAp9_Yd53pVa1H_LUj-2Nktm8gXcPBvU5RugYfTU_IbGZKiABAATE 

日志时间：2017-11-09 12:15:02,035 [9] 
日志级别：ERROR 
日 志 类：info [(null)] 
获取acess_token成功：kjtXWK_n2C4MxIcid8oFTHqMemt-7liHRHoimMEdhZ6vOGx0i6u0MK320EJT7uHvv_AZDYlksTPAG-fpdWMoxOAp9_Yd53pVa1H_LUj-2Nktm8gXcPBvU5RugYfTU_IbGZKiABAATE 

日志时间：2017-11-09 12:23:42,420 [9] 
日志级别：ERROR 
日 志 类：info [(null)] 
获取acess_token成功：kjtXWK_n2C4MxIcid8oFTHqMemt-7liHRHoimMEdhZ6vOGx0i6u0MK320EJT7uHvv_AZDYlksTPAG-fpdWMoxOAp9_Yd53pVa1H_LUj-2Nktm8gXcPBvU5RugYfTU_IbGZKiABAATE 

日志时间：2017-11-09 12:24:18,278 [9] 
日志级别：ERROR 
日 志 类：info [(null)] 
获取acess_token成功：kjtXWK_n2C4MxIcid8oFTHqMemt-7liHRHoimMEdhZ6vOGx0i6u0MK320EJT7uHvv_AZDYlksTPAG-fpdWMoxOAp9_Yd53pVa1H_LUj-2Nktm8gXcPBvU5RugYfTU_IbGZKiABAATE 

日志时间：2017-11-09 12:24:28,866 [9] 
日志级别：ERROR 
日 志 类：info [(null)] 
获取acess_token成功：kjtXWK_n2C4MxIcid8oFTHqMemt-7liHRHoimMEdhZ6vOGx0i6u0MK320EJT7uHvv_AZDYlksTPAG-fpdWMoxOAp9_Yd53pVa1H_LUj-2Nktm8gXcPBvU5RugYfTU_IbGZKiABAATE 

日志时间：2017-11-09 12:26:47,893 [27] 
日志级别：ERROR 
日 志 类：info [(null)] 
获取acess_token成功：kjtXWK_n2C4MxIcid8oFTHqMemt-7liHRHoimMEdhZ6vOGx0i6u0MK320EJT7uHvv_AZDYlksTPAG-fpdWMoxOAp9_Yd53pVa1H_LUj-2Nktm8gXcPBvU5RugYfTU_IbGZKiABAATE 

日志时间：2017-11-09 12:31:07,562 [10] 
日志级别：ERROR 
日 志 类：info [(null)] 
获取acess_token成功：kjtXWK_n2C4MxIcid8oFTHqMemt-7liHRHoimMEdhZ6vOGx0i6u0MK320EJT7uHvv_AZDYlksTPAG-fpdWMoxOAp9_Yd53pVa1H_LUj-2Nktm8gXcPBvU5RugYfTU_IbGZKiABAATE 

日志时间：2017-11-09 12:38:50,604 [19] 
日志级别：ERROR 
日 志 类：info [(null)] 
获取acess_token成功：kjtXWK_n2C4MxIcid8oFTHqMemt-7liHRHoimMEdhZ6vOGx0i6u0MK320EJT7uHvv_AZDYlksTPAG-fpdWMoxOAp9_Yd53pVa1H_LUj-2Nktm8gXcPBvU5RugYfTU_IbGZKiABAATE 

日志时间：2017-11-09 12:39:42,753 [5] 
日志级别：ERROR 
日 志 类：info [(null)] 
获取acess_token成功：kjtXWK_n2C4MxIcid8oFTHqMemt-7liHRHoimMEdhZ6vOGx0i6u0MK320EJT7uHvv_AZDYlksTPAG-fpdWMoxOAp9_Yd53pVa1H_LUj-2Nktm8gXcPBvU5RugYfTU_IbGZKiABAATE 

日志时间：2017-11-09 12:40:58,739 [10] 
日志级别：ERROR 
日 志 类：info [(null)] 
获取acess_token成功：kjtXWK_n2C4MxIcid8oFTHqMemt-7liHRHoimMEdhZ6vOGx0i6u0MK320EJT7uHvv_AZDYlksTPAG-fpdWMoxOAp9_Yd53pVa1H_LUj-2Nktm8gXcPBvU5RugYfTU_IbGZKiABAATE 

日志时间：2017-11-09 12:46:47,492 [37] 
日志级别：ERROR 
日 志 类：info [(null)] 
获取acess_token成功：kjtXWK_n2C4MxIcid8oFTHqMemt-7liHRHoimMEdhZ6vOGx0i6u0MK320EJT7uHvv_AZDYlksTPAG-fpdWMoxOAp9_Yd53pVa1H_LUj-2Nktm8gXcPBvU5RugYfTU_IbGZKiABAATE 

日志时间：2017-11-09 13:27:36,640 [5] 
日志级别：ERROR 
日 志 类：info [(null)] 
获取acess_token成功：kjtXWK_n2C4MxIcid8oFTHqMemt-7liHRHoimMEdhZ6vOGx0i6u0MK320EJT7uHvv_AZDYlksTPAG-fpdWMoxOAp9_Yd53pVa1H_LUj-2Nktm8gXcPBvU5RugYfTU_IbGZKiABAATE 

日志时间：2017-11-09 13:43:19,678 [20] 
日志级别：ERROR 
日 志 类：info [(null)] 
获取acess_token成功：kjtXWK_n2C4MxIcid8oFTHqMemt-7liHRHoimMEdhZ6vOGx0i6u0MK320EJT7uHvv_AZDYlksTPAG-fpdWMoxOAp9_Yd53pVa1H_LUj-2Nktm8gXcPBvU5RugYfTU_IbGZKiABAATE 

日志时间：2017-11-09 13:43:20,300 [20] 
日志级别：ERROR 
日 志 类：info [(null)] 
新增永久图文素材错误:接口调用超过限制 
