
日志时间：2017-11-02 15:09:17,273 [30] 
日志级别：ERROR 
日 志 类：info [(null)] 
发生一个或多个错误。 

日志时间：2017-11-02 15:09:17,473 [30] 
日志级别：ERROR 
日 志 类：info [(null)] 
获取acess_token成功： 

日志时间：2017-11-02 15:11:09,210 [15] 
日志级别：ERROR 
日 志 类：info [(null)] 
获取acess_token成功：cI8Hm77eWbf_Ng8ErtlHvp9AZfAHxILTXul75nHJmjhwWwD8xatMaIP05228Pe8ZNRqw81J5xTfmRtvCai01k1ctvQkbLuGrGTP8H_NcDp0WGZdADAEOH 

日志时间：2017-11-02 15:13:08,670 [41] 
日志级别：ERROR 
日 志 类：info [(null)] 
获取acess_token成功：cI8Hm77eWbf_Ng8ErtlHvp9AZfAHxILTXul75nHJmjhwWwD8xatMaIP05228Pe8ZNRqw81J5xTfmRtvCai01k1ctvQkbLuGrGTP8H_NcDp0WGZdADAEOH 

日志时间：2017-11-02 15:20:13,953 [17] 
日志级别：ERROR 
日 志 类：info [(null)] 
获取acess_token成功：cI8Hm77eWbf_Ng8ErtlHvp9AZfAHxILTXul75nHJmjhwWwD8xatMaIP05228Pe8ZNRqw81J5xTfmRtvCai01k1ctvQkbLuGrGTP8H_NcDp0WGZdADAEOH 
