
日志时间：2017-11-07 14:55:07,340 [17] 
日志级别：ERROR 
日 志 类：info [(null)] 
获取acess_token错误：关键字 'and' 附近有语法错误。 

日志时间：2017-11-07 14:56:22,426 [26] 
日志级别：ERROR 
日 志 类：info [(null)] 
获取acess_token错误：关键字 'and' 附近有语法错误。 

日志时间：2017-11-07 14:56:46,712 [26] 
日志级别：ERROR 
日 志 类：info [(null)] 
获取acess_token错误：关键字 'and' 附近有语法错误。 

日志时间：2017-11-07 14:57:57,931 [17] 
日志级别：ERROR 
日 志 类：info [(null)] 
获取acess_token成功：SySU-QBsRy1J39t3bEJ8gf3Cup3BE_iyYHbLENI0jJ-tSPKZb6OKA9WIMEDb3KW-4L4WXVBxjmjoxbC90mfBZtQlIq4HfSWhD0QUS00OUMC5MkmoRmi-3nIE0KkEo5f8VXGaAIAEGP 

日志时间：2017-11-07 14:58:53,888 [17] 
日志级别：ERROR 
日 志 类：info [(null)] 
获取acess_token成功：SySU-QBsRy1J39t3bEJ8gf3Cup3BE_iyYHbLENI0jJ-tSPKZb6OKA9WIMEDb3KW-4L4WXVBxjmjoxbC90mfBZtQlIq4HfSWhD0QUS00OUMC5MkmoRmi-3nIE0KkEo5f8VXGaAIAEGP 

日志时间：2017-11-07 16:14:03,623 [11] 
日志级别：ERROR 
日 志 类：info [(null)] 
获取acess_token成功：SySU-QBsRy1J39t3bEJ8gf3Cup3BE_iyYHbLENI0jJ-tSPKZb6OKA9WIMEDb3KW-4L4WXVBxjmjoxbC90mfBZtQlIq4HfSWhD0QUS00OUMC5MkmoRmi-3nIE0KkEo5f8VXGaAIAEGP 

日志时间：2017-11-07 16:18:01,670 [25] 
日志级别：ERROR 
日 志 类：info [(null)] 
获取acess_token成功：SySU-QBsRy1J39t3bEJ8gf3Cup3BE_iyYHbLENI0jJ-tSPKZb6OKA9WIMEDb3KW-4L4WXVBxjmjoxbC90mfBZtQlIq4HfSWhD0QUS00OUMC5MkmoRmi-3nIE0KkEo5f8VXGaAIAEGP 

日志时间：2017-11-07 16:24:52,507 [15] 
日志级别：ERROR 
日 志 类：info [(null)] 
获取acess_token成功：SySU-QBsRy1J39t3bEJ8gf3Cup3BE_iyYHbLENI0jJ-tSPKZb6OKA9WIMEDb3KW-4L4WXVBxjmjoxbC90mfBZtQlIq4HfSWhD0QUS00OUMC5MkmoRmi-3nIE0KkEo5f8VXGaAIAEGP 
