
日志时间：2017-10-29 18:47:33,884 [11] 
日志级别：ERROR 
日 志 类：info [(null)] 
获取acess_token成功：u1oj74dEdEnimiV5kB3mTAqd93rxV2GiB8fT4uPGjw4ZvHDMCqjcpDB4soWbpad_pcXFrZP4GjaJQRdUwrgbQXX3QyuOyDRccpN2WTlT7fC1v5OM11hhabrJNBUBppSTUGPeAAAZLU 

日志时间：2017-10-29 18:47:35,015 [11] 
日志级别：ERROR 
日 志 类：info [(null)] 
获取用户信息错误:无法连接到远程服务器 

日志时间：2017-10-29 18:48:34,407 [12] 
日志级别：ERROR 
日 志 类：info [(null)] 
获取acess_token成功：u1oj74dEdEnimiV5kB3mTAqd93rxV2GiB8fT4uPGjw4ZvHDMCqjcpDB4soWbpad_pcXFrZP4GjaJQRdUwrgbQXX3QyuOyDRccpN2WTlT7fC1v5OM11hhabrJNBUBppSTUGPeAAAZLU 

日志时间：2017-10-29 18:51:00,544 [11] 
日志级别：ERROR 
日 志 类：info [(null)] 
获取acess_token成功：u1oj74dEdEnimiV5kB3mTAqd93rxV2GiB8fT4uPGjw4ZvHDMCqjcpDB4soWbpad_pcXFrZP4GjaJQRdUwrgbQXX3QyuOyDRccpN2WTlT7fC1v5OM11hhabrJNBUBppSTUGPeAAAZLU 

日志时间：2017-10-29 18:51:01,606 [11] 
日志级别：ERROR 
日 志 类：info [(null)] 
获取用户信息错误:无法连接到远程服务器 

日志时间：2017-10-29 18:52:38,010 [11] 
日志级别：ERROR 
日 志 类：info [(null)] 
获取acess_token成功：u1oj74dEdEnimiV5kB3mTAqd93rxV2GiB8fT4uPGjw4ZvHDMCqjcpDB4soWbpad_pcXFrZP4GjaJQRdUwrgbQXX3QyuOyDRccpN2WTlT7fC1v5OM11hhabrJNBUBppSTUGPeAAAZLU 

日志时间：2017-10-29 18:54:47,628 [18] 
日志级别：ERROR 
日 志 类：info [(null)] 
获取acess_token成功：u1oj74dEdEnimiV5kB3mTAqd93rxV2GiB8fT4uPGjw4ZvHDMCqjcpDB4soWbpad_pcXFrZP4GjaJQRdUwrgbQXX3QyuOyDRccpN2WTlT7fC1v5OM11hhabrJNBUBppSTUGPeAAAZLU 
